[0.411s] Invoking command in '/home/poom/Desktop/ros_ws/src/lifecycle_py': PYTHONPATH=/home/poom/Desktop/ros_ws/build/lifecycle_py/prefix_override:/usr/lib/python3/dist-packages/colcon_core/task/python/colcon_distutils_commands:/home/poom/Desktop/ros_ws/install/lifecycle_py/lib/python3.10/site-packages:${PYTHONPATH} /usr/bin/python3 -W ignore:setup.py install is deprecated setup.py egg_info --egg-base ../../build/lifecycle_py build --build-base /home/poom/Desktop/ros_ws/build/lifecycle_py/build install --record /home/poom/Desktop/ros_ws/build/lifecycle_py/install.log --single-version-externally-managed install_data
[0.541s] running egg_info
[0.542s] creating ../../build/lifecycle_py/lifecycle_py.egg-info
[0.542s] writing ../../build/lifecycle_py/lifecycle_py.egg-info/PKG-INFO
[0.542s] writing dependency_links to ../../build/lifecycle_py/lifecycle_py.egg-info/dependency_links.txt
[0.542s] writing entry points to ../../build/lifecycle_py/lifecycle_py.egg-info/entry_points.txt
[0.542s] writing requirements to ../../build/lifecycle_py/lifecycle_py.egg-info/requires.txt
[0.542s] writing top-level names to ../../build/lifecycle_py/lifecycle_py.egg-info/top_level.txt
[0.542s] writing manifest file '../../build/lifecycle_py/lifecycle_py.egg-info/SOURCES.txt'
[0.543s] reading manifest file '../../build/lifecycle_py/lifecycle_py.egg-info/SOURCES.txt'
[0.543s] writing manifest file '../../build/lifecycle_py/lifecycle_py.egg-info/SOURCES.txt'
[0.544s] running build
[0.544s] running build_py
[0.544s] creating /home/poom/Desktop/ros_ws/build/lifecycle_py/build
[0.544s] creating /home/poom/Desktop/ros_ws/build/lifecycle_py/build/lib
[0.544s] creating /home/poom/Desktop/ros_ws/build/lifecycle_py/build/lib/lifecycle_py
[0.544s] copying lifecycle_py/number_publisher.py -> /home/poom/Desktop/ros_ws/build/lifecycle_py/build/lib/lifecycle_py
[0.544s] copying lifecycle_py/__init__.py -> /home/poom/Desktop/ros_ws/build/lifecycle_py/build/lib/lifecycle_py
[0.544s] running install
[0.544s] running install_lib
[0.545s] creating /home/poom/Desktop/ros_ws/install/lifecycle_py/lib/python3.10/site-packages/lifecycle_py
[0.545s] copying /home/poom/Desktop/ros_ws/build/lifecycle_py/build/lib/lifecycle_py/number_publisher.py -> /home/poom/Desktop/ros_ws/install/lifecycle_py/lib/python3.10/site-packages/lifecycle_py
[0.545s] copying /home/poom/Desktop/ros_ws/build/lifecycle_py/build/lib/lifecycle_py/__init__.py -> /home/poom/Desktop/ros_ws/install/lifecycle_py/lib/python3.10/site-packages/lifecycle_py
[0.545s] byte-compiling /home/poom/Desktop/ros_ws/install/lifecycle_py/lib/python3.10/site-packages/lifecycle_py/number_publisher.py to number_publisher.cpython-310.pyc
[0.545s] byte-compiling /home/poom/Desktop/ros_ws/install/lifecycle_py/lib/python3.10/site-packages/lifecycle_py/__init__.py to __init__.cpython-310.pyc
[0.545s] running install_data
[0.545s] creating /home/poom/Desktop/ros_ws/install/lifecycle_py/share/ament_index
[0.545s] creating /home/poom/Desktop/ros_ws/install/lifecycle_py/share/ament_index/resource_index
[0.546s] creating /home/poom/Desktop/ros_ws/install/lifecycle_py/share/ament_index/resource_index/packages
[0.546s] copying resource/lifecycle_py -> /home/poom/Desktop/ros_ws/install/lifecycle_py/share/ament_index/resource_index/packages
[0.546s] copying package.xml -> /home/poom/Desktop/ros_ws/install/lifecycle_py/share/lifecycle_py
[0.546s] running install_egg_info
[0.547s] Copying ../../build/lifecycle_py/lifecycle_py.egg-info to /home/poom/Desktop/ros_ws/install/lifecycle_py/lib/python3.10/site-packages/lifecycle_py-0.0.0-py3.10.egg-info
[0.547s] running install_scripts
[0.560s] Installing number_publisher script to /home/poom/Desktop/ros_ws/install/lifecycle_py/lib/lifecycle_py
[0.560s] writing list of installed files to '/home/poom/Desktop/ros_ws/build/lifecycle_py/install.log'
[0.572s] Invoked command in '/home/poom/Desktop/ros_ws/src/lifecycle_py' returned '0': PYTHONPATH=/home/poom/Desktop/ros_ws/build/lifecycle_py/prefix_override:/usr/lib/python3/dist-packages/colcon_core/task/python/colcon_distutils_commands:/home/poom/Desktop/ros_ws/install/lifecycle_py/lib/python3.10/site-packages:${PYTHONPATH} /usr/bin/python3 -W ignore:setup.py install is deprecated setup.py egg_info --egg-base ../../build/lifecycle_py build --build-base /home/poom/Desktop/ros_ws/build/lifecycle_py/build install --record /home/poom/Desktop/ros_ws/build/lifecycle_py/install.log --single-version-externally-managed install_data
