[0.382s] Invoking command in '/home/poom/Desktop/ros_ws/build/actions_py': CMAKE_PREFIX_PATH=/home/poom/Desktop/ros_ws/install/my_robot_interfaces:/home/poom/Desktop/ros_ws/install/actions_cpp:/home/poom/Desktop/ros_ws/install/my_robot_bringup:/home/poom/Desktop/ros_ws/install/my_robot_description LD_LIBRARY_PATH=/home/poom/Desktop/ros_ws/install/my_robot_interfaces/lib:/usr/lib/x86_64-linux-gnu/gazebo-11/plugins:/opt/ros/humble/opt/rviz_ogre_vendor/lib:/opt/ros/humble/lib/x86_64-linux-gnu:/opt/ros/humble/lib:/usr/share/gazebo/../../lib/x86_64-linux-gnu/gazebo-11/plugins PYTHONPATH=/home/poom/Desktop/ros_ws/build/actions_py/prefix_override:/usr/lib/python3/dist-packages/colcon_core/task/python/colcon_distutils_commands:/home/poom/Desktop/ros_ws/install/actions_py/lib/python3.10/site-packages:${PYTHONPATH} /usr/bin/python3 -W ignore:setup.py install is deprecated setup.py develop --uninstall --editable --build-directory /home/poom/Desktop/ros_ws/build/actions_py/build
[0.498s] running develop
[0.501s] /usr/lib/python3/dist-packages/setuptools/command/easy_install.py:158: EasyInstallDeprecationWarning: easy_install command is deprecated. Use build and pip and other standards-based tools.
[0.501s]   warnings.warn(
[0.568s] Removing /home/poom/Desktop/ros_ws/install/actions_py/lib/python3.10/site-packages/actions-py.egg-link (link to .)
[0.579s] Invoked command in '/home/poom/Desktop/ros_ws/build/actions_py' returned '0': CMAKE_PREFIX_PATH=/home/poom/Desktop/ros_ws/install/my_robot_interfaces:/home/poom/Desktop/ros_ws/install/actions_cpp:/home/poom/Desktop/ros_ws/install/my_robot_bringup:/home/poom/Desktop/ros_ws/install/my_robot_description LD_LIBRARY_PATH=/home/poom/Desktop/ros_ws/install/my_robot_interfaces/lib:/usr/lib/x86_64-linux-gnu/gazebo-11/plugins:/opt/ros/humble/opt/rviz_ogre_vendor/lib:/opt/ros/humble/lib/x86_64-linux-gnu:/opt/ros/humble/lib:/usr/share/gazebo/../../lib/x86_64-linux-gnu/gazebo-11/plugins PYTHONPATH=/home/poom/Desktop/ros_ws/build/actions_py/prefix_override:/usr/lib/python3/dist-packages/colcon_core/task/python/colcon_distutils_commands:/home/poom/Desktop/ros_ws/install/actions_py/lib/python3.10/site-packages:${PYTHONPATH} /usr/bin/python3 -W ignore:setup.py install is deprecated setup.py develop --uninstall --editable --build-directory /home/poom/Desktop/ros_ws/build/actions_py/build
[0.580s] Invoking command in '/home/poom/Desktop/ros_ws/src/actions_py': CMAKE_PREFIX_PATH=/home/poom/Desktop/ros_ws/install/my_robot_interfaces:/home/poom/Desktop/ros_ws/install/actions_cpp:/home/poom/Desktop/ros_ws/install/my_robot_bringup:/home/poom/Desktop/ros_ws/install/my_robot_description LD_LIBRARY_PATH=/home/poom/Desktop/ros_ws/install/my_robot_interfaces/lib:/usr/lib/x86_64-linux-gnu/gazebo-11/plugins:/opt/ros/humble/opt/rviz_ogre_vendor/lib:/opt/ros/humble/lib/x86_64-linux-gnu:/opt/ros/humble/lib:/usr/share/gazebo/../../lib/x86_64-linux-gnu/gazebo-11/plugins PYTHONPATH=/home/poom/Desktop/ros_ws/build/actions_py/prefix_override:/usr/lib/python3/dist-packages/colcon_core/task/python/colcon_distutils_commands:/home/poom/Desktop/ros_ws/install/actions_py/lib/python3.10/site-packages:${PYTHONPATH} /usr/bin/python3 -W ignore:setup.py install is deprecated setup.py egg_info --egg-base ../../build/actions_py build --build-base /home/poom/Desktop/ros_ws/build/actions_py/build install --record /home/poom/Desktop/ros_ws/build/actions_py/install.log --single-version-externally-managed install_data --force
[0.699s] running egg_info
[0.700s] writing ../../build/actions_py/actions_py.egg-info/PKG-INFO
[0.700s] writing dependency_links to ../../build/actions_py/actions_py.egg-info/dependency_links.txt
[0.700s] writing entry points to ../../build/actions_py/actions_py.egg-info/entry_points.txt
[0.700s] writing requirements to ../../build/actions_py/actions_py.egg-info/requires.txt
[0.700s] writing top-level names to ../../build/actions_py/actions_py.egg-info/top_level.txt
[0.701s] reading manifest file '../../build/actions_py/actions_py.egg-info/SOURCES.txt'
[0.704s] writing manifest file '../../build/actions_py/actions_py.egg-info/SOURCES.txt'
[0.704s] running build
[0.704s] running build_py
[0.704s] copying actions_py/count_until_client.py -> /home/poom/Desktop/ros_ws/build/actions_py/build/lib/actions_py
[0.704s] copying actions_py/count_until_server.py -> /home/poom/Desktop/ros_ws/build/actions_py/build/lib/actions_py
[0.704s] copying actions_py/move_to_target_server.py -> /home/poom/Desktop/ros_ws/build/actions_py/build/lib/actions_py
[0.704s] running install
[0.704s] running install_lib
[0.705s] creating /home/poom/Desktop/ros_ws/install/actions_py/lib/python3.10/site-packages/actions_py
[0.705s] copying /home/poom/Desktop/ros_ws/build/actions_py/build/lib/actions_py/__init__.py -> /home/poom/Desktop/ros_ws/install/actions_py/lib/python3.10/site-packages/actions_py
[0.705s] copying /home/poom/Desktop/ros_ws/build/actions_py/build/lib/actions_py/count_until_client.py -> /home/poom/Desktop/ros_ws/install/actions_py/lib/python3.10/site-packages/actions_py
[0.705s] copying /home/poom/Desktop/ros_ws/build/actions_py/build/lib/actions_py/count_until_server.py -> /home/poom/Desktop/ros_ws/install/actions_py/lib/python3.10/site-packages/actions_py
[0.705s] copying /home/poom/Desktop/ros_ws/build/actions_py/build/lib/actions_py/move_to_target_server.py -> /home/poom/Desktop/ros_ws/install/actions_py/lib/python3.10/site-packages/actions_py
[0.705s] byte-compiling /home/poom/Desktop/ros_ws/install/actions_py/lib/python3.10/site-packages/actions_py/__init__.py to __init__.cpython-310.pyc
[0.705s] byte-compiling /home/poom/Desktop/ros_ws/install/actions_py/lib/python3.10/site-packages/actions_py/count_until_client.py to count_until_client.cpython-310.pyc
[0.706s] byte-compiling /home/poom/Desktop/ros_ws/install/actions_py/lib/python3.10/site-packages/actions_py/count_until_server.py to count_until_server.cpython-310.pyc
[0.706s] byte-compiling /home/poom/Desktop/ros_ws/install/actions_py/lib/python3.10/site-packages/actions_py/move_to_target_server.py to move_to_target_server.cpython-310.pyc
[0.706s] running install_data
[0.707s] copying resource/actions_py -> /home/poom/Desktop/ros_ws/install/actions_py/share/ament_index/resource_index/packages
[0.707s] copying package.xml -> /home/poom/Desktop/ros_ws/install/actions_py/share/actions_py
[0.707s] running install_egg_info
[0.708s] Copying ../../build/actions_py/actions_py.egg-info to /home/poom/Desktop/ros_ws/install/actions_py/lib/python3.10/site-packages/actions_py-0.0.0-py3.10.egg-info
[0.709s] running install_scripts
[0.720s] Installing count_until_client script to /home/poom/Desktop/ros_ws/install/actions_py/lib/actions_py
[0.720s] Installing count_until_server script to /home/poom/Desktop/ros_ws/install/actions_py/lib/actions_py
[0.720s] Installing move_to_target_server script to /home/poom/Desktop/ros_ws/install/actions_py/lib/actions_py
[0.720s] writing list of installed files to '/home/poom/Desktop/ros_ws/build/actions_py/install.log'
[0.732s] Invoked command in '/home/poom/Desktop/ros_ws/src/actions_py' returned '0': CMAKE_PREFIX_PATH=/home/poom/Desktop/ros_ws/install/my_robot_interfaces:/home/poom/Desktop/ros_ws/install/actions_cpp:/home/poom/Desktop/ros_ws/install/my_robot_bringup:/home/poom/Desktop/ros_ws/install/my_robot_description LD_LIBRARY_PATH=/home/poom/Desktop/ros_ws/install/my_robot_interfaces/lib:/usr/lib/x86_64-linux-gnu/gazebo-11/plugins:/opt/ros/humble/opt/rviz_ogre_vendor/lib:/opt/ros/humble/lib/x86_64-linux-gnu:/opt/ros/humble/lib:/usr/share/gazebo/../../lib/x86_64-linux-gnu/gazebo-11/plugins PYTHONPATH=/home/poom/Desktop/ros_ws/build/actions_py/prefix_override:/usr/lib/python3/dist-packages/colcon_core/task/python/colcon_distutils_commands:/home/poom/Desktop/ros_ws/install/actions_py/lib/python3.10/site-packages:${PYTHONPATH} /usr/bin/python3 -W ignore:setup.py install is deprecated setup.py egg_info --egg-base ../../build/actions_py build --build-base /home/poom/Desktop/ros_ws/build/actions_py/build install --record /home/poom/Desktop/ros_ws/build/actions_py/install.log --single-version-externally-managed install_data --force
