[0.015s] Invoking command in '/home/poom/Desktop/ros_ws/build/my_robot_description': CMAKE_PREFIX_PATH=/opt/ros/humble /usr/bin/cmake /home/poom/Desktop/ros_ws/src/my_robot_description -DCMAKE_INSTALL_PREFIX=/home/poom/Desktop/ros_ws/install/my_robot_description
[0.184s] -- The C compiler identification is GNU 11.4.0
[0.363s] -- The CXX compiler identification is GNU 11.4.0
[0.381s] -- Detecting C compiler ABI info
[0.509s] -- Detecting C compiler ABI info - done
[0.517s] -- Check for working C compiler: /usr/bin/cc - skipped
[0.519s] -- Detecting C compile features
[0.520s] -- Detecting C compile features - done
[0.526s] -- Detecting CXX compiler ABI info
[0.673s] -- Detecting CXX compiler ABI info - done
[0.681s] -- Check for working CXX compiler: /usr/bin/c++ - skipped
[0.681s] -- Detecting CXX compile features
[0.682s] -- Detecting CXX compile features - done
[0.693s] -- Found ament_cmake: 1.3.10 (/opt/ros/humble/share/ament_cmake/cmake)
[0.934s] -- Found Python3: /usr/bin/python3 (found version "3.10.12") found components: Interpreter 
[1.200s] -- Configuring done
[1.201s] -- Generating done
[1.202s] -- Build files have been written to: /home/poom/Desktop/ros_ws/build/my_robot_description
[1.204s] Invoked command in '/home/poom/Desktop/ros_ws/build/my_robot_description' returned '0': CMAKE_PREFIX_PATH=/opt/ros/humble /usr/bin/cmake /home/poom/Desktop/ros_ws/src/my_robot_description -DCMAKE_INSTALL_PREFIX=/home/poom/Desktop/ros_ws/install/my_robot_description
[1.204s] Invoking command in '/home/poom/Desktop/ros_ws/build/my_robot_description': CMAKE_PREFIX_PATH=/opt/ros/humble /usr/bin/cmake --build /home/poom/Desktop/ros_ws/build/my_robot_description -- -j16 -l16
[1.248s] Invoked command in '/home/poom/Desktop/ros_ws/build/my_robot_description' returned '0': CMAKE_PREFIX_PATH=/opt/ros/humble /usr/bin/cmake --build /home/poom/Desktop/ros_ws/build/my_robot_description -- -j16 -l16
[1.284s] Invoking command in '/home/poom/Desktop/ros_ws/build/my_robot_description': CMAKE_PREFIX_PATH=/opt/ros/humble /usr/bin/cmake --install /home/poom/Desktop/ros_ws/build/my_robot_description
[1.291s] -- Install configuration: ""
[1.291s] -- Installing: /home/poom/Desktop/ros_ws/install/my_robot_description/shared/my_robot_description//urdf
[1.291s] -- Installing: /home/poom/Desktop/ros_ws/install/my_robot_description/shared/my_robot_description//urdf/my_robot.urdf
[1.291s] -- Installing: /home/poom/Desktop/ros_ws/install/my_robot_description/share/ament_index/resource_index/package_run_dependencies/my_robot_description
[1.291s] -- Installing: /home/poom/Desktop/ros_ws/install/my_robot_description/share/ament_index/resource_index/parent_prefix_path/my_robot_description
[1.292s] -- Installing: /home/poom/Desktop/ros_ws/install/my_robot_description/share/my_robot_description/environment/ament_prefix_path.sh
[1.292s] -- Installing: /home/poom/Desktop/ros_ws/install/my_robot_description/share/my_robot_description/environment/ament_prefix_path.dsv
[1.292s] -- Installing: /home/poom/Desktop/ros_ws/install/my_robot_description/share/my_robot_description/environment/path.sh
[1.292s] -- Installing: /home/poom/Desktop/ros_ws/install/my_robot_description/share/my_robot_description/environment/path.dsv
[1.293s] -- Installing: /home/poom/Desktop/ros_ws/install/my_robot_description/share/my_robot_description/local_setup.bash
[1.293s] -- Installing: /home/poom/Desktop/ros_ws/install/my_robot_description/share/my_robot_description/local_setup.sh
[1.293s] -- Installing: /home/poom/Desktop/ros_ws/install/my_robot_description/share/my_robot_description/local_setup.zsh
[1.293s] -- Installing: /home/poom/Desktop/ros_ws/install/my_robot_description/share/my_robot_description/local_setup.dsv
[1.293s] -- Installing: /home/poom/Desktop/ros_ws/install/my_robot_description/share/my_robot_description/package.dsv
[1.293s] -- Installing: /home/poom/Desktop/ros_ws/install/my_robot_description/share/ament_index/resource_index/packages/my_robot_description
[1.293s] -- Installing: /home/poom/Desktop/ros_ws/install/my_robot_description/share/my_robot_description/cmake/my_robot_descriptionConfig.cmake
[1.293s] -- Installing: /home/poom/Desktop/ros_ws/install/my_robot_description/share/my_robot_description/cmake/my_robot_descriptionConfig-version.cmake
[1.293s] -- Installing: /home/poom/Desktop/ros_ws/install/my_robot_description/share/my_robot_description/package.xml
[1.295s] Invoked command in '/home/poom/Desktop/ros_ws/build/my_robot_description' returned '0': CMAKE_PREFIX_PATH=/opt/ros/humble /usr/bin/cmake --install /home/poom/Desktop/ros_ws/build/my_robot_description
