[0.056s] DEBUG:colcon:Command line arguments: ['/usr/bin/colcon', 'build', '--packages-select', 'my_robot_bringup']
[0.057s] DEBUG:colcon:Parsed command line arguments: Namespace(log_base=None, log_level=None, verb_name='build', build_base='build', install_base='install', merge_install=False, symlink_install=False, test_result_base=None, continue_on_error=False, executor='parallel', parallel_workers=16, event_handlers=None, ignore_user_meta=False, metas=['./colcon.meta'], base_paths=['.'], packages_ignore=None, packages_ignore_regex=None, paths=None, packages_up_to=None, packages_up_to_regex=None, packages_above=None, packages_above_and_dependencies=None, packages_above_depth=None, packages_select_by_dep=None, packages_skip_by_dep=None, packages_skip_up_to=None, packages_select_build_failed=False, packages_skip_build_finished=False, packages_select_test_failures=False, packages_skip_test_passed=False, packages_select=['my_robot_bringup'], packages_skip=None, packages_select_regex=None, packages_skip_regex=None, packages_start=None, packages_end=None, allow_overriding=[], cmake_args=None, cmake_target=None, cmake_target_skip_unavailable=False, cmake_clean_cache=False, cmake_clean_first=False, cmake_force_configure=False, ament_cmake_args=None, catkin_cmake_args=None, catkin_skip_building_tests=False, verb_parser=<colcon_defaults.argument_parser.defaults.DefaultArgumentsDecorator object at 0x7fec6ec35240>, verb_extension=<colcon_core.verb.build.BuildVerb object at 0x7fec6eda5630>, main=<bound method BuildVerb.main of <colcon_core.verb.build.BuildVerb object at 0x7fec6eda5630>>)
[0.139s] Level 1:colcon.colcon_core.package_discovery:discover_packages(colcon_meta) check parameters
[0.140s] Level 1:colcon.colcon_core.package_discovery:discover_packages(recursive) check parameters
[0.140s] Level 1:colcon.colcon_core.package_discovery:discover_packages(ignore) check parameters
[0.140s] Level 1:colcon.colcon_core.package_discovery:discover_packages(path) check parameters
[0.140s] Level 1:colcon.colcon_core.package_discovery:discover_packages(colcon_meta) discover
[0.140s] Level 1:colcon.colcon_core.package_discovery:discover_packages(recursive) discover
[0.140s] INFO:colcon.colcon_core.package_discovery:Crawling recursively for packages in '/home/poom/Desktop/ros_ws'
[0.140s] Level 1:colcon.colcon_core.package_identification:_identify(.) by extensions ['ignore', 'ignore_ament_install']
[0.140s] Level 1:colcon.colcon_core.package_identification:_identify(.) by extension 'ignore'
[0.140s] Level 1:colcon.colcon_core.package_identification:_identify(.) by extension 'ignore_ament_install'
[0.140s] Level 1:colcon.colcon_core.package_identification:_identify(.) by extensions ['colcon_pkg']
[0.140s] Level 1:colcon.colcon_core.package_identification:_identify(.) by extension 'colcon_pkg'
[0.140s] Level 1:colcon.colcon_core.package_identification:_identify(.) by extensions ['colcon_meta']
[0.140s] Level 1:colcon.colcon_core.package_identification:_identify(.) by extension 'colcon_meta'
[0.140s] Level 1:colcon.colcon_core.package_identification:_identify(.) by extensions ['ros']
[0.140s] Level 1:colcon.colcon_core.package_identification:_identify(.) by extension 'ros'
[0.147s] Level 1:colcon.colcon_core.package_identification:_identify(.) by extensions ['cmake', 'python']
[0.147s] Level 1:colcon.colcon_core.package_identification:_identify(.) by extension 'cmake'
[0.147s] Level 1:colcon.colcon_core.package_identification:_identify(.) by extension 'python'
[0.147s] Level 1:colcon.colcon_core.package_identification:_identify(.) by extensions ['python_setup_py']
[0.147s] Level 1:colcon.colcon_core.package_identification:_identify(.) by extension 'python_setup_py'
[0.147s] Level 1:colcon.colcon_core.package_identification:_identify(build) by extensions ['ignore', 'ignore_ament_install']
[0.147s] Level 1:colcon.colcon_core.package_identification:_identify(build) by extension 'ignore'
[0.147s] Level 1:colcon.colcon_core.package_identification:_identify(build) ignored
[0.147s] Level 1:colcon.colcon_core.package_identification:_identify(install) by extensions ['ignore', 'ignore_ament_install']
[0.147s] Level 1:colcon.colcon_core.package_identification:_identify(install) by extension 'ignore'
[0.147s] Level 1:colcon.colcon_core.package_identification:_identify(install) ignored
[0.147s] Level 1:colcon.colcon_core.package_identification:_identify(log) by extensions ['ignore', 'ignore_ament_install']
[0.147s] Level 1:colcon.colcon_core.package_identification:_identify(log) by extension 'ignore'
[0.147s] Level 1:colcon.colcon_core.package_identification:_identify(log) ignored
[0.147s] Level 1:colcon.colcon_core.package_identification:_identify(src) by extensions ['ignore', 'ignore_ament_install']
[0.147s] Level 1:colcon.colcon_core.package_identification:_identify(src) by extension 'ignore'
[0.147s] Level 1:colcon.colcon_core.package_identification:_identify(src) by extension 'ignore_ament_install'
[0.147s] Level 1:colcon.colcon_core.package_identification:_identify(src) by extensions ['colcon_pkg']
[0.147s] Level 1:colcon.colcon_core.package_identification:_identify(src) by extension 'colcon_pkg'
[0.147s] Level 1:colcon.colcon_core.package_identification:_identify(src) by extensions ['colcon_meta']
[0.147s] Level 1:colcon.colcon_core.package_identification:_identify(src) by extension 'colcon_meta'
[0.147s] Level 1:colcon.colcon_core.package_identification:_identify(src) by extensions ['ros']
[0.147s] Level 1:colcon.colcon_core.package_identification:_identify(src) by extension 'ros'
[0.147s] Level 1:colcon.colcon_core.package_identification:_identify(src) by extensions ['cmake', 'python']
[0.147s] Level 1:colcon.colcon_core.package_identification:_identify(src) by extension 'cmake'
[0.147s] Level 1:colcon.colcon_core.package_identification:_identify(src) by extension 'python'
[0.147s] Level 1:colcon.colcon_core.package_identification:_identify(src) by extensions ['python_setup_py']
[0.147s] Level 1:colcon.colcon_core.package_identification:_identify(src) by extension 'python_setup_py'
[0.147s] Level 1:colcon.colcon_core.package_identification:_identify(src/actions_cpp) by extensions ['ignore', 'ignore_ament_install']
[0.147s] Level 1:colcon.colcon_core.package_identification:_identify(src/actions_cpp) by extension 'ignore'
[0.147s] Level 1:colcon.colcon_core.package_identification:_identify(src/actions_cpp) by extension 'ignore_ament_install'
[0.148s] Level 1:colcon.colcon_core.package_identification:_identify(src/actions_cpp) by extensions ['colcon_pkg']
[0.148s] Level 1:colcon.colcon_core.package_identification:_identify(src/actions_cpp) by extension 'colcon_pkg'
[0.148s] Level 1:colcon.colcon_core.package_identification:_identify(src/actions_cpp) by extensions ['colcon_meta']
[0.148s] Level 1:colcon.colcon_core.package_identification:_identify(src/actions_cpp) by extension 'colcon_meta'
[0.148s] Level 1:colcon.colcon_core.package_identification:_identify(src/actions_cpp) by extensions ['ros']
[0.148s] Level 1:colcon.colcon_core.package_identification:_identify(src/actions_cpp) by extension 'ros'
[0.149s] DEBUG:colcon.colcon_core.package_identification:Package 'src/actions_cpp' with type 'ros.ament_cmake' and name 'actions_cpp'
[0.149s] Level 1:colcon.colcon_core.package_identification:_identify(src/actions_py) by extensions ['ignore', 'ignore_ament_install']
[0.149s] Level 1:colcon.colcon_core.package_identification:_identify(src/actions_py) by extension 'ignore'
[0.149s] Level 1:colcon.colcon_core.package_identification:_identify(src/actions_py) by extension 'ignore_ament_install'
[0.149s] Level 1:colcon.colcon_core.package_identification:_identify(src/actions_py) by extensions ['colcon_pkg']
[0.149s] Level 1:colcon.colcon_core.package_identification:_identify(src/actions_py) by extension 'colcon_pkg'
[0.149s] Level 1:colcon.colcon_core.package_identification:_identify(src/actions_py) by extensions ['colcon_meta']
[0.149s] Level 1:colcon.colcon_core.package_identification:_identify(src/actions_py) by extension 'colcon_meta'
[0.149s] Level 1:colcon.colcon_core.package_identification:_identify(src/actions_py) by extensions ['ros']
[0.149s] Level 1:colcon.colcon_core.package_identification:_identify(src/actions_py) by extension 'ros'
[0.150s] DEBUG:colcon.colcon_core.package_identification:Package 'src/actions_py' with type 'ros.ament_python' and name 'actions_py'
[0.150s] Level 1:colcon.colcon_core.package_identification:_identify(src/components_cpp) by extensions ['ignore', 'ignore_ament_install']
[0.150s] Level 1:colcon.colcon_core.package_identification:_identify(src/components_cpp) by extension 'ignore'
[0.150s] Level 1:colcon.colcon_core.package_identification:_identify(src/components_cpp) by extension 'ignore_ament_install'
[0.150s] Level 1:colcon.colcon_core.package_identification:_identify(src/components_cpp) by extensions ['colcon_pkg']
[0.150s] Level 1:colcon.colcon_core.package_identification:_identify(src/components_cpp) by extension 'colcon_pkg'
[0.150s] Level 1:colcon.colcon_core.package_identification:_identify(src/components_cpp) by extensions ['colcon_meta']
[0.150s] Level 1:colcon.colcon_core.package_identification:_identify(src/components_cpp) by extension 'colcon_meta'
[0.150s] Level 1:colcon.colcon_core.package_identification:_identify(src/components_cpp) by extensions ['ros']
[0.150s] Level 1:colcon.colcon_core.package_identification:_identify(src/components_cpp) by extension 'ros'
[0.150s] DEBUG:colcon.colcon_core.package_identification:Package 'src/components_cpp' with type 'ros.ament_cmake' and name 'components_cpp'
[0.150s] Level 1:colcon.colcon_core.package_identification:_identify(src/components_py) by extensions ['ignore', 'ignore_ament_install']
[0.150s] Level 1:colcon.colcon_core.package_identification:_identify(src/components_py) by extension 'ignore'
[0.150s] Level 1:colcon.colcon_core.package_identification:_identify(src/components_py) by extension 'ignore_ament_install'
[0.150s] Level 1:colcon.colcon_core.package_identification:_identify(src/components_py) by extensions ['colcon_pkg']
[0.150s] Level 1:colcon.colcon_core.package_identification:_identify(src/components_py) by extension 'colcon_pkg'
[0.150s] Level 1:colcon.colcon_core.package_identification:_identify(src/components_py) by extensions ['colcon_meta']
[0.150s] Level 1:colcon.colcon_core.package_identification:_identify(src/components_py) by extension 'colcon_meta'
[0.150s] Level 1:colcon.colcon_core.package_identification:_identify(src/components_py) by extensions ['ros']
[0.150s] Level 1:colcon.colcon_core.package_identification:_identify(src/components_py) by extension 'ros'
[0.151s] DEBUG:colcon.colcon_core.package_identification:Package 'src/components_py' with type 'ros.ament_python' and name 'components_py'
[0.151s] Level 1:colcon.colcon_core.package_identification:_identify(src/executors_cpp) by extensions ['ignore', 'ignore_ament_install']
[0.151s] Level 1:colcon.colcon_core.package_identification:_identify(src/executors_cpp) by extension 'ignore'
[0.151s] Level 1:colcon.colcon_core.package_identification:_identify(src/executors_cpp) by extension 'ignore_ament_install'
[0.151s] Level 1:colcon.colcon_core.package_identification:_identify(src/executors_cpp) by extensions ['colcon_pkg']
[0.151s] Level 1:colcon.colcon_core.package_identification:_identify(src/executors_cpp) by extension 'colcon_pkg'
[0.151s] Level 1:colcon.colcon_core.package_identification:_identify(src/executors_cpp) by extensions ['colcon_meta']
[0.151s] Level 1:colcon.colcon_core.package_identification:_identify(src/executors_cpp) by extension 'colcon_meta'
[0.151s] Level 1:colcon.colcon_core.package_identification:_identify(src/executors_cpp) by extensions ['ros']
[0.151s] Level 1:colcon.colcon_core.package_identification:_identify(src/executors_cpp) by extension 'ros'
[0.151s] DEBUG:colcon.colcon_core.package_identification:Package 'src/executors_cpp' with type 'ros.ament_cmake' and name 'executors_cpp'
[0.151s] Level 1:colcon.colcon_core.package_identification:_identify(src/executors_py) by extensions ['ignore', 'ignore_ament_install']
[0.151s] Level 1:colcon.colcon_core.package_identification:_identify(src/executors_py) by extension 'ignore'
[0.151s] Level 1:colcon.colcon_core.package_identification:_identify(src/executors_py) by extension 'ignore_ament_install'
[0.151s] Level 1:colcon.colcon_core.package_identification:_identify(src/executors_py) by extensions ['colcon_pkg']
[0.151s] Level 1:colcon.colcon_core.package_identification:_identify(src/executors_py) by extension 'colcon_pkg'
[0.151s] Level 1:colcon.colcon_core.package_identification:_identify(src/executors_py) by extensions ['colcon_meta']
[0.151s] Level 1:colcon.colcon_core.package_identification:_identify(src/executors_py) by extension 'colcon_meta'
[0.151s] Level 1:colcon.colcon_core.package_identification:_identify(src/executors_py) by extensions ['ros']
[0.151s] Level 1:colcon.colcon_core.package_identification:_identify(src/executors_py) by extension 'ros'
[0.152s] DEBUG:colcon.colcon_core.package_identification:Package 'src/executors_py' with type 'ros.ament_python' and name 'executors_py'
[0.152s] Level 1:colcon.colcon_core.package_identification:_identify(src/lifecycle_cpp) by extensions ['ignore', 'ignore_ament_install']
[0.152s] Level 1:colcon.colcon_core.package_identification:_identify(src/lifecycle_cpp) by extension 'ignore'
[0.152s] Level 1:colcon.colcon_core.package_identification:_identify(src/lifecycle_cpp) by extension 'ignore_ament_install'
[0.152s] Level 1:colcon.colcon_core.package_identification:_identify(src/lifecycle_cpp) by extensions ['colcon_pkg']
[0.152s] Level 1:colcon.colcon_core.package_identification:_identify(src/lifecycle_cpp) by extension 'colcon_pkg'
[0.152s] Level 1:colcon.colcon_core.package_identification:_identify(src/lifecycle_cpp) by extensions ['colcon_meta']
[0.152s] Level 1:colcon.colcon_core.package_identification:_identify(src/lifecycle_cpp) by extension 'colcon_meta'
[0.152s] Level 1:colcon.colcon_core.package_identification:_identify(src/lifecycle_cpp) by extensions ['ros']
[0.152s] Level 1:colcon.colcon_core.package_identification:_identify(src/lifecycle_cpp) by extension 'ros'
[0.152s] DEBUG:colcon.colcon_core.package_identification:Package 'src/lifecycle_cpp' with type 'ros.ament_cmake' and name 'lifecycle_cpp'
[0.152s] Level 1:colcon.colcon_core.package_identification:_identify(src/lifecycle_py) by extensions ['ignore', 'ignore_ament_install']
[0.152s] Level 1:colcon.colcon_core.package_identification:_identify(src/lifecycle_py) by extension 'ignore'
[0.152s] Level 1:colcon.colcon_core.package_identification:_identify(src/lifecycle_py) by extension 'ignore_ament_install'
[0.152s] Level 1:colcon.colcon_core.package_identification:_identify(src/lifecycle_py) by extensions ['colcon_pkg']
[0.152s] Level 1:colcon.colcon_core.package_identification:_identify(src/lifecycle_py) by extension 'colcon_pkg'
[0.152s] Level 1:colcon.colcon_core.package_identification:_identify(src/lifecycle_py) by extensions ['colcon_meta']
[0.152s] Level 1:colcon.colcon_core.package_identification:_identify(src/lifecycle_py) by extension 'colcon_meta'
[0.152s] Level 1:colcon.colcon_core.package_identification:_identify(src/lifecycle_py) by extensions ['ros']
[0.152s] Level 1:colcon.colcon_core.package_identification:_identify(src/lifecycle_py) by extension 'ros'
[0.153s] DEBUG:colcon.colcon_core.package_identification:Package 'src/lifecycle_py' with type 'ros.ament_python' and name 'lifecycle_py'
[0.153s] Level 1:colcon.colcon_core.package_identification:_identify(src/my_robot_bringup) by extensions ['ignore', 'ignore_ament_install']
[0.153s] Level 1:colcon.colcon_core.package_identification:_identify(src/my_robot_bringup) by extension 'ignore'
[0.153s] Level 1:colcon.colcon_core.package_identification:_identify(src/my_robot_bringup) by extension 'ignore_ament_install'
[0.153s] Level 1:colcon.colcon_core.package_identification:_identify(src/my_robot_bringup) by extensions ['colcon_pkg']
[0.153s] Level 1:colcon.colcon_core.package_identification:_identify(src/my_robot_bringup) by extension 'colcon_pkg'
[0.153s] Level 1:colcon.colcon_core.package_identification:_identify(src/my_robot_bringup) by extensions ['colcon_meta']
[0.153s] Level 1:colcon.colcon_core.package_identification:_identify(src/my_robot_bringup) by extension 'colcon_meta'
[0.153s] Level 1:colcon.colcon_core.package_identification:_identify(src/my_robot_bringup) by extensions ['ros']
[0.153s] Level 1:colcon.colcon_core.package_identification:_identify(src/my_robot_bringup) by extension 'ros'
[0.153s] DEBUG:colcon.colcon_core.package_identification:Package 'src/my_robot_bringup' with type 'ros.ament_cmake' and name 'my_robot_bringup'
[0.153s] Level 1:colcon.colcon_core.package_identification:_identify(src/my_robot_description) by extensions ['ignore', 'ignore_ament_install']
[0.153s] Level 1:colcon.colcon_core.package_identification:_identify(src/my_robot_description) by extension 'ignore'
[0.153s] Level 1:colcon.colcon_core.package_identification:_identify(src/my_robot_description) by extension 'ignore_ament_install'
[0.153s] Level 1:colcon.colcon_core.package_identification:_identify(src/my_robot_description) by extensions ['colcon_pkg']
[0.153s] Level 1:colcon.colcon_core.package_identification:_identify(src/my_robot_description) by extension 'colcon_pkg'
[0.153s] Level 1:colcon.colcon_core.package_identification:_identify(src/my_robot_description) by extensions ['colcon_meta']
[0.153s] Level 1:colcon.colcon_core.package_identification:_identify(src/my_robot_description) by extension 'colcon_meta'
[0.153s] Level 1:colcon.colcon_core.package_identification:_identify(src/my_robot_description) by extensions ['ros']
[0.153s] Level 1:colcon.colcon_core.package_identification:_identify(src/my_robot_description) by extension 'ros'
[0.154s] DEBUG:colcon.colcon_core.package_identification:Package 'src/my_robot_description' with type 'ros.ament_cmake' and name 'my_robot_description'
[0.154s] Level 1:colcon.colcon_core.package_identification:_identify(src/my_robot_interfaces) by extensions ['ignore', 'ignore_ament_install']
[0.154s] Level 1:colcon.colcon_core.package_identification:_identify(src/my_robot_interfaces) by extension 'ignore'
[0.154s] Level 1:colcon.colcon_core.package_identification:_identify(src/my_robot_interfaces) by extension 'ignore_ament_install'
[0.154s] Level 1:colcon.colcon_core.package_identification:_identify(src/my_robot_interfaces) by extensions ['colcon_pkg']
[0.154s] Level 1:colcon.colcon_core.package_identification:_identify(src/my_robot_interfaces) by extension 'colcon_pkg'
[0.154s] Level 1:colcon.colcon_core.package_identification:_identify(src/my_robot_interfaces) by extensions ['colcon_meta']
[0.154s] Level 1:colcon.colcon_core.package_identification:_identify(src/my_robot_interfaces) by extension 'colcon_meta'
[0.154s] Level 1:colcon.colcon_core.package_identification:_identify(src/my_robot_interfaces) by extensions ['ros']
[0.154s] Level 1:colcon.colcon_core.package_identification:_identify(src/my_robot_interfaces) by extension 'ros'
[0.154s] DEBUG:colcon.colcon_core.package_identification:Package 'src/my_robot_interfaces' with type 'ros.ament_cmake' and name 'my_robot_interfaces'
[0.154s] Level 1:colcon.colcon_core.package_discovery:discover_packages(recursive) using defaults
[0.154s] Level 1:colcon.colcon_core.package_discovery:discover_packages(ignore) discover
[0.154s] Level 1:colcon.colcon_core.package_discovery:discover_packages(ignore) using defaults
[0.154s] Level 1:colcon.colcon_core.package_discovery:discover_packages(path) discover
[0.154s] Level 1:colcon.colcon_core.package_discovery:discover_packages(path) using defaults
[0.172s] INFO:colcon.colcon_core.package_selection:Skipping not selected package 'components_cpp' in 'src/components_cpp'
[0.172s] INFO:colcon.colcon_core.package_selection:Skipping not selected package 'components_py' in 'src/components_py'
[0.172s] INFO:colcon.colcon_core.package_selection:Skipping not selected package 'executors_cpp' in 'src/executors_cpp'
[0.172s] INFO:colcon.colcon_core.package_selection:Skipping not selected package 'executors_py' in 'src/executors_py'
[0.172s] INFO:colcon.colcon_core.package_selection:Skipping not selected package 'lifecycle_cpp' in 'src/lifecycle_cpp'
[0.172s] INFO:colcon.colcon_core.package_selection:Skipping not selected package 'lifecycle_py' in 'src/lifecycle_py'
[0.172s] INFO:colcon.colcon_core.package_selection:Skipping not selected package 'my_robot_description' in 'src/my_robot_description'
[0.172s] INFO:colcon.colcon_core.package_selection:Skipping not selected package 'my_robot_interfaces' in 'src/my_robot_interfaces'
[0.172s] INFO:colcon.colcon_core.package_selection:Skipping not selected package 'actions_cpp' in 'src/actions_cpp'
[0.172s] INFO:colcon.colcon_core.package_selection:Skipping not selected package 'actions_py' in 'src/actions_py'
[0.172s] Level 1:colcon.colcon_core.package_discovery:discover_packages(prefix_path) check parameters
[0.172s] Level 1:colcon.colcon_core.package_discovery:discover_packages(prefix_path) discover
[0.173s] DEBUG:colcon.colcon_installed_package_information.package_discovery:Found 11 installed packages in /home/poom/Desktop/ros_ws/install
[0.174s] DEBUG:colcon.colcon_installed_package_information.package_discovery:Found 320 installed packages in /opt/ros/humble
[0.175s] Level 1:colcon.colcon_core.package_discovery:discover_packages(prefix_path) using defaults
[0.196s] Level 5:colcon.colcon_core.verb:set package 'my_robot_bringup' build argument 'cmake_args' from command line to 'None'
[0.196s] Level 5:colcon.colcon_core.verb:set package 'my_robot_bringup' build argument 'cmake_target' from command line to 'None'
[0.196s] Level 5:colcon.colcon_core.verb:set package 'my_robot_bringup' build argument 'cmake_target_skip_unavailable' from command line to 'False'
[0.196s] Level 5:colcon.colcon_core.verb:set package 'my_robot_bringup' build argument 'cmake_clean_cache' from command line to 'False'
[0.196s] Level 5:colcon.colcon_core.verb:set package 'my_robot_bringup' build argument 'cmake_clean_first' from command line to 'False'
[0.196s] Level 5:colcon.colcon_core.verb:set package 'my_robot_bringup' build argument 'cmake_force_configure' from command line to 'False'
[0.196s] Level 5:colcon.colcon_core.verb:set package 'my_robot_bringup' build argument 'ament_cmake_args' from command line to 'None'
[0.196s] Level 5:colcon.colcon_core.verb:set package 'my_robot_bringup' build argument 'catkin_cmake_args' from command line to 'None'
[0.196s] Level 5:colcon.colcon_core.verb:set package 'my_robot_bringup' build argument 'catkin_skip_building_tests' from command line to 'False'
[0.196s] DEBUG:colcon.colcon_core.verb:Building package 'my_robot_bringup' with the following arguments: {'ament_cmake_args': None, 'build_base': '/home/poom/Desktop/ros_ws/build/my_robot_bringup', 'catkin_cmake_args': None, 'catkin_skip_building_tests': False, 'cmake_args': None, 'cmake_clean_cache': False, 'cmake_clean_first': False, 'cmake_force_configure': False, 'cmake_target': None, 'cmake_target_skip_unavailable': False, 'install_base': '/home/poom/Desktop/ros_ws/install/my_robot_bringup', 'merge_install': False, 'path': '/home/poom/Desktop/ros_ws/src/my_robot_bringup', 'symlink_install': False, 'test_result_base': None}
[0.196s] INFO:colcon.colcon_core.executor:Executing jobs using 'parallel' executor
[0.197s] DEBUG:colcon.colcon_parallel_executor.executor.parallel:run_until_complete
[0.197s] INFO:colcon.colcon_ros.task.ament_cmake.build:Building ROS package in '/home/poom/Desktop/ros_ws/src/my_robot_bringup' with build type 'ament_cmake'
[0.197s] INFO:colcon.colcon_cmake.task.cmake.build:Building CMake package in '/home/poom/Desktop/ros_ws/src/my_robot_bringup'
[0.199s] INFO:colcon.colcon_core.plugin_system:Skipping extension 'colcon_core.shell.bat': Not used on non-Windows systems
[0.199s] INFO:colcon.colcon_core.shell:Skip shell extension 'powershell' for command environment: Not usable outside of PowerShell
[0.199s] DEBUG:colcon.colcon_core.shell:Skip shell extension 'dsv' for command environment
[0.212s] DEBUG:colcon.colcon_core.event_handler.log_command:Invoking command in '/home/poom/Desktop/ros_ws/build/my_robot_bringup': AMENT_PREFIX_PATH=/home/poom/Desktop/ros_ws/install/lifecycle_py:/home/poom/Desktop/ros_ws/install/actions_py:/home/poom/Desktop/ros_ws/install/actions_cpp:/home/poom/Desktop/ros_ws/install/my_robot_interfaces:/home/poom/Desktop/ros_ws/install/my_robot_bringup:/home/poom/Desktop/ros_ws/install/my_robot_description:/home/poom/Desktop/ros_ws/install/lifecycle_cpp:/home/poom/Desktop/ros_ws/install/executors_py:/home/poom/Desktop/ros_ws/install/executors_cpp:/home/poom/Desktop/ros_ws/install/components_py:/home/poom/Desktop/ros_ws/install/components_cpp:/opt/ros/humble CMAKE_PREFIX_PATH=/home/poom/Desktop/ros_ws/install/my_robot_description:/home/poom/Desktop/ros_ws/install/lifecycle_cpp:/home/poom/Desktop/ros_ws/install/actions_cpp:/home/poom/Desktop/ros_ws/install/my_robot_interfaces:/home/poom/Desktop/ros_ws/install/my_robot_bringup:/home/poom/Desktop/ros_ws/install/executors_cpp:/home/poom/Desktop/ros_ws/install/components_cpp:/home/poom/Desktop/ros_ws/install/actions_py:/home/poom/Desktop/ros_ws/install/lifecycle_py:/home/poom/Desktop/ros_ws/install/executors_py:/home/poom/Desktop/ros_ws/install/components_py:/opt/ros/humble PYTHONPATH=/home/poom/Desktop/ros_ws/build/lifecycle_py:/home/poom/Desktop/ros_ws/install/lifecycle_py/lib/python3.10/site-packages:/home/poom/Desktop/ros_ws/build/actions_py:/home/poom/Desktop/ros_ws/install/actions_py/lib/python3.10/site-packages:/home/poom/Desktop/ros_ws/install/my_robot_interfaces/local/lib/python3.10/dist-packages:/home/poom/Desktop/ros_ws/build/executors_py:/home/poom/Desktop/ros_ws/install/executors_py/lib/python3.10/site-packages:/home/poom/Desktop/ros_ws/install/components_py/lib/python3.10/site-packages:/opt/ros/humble/lib/python3.10/site-packages:/opt/ros/humble/local/lib/python3.10/dist-packages /usr/bin/cmake --build /home/poom/Desktop/ros_ws/build/my_robot_bringup -- -j16 -l16
[0.235s] DEBUG:colcon.colcon_core.event_handler.log_command:Invoked command in '/home/poom/Desktop/ros_ws/build/my_robot_bringup' returned '0': AMENT_PREFIX_PATH=/home/poom/Desktop/ros_ws/install/lifecycle_py:/home/poom/Desktop/ros_ws/install/actions_py:/home/poom/Desktop/ros_ws/install/actions_cpp:/home/poom/Desktop/ros_ws/install/my_robot_interfaces:/home/poom/Desktop/ros_ws/install/my_robot_bringup:/home/poom/Desktop/ros_ws/install/my_robot_description:/home/poom/Desktop/ros_ws/install/lifecycle_cpp:/home/poom/Desktop/ros_ws/install/executors_py:/home/poom/Desktop/ros_ws/install/executors_cpp:/home/poom/Desktop/ros_ws/install/components_py:/home/poom/Desktop/ros_ws/install/components_cpp:/opt/ros/humble CMAKE_PREFIX_PATH=/home/poom/Desktop/ros_ws/install/my_robot_description:/home/poom/Desktop/ros_ws/install/lifecycle_cpp:/home/poom/Desktop/ros_ws/install/actions_cpp:/home/poom/Desktop/ros_ws/install/my_robot_interfaces:/home/poom/Desktop/ros_ws/install/my_robot_bringup:/home/poom/Desktop/ros_ws/install/executors_cpp:/home/poom/Desktop/ros_ws/install/components_cpp:/home/poom/Desktop/ros_ws/install/actions_py:/home/poom/Desktop/ros_ws/install/lifecycle_py:/home/poom/Desktop/ros_ws/install/executors_py:/home/poom/Desktop/ros_ws/install/components_py:/opt/ros/humble PYTHONPATH=/home/poom/Desktop/ros_ws/build/lifecycle_py:/home/poom/Desktop/ros_ws/install/lifecycle_py/lib/python3.10/site-packages:/home/poom/Desktop/ros_ws/build/actions_py:/home/poom/Desktop/ros_ws/install/actions_py/lib/python3.10/site-packages:/home/poom/Desktop/ros_ws/install/my_robot_interfaces/local/lib/python3.10/dist-packages:/home/poom/Desktop/ros_ws/build/executors_py:/home/poom/Desktop/ros_ws/install/executors_py/lib/python3.10/site-packages:/home/poom/Desktop/ros_ws/install/components_py/lib/python3.10/site-packages:/opt/ros/humble/lib/python3.10/site-packages:/opt/ros/humble/local/lib/python3.10/dist-packages /usr/bin/cmake --build /home/poom/Desktop/ros_ws/build/my_robot_bringup -- -j16 -l16
[0.254s] DEBUG:colcon.colcon_core.event_handler.log_command:Invoking command in '/home/poom/Desktop/ros_ws/build/my_robot_bringup': AMENT_PREFIX_PATH=/home/poom/Desktop/ros_ws/install/lifecycle_py:/home/poom/Desktop/ros_ws/install/actions_py:/home/poom/Desktop/ros_ws/install/actions_cpp:/home/poom/Desktop/ros_ws/install/my_robot_interfaces:/home/poom/Desktop/ros_ws/install/my_robot_bringup:/home/poom/Desktop/ros_ws/install/my_robot_description:/home/poom/Desktop/ros_ws/install/lifecycle_cpp:/home/poom/Desktop/ros_ws/install/executors_py:/home/poom/Desktop/ros_ws/install/executors_cpp:/home/poom/Desktop/ros_ws/install/components_py:/home/poom/Desktop/ros_ws/install/components_cpp:/opt/ros/humble CMAKE_PREFIX_PATH=/home/poom/Desktop/ros_ws/install/my_robot_description:/home/poom/Desktop/ros_ws/install/lifecycle_cpp:/home/poom/Desktop/ros_ws/install/actions_cpp:/home/poom/Desktop/ros_ws/install/my_robot_interfaces:/home/poom/Desktop/ros_ws/install/my_robot_bringup:/home/poom/Desktop/ros_ws/install/executors_cpp:/home/poom/Desktop/ros_ws/install/components_cpp:/home/poom/Desktop/ros_ws/install/actions_py:/home/poom/Desktop/ros_ws/install/lifecycle_py:/home/poom/Desktop/ros_ws/install/executors_py:/home/poom/Desktop/ros_ws/install/components_py:/opt/ros/humble PYTHONPATH=/home/poom/Desktop/ros_ws/build/lifecycle_py:/home/poom/Desktop/ros_ws/install/lifecycle_py/lib/python3.10/site-packages:/home/poom/Desktop/ros_ws/build/actions_py:/home/poom/Desktop/ros_ws/install/actions_py/lib/python3.10/site-packages:/home/poom/Desktop/ros_ws/install/my_robot_interfaces/local/lib/python3.10/dist-packages:/home/poom/Desktop/ros_ws/build/executors_py:/home/poom/Desktop/ros_ws/install/executors_py/lib/python3.10/site-packages:/home/poom/Desktop/ros_ws/install/components_py/lib/python3.10/site-packages:/opt/ros/humble/lib/python3.10/site-packages:/opt/ros/humble/local/lib/python3.10/dist-packages /usr/bin/cmake --install /home/poom/Desktop/ros_ws/build/my_robot_bringup
[0.278s] Level 1:colcon.colcon_core.environment:create_environment_scripts_only(my_robot_bringup)
[0.278s] DEBUG:colcon.colcon_core.event_handler.log_command:Invoked command in '/home/poom/Desktop/ros_ws/build/my_robot_bringup' returned '0': AMENT_PREFIX_PATH=/home/poom/Desktop/ros_ws/install/lifecycle_py:/home/poom/Desktop/ros_ws/install/actions_py:/home/poom/Desktop/ros_ws/install/actions_cpp:/home/poom/Desktop/ros_ws/install/my_robot_interfaces:/home/poom/Desktop/ros_ws/install/my_robot_bringup:/home/poom/Desktop/ros_ws/install/my_robot_description:/home/poom/Desktop/ros_ws/install/lifecycle_cpp:/home/poom/Desktop/ros_ws/install/executors_py:/home/poom/Desktop/ros_ws/install/executors_cpp:/home/poom/Desktop/ros_ws/install/components_py:/home/poom/Desktop/ros_ws/install/components_cpp:/opt/ros/humble CMAKE_PREFIX_PATH=/home/poom/Desktop/ros_ws/install/my_robot_description:/home/poom/Desktop/ros_ws/install/lifecycle_cpp:/home/poom/Desktop/ros_ws/install/actions_cpp:/home/poom/Desktop/ros_ws/install/my_robot_interfaces:/home/poom/Desktop/ros_ws/install/my_robot_bringup:/home/poom/Desktop/ros_ws/install/executors_cpp:/home/poom/Desktop/ros_ws/install/components_cpp:/home/poom/Desktop/ros_ws/install/actions_py:/home/poom/Desktop/ros_ws/install/lifecycle_py:/home/poom/Desktop/ros_ws/install/executors_py:/home/poom/Desktop/ros_ws/install/components_py:/opt/ros/humble PYTHONPATH=/home/poom/Desktop/ros_ws/build/lifecycle_py:/home/poom/Desktop/ros_ws/install/lifecycle_py/lib/python3.10/site-packages:/home/poom/Desktop/ros_ws/build/actions_py:/home/poom/Desktop/ros_ws/install/actions_py/lib/python3.10/site-packages:/home/poom/Desktop/ros_ws/install/my_robot_interfaces/local/lib/python3.10/dist-packages:/home/poom/Desktop/ros_ws/build/executors_py:/home/poom/Desktop/ros_ws/install/executors_py/lib/python3.10/site-packages:/home/poom/Desktop/ros_ws/install/components_py/lib/python3.10/site-packages:/opt/ros/humble/lib/python3.10/site-packages:/opt/ros/humble/local/lib/python3.10/dist-packages /usr/bin/cmake --install /home/poom/Desktop/ros_ws/build/my_robot_bringup
[0.280s] Level 1:colcon.colcon_core.environment:checking '/home/poom/Desktop/ros_ws/install/my_robot_bringup' for CMake module files
[0.280s] Level 1:colcon.colcon_core.environment:checking '/home/poom/Desktop/ros_ws/install/my_robot_bringup' for CMake config files
[0.280s] Level 1:colcon.colcon_core.shell:create_environment_hook('my_robot_bringup', 'cmake_prefix_path')
[0.280s] INFO:colcon.colcon_core.shell:Creating environment hook '/home/poom/Desktop/ros_ws/install/my_robot_bringup/share/my_robot_bringup/hook/cmake_prefix_path.ps1'
[0.280s] INFO:colcon.colcon_core.shell:Creating environment descriptor '/home/poom/Desktop/ros_ws/install/my_robot_bringup/share/my_robot_bringup/hook/cmake_prefix_path.dsv'
[0.281s] INFO:colcon.colcon_core.shell:Creating environment hook '/home/poom/Desktop/ros_ws/install/my_robot_bringup/share/my_robot_bringup/hook/cmake_prefix_path.sh'
[0.281s] Level 1:colcon.colcon_core.environment:checking '/home/poom/Desktop/ros_ws/install/my_robot_bringup/bin'
[0.281s] Level 1:colcon.colcon_core.environment:checking '/home/poom/Desktop/ros_ws/install/my_robot_bringup/lib/pkgconfig/my_robot_bringup.pc'
[0.281s] Level 1:colcon.colcon_core.environment:checking '/home/poom/Desktop/ros_ws/install/my_robot_bringup/lib/python3.10/site-packages'
[0.281s] Level 1:colcon.colcon_core.environment:checking '/home/poom/Desktop/ros_ws/install/my_robot_bringup/bin'
[0.282s] INFO:colcon.colcon_core.shell:Creating package script '/home/poom/Desktop/ros_ws/install/my_robot_bringup/share/my_robot_bringup/package.ps1'
[0.282s] INFO:colcon.colcon_core.shell:Creating package descriptor '/home/poom/Desktop/ros_ws/install/my_robot_bringup/share/my_robot_bringup/package.dsv'
[0.282s] INFO:colcon.colcon_core.shell:Creating package script '/home/poom/Desktop/ros_ws/install/my_robot_bringup/share/my_robot_bringup/package.sh'
[0.282s] INFO:colcon.colcon_core.shell:Creating package script '/home/poom/Desktop/ros_ws/install/my_robot_bringup/share/my_robot_bringup/package.bash'
[0.283s] INFO:colcon.colcon_core.shell:Creating package script '/home/poom/Desktop/ros_ws/install/my_robot_bringup/share/my_robot_bringup/package.zsh'
[0.283s] Level 1:colcon.colcon_core.environment:create_file_with_runtime_dependencies(/home/poom/Desktop/ros_ws/install/my_robot_bringup/share/colcon-core/packages/my_robot_bringup)
[0.295s] Level 1:colcon.colcon_core.environment:create_environment_scripts_only(my_robot_bringup)
[0.295s] Level 1:colcon.colcon_core.environment:checking '/home/poom/Desktop/ros_ws/install/my_robot_bringup' for CMake module files
[0.295s] Level 1:colcon.colcon_core.environment:checking '/home/poom/Desktop/ros_ws/install/my_robot_bringup' for CMake config files
[0.295s] Level 1:colcon.colcon_core.shell:create_environment_hook('my_robot_bringup', 'cmake_prefix_path')
[0.295s] INFO:colcon.colcon_core.shell:Creating environment hook '/home/poom/Desktop/ros_ws/install/my_robot_bringup/share/my_robot_bringup/hook/cmake_prefix_path.ps1'
[0.296s] INFO:colcon.colcon_core.shell:Creating environment descriptor '/home/poom/Desktop/ros_ws/install/my_robot_bringup/share/my_robot_bringup/hook/cmake_prefix_path.dsv'
[0.296s] INFO:colcon.colcon_core.shell:Creating environment hook '/home/poom/Desktop/ros_ws/install/my_robot_bringup/share/my_robot_bringup/hook/cmake_prefix_path.sh'
[0.296s] Level 1:colcon.colcon_core.environment:checking '/home/poom/Desktop/ros_ws/install/my_robot_bringup/bin'
[0.296s] Level 1:colcon.colcon_core.environment:checking '/home/poom/Desktop/ros_ws/install/my_robot_bringup/lib/pkgconfig/my_robot_bringup.pc'
[0.296s] Level 1:colcon.colcon_core.environment:checking '/home/poom/Desktop/ros_ws/install/my_robot_bringup/lib/python3.10/site-packages'
[0.296s] Level 1:colcon.colcon_core.environment:checking '/home/poom/Desktop/ros_ws/install/my_robot_bringup/bin'
[0.297s] INFO:colcon.colcon_core.shell:Creating package script '/home/poom/Desktop/ros_ws/install/my_robot_bringup/share/my_robot_bringup/package.ps1'
[0.297s] INFO:colcon.colcon_core.shell:Creating package descriptor '/home/poom/Desktop/ros_ws/install/my_robot_bringup/share/my_robot_bringup/package.dsv'
[0.297s] INFO:colcon.colcon_core.shell:Creating package script '/home/poom/Desktop/ros_ws/install/my_robot_bringup/share/my_robot_bringup/package.sh'
[0.297s] INFO:colcon.colcon_core.shell:Creating package script '/home/poom/Desktop/ros_ws/install/my_robot_bringup/share/my_robot_bringup/package.bash'
[0.298s] INFO:colcon.colcon_core.shell:Creating package script '/home/poom/Desktop/ros_ws/install/my_robot_bringup/share/my_robot_bringup/package.zsh'
[0.298s] Level 1:colcon.colcon_core.environment:create_file_with_runtime_dependencies(/home/poom/Desktop/ros_ws/install/my_robot_bringup/share/colcon-core/packages/my_robot_bringup)
[0.298s] DEBUG:colcon.colcon_parallel_executor.executor.parallel:closing loop
[0.299s] DEBUG:colcon.colcon_parallel_executor.executor.parallel:loop closed
[0.299s] DEBUG:colcon.colcon_parallel_executor.executor.parallel:run_until_complete finished with '0'
[0.299s] DEBUG:colcon.colcon_core.event_reactor:joining thread
[0.302s] INFO:colcon.colcon_core.plugin_system:Skipping extension 'colcon_notification.desktop_notification.terminal_notifier': Not used on non-Darwin systems
[0.302s] INFO:colcon.colcon_core.plugin_system:Skipping extension 'colcon_notification.desktop_notification.win32': Not used on non-Windows systems
[0.302s] INFO:colcon.colcon_notification.desktop_notification:Sending desktop notification using 'notify2'
[0.309s] DEBUG:colcon.colcon_core.event_reactor:joined thread
[0.309s] INFO:colcon.colcon_core.shell:Creating prefix script '/home/poom/Desktop/ros_ws/install/local_setup.ps1'
[0.310s] INFO:colcon.colcon_core.shell:Creating prefix util module '/home/poom/Desktop/ros_ws/install/_local_setup_util_ps1.py'
[0.310s] INFO:colcon.colcon_core.shell:Creating prefix chain script '/home/poom/Desktop/ros_ws/install/setup.ps1'
[0.311s] INFO:colcon.colcon_core.shell:Creating prefix script '/home/poom/Desktop/ros_ws/install/local_setup.sh'
[0.311s] INFO:colcon.colcon_core.shell:Creating prefix util module '/home/poom/Desktop/ros_ws/install/_local_setup_util_sh.py'
[0.312s] INFO:colcon.colcon_core.shell:Creating prefix chain script '/home/poom/Desktop/ros_ws/install/setup.sh'
[0.312s] INFO:colcon.colcon_core.shell:Creating prefix script '/home/poom/Desktop/ros_ws/install/local_setup.bash'
[0.313s] INFO:colcon.colcon_core.shell:Creating prefix chain script '/home/poom/Desktop/ros_ws/install/setup.bash'
[0.313s] INFO:colcon.colcon_core.shell:Creating prefix script '/home/poom/Desktop/ros_ws/install/local_setup.zsh'
[0.313s] INFO:colcon.colcon_core.shell:Creating prefix chain script '/home/poom/Desktop/ros_ws/install/setup.zsh'
