[0.408s] Invoking command in '/home/poom/Desktop/ros_ws/build/executors_py': PYTHONPATH=/home/poom/Desktop/ros_ws/build/executors_py/prefix_override:/usr/lib/python3/dist-packages/colcon_core/task/python/colcon_distutils_commands:/home/poom/Desktop/ros_ws/install/executors_py/lib/python3.10/site-packages:${PYTHONPATH} /usr/bin/python3 -W ignore:setup.py install is deprecated setup.py develop --editable --build-directory /home/poom/Desktop/ros_ws/build/executors_py/build --no-deps symlink_data
[0.537s] running develop
[0.539s] /usr/lib/python3/dist-packages/setuptools/command/easy_install.py:158: EasyInstallDeprecationWarning: easy_install command is deprecated. Use build and pip and other standards-based tools.
[0.539s]   warnings.warn(
[0.599s] running egg_info
[0.599s] creating executors_py.egg-info
[0.599s] writing executors_py.egg-info/PKG-INFO
[0.599s] writing dependency_links to executors_py.egg-info/dependency_links.txt
[0.599s] writing entry points to executors_py.egg-info/entry_points.txt
[0.599s] writing requirements to executors_py.egg-info/requires.txt
[0.599s] writing top-level names to executors_py.egg-info/top_level.txt
[0.599s] writing manifest file 'executors_py.egg-info/SOURCES.txt'
[0.600s] reading manifest file 'executors_py.egg-info/SOURCES.txt'
[0.600s] writing manifest file 'executors_py.egg-info/SOURCES.txt'
[0.601s] running build_ext
[0.601s] Creating /home/poom/Desktop/ros_ws/install/executors_py/lib/python3.10/site-packages/executors-py.egg-link (link to .)
[0.601s] Installing multi_threaded_executor script to /home/poom/Desktop/ros_ws/install/executors_py/lib/executors_py
[0.601s] Installing single_threaded_executor script to /home/poom/Desktop/ros_ws/install/executors_py/lib/executors_py
[0.601s] 
[0.602s] Installed /home/poom/Desktop/ros_ws/build/executors_py
[0.602s] running symlink_data
[0.602s] creating /home/poom/Desktop/ros_ws/install/executors_py/share/ament_index
[0.602s] creating /home/poom/Desktop/ros_ws/install/executors_py/share/ament_index/resource_index
[0.602s] creating /home/poom/Desktop/ros_ws/install/executors_py/share/ament_index/resource_index/packages
[0.602s] symbolically linking /home/poom/Desktop/ros_ws/build/executors_py/resource/executors_py -> /home/poom/Desktop/ros_ws/install/executors_py/share/ament_index/resource_index/packages
[0.602s] symbolically linking /home/poom/Desktop/ros_ws/build/executors_py/package.xml -> /home/poom/Desktop/ros_ws/install/executors_py/share/executors_py
[0.613s] Invoked command in '/home/poom/Desktop/ros_ws/build/executors_py' returned '0': PYTHONPATH=/home/poom/Desktop/ros_ws/build/executors_py/prefix_override:/usr/lib/python3/dist-packages/colcon_core/task/python/colcon_distutils_commands:/home/poom/Desktop/ros_ws/install/executors_py/lib/python3.10/site-packages:${PYTHONPATH} /usr/bin/python3 -W ignore:setup.py install is deprecated setup.py develop --editable --build-directory /home/poom/Desktop/ros_ws/build/executors_py/build --no-deps symlink_data
