[0.009s] Invoking command in '/home/poom/Desktop/ros_ws/build/actions_cpp': CMAKE_PREFIX_PATH=/home/poom/Desktop/ros_ws/install/my_robot_interfaces:/home/poom/Desktop/ros_ws/install/actions_cpp:/home/poom/Desktop/ros_ws/install/my_robot_bringup:/home/poom/Desktop/ros_ws/install/my_robot_description:/home/poom/Desktop/ros_ws/install/actions_py:/opt/ros/humble LD_LIBRARY_PATH=/home/poom/Desktop/ros_ws/install/my_robot_interfaces/lib:/usr/lib/x86_64-linux-gnu/gazebo-11/plugins:/opt/ros/humble/opt/rviz_ogre_vendor/lib:/opt/ros/humble/lib/x86_64-linux-gnu:/opt/ros/humble/lib:/usr/share/gazebo/../../lib/x86_64-linux-gnu/gazebo-11/plugins /usr/bin/cmake --build /home/poom/Desktop/ros_ws/build/actions_cpp -- -j16 -l16
[0.033s] -- Found ament_cmake: 1.3.10 (/opt/ros/humble/share/ament_cmake/cmake)
[0.125s] -- Found rclcpp: 16.0.10 (/opt/ros/humble/share/rclcpp/cmake)
[0.154s] -- Found rosidl_generator_c: 3.1.5 (/opt/ros/humble/share/rosidl_generator_c/cmake)
[0.157s] -- Found rosidl_adapter: 3.1.5 (/opt/ros/humble/share/rosidl_adapter/cmake)
[0.163s] -- Found rosidl_generator_cpp: 3.1.5 (/opt/ros/humble/share/rosidl_generator_cpp/cmake)
[0.178s] -- Using all available rosidl_typesupport_c: rosidl_typesupport_fastrtps_c;rosidl_typesupport_introspection_c
[0.189s] -- Using all available rosidl_typesupport_cpp: rosidl_typesupport_fastrtps_cpp;rosidl_typesupport_introspection_cpp
[0.218s] -- Found rmw_implementation_cmake: 6.1.2 (/opt/ros/humble/share/rmw_implementation_cmake/cmake)
[0.221s] -- Found rmw_fastrtps_cpp: 6.2.7 (/opt/ros/humble/share/rmw_fastrtps_cpp/cmake)
[0.283s] -- Using RMW implementation 'rmw_fastrtps_cpp' as default
[0.324s] -- Found rclcpp_action: 16.0.10 (/opt/ros/humble/share/rclcpp_action/cmake)
[0.349s] -- Found my_robot_interfaces: 0.0.0 (/home/poom/Desktop/ros_ws/install/my_robot_interfaces/share/my_robot_interfaces/cmake)
[0.401s] -- Configuring done
[0.412s] -- Generating done
[0.413s] -- Build files have been written to: /home/poom/Desktop/ros_ws/build/actions_cpp
[0.428s] [35m[1mConsolidate compiler generated dependencies of target count_until_server[0m
[0.429s] [35m[1mConsolidate compiler generated dependencies of target count_until_client[0m
[0.433s] [ 16%] [32mBuilding CXX object CMakeFiles/count_until_server_queue_goals.dir/src/count_until_server_queue_goals.cpp.o[0m
[0.437s] [ 50%] Built target count_until_client
[0.438s] [ 83%] Built target count_until_server
[2.428s] [100%] [32m[1mLinking CXX executable count_until_server_queue_goals[0m
[2.510s] [100%] Built target count_until_server_queue_goals
[2.516s] Invoked command in '/home/poom/Desktop/ros_ws/build/actions_cpp' returned '0': CMAKE_PREFIX_PATH=/home/poom/Desktop/ros_ws/install/my_robot_interfaces:/home/poom/Desktop/ros_ws/install/actions_cpp:/home/poom/Desktop/ros_ws/install/my_robot_bringup:/home/poom/Desktop/ros_ws/install/my_robot_description:/home/poom/Desktop/ros_ws/install/actions_py:/opt/ros/humble LD_LIBRARY_PATH=/home/poom/Desktop/ros_ws/install/my_robot_interfaces/lib:/usr/lib/x86_64-linux-gnu/gazebo-11/plugins:/opt/ros/humble/opt/rviz_ogre_vendor/lib:/opt/ros/humble/lib/x86_64-linux-gnu:/opt/ros/humble/lib:/usr/share/gazebo/../../lib/x86_64-linux-gnu/gazebo-11/plugins /usr/bin/cmake --build /home/poom/Desktop/ros_ws/build/actions_cpp -- -j16 -l16
[2.540s] Invoking command in '/home/poom/Desktop/ros_ws/build/actions_cpp': CMAKE_PREFIX_PATH=/home/poom/Desktop/ros_ws/install/my_robot_interfaces:/home/poom/Desktop/ros_ws/install/actions_cpp:/home/poom/Desktop/ros_ws/install/my_robot_bringup:/home/poom/Desktop/ros_ws/install/my_robot_description:/home/poom/Desktop/ros_ws/install/actions_py:/opt/ros/humble LD_LIBRARY_PATH=/home/poom/Desktop/ros_ws/install/my_robot_interfaces/lib:/usr/lib/x86_64-linux-gnu/gazebo-11/plugins:/opt/ros/humble/opt/rviz_ogre_vendor/lib:/opt/ros/humble/lib/x86_64-linux-gnu:/opt/ros/humble/lib:/usr/share/gazebo/../../lib/x86_64-linux-gnu/gazebo-11/plugins /usr/bin/cmake --install /home/poom/Desktop/ros_ws/build/actions_cpp
[2.543s] -- Install configuration: ""
[2.543s] -- Up-to-date: /home/poom/Desktop/ros_ws/install/actions_cpp/lib/actions_cpp/count_until_server
[2.543s] -- Installing: /home/poom/Desktop/ros_ws/install/actions_cpp/lib/actions_cpp/count_until_server_queue_goals
[2.544s] -- Set runtime path of "/home/poom/Desktop/ros_ws/install/actions_cpp/lib/actions_cpp/count_until_server_queue_goals" to ""
[2.544s] -- Up-to-date: /home/poom/Desktop/ros_ws/install/actions_cpp/lib/actions_cpp/count_until_client
[2.544s] -- Up-to-date: /home/poom/Desktop/ros_ws/install/actions_cpp/share/ament_index/resource_index/package_run_dependencies/actions_cpp
[2.544s] -- Up-to-date: /home/poom/Desktop/ros_ws/install/actions_cpp/share/ament_index/resource_index/parent_prefix_path/actions_cpp
[2.544s] -- Up-to-date: /home/poom/Desktop/ros_ws/install/actions_cpp/share/actions_cpp/environment/ament_prefix_path.sh
[2.544s] -- Installing: /home/poom/Desktop/ros_ws/install/actions_cpp/share/actions_cpp/environment/ament_prefix_path.dsv
[2.544s] -- Up-to-date: /home/poom/Desktop/ros_ws/install/actions_cpp/share/actions_cpp/environment/path.sh
[2.544s] -- Installing: /home/poom/Desktop/ros_ws/install/actions_cpp/share/actions_cpp/environment/path.dsv
[2.544s] -- Up-to-date: /home/poom/Desktop/ros_ws/install/actions_cpp/share/actions_cpp/local_setup.bash
[2.544s] -- Up-to-date: /home/poom/Desktop/ros_ws/install/actions_cpp/share/actions_cpp/local_setup.sh
[2.544s] -- Up-to-date: /home/poom/Desktop/ros_ws/install/actions_cpp/share/actions_cpp/local_setup.zsh
[2.544s] -- Installing: /home/poom/Desktop/ros_ws/install/actions_cpp/share/actions_cpp/local_setup.dsv
[2.544s] -- Installing: /home/poom/Desktop/ros_ws/install/actions_cpp/share/actions_cpp/package.dsv
[2.544s] -- Up-to-date: /home/poom/Desktop/ros_ws/install/actions_cpp/share/ament_index/resource_index/packages/actions_cpp
[2.544s] -- Up-to-date: /home/poom/Desktop/ros_ws/install/actions_cpp/share/actions_cpp/cmake/actions_cppConfig.cmake
[2.544s] -- Up-to-date: /home/poom/Desktop/ros_ws/install/actions_cpp/share/actions_cpp/cmake/actions_cppConfig-version.cmake
[2.544s] -- Up-to-date: /home/poom/Desktop/ros_ws/install/actions_cpp/share/actions_cpp/package.xml
[2.546s] Invoked command in '/home/poom/Desktop/ros_ws/build/actions_cpp' returned '0': CMAKE_PREFIX_PATH=/home/poom/Desktop/ros_ws/install/my_robot_interfaces:/home/poom/Desktop/ros_ws/install/actions_cpp:/home/poom/Desktop/ros_ws/install/my_robot_bringup:/home/poom/Desktop/ros_ws/install/my_robot_description:/home/poom/Desktop/ros_ws/install/actions_py:/opt/ros/humble LD_LIBRARY_PATH=/home/poom/Desktop/ros_ws/install/my_robot_interfaces/lib:/usr/lib/x86_64-linux-gnu/gazebo-11/plugins:/opt/ros/humble/opt/rviz_ogre_vendor/lib:/opt/ros/humble/lib/x86_64-linux-gnu:/opt/ros/humble/lib:/usr/share/gazebo/../../lib/x86_64-linux-gnu/gazebo-11/plugins /usr/bin/cmake --install /home/poom/Desktop/ros_ws/build/actions_cpp
