[0.005s] Invoking command in '/home/poom/Desktop/ros_ws/build/my_robot_description': CMAKE_PREFIX_PATH=${CMAKE_PREFIX_PATH}:/opt/ros/humble /usr/bin/cmake /home/poom/Desktop/ros_ws/src/my_robot_description -DAMENT_CMAKE_SYMLINK_INSTALL=1 -DCMAKE_INSTALL_PREFIX=/home/poom/Desktop/ros_ws/install/my_robot_description
[0.021s] -- Found ament_cmake: 1.3.10 (/opt/ros/humble/share/ament_cmake/cmake)
[0.097s] -- Override CMake install command with custom implementation using symlinks instead of copying resources
[0.155s] -- Configuring done
[0.159s] -- Generating done
[0.159s] -- Build files have been written to: /home/poom/Desktop/ros_ws/build/my_robot_description
[0.163s] Invoked command in '/home/poom/Desktop/ros_ws/build/my_robot_description' returned '0': CMAKE_PREFIX_PATH=${CMAKE_PREFIX_PATH}:/opt/ros/humble /usr/bin/cmake /home/poom/Desktop/ros_ws/src/my_robot_description -DAMENT_CMAKE_SYMLINK_INSTALL=1 -DCMAKE_INSTALL_PREFIX=/home/poom/Desktop/ros_ws/install/my_robot_description
[0.163s] Invoking command in '/home/poom/Desktop/ros_ws/build/my_robot_description': CMAKE_PREFIX_PATH=${CMAKE_PREFIX_PATH}:/opt/ros/humble /usr/bin/cmake --build /home/poom/Desktop/ros_ws/build/my_robot_description -- -j16 -l16
[0.181s] Invoked command in '/home/poom/Desktop/ros_ws/build/my_robot_description' returned '0': CMAKE_PREFIX_PATH=${CMAKE_PREFIX_PATH}:/opt/ros/humble /usr/bin/cmake --build /home/poom/Desktop/ros_ws/build/my_robot_description -- -j16 -l16
[0.196s] Invoking command in '/home/poom/Desktop/ros_ws/build/my_robot_description': CMAKE_PREFIX_PATH=${CMAKE_PREFIX_PATH}:/opt/ros/humble /usr/bin/cmake --install /home/poom/Desktop/ros_ws/build/my_robot_description
[0.200s] -- Install configuration: ""
[0.200s] -- Execute custom install script
[0.200s] -- Symlinking: /home/poom/Desktop/ros_ws/install/my_robot_description/share/my_robot_description//urdf/my_robot.urdf.xacro
[0.204s] -- Symlinking: /home/poom/Desktop/ros_ws/install/my_robot_description/share/my_robot_description//launch/display.launch.py
[0.208s] -- Symlinking: /home/poom/Desktop/ros_ws/install/my_robot_description/share/my_robot_description//launch/display.launch.xml
[0.213s] -- Symlinking: /home/poom/Desktop/ros_ws/install/my_robot_description/share/my_robot_description//rviz/urdf_config.rviz
[0.217s] -- Symlinking: /home/poom/Desktop/ros_ws/install/my_robot_description/share/ament_index/resource_index/package_run_dependencies/my_robot_description
[0.221s] -- Symlinking: /home/poom/Desktop/ros_ws/install/my_robot_description/share/ament_index/resource_index/parent_prefix_path/my_robot_description
[0.227s] -- Symlinking: /home/poom/Desktop/ros_ws/install/my_robot_description/share/my_robot_description/environment/ament_prefix_path.sh
[0.231s] -- Symlinking: /home/poom/Desktop/ros_ws/install/my_robot_description/share/my_robot_description/environment/ament_prefix_path.dsv
[0.235s] -- Symlinking: /home/poom/Desktop/ros_ws/install/my_robot_description/share/my_robot_description/environment/path.sh
[0.240s] -- Symlinking: /home/poom/Desktop/ros_ws/install/my_robot_description/share/my_robot_description/environment/path.dsv
[0.244s] -- Symlinking: /home/poom/Desktop/ros_ws/install/my_robot_description/share/my_robot_description/local_setup.bash
[0.248s] -- Symlinking: /home/poom/Desktop/ros_ws/install/my_robot_description/share/my_robot_description/local_setup.sh
[0.253s] -- Symlinking: /home/poom/Desktop/ros_ws/install/my_robot_description/share/my_robot_description/local_setup.zsh
[0.257s] -- Symlinking: /home/poom/Desktop/ros_ws/install/my_robot_description/share/my_robot_description/local_setup.dsv
[0.261s] -- Symlinking: /home/poom/Desktop/ros_ws/install/my_robot_description/share/my_robot_description/package.dsv
[0.265s] -- Symlinking: /home/poom/Desktop/ros_ws/install/my_robot_description/share/ament_index/resource_index/packages/my_robot_description
[0.269s] -- Symlinking: /home/poom/Desktop/ros_ws/install/my_robot_description/share/my_robot_description/cmake/my_robot_descriptionConfig.cmake
[0.273s] -- Symlinking: /home/poom/Desktop/ros_ws/install/my_robot_description/share/my_robot_description/cmake/my_robot_descriptionConfig-version.cmake
[0.277s] -- Symlinking: /home/poom/Desktop/ros_ws/install/my_robot_description/share/my_robot_description/package.xml
[0.283s] Invoked command in '/home/poom/Desktop/ros_ws/build/my_robot_description' returned '0': CMAKE_PREFIX_PATH=${CMAKE_PREFIX_PATH}:/opt/ros/humble /usr/bin/cmake --install /home/poom/Desktop/ros_ws/build/my_robot_description
