[0.008s] Invoking command in '/home/poom/Desktop/ros_ws/build/actions_cpp': CMAKE_PREFIX_PATH=/home/poom/Desktop/ros_ws/install/my_robot_interfaces:/home/poom/Desktop/ros_ws/install/actions_cpp:/home/poom/Desktop/ros_ws/install/my_robot_bringup:/home/poom/Desktop/ros_ws/install/my_robot_description:/home/poom/Desktop/ros_ws/install/actions_py:/opt/ros/humble LD_LIBRARY_PATH=/home/poom/Desktop/ros_ws/install/my_robot_interfaces/lib:/usr/lib/x86_64-linux-gnu/gazebo-11/plugins:/opt/ros/humble/opt/rviz_ogre_vendor/lib:/opt/ros/humble/lib/x86_64-linux-gnu:/opt/ros/humble/lib:/usr/share/gazebo/../../lib/x86_64-linux-gnu/gazebo-11/plugins:/usr/share/gazebo/../../lib/x86_64-linux-gnu/gazebo-11/plugins:/usr/share/gazebo/../../lib/x86_64-linux-gnu/gazebo-11/plugins:/usr/share/gazebo/../../lib/x86_64-linux-gnu/gazebo-11/plugins:/usr/share/gazebo/../../lib/x86_64-linux-gnu/gazebo-11/plugins:/usr/share/gazebo/../../lib/x86_64-linux-gnu/gazebo-11/plugins /usr/bin/cmake --build /home/poom/Desktop/ros_ws/build/actions_cpp -- -j16 -l16
[0.035s] [35m[1mConsolidate compiler generated dependencies of target count_until_client[0m
[0.042s] [ 25%] [32mBuilding CXX object CMakeFiles/count_until_server.dir/src/count_until_server.cpp.o[0m
[0.043s] [ 50%] [32mBuilding CXX object CMakeFiles/count_until_client.dir/src/count_until_client.cpp.o[0m
[3.356s] [ 75%] [32m[1mLinking CXX executable count_until_server[0m
[3.453s] [ 75%] Built target count_until_server
[3.485s] [100%] [32m[1mLinking CXX executable count_until_client[0m
[3.593s] [100%] Built target count_until_client
[3.602s] Invoked command in '/home/poom/Desktop/ros_ws/build/actions_cpp' returned '0': CMAKE_PREFIX_PATH=/home/poom/Desktop/ros_ws/install/my_robot_interfaces:/home/poom/Desktop/ros_ws/install/actions_cpp:/home/poom/Desktop/ros_ws/install/my_robot_bringup:/home/poom/Desktop/ros_ws/install/my_robot_description:/home/poom/Desktop/ros_ws/install/actions_py:/opt/ros/humble LD_LIBRARY_PATH=/home/poom/Desktop/ros_ws/install/my_robot_interfaces/lib:/usr/lib/x86_64-linux-gnu/gazebo-11/plugins:/opt/ros/humble/opt/rviz_ogre_vendor/lib:/opt/ros/humble/lib/x86_64-linux-gnu:/opt/ros/humble/lib:/usr/share/gazebo/../../lib/x86_64-linux-gnu/gazebo-11/plugins:/usr/share/gazebo/../../lib/x86_64-linux-gnu/gazebo-11/plugins:/usr/share/gazebo/../../lib/x86_64-linux-gnu/gazebo-11/plugins:/usr/share/gazebo/../../lib/x86_64-linux-gnu/gazebo-11/plugins:/usr/share/gazebo/../../lib/x86_64-linux-gnu/gazebo-11/plugins:/usr/share/gazebo/../../lib/x86_64-linux-gnu/gazebo-11/plugins /usr/bin/cmake --build /home/poom/Desktop/ros_ws/build/actions_cpp -- -j16 -l16
[3.626s] Invoking command in '/home/poom/Desktop/ros_ws/build/actions_cpp': CMAKE_PREFIX_PATH=/home/poom/Desktop/ros_ws/install/my_robot_interfaces:/home/poom/Desktop/ros_ws/install/actions_cpp:/home/poom/Desktop/ros_ws/install/my_robot_bringup:/home/poom/Desktop/ros_ws/install/my_robot_description:/home/poom/Desktop/ros_ws/install/actions_py:/opt/ros/humble LD_LIBRARY_PATH=/home/poom/Desktop/ros_ws/install/my_robot_interfaces/lib:/usr/lib/x86_64-linux-gnu/gazebo-11/plugins:/opt/ros/humble/opt/rviz_ogre_vendor/lib:/opt/ros/humble/lib/x86_64-linux-gnu:/opt/ros/humble/lib:/usr/share/gazebo/../../lib/x86_64-linux-gnu/gazebo-11/plugins:/usr/share/gazebo/../../lib/x86_64-linux-gnu/gazebo-11/plugins:/usr/share/gazebo/../../lib/x86_64-linux-gnu/gazebo-11/plugins:/usr/share/gazebo/../../lib/x86_64-linux-gnu/gazebo-11/plugins:/usr/share/gazebo/../../lib/x86_64-linux-gnu/gazebo-11/plugins:/usr/share/gazebo/../../lib/x86_64-linux-gnu/gazebo-11/plugins /usr/bin/cmake --install /home/poom/Desktop/ros_ws/build/actions_cpp
[3.630s] -- Install configuration: ""
[3.630s] -- Installing: /home/poom/Desktop/ros_ws/install/actions_cpp/lib/actions_cpp/count_until_server
[3.630s] -- Set runtime path of "/home/poom/Desktop/ros_ws/install/actions_cpp/lib/actions_cpp/count_until_server" to ""
[3.630s] -- Installing: /home/poom/Desktop/ros_ws/install/actions_cpp/lib/actions_cpp/count_until_client
[3.631s] -- Set runtime path of "/home/poom/Desktop/ros_ws/install/actions_cpp/lib/actions_cpp/count_until_client" to ""
[3.631s] -- Up-to-date: /home/poom/Desktop/ros_ws/install/actions_cpp/share/ament_index/resource_index/package_run_dependencies/actions_cpp
[3.631s] -- Up-to-date: /home/poom/Desktop/ros_ws/install/actions_cpp/share/ament_index/resource_index/parent_prefix_path/actions_cpp
[3.631s] -- Up-to-date: /home/poom/Desktop/ros_ws/install/actions_cpp/share/actions_cpp/environment/ament_prefix_path.sh
[3.631s] -- Up-to-date: /home/poom/Desktop/ros_ws/install/actions_cpp/share/actions_cpp/environment/ament_prefix_path.dsv
[3.631s] -- Up-to-date: /home/poom/Desktop/ros_ws/install/actions_cpp/share/actions_cpp/environment/path.sh
[3.631s] -- Up-to-date: /home/poom/Desktop/ros_ws/install/actions_cpp/share/actions_cpp/environment/path.dsv
[3.631s] -- Up-to-date: /home/poom/Desktop/ros_ws/install/actions_cpp/share/actions_cpp/local_setup.bash
[3.631s] -- Up-to-date: /home/poom/Desktop/ros_ws/install/actions_cpp/share/actions_cpp/local_setup.sh
[3.631s] -- Up-to-date: /home/poom/Desktop/ros_ws/install/actions_cpp/share/actions_cpp/local_setup.zsh
[3.631s] -- Up-to-date: /home/poom/Desktop/ros_ws/install/actions_cpp/share/actions_cpp/local_setup.dsv
[3.631s] -- Installing: /home/poom/Desktop/ros_ws/install/actions_cpp/share/actions_cpp/package.dsv
[3.632s] -- Up-to-date: /home/poom/Desktop/ros_ws/install/actions_cpp/share/ament_index/resource_index/packages/actions_cpp
[3.632s] -- Up-to-date: /home/poom/Desktop/ros_ws/install/actions_cpp/share/actions_cpp/cmake/actions_cppConfig.cmake
[3.632s] -- Up-to-date: /home/poom/Desktop/ros_ws/install/actions_cpp/share/actions_cpp/cmake/actions_cppConfig-version.cmake
[3.632s] -- Up-to-date: /home/poom/Desktop/ros_ws/install/actions_cpp/share/actions_cpp/package.xml
[3.633s] Invoked command in '/home/poom/Desktop/ros_ws/build/actions_cpp' returned '0': CMAKE_PREFIX_PATH=/home/poom/Desktop/ros_ws/install/my_robot_interfaces:/home/poom/Desktop/ros_ws/install/actions_cpp:/home/poom/Desktop/ros_ws/install/my_robot_bringup:/home/poom/Desktop/ros_ws/install/my_robot_description:/home/poom/Desktop/ros_ws/install/actions_py:/opt/ros/humble LD_LIBRARY_PATH=/home/poom/Desktop/ros_ws/install/my_robot_interfaces/lib:/usr/lib/x86_64-linux-gnu/gazebo-11/plugins:/opt/ros/humble/opt/rviz_ogre_vendor/lib:/opt/ros/humble/lib/x86_64-linux-gnu:/opt/ros/humble/lib:/usr/share/gazebo/../../lib/x86_64-linux-gnu/gazebo-11/plugins:/usr/share/gazebo/../../lib/x86_64-linux-gnu/gazebo-11/plugins:/usr/share/gazebo/../../lib/x86_64-linux-gnu/gazebo-11/plugins:/usr/share/gazebo/../../lib/x86_64-linux-gnu/gazebo-11/plugins:/usr/share/gazebo/../../lib/x86_64-linux-gnu/gazebo-11/plugins:/usr/share/gazebo/../../lib/x86_64-linux-gnu/gazebo-11/plugins /usr/bin/cmake --install /home/poom/Desktop/ros_ws/build/actions_cpp
