[0.396s] Invoking command in '/home/poom/Desktop/ros_ws/src/components_py': PYTHONPATH=/home/poom/Desktop/ros_ws/build/components_py/prefix_override:/usr/lib/python3/dist-packages/colcon_core/task/python/colcon_distutils_commands:/home/poom/Desktop/ros_ws/install/components_py/lib/python3.10/site-packages:${PYTHONPATH} /usr/bin/python3 -W ignore:setup.py install is deprecated setup.py egg_info --egg-base ../../build/components_py build --build-base /home/poom/Desktop/ros_ws/build/components_py/build install --record /home/poom/Desktop/ros_ws/build/components_py/install.log --single-version-externally-managed install_data
[0.517s] running egg_info
[0.517s] creating ../../build/components_py/components_py.egg-info
[0.518s] writing ../../build/components_py/components_py.egg-info/PKG-INFO
[0.518s] writing dependency_links to ../../build/components_py/components_py.egg-info/dependency_links.txt
[0.518s] writing entry points to ../../build/components_py/components_py.egg-info/entry_points.txt
[0.518s] writing requirements to ../../build/components_py/components_py.egg-info/requires.txt
[0.518s] writing top-level names to ../../build/components_py/components_py.egg-info/top_level.txt
[0.518s] writing manifest file '../../build/components_py/components_py.egg-info/SOURCES.txt'
[0.518s] reading manifest file '../../build/components_py/components_py.egg-info/SOURCES.txt'
[0.519s] writing manifest file '../../build/components_py/components_py.egg-info/SOURCES.txt'
[0.519s] running build
[0.519s] running build_py
[0.519s] creating /home/poom/Desktop/ros_ws/build/components_py/build
[0.519s] creating /home/poom/Desktop/ros_ws/build/components_py/build/lib
[0.519s] creating /home/poom/Desktop/ros_ws/build/components_py/build/lib/components_py
[0.519s] copying components_py/node1.py -> /home/poom/Desktop/ros_ws/build/components_py/build/lib/components_py
[0.519s] copying components_py/node2.py -> /home/poom/Desktop/ros_ws/build/components_py/build/lib/components_py
[0.519s] copying components_py/manual_composition.py -> /home/poom/Desktop/ros_ws/build/components_py/build/lib/components_py
[0.519s] copying components_py/__init__.py -> /home/poom/Desktop/ros_ws/build/components_py/build/lib/components_py
[0.519s] running install
[0.520s] running install_lib
[0.520s] creating /home/poom/Desktop/ros_ws/install/components_py/lib/python3.10/site-packages/components_py
[0.520s] copying /home/poom/Desktop/ros_ws/build/components_py/build/lib/components_py/node1.py -> /home/poom/Desktop/ros_ws/install/components_py/lib/python3.10/site-packages/components_py
[0.520s] copying /home/poom/Desktop/ros_ws/build/components_py/build/lib/components_py/node2.py -> /home/poom/Desktop/ros_ws/install/components_py/lib/python3.10/site-packages/components_py
[0.520s] copying /home/poom/Desktop/ros_ws/build/components_py/build/lib/components_py/manual_composition.py -> /home/poom/Desktop/ros_ws/install/components_py/lib/python3.10/site-packages/components_py
[0.520s] copying /home/poom/Desktop/ros_ws/build/components_py/build/lib/components_py/__init__.py -> /home/poom/Desktop/ros_ws/install/components_py/lib/python3.10/site-packages/components_py
[0.520s] byte-compiling /home/poom/Desktop/ros_ws/install/components_py/lib/python3.10/site-packages/components_py/node1.py to node1.cpython-310.pyc
[0.521s] byte-compiling /home/poom/Desktop/ros_ws/install/components_py/lib/python3.10/site-packages/components_py/node2.py to node2.cpython-310.pyc
[0.521s] byte-compiling /home/poom/Desktop/ros_ws/install/components_py/lib/python3.10/site-packages/components_py/manual_composition.py to manual_composition.cpython-310.pyc
[0.521s] byte-compiling /home/poom/Desktop/ros_ws/install/components_py/lib/python3.10/site-packages/components_py/__init__.py to __init__.cpython-310.pyc
[0.521s] running install_data
[0.521s] creating /home/poom/Desktop/ros_ws/install/components_py/share/ament_index
[0.521s] creating /home/poom/Desktop/ros_ws/install/components_py/share/ament_index/resource_index
[0.521s] creating /home/poom/Desktop/ros_ws/install/components_py/share/ament_index/resource_index/packages
[0.521s] copying resource/components_py -> /home/poom/Desktop/ros_ws/install/components_py/share/ament_index/resource_index/packages
[0.521s] copying package.xml -> /home/poom/Desktop/ros_ws/install/components_py/share/components_py
[0.521s] running install_egg_info
[0.522s] Copying ../../build/components_py/components_py.egg-info to /home/poom/Desktop/ros_ws/install/components_py/lib/python3.10/site-packages/components_py-0.0.0-py3.10.egg-info
[0.523s] running install_scripts
[0.535s] Installing manual_composition script to /home/poom/Desktop/ros_ws/install/components_py/lib/components_py
[0.535s] writing list of installed files to '/home/poom/Desktop/ros_ws/build/components_py/install.log'
[0.546s] Invoked command in '/home/poom/Desktop/ros_ws/src/components_py' returned '0': PYTHONPATH=/home/poom/Desktop/ros_ws/build/components_py/prefix_override:/usr/lib/python3/dist-packages/colcon_core/task/python/colcon_distutils_commands:/home/poom/Desktop/ros_ws/install/components_py/lib/python3.10/site-packages:${PYTHONPATH} /usr/bin/python3 -W ignore:setup.py install is deprecated setup.py egg_info --egg-base ../../build/components_py build --build-base /home/poom/Desktop/ros_ws/build/components_py/build install --record /home/poom/Desktop/ros_ws/build/components_py/install.log --single-version-externally-managed install_data
