[0.007s] Invoking command in '/home/poom/Desktop/ros_ws/build/my_robot_description': CMAKE_PREFIX_PATH=${CMAKE_PREFIX_PATH}:/opt/ros/humble /usr/bin/cmake /home/poom/Desktop/ros_ws/src/my_robot_description -DAMENT_CMAKE_SYMLINK_INSTALL=1 -DCMAKE_INSTALL_PREFIX=/home/poom/Desktop/ros_ws/install/my_robot_description
[0.014s] -- Found ament_cmake: 1.3.10 (/opt/ros/humble/share/ament_cmake/cmake)
[0.077s] -- Override CMake install command with custom implementation using symlinks instead of copying resources
[0.116s] -- Configuring done
[0.118s] -- Generating done
[0.118s] -- Build files have been written to: /home/poom/Desktop/ros_ws/build/my_robot_description
[0.120s] Invoked command in '/home/poom/Desktop/ros_ws/build/my_robot_description' returned '0': CMAKE_PREFIX_PATH=${CMAKE_PREFIX_PATH}:/opt/ros/humble /usr/bin/cmake /home/poom/Desktop/ros_ws/src/my_robot_description -DAMENT_CMAKE_SYMLINK_INSTALL=1 -DCMAKE_INSTALL_PREFIX=/home/poom/Desktop/ros_ws/install/my_robot_description
[0.122s] Invoking command in '/home/poom/Desktop/ros_ws/build/my_robot_description': CMAKE_PREFIX_PATH=${CMAKE_PREFIX_PATH}:/opt/ros/humble /usr/bin/cmake --build /home/poom/Desktop/ros_ws/build/my_robot_description -- -j16 -l16
[0.142s] Invoked command in '/home/poom/Desktop/ros_ws/build/my_robot_description' returned '0': CMAKE_PREFIX_PATH=${CMAKE_PREFIX_PATH}:/opt/ros/humble /usr/bin/cmake --build /home/poom/Desktop/ros_ws/build/my_robot_description -- -j16 -l16
[0.158s] Invoking command in '/home/poom/Desktop/ros_ws/build/my_robot_description': CMAKE_PREFIX_PATH=${CMAKE_PREFIX_PATH}:/opt/ros/humble /usr/bin/cmake --install /home/poom/Desktop/ros_ws/build/my_robot_description
[0.162s] -- Install configuration: ""
[0.162s] -- Execute custom install script
[0.162s] -- Up-to-date symlink: /home/poom/Desktop/ros_ws/install/my_robot_description/share/my_robot_description//urdf/camera.xacro
[0.162s] -- Up-to-date symlink: /home/poom/Desktop/ros_ws/install/my_robot_description/share/my_robot_description//urdf/common_properties.xacro
[0.162s] -- Up-to-date symlink: /home/poom/Desktop/ros_ws/install/my_robot_description/share/my_robot_description//urdf/mobile_base.xacro
[0.162s] -- Up-to-date symlink: /home/poom/Desktop/ros_ws/install/my_robot_description/share/my_robot_description//urdf/mobile_base_gazebo.xacro
[0.162s] -- Up-to-date symlink: /home/poom/Desktop/ros_ws/install/my_robot_description/share/my_robot_description//urdf/my_robot.urdf.xacro
[0.163s] -- Up-to-date symlink: /home/poom/Desktop/ros_ws/install/my_robot_description/share/my_robot_description//launch/display.launch.py
[0.163s] -- Up-to-date symlink: /home/poom/Desktop/ros_ws/install/my_robot_description/share/my_robot_description//launch/display.launch.xml
[0.163s] -- Up-to-date symlink: /home/poom/Desktop/ros_ws/install/my_robot_description/share/my_robot_description//rviz/urdf_config.rviz
[0.163s] -- Up-to-date symlink: /home/poom/Desktop/ros_ws/install/my_robot_description/share/ament_index/resource_index/package_run_dependencies/my_robot_description
[0.163s] -- Up-to-date symlink: /home/poom/Desktop/ros_ws/install/my_robot_description/share/ament_index/resource_index/parent_prefix_path/my_robot_description
[0.163s] -- Up-to-date symlink: /home/poom/Desktop/ros_ws/install/my_robot_description/share/my_robot_description/environment/ament_prefix_path.sh
[0.163s] -- Up-to-date symlink: /home/poom/Desktop/ros_ws/install/my_robot_description/share/my_robot_description/environment/ament_prefix_path.dsv
[0.163s] -- Up-to-date symlink: /home/poom/Desktop/ros_ws/install/my_robot_description/share/my_robot_description/environment/path.sh
[0.163s] -- Up-to-date symlink: /home/poom/Desktop/ros_ws/install/my_robot_description/share/my_robot_description/environment/path.dsv
[0.163s] -- Up-to-date symlink: /home/poom/Desktop/ros_ws/install/my_robot_description/share/my_robot_description/local_setup.bash
[0.163s] -- Up-to-date symlink: /home/poom/Desktop/ros_ws/install/my_robot_description/share/my_robot_description/local_setup.sh
[0.163s] -- Up-to-date symlink: /home/poom/Desktop/ros_ws/install/my_robot_description/share/my_robot_description/local_setup.zsh
[0.163s] -- Up-to-date symlink: /home/poom/Desktop/ros_ws/install/my_robot_description/share/my_robot_description/local_setup.dsv
[0.163s] -- Symlinking: /home/poom/Desktop/ros_ws/install/my_robot_description/share/my_robot_description/package.dsv
[0.167s] -- Up-to-date symlink: /home/poom/Desktop/ros_ws/install/my_robot_description/share/ament_index/resource_index/packages/my_robot_description
[0.168s] -- Up-to-date symlink: /home/poom/Desktop/ros_ws/install/my_robot_description/share/my_robot_description/cmake/my_robot_descriptionConfig.cmake
[0.168s] -- Up-to-date symlink: /home/poom/Desktop/ros_ws/install/my_robot_description/share/my_robot_description/cmake/my_robot_descriptionConfig-version.cmake
[0.168s] -- Up-to-date symlink: /home/poom/Desktop/ros_ws/install/my_robot_description/share/my_robot_description/package.xml
[0.169s] Invoked command in '/home/poom/Desktop/ros_ws/build/my_robot_description' returned '0': CMAKE_PREFIX_PATH=${CMAKE_PREFIX_PATH}:/opt/ros/humble /usr/bin/cmake --install /home/poom/Desktop/ros_ws/build/my_robot_description
