[0.010s] Invoking command in '/home/poom/Desktop/ros_ws/build/lifecycle_cpp': CMAKE_PREFIX_PATH=${CMAKE_PREFIX_PATH}:/home/poom/Desktop/ros_ws/install/actions_py:/home/poom/Desktop/ros_ws/install/lifecycle_py:/opt/ros/humble /usr/bin/cmake --build /home/poom/Desktop/ros_ws/build/lifecycle_cpp -- -j16 -l16
[0.045s] -- Found ament_cmake: 1.3.10 (/opt/ros/humble/share/ament_cmake/cmake)
[0.120s] -- Found rclcpp: 16.0.10 (/opt/ros/humble/share/rclcpp/cmake)
[0.152s] -- Found rosidl_generator_c: 3.1.5 (/opt/ros/humble/share/rosidl_generator_c/cmake)
[0.156s] -- Found rosidl_adapter: 3.1.5 (/opt/ros/humble/share/rosidl_adapter/cmake)
[0.164s] -- Found rosidl_generator_cpp: 3.1.5 (/opt/ros/humble/share/rosidl_generator_cpp/cmake)
[0.176s] -- Using all available rosidl_typesupport_c: rosidl_typesupport_fastrtps_c;rosidl_typesupport_introspection_c
[0.192s] -- Using all available rosidl_typesupport_cpp: rosidl_typesupport_fastrtps_cpp;rosidl_typesupport_introspection_cpp
[0.231s] -- Found rmw_implementation_cmake: 6.1.2 (/opt/ros/humble/share/rmw_implementation_cmake/cmake)
[0.234s] -- Found rmw_fastrtps_cpp: 6.2.7 (/opt/ros/humble/share/rmw_fastrtps_cpp/cmake)
[0.300s] -- Using RMW implementation 'rmw_fastrtps_cpp' as default
[0.361s] -- Found rclcpp_lifecycle: 16.0.10 (/opt/ros/humble/share/rclcpp_lifecycle/cmake)
[0.382s] -- Found example_interfaces: 0.9.3 (/opt/ros/humble/share/example_interfaces/cmake)
[0.469s] -- Configuring done
[0.481s] -- Generating done
[0.482s] -- Build files have been written to: /home/poom/Desktop/ros_ws/build/lifecycle_cpp
[0.499s] [35m[1mConsolidate compiler generated dependencies of target number_publisher[0m
[0.508s] [ 50%] [32mBuilding CXX object CMakeFiles/number_publisher.dir/src/number_publisher.cpp.o[0m
[2.996s] [100%] [32m[1mLinking CXX executable number_publisher[0m
[3.163s] [100%] Built target number_publisher
[3.169s] Invoked command in '/home/poom/Desktop/ros_ws/build/lifecycle_cpp' returned '0': CMAKE_PREFIX_PATH=${CMAKE_PREFIX_PATH}:/home/poom/Desktop/ros_ws/install/actions_py:/home/poom/Desktop/ros_ws/install/lifecycle_py:/opt/ros/humble /usr/bin/cmake --build /home/poom/Desktop/ros_ws/build/lifecycle_cpp -- -j16 -l16
[3.197s] Invoking command in '/home/poom/Desktop/ros_ws/build/lifecycle_cpp': CMAKE_PREFIX_PATH=${CMAKE_PREFIX_PATH}:/home/poom/Desktop/ros_ws/install/actions_py:/home/poom/Desktop/ros_ws/install/lifecycle_py:/opt/ros/humble /usr/bin/cmake --install /home/poom/Desktop/ros_ws/build/lifecycle_cpp
[3.201s] -- Install configuration: ""
[3.203s] -- Installing: /home/poom/Desktop/ros_ws/install/lifecycle_cpp/lib/lifecycle_cpp/number_publisher
[3.204s] -- Set runtime path of "/home/poom/Desktop/ros_ws/install/lifecycle_cpp/lib/lifecycle_cpp/number_publisher" to ""
[3.204s] -- Installing: /home/poom/Desktop/ros_ws/install/lifecycle_cpp/share/ament_index/resource_index/package_run_dependencies/lifecycle_cpp
[3.204s] -- Installing: /home/poom/Desktop/ros_ws/install/lifecycle_cpp/share/ament_index/resource_index/parent_prefix_path/lifecycle_cpp
[3.204s] -- Up-to-date: /home/poom/Desktop/ros_ws/install/lifecycle_cpp/share/lifecycle_cpp/environment/ament_prefix_path.sh
[3.204s] -- Installing: /home/poom/Desktop/ros_ws/install/lifecycle_cpp/share/lifecycle_cpp/environment/ament_prefix_path.dsv
[3.205s] -- Up-to-date: /home/poom/Desktop/ros_ws/install/lifecycle_cpp/share/lifecycle_cpp/environment/path.sh
[3.205s] -- Installing: /home/poom/Desktop/ros_ws/install/lifecycle_cpp/share/lifecycle_cpp/environment/path.dsv
[3.205s] -- Up-to-date: /home/poom/Desktop/ros_ws/install/lifecycle_cpp/share/lifecycle_cpp/local_setup.bash
[3.205s] -- Up-to-date: /home/poom/Desktop/ros_ws/install/lifecycle_cpp/share/lifecycle_cpp/local_setup.sh
[3.205s] -- Up-to-date: /home/poom/Desktop/ros_ws/install/lifecycle_cpp/share/lifecycle_cpp/local_setup.zsh
[3.205s] -- Installing: /home/poom/Desktop/ros_ws/install/lifecycle_cpp/share/lifecycle_cpp/local_setup.dsv
[3.205s] -- Installing: /home/poom/Desktop/ros_ws/install/lifecycle_cpp/share/lifecycle_cpp/package.dsv
[3.205s] -- Up-to-date: /home/poom/Desktop/ros_ws/install/lifecycle_cpp/share/ament_index/resource_index/packages/lifecycle_cpp
[3.206s] -- Up-to-date: /home/poom/Desktop/ros_ws/install/lifecycle_cpp/share/lifecycle_cpp/cmake/lifecycle_cppConfig.cmake
[3.206s] -- Up-to-date: /home/poom/Desktop/ros_ws/install/lifecycle_cpp/share/lifecycle_cpp/cmake/lifecycle_cppConfig-version.cmake
[3.206s] -- Installing: /home/poom/Desktop/ros_ws/install/lifecycle_cpp/share/lifecycle_cpp/package.xml
[3.214s] Invoked command in '/home/poom/Desktop/ros_ws/build/lifecycle_cpp' returned '0': CMAKE_PREFIX_PATH=${CMAKE_PREFIX_PATH}:/home/poom/Desktop/ros_ws/install/actions_py:/home/poom/Desktop/ros_ws/install/lifecycle_py:/opt/ros/humble /usr/bin/cmake --install /home/poom/Desktop/ros_ws/build/lifecycle_cpp
