[0.016s] Invoking command in '/home/poom/Desktop/ros_ws/build/my_robot_bringup': AMENT_PREFIX_PATH=/home/poom/Desktop/ros_ws/install/lifecycle_py:/home/poom/Desktop/ros_ws/install/actions_py:/home/poom/Desktop/ros_ws/install/actions_cpp:/home/poom/Desktop/ros_ws/install/my_robot_interfaces:/home/poom/Desktop/ros_ws/install/my_robot_bringup:/home/poom/Desktop/ros_ws/install/my_robot_description:/home/poom/Desktop/ros_ws/install/lifecycle_cpp:/opt/ros/humble CMAKE_PREFIX_PATH=/home/poom/Desktop/ros_ws/install/my_robot_description:/home/poom/Desktop/ros_ws/install/lifecycle_cpp:/home/poom/Desktop/ros_ws/install/actions_cpp:/home/poom/Desktop/ros_ws/install/my_robot_interfaces:/home/poom/Desktop/ros_ws/install/my_robot_bringup:/home/poom/Desktop/ros_ws/install/actions_py:/home/poom/Desktop/ros_ws/install/lifecycle_py:/opt/ros/humble PYTHONPATH=/home/poom/Desktop/ros_ws/build/lifecycle_py:/home/poom/Desktop/ros_ws/install/lifecycle_py/lib/python3.10/site-packages:/home/poom/Desktop/ros_ws/build/actions_py:/home/poom/Desktop/ros_ws/install/actions_py/lib/python3.10/site-packages:/home/poom/Desktop/ros_ws/install/my_robot_interfaces/local/lib/python3.10/dist-packages:/opt/ros/humble/lib/python3.10/site-packages:/opt/ros/humble/local/lib/python3.10/dist-packages /usr/bin/cmake --build /home/poom/Desktop/ros_ws/build/my_robot_bringup -- -j16 -l16
[0.028s] -- Found ament_cmake: 1.3.10 (/opt/ros/humble/share/ament_cmake/cmake)
[0.092s] -- Override CMake install command with custom implementation using symlinks instead of copying resources
[0.130s] -- Configuring done
[0.132s] -- Generating done
[0.133s] -- Build files have been written to: /home/poom/Desktop/ros_ws/build/my_robot_bringup
[0.146s] Invoked command in '/home/poom/Desktop/ros_ws/build/my_robot_bringup' returned '0': AMENT_PREFIX_PATH=/home/poom/Desktop/ros_ws/install/lifecycle_py:/home/poom/Desktop/ros_ws/install/actions_py:/home/poom/Desktop/ros_ws/install/actions_cpp:/home/poom/Desktop/ros_ws/install/my_robot_interfaces:/home/poom/Desktop/ros_ws/install/my_robot_bringup:/home/poom/Desktop/ros_ws/install/my_robot_description:/home/poom/Desktop/ros_ws/install/lifecycle_cpp:/opt/ros/humble CMAKE_PREFIX_PATH=/home/poom/Desktop/ros_ws/install/my_robot_description:/home/poom/Desktop/ros_ws/install/lifecycle_cpp:/home/poom/Desktop/ros_ws/install/actions_cpp:/home/poom/Desktop/ros_ws/install/my_robot_interfaces:/home/poom/Desktop/ros_ws/install/my_robot_bringup:/home/poom/Desktop/ros_ws/install/actions_py:/home/poom/Desktop/ros_ws/install/lifecycle_py:/opt/ros/humble PYTHONPATH=/home/poom/Desktop/ros_ws/build/lifecycle_py:/home/poom/Desktop/ros_ws/install/lifecycle_py/lib/python3.10/site-packages:/home/poom/Desktop/ros_ws/build/actions_py:/home/poom/Desktop/ros_ws/install/actions_py/lib/python3.10/site-packages:/home/poom/Desktop/ros_ws/install/my_robot_interfaces/local/lib/python3.10/dist-packages:/opt/ros/humble/lib/python3.10/site-packages:/opt/ros/humble/local/lib/python3.10/dist-packages /usr/bin/cmake --build /home/poom/Desktop/ros_ws/build/my_robot_bringup -- -j16 -l16
[0.164s] Invoking command in '/home/poom/Desktop/ros_ws/build/my_robot_bringup': AMENT_PREFIX_PATH=/home/poom/Desktop/ros_ws/install/lifecycle_py:/home/poom/Desktop/ros_ws/install/actions_py:/home/poom/Desktop/ros_ws/install/actions_cpp:/home/poom/Desktop/ros_ws/install/my_robot_interfaces:/home/poom/Desktop/ros_ws/install/my_robot_bringup:/home/poom/Desktop/ros_ws/install/my_robot_description:/home/poom/Desktop/ros_ws/install/lifecycle_cpp:/opt/ros/humble CMAKE_PREFIX_PATH=/home/poom/Desktop/ros_ws/install/my_robot_description:/home/poom/Desktop/ros_ws/install/lifecycle_cpp:/home/poom/Desktop/ros_ws/install/actions_cpp:/home/poom/Desktop/ros_ws/install/my_robot_interfaces:/home/poom/Desktop/ros_ws/install/my_robot_bringup:/home/poom/Desktop/ros_ws/install/actions_py:/home/poom/Desktop/ros_ws/install/lifecycle_py:/opt/ros/humble PYTHONPATH=/home/poom/Desktop/ros_ws/build/lifecycle_py:/home/poom/Desktop/ros_ws/install/lifecycle_py/lib/python3.10/site-packages:/home/poom/Desktop/ros_ws/build/actions_py:/home/poom/Desktop/ros_ws/install/actions_py/lib/python3.10/site-packages:/home/poom/Desktop/ros_ws/install/my_robot_interfaces/local/lib/python3.10/dist-packages:/opt/ros/humble/lib/python3.10/site-packages:/opt/ros/humble/local/lib/python3.10/dist-packages /usr/bin/cmake --install /home/poom/Desktop/ros_ws/build/my_robot_bringup
[0.167s] -- Install configuration: ""
[0.167s] -- Execute custom install script
[0.167s] -- Up-to-date symlink: /home/poom/Desktop/ros_ws/install/my_robot_bringup/share/my_robot_bringup//launch/lifecycle_test.launch.py
[0.167s] -- Up-to-date symlink: /home/poom/Desktop/ros_ws/install/my_robot_bringup/share/my_robot_bringup//launch/lifecycle_test.launch.xml
[0.167s] -- Up-to-date symlink: /home/poom/Desktop/ros_ws/install/my_robot_bringup/share/my_robot_bringup//launch/my_robot_gazebo.launch.xml
[0.167s] -- Up-to-date symlink: /home/poom/Desktop/ros_ws/install/my_robot_bringup/share/my_robot_bringup//rviz/urdf_config.rviz
[0.167s] -- Up-to-date symlink: /home/poom/Desktop/ros_ws/install/my_robot_bringup/share/my_robot_bringup//worlds/test_world.world
[0.167s] -- Up-to-date symlink: /home/poom/Desktop/ros_ws/install/my_robot_bringup/share/ament_index/resource_index/package_run_dependencies/my_robot_bringup
[0.168s] -- Up-to-date symlink: /home/poom/Desktop/ros_ws/install/my_robot_bringup/share/ament_index/resource_index/parent_prefix_path/my_robot_bringup
[0.168s] -- Up-to-date symlink: /home/poom/Desktop/ros_ws/install/my_robot_bringup/share/my_robot_bringup/environment/ament_prefix_path.sh
[0.168s] -- Up-to-date symlink: /home/poom/Desktop/ros_ws/install/my_robot_bringup/share/my_robot_bringup/environment/ament_prefix_path.dsv
[0.168s] -- Up-to-date symlink: /home/poom/Desktop/ros_ws/install/my_robot_bringup/share/my_robot_bringup/environment/path.sh
[0.168s] -- Up-to-date symlink: /home/poom/Desktop/ros_ws/install/my_robot_bringup/share/my_robot_bringup/environment/path.dsv
[0.168s] -- Up-to-date symlink: /home/poom/Desktop/ros_ws/install/my_robot_bringup/share/my_robot_bringup/local_setup.bash
[0.168s] -- Up-to-date symlink: /home/poom/Desktop/ros_ws/install/my_robot_bringup/share/my_robot_bringup/local_setup.sh
[0.168s] -- Up-to-date symlink: /home/poom/Desktop/ros_ws/install/my_robot_bringup/share/my_robot_bringup/local_setup.zsh
[0.168s] -- Up-to-date symlink: /home/poom/Desktop/ros_ws/install/my_robot_bringup/share/my_robot_bringup/local_setup.dsv
[0.168s] -- Symlinking: /home/poom/Desktop/ros_ws/install/my_robot_bringup/share/my_robot_bringup/package.dsv
[0.173s] -- Up-to-date symlink: /home/poom/Desktop/ros_ws/install/my_robot_bringup/share/ament_index/resource_index/packages/my_robot_bringup
[0.173s] -- Up-to-date symlink: /home/poom/Desktop/ros_ws/install/my_robot_bringup/share/my_robot_bringup/cmake/my_robot_bringupConfig.cmake
[0.173s] -- Up-to-date symlink: /home/poom/Desktop/ros_ws/install/my_robot_bringup/share/my_robot_bringup/cmake/my_robot_bringupConfig-version.cmake
[0.173s] -- Up-to-date symlink: /home/poom/Desktop/ros_ws/install/my_robot_bringup/share/my_robot_bringup/package.xml
[0.174s] Invoked command in '/home/poom/Desktop/ros_ws/build/my_robot_bringup' returned '0': AMENT_PREFIX_PATH=/home/poom/Desktop/ros_ws/install/lifecycle_py:/home/poom/Desktop/ros_ws/install/actions_py:/home/poom/Desktop/ros_ws/install/actions_cpp:/home/poom/Desktop/ros_ws/install/my_robot_interfaces:/home/poom/Desktop/ros_ws/install/my_robot_bringup:/home/poom/Desktop/ros_ws/install/my_robot_description:/home/poom/Desktop/ros_ws/install/lifecycle_cpp:/opt/ros/humble CMAKE_PREFIX_PATH=/home/poom/Desktop/ros_ws/install/my_robot_description:/home/poom/Desktop/ros_ws/install/lifecycle_cpp:/home/poom/Desktop/ros_ws/install/actions_cpp:/home/poom/Desktop/ros_ws/install/my_robot_interfaces:/home/poom/Desktop/ros_ws/install/my_robot_bringup:/home/poom/Desktop/ros_ws/install/actions_py:/home/poom/Desktop/ros_ws/install/lifecycle_py:/opt/ros/humble PYTHONPATH=/home/poom/Desktop/ros_ws/build/lifecycle_py:/home/poom/Desktop/ros_ws/install/lifecycle_py/lib/python3.10/site-packages:/home/poom/Desktop/ros_ws/build/actions_py:/home/poom/Desktop/ros_ws/install/actions_py/lib/python3.10/site-packages:/home/poom/Desktop/ros_ws/install/my_robot_interfaces/local/lib/python3.10/dist-packages:/opt/ros/humble/lib/python3.10/site-packages:/opt/ros/humble/local/lib/python3.10/dist-packages /usr/bin/cmake --install /home/poom/Desktop/ros_ws/build/my_robot_bringup
