[0.007s] Invoking command in '/home/poom/Desktop/ros_ws/build/components_cpp': CMAKE_PREFIX_PATH=${CMAKE_PREFIX_PATH}:/home/poom/Desktop/ros_ws/install/actions_py:/home/poom/Desktop/ros_ws/install/lifecycle_py:/home/poom/Desktop/ros_ws/install/executors_py:/home/poom/Desktop/ros_ws/install/components_py:/opt/ros/humble /usr/bin/cmake --build /home/poom/Desktop/ros_ws/build/components_cpp -- -j16 -l16
[0.022s] -- Found ament_cmake: 1.3.10 (/opt/ros/humble/share/ament_cmake/cmake)
[0.089s] -- Found rclcpp: 16.0.10 (/opt/ros/humble/share/rclcpp/cmake)
[0.103s] -- Found rosidl_generator_c: 3.1.5 (/opt/ros/humble/share/rosidl_generator_c/cmake)
[0.104s] -- Found rosidl_adapter: 3.1.5 (/opt/ros/humble/share/rosidl_adapter/cmake)
[0.107s] -- Found rosidl_generator_cpp: 3.1.5 (/opt/ros/humble/share/rosidl_generator_cpp/cmake)
[0.113s] -- Using all available rosidl_typesupport_c: rosidl_typesupport_fastrtps_c;rosidl_typesupport_introspection_c
[0.120s] -- Using all available rosidl_typesupport_cpp: rosidl_typesupport_fastrtps_cpp;rosidl_typesupport_introspection_cpp
[0.136s] -- Found rmw_implementation_cmake: 6.1.2 (/opt/ros/humble/share/rmw_implementation_cmake/cmake)
[0.137s] -- Found rmw_fastrtps_cpp: 6.2.7 (/opt/ros/humble/share/rmw_fastrtps_cpp/cmake)
[0.190s] -- Using RMW implementation 'rmw_fastrtps_cpp' as default
[0.213s] -- Found rclcpp_components: 16.0.10 (/opt/ros/humble/share/rclcpp_components/cmake)
[0.238s] -- Found example_interfaces: 0.9.3 (/opt/ros/humble/share/example_interfaces/cmake)
[0.315s] -- Configuring done
[0.322s] -- Generating done
[0.324s] -- Build files have been written to: /home/poom/Desktop/ros_ws/build/components_cpp
[0.339s] [35m[1mConsolidate compiler generated dependencies of target manual_composition[0m
[0.346s] [ 16%] [32mBuilding CXX object CMakeFiles/number_pub_component.dir/src/number_publisher.cpp.o[0m
[0.349s] [ 83%] Built target manual_composition
[2.591s] [100%] [32m[1mLinking CXX shared library libnumber_pub_component.so[0m
[2.705s] [100%] Built target number_pub_component
[2.712s] Invoked command in '/home/poom/Desktop/ros_ws/build/components_cpp' returned '0': CMAKE_PREFIX_PATH=${CMAKE_PREFIX_PATH}:/home/poom/Desktop/ros_ws/install/actions_py:/home/poom/Desktop/ros_ws/install/lifecycle_py:/home/poom/Desktop/ros_ws/install/executors_py:/home/poom/Desktop/ros_ws/install/components_py:/opt/ros/humble /usr/bin/cmake --build /home/poom/Desktop/ros_ws/build/components_cpp -- -j16 -l16
[2.735s] Invoking command in '/home/poom/Desktop/ros_ws/build/components_cpp': CMAKE_PREFIX_PATH=${CMAKE_PREFIX_PATH}:/home/poom/Desktop/ros_ws/install/actions_py:/home/poom/Desktop/ros_ws/install/lifecycle_py:/home/poom/Desktop/ros_ws/install/executors_py:/home/poom/Desktop/ros_ws/install/components_py:/opt/ros/humble /usr/bin/cmake --install /home/poom/Desktop/ros_ws/build/components_cpp
[2.738s] -- Install configuration: ""
[2.738s] -- Installing: /home/poom/Desktop/ros_ws/install/components_cpp/lib/libnumber_pub_component.so
[2.739s] -- Set runtime path of "/home/poom/Desktop/ros_ws/install/components_cpp/lib/libnumber_pub_component.so" to ""
[2.739s] -- Up-to-date: /home/poom/Desktop/ros_ws/install/components_cpp/lib/components_cpp/manual_composition
[2.740s] -- Installing: /home/poom/Desktop/ros_ws/install/components_cpp/share/ament_index/resource_index/package_run_dependencies/components_cpp
[2.740s] -- Installing: /home/poom/Desktop/ros_ws/install/components_cpp/share/ament_index/resource_index/parent_prefix_path/components_cpp
[2.740s] -- Up-to-date: /home/poom/Desktop/ros_ws/install/components_cpp/share/components_cpp/environment/ament_prefix_path.sh
[2.740s] -- Installing: /home/poom/Desktop/ros_ws/install/components_cpp/share/components_cpp/environment/ament_prefix_path.dsv
[2.740s] -- Up-to-date: /home/poom/Desktop/ros_ws/install/components_cpp/share/components_cpp/environment/path.sh
[2.740s] -- Installing: /home/poom/Desktop/ros_ws/install/components_cpp/share/components_cpp/environment/path.dsv
[2.740s] -- Up-to-date: /home/poom/Desktop/ros_ws/install/components_cpp/share/components_cpp/local_setup.bash
[2.740s] -- Up-to-date: /home/poom/Desktop/ros_ws/install/components_cpp/share/components_cpp/local_setup.sh
[2.740s] -- Up-to-date: /home/poom/Desktop/ros_ws/install/components_cpp/share/components_cpp/local_setup.zsh
[2.740s] -- Installing: /home/poom/Desktop/ros_ws/install/components_cpp/share/components_cpp/local_setup.dsv
[2.740s] -- Installing: /home/poom/Desktop/ros_ws/install/components_cpp/share/components_cpp/package.dsv
[2.740s] -- Up-to-date: /home/poom/Desktop/ros_ws/install/components_cpp/share/ament_index/resource_index/packages/components_cpp
[2.740s] -- Installing: /home/poom/Desktop/ros_ws/install/components_cpp/share/ament_index/resource_index/rclcpp_components/components_cpp
[2.740s] -- Up-to-date: /home/poom/Desktop/ros_ws/install/components_cpp/share/components_cpp/cmake/components_cppConfig.cmake
[2.740s] -- Up-to-date: /home/poom/Desktop/ros_ws/install/components_cpp/share/components_cpp/cmake/components_cppConfig-version.cmake
[2.740s] -- Installing: /home/poom/Desktop/ros_ws/install/components_cpp/share/components_cpp/package.xml
[2.741s] Invoked command in '/home/poom/Desktop/ros_ws/build/components_cpp' returned '0': CMAKE_PREFIX_PATH=${CMAKE_PREFIX_PATH}:/home/poom/Desktop/ros_ws/install/actions_py:/home/poom/Desktop/ros_ws/install/lifecycle_py:/home/poom/Desktop/ros_ws/install/executors_py:/home/poom/Desktop/ros_ws/install/components_py:/opt/ros/humble /usr/bin/cmake --install /home/poom/Desktop/ros_ws/build/components_cpp
