[0.022s] Invoking command in '/home/poom/Desktop/ros_ws/build/my_robot_description': CMAKE_PREFIX_PATH=${CMAKE_PREFIX_PATH}:/opt/ros/humble /usr/bin/cmake --build /home/poom/Desktop/ros_ws/build/my_robot_description -- -j16 -l16
[0.110s] Invoked command in '/home/poom/Desktop/ros_ws/build/my_robot_description' returned '0': CMAKE_PREFIX_PATH=${CMAKE_PREFIX_PATH}:/opt/ros/humble /usr/bin/cmake --build /home/poom/Desktop/ros_ws/build/my_robot_description -- -j16 -l16
[0.160s] Invoking command in '/home/poom/Desktop/ros_ws/build/my_robot_description': CMAKE_PREFIX_PATH=${CMAKE_PREFIX_PATH}:/opt/ros/humble /usr/bin/cmake --install /home/poom/Desktop/ros_ws/build/my_robot_description
[0.170s] -- Install configuration: ""
[0.173s] -- Execute custom install script
[0.175s] -- Up-to-date symlink: /home/poom/Desktop/ros_ws/install/my_robot_description/share/my_robot_description//urdf/arm.xacro
[0.176s] -- Up-to-date symlink: /home/poom/Desktop/ros_ws/install/my_robot_description/share/my_robot_description//urdf/arm_gazebo.xacro
[0.177s] -- Up-to-date symlink: /home/poom/Desktop/ros_ws/install/my_robot_description/share/my_robot_description//urdf/camera.xacro
[0.177s] -- Up-to-date symlink: /home/poom/Desktop/ros_ws/install/my_robot_description/share/my_robot_description//urdf/common_properties.xacro
[0.178s] -- Up-to-date symlink: /home/poom/Desktop/ros_ws/install/my_robot_description/share/my_robot_description//urdf/mobile_base.xacro
[0.179s] -- Up-to-date symlink: /home/poom/Desktop/ros_ws/install/my_robot_description/share/my_robot_description//urdf/mobile_base_gazebo.xacro
[0.180s] -- Up-to-date symlink: /home/poom/Desktop/ros_ws/install/my_robot_description/share/my_robot_description//urdf/my_robot.urdf.xacro
[0.180s] -- Up-to-date symlink: /home/poom/Desktop/ros_ws/install/my_robot_description/share/my_robot_description//urdf/standalone_arm.urdf.xacro
[0.181s] -- Up-to-date symlink: /home/poom/Desktop/ros_ws/install/my_robot_description/share/my_robot_description//launch/display.launch.py
[0.182s] -- Up-to-date symlink: /home/poom/Desktop/ros_ws/install/my_robot_description/share/my_robot_description//launch/display.launch.xml
[0.183s] -- Up-to-date symlink: /home/poom/Desktop/ros_ws/install/my_robot_description/share/my_robot_description//rviz/urdf_config.rviz
[0.183s] -- Up-to-date symlink: /home/poom/Desktop/ros_ws/install/my_robot_description/share/ament_index/resource_index/package_run_dependencies/my_robot_description
[0.184s] -- Up-to-date symlink: /home/poom/Desktop/ros_ws/install/my_robot_description/share/ament_index/resource_index/parent_prefix_path/my_robot_description
[0.185s] -- Up-to-date symlink: /home/poom/Desktop/ros_ws/install/my_robot_description/share/my_robot_description/environment/ament_prefix_path.sh
[0.185s] -- Up-to-date symlink: /home/poom/Desktop/ros_ws/install/my_robot_description/share/my_robot_description/environment/ament_prefix_path.dsv
[0.186s] -- Up-to-date symlink: /home/poom/Desktop/ros_ws/install/my_robot_description/share/my_robot_description/environment/path.sh
[0.186s] -- Up-to-date symlink: /home/poom/Desktop/ros_ws/install/my_robot_description/share/my_robot_description/environment/path.dsv
[0.187s] -- Up-to-date symlink: /home/poom/Desktop/ros_ws/install/my_robot_description/share/my_robot_description/local_setup.bash
[0.187s] -- Up-to-date symlink: /home/poom/Desktop/ros_ws/install/my_robot_description/share/my_robot_description/local_setup.sh
[0.188s] -- Up-to-date symlink: /home/poom/Desktop/ros_ws/install/my_robot_description/share/my_robot_description/local_setup.zsh
[0.188s] -- Up-to-date symlink: /home/poom/Desktop/ros_ws/install/my_robot_description/share/my_robot_description/local_setup.dsv
[0.188s] -- Symlinking: /home/poom/Desktop/ros_ws/install/my_robot_description/share/my_robot_description/package.dsv
[0.201s] -- Up-to-date symlink: /home/poom/Desktop/ros_ws/install/my_robot_description/share/ament_index/resource_index/packages/my_robot_description
[0.202s] -- Up-to-date symlink: /home/poom/Desktop/ros_ws/install/my_robot_description/share/my_robot_description/cmake/my_robot_descriptionConfig.cmake
[0.202s] -- Up-to-date symlink: /home/poom/Desktop/ros_ws/install/my_robot_description/share/my_robot_description/cmake/my_robot_descriptionConfig-version.cmake
[0.203s] -- Up-to-date symlink: /home/poom/Desktop/ros_ws/install/my_robot_description/share/my_robot_description/package.xml
[0.207s] Invoked command in '/home/poom/Desktop/ros_ws/build/my_robot_description' returned '0': CMAKE_PREFIX_PATH=${CMAKE_PREFIX_PATH}:/opt/ros/humble /usr/bin/cmake --install /home/poom/Desktop/ros_ws/build/my_robot_description
