[0.005s] Invoking command in '/home/poom/Desktop/ros_ws/build/my_robot_bringup': CMAKE_PREFIX_PATH=/home/poom/Desktop/ros_ws/install/my_robot_description:/home/poom/Desktop/ros_ws/install/my_robot_bringup:/opt/ros/humble /usr/bin/cmake /home/poom/Desktop/ros_ws/src/my_robot_bringup -DAMENT_CMAKE_SYMLINK_INSTALL=1 -DCMAKE_INSTALL_PREFIX=/home/poom/Desktop/ros_ws/install/my_robot_bringup
[0.011s] -- Found ament_cmake: 1.3.10 (/opt/ros/humble/share/ament_cmake/cmake)
[0.076s] -- Override CMake install command with custom implementation using symlinks instead of copying resources
[0.114s] -- Configuring done
[0.116s] -- Generating done
[0.116s] -- Build files have been written to: /home/poom/Desktop/ros_ws/build/my_robot_bringup
[0.118s] Invoked command in '/home/poom/Desktop/ros_ws/build/my_robot_bringup' returned '0': CMAKE_PREFIX_PATH=/home/poom/Desktop/ros_ws/install/my_robot_description:/home/poom/Desktop/ros_ws/install/my_robot_bringup:/opt/ros/humble /usr/bin/cmake /home/poom/Desktop/ros_ws/src/my_robot_bringup -DAMENT_CMAKE_SYMLINK_INSTALL=1 -DCMAKE_INSTALL_PREFIX=/home/poom/Desktop/ros_ws/install/my_robot_bringup
[0.119s] Invoking command in '/home/poom/Desktop/ros_ws/build/my_robot_bringup': CMAKE_PREFIX_PATH=/home/poom/Desktop/ros_ws/install/my_robot_description:/home/poom/Desktop/ros_ws/install/my_robot_bringup:/opt/ros/humble /usr/bin/cmake --build /home/poom/Desktop/ros_ws/build/my_robot_bringup -- -j16 -l16
[0.139s] Invoked command in '/home/poom/Desktop/ros_ws/build/my_robot_bringup' returned '0': CMAKE_PREFIX_PATH=/home/poom/Desktop/ros_ws/install/my_robot_description:/home/poom/Desktop/ros_ws/install/my_robot_bringup:/opt/ros/humble /usr/bin/cmake --build /home/poom/Desktop/ros_ws/build/my_robot_bringup -- -j16 -l16
[0.153s] Invoking command in '/home/poom/Desktop/ros_ws/build/my_robot_bringup': CMAKE_PREFIX_PATH=/home/poom/Desktop/ros_ws/install/my_robot_description:/home/poom/Desktop/ros_ws/install/my_robot_bringup:/opt/ros/humble /usr/bin/cmake --install /home/poom/Desktop/ros_ws/build/my_robot_bringup
[0.156s] -- Install configuration: ""
[0.157s] -- Execute custom install script
[0.157s] -- Up-to-date symlink: /home/poom/Desktop/ros_ws/install/my_robot_bringup/share/my_robot_bringup//launch/my_robot_gazebo.launch.xml
[0.157s] -- Up-to-date symlink: /home/poom/Desktop/ros_ws/install/my_robot_bringup/share/my_robot_bringup//rviz/urdf_config.rviz
[0.157s] -- Up-to-date symlink: /home/poom/Desktop/ros_ws/install/my_robot_bringup/share/my_robot_bringup//worlds/test_world.world
[0.157s] -- Up-to-date symlink: /home/poom/Desktop/ros_ws/install/my_robot_bringup/share/ament_index/resource_index/package_run_dependencies/my_robot_bringup
[0.157s] -- Up-to-date symlink: /home/poom/Desktop/ros_ws/install/my_robot_bringup/share/ament_index/resource_index/parent_prefix_path/my_robot_bringup
[0.157s] -- Up-to-date symlink: /home/poom/Desktop/ros_ws/install/my_robot_bringup/share/my_robot_bringup/environment/ament_prefix_path.sh
[0.157s] -- Up-to-date symlink: /home/poom/Desktop/ros_ws/install/my_robot_bringup/share/my_robot_bringup/environment/ament_prefix_path.dsv
[0.157s] -- Up-to-date symlink: /home/poom/Desktop/ros_ws/install/my_robot_bringup/share/my_robot_bringup/environment/path.sh
[0.158s] -- Up-to-date symlink: /home/poom/Desktop/ros_ws/install/my_robot_bringup/share/my_robot_bringup/environment/path.dsv
[0.158s] -- Up-to-date symlink: /home/poom/Desktop/ros_ws/install/my_robot_bringup/share/my_robot_bringup/local_setup.bash
[0.158s] -- Up-to-date symlink: /home/poom/Desktop/ros_ws/install/my_robot_bringup/share/my_robot_bringup/local_setup.sh
[0.158s] -- Up-to-date symlink: /home/poom/Desktop/ros_ws/install/my_robot_bringup/share/my_robot_bringup/local_setup.zsh
[0.158s] -- Up-to-date symlink: /home/poom/Desktop/ros_ws/install/my_robot_bringup/share/my_robot_bringup/local_setup.dsv
[0.158s] -- Symlinking: /home/poom/Desktop/ros_ws/install/my_robot_bringup/share/my_robot_bringup/package.dsv
[0.163s] -- Up-to-date symlink: /home/poom/Desktop/ros_ws/install/my_robot_bringup/share/ament_index/resource_index/packages/my_robot_bringup
[0.163s] -- Up-to-date symlink: /home/poom/Desktop/ros_ws/install/my_robot_bringup/share/my_robot_bringup/cmake/my_robot_bringupConfig.cmake
[0.163s] -- Up-to-date symlink: /home/poom/Desktop/ros_ws/install/my_robot_bringup/share/my_robot_bringup/cmake/my_robot_bringupConfig-version.cmake
[0.163s] -- Up-to-date symlink: /home/poom/Desktop/ros_ws/install/my_robot_bringup/share/my_robot_bringup/package.xml
[0.164s] Invoked command in '/home/poom/Desktop/ros_ws/build/my_robot_bringup' returned '0': CMAKE_PREFIX_PATH=/home/poom/Desktop/ros_ws/install/my_robot_description:/home/poom/Desktop/ros_ws/install/my_robot_bringup:/opt/ros/humble /usr/bin/cmake --install /home/poom/Desktop/ros_ws/build/my_robot_bringup
