[0.006s] Invoking command in '/home/poom/Desktop/ros_ws/build/executors_cpp': CMAKE_PREFIX_PATH=${CMAKE_PREFIX_PATH}:/home/poom/Desktop/ros_ws/install/executors_py:/home/poom/Desktop/ros_ws/install/actions_py:/home/poom/Desktop/ros_ws/install/lifecycle_py:/opt/ros/humble /usr/bin/cmake /home/poom/Desktop/ros_ws/src/executors_cpp -DCMAKE_INSTALL_PREFIX=/home/poom/Desktop/ros_ws/install/executors_cpp
[0.098s] -- The C compiler identification is GNU 11.4.0
[0.166s] -- The CXX compiler identification is GNU 11.4.0
[0.176s] -- Detecting C compiler ABI info
[0.217s] -- Detecting C compiler ABI info - done
[0.220s] -- Check for working C compiler: /usr/bin/cc - skipped
[0.220s] -- Detecting C compile features
[0.221s] -- Detecting C compile features - done
[0.224s] -- Detecting CXX compiler ABI info
[0.268s] -- Detecting CXX compiler ABI info - done
[0.271s] -- Check for working CXX compiler: /usr/bin/c++ - skipped
[0.271s] -- Detecting CXX compile features
[0.271s] -- Detecting CXX compile features - done
[0.276s] -- Found ament_cmake: 1.3.10 (/opt/ros/humble/share/ament_cmake/cmake)
[0.361s] -- Found Python3: /usr/bin/python3 (found version "3.10.12") found components: Interpreter 
[0.425s] -- Found rclcpp: 16.0.10 (/opt/ros/humble/share/rclcpp/cmake)
[0.465s] -- Found rosidl_generator_c: 3.1.5 (/opt/ros/humble/share/rosidl_generator_c/cmake)
[0.470s] -- Found rosidl_adapter: 3.1.5 (/opt/ros/humble/share/rosidl_adapter/cmake)
[0.477s] -- Found rosidl_generator_cpp: 3.1.5 (/opt/ros/humble/share/rosidl_generator_cpp/cmake)
[0.490s] -- Using all available rosidl_typesupport_c: rosidl_typesupport_fastrtps_c;rosidl_typesupport_introspection_c
[0.504s] -- Using all available rosidl_typesupport_cpp: rosidl_typesupport_fastrtps_cpp;rosidl_typesupport_introspection_cpp
[0.544s] -- Found rmw_implementation_cmake: 6.1.2 (/opt/ros/humble/share/rmw_implementation_cmake/cmake)
[0.548s] -- Found rmw_fastrtps_cpp: 6.2.7 (/opt/ros/humble/share/rmw_fastrtps_cpp/cmake)
[0.608s] -- Found OpenSSL: /usr/lib/x86_64-linux-gnu/libcrypto.so (found version "3.0.2")  
[0.622s] -- Found FastRTPS: /opt/ros/humble/include  
[0.641s] -- Using RMW implementation 'rmw_fastrtps_cpp' as default
[0.650s] -- Looking for pthread.h
[0.688s] -- Looking for pthread.h - found
[0.688s] -- Performing Test CMAKE_HAVE_LIBC_PTHREAD
[0.724s] -- Performing Test CMAKE_HAVE_LIBC_PTHREAD - Success
[0.725s] -- Found Threads: TRUE  
[0.801s] -- Configuring done
[0.806s] -- Generating done
[0.806s] -- Build files have been written to: /home/poom/Desktop/ros_ws/build/executors_cpp
[0.811s] Invoked command in '/home/poom/Desktop/ros_ws/build/executors_cpp' returned '0': CMAKE_PREFIX_PATH=${CMAKE_PREFIX_PATH}:/home/poom/Desktop/ros_ws/install/executors_py:/home/poom/Desktop/ros_ws/install/actions_py:/home/poom/Desktop/ros_ws/install/lifecycle_py:/opt/ros/humble /usr/bin/cmake /home/poom/Desktop/ros_ws/src/executors_cpp -DCMAKE_INSTALL_PREFIX=/home/poom/Desktop/ros_ws/install/executors_cpp
[0.812s] Invoking command in '/home/poom/Desktop/ros_ws/build/executors_cpp': CMAKE_PREFIX_PATH=${CMAKE_PREFIX_PATH}:/home/poom/Desktop/ros_ws/install/executors_py:/home/poom/Desktop/ros_ws/install/actions_py:/home/poom/Desktop/ros_ws/install/lifecycle_py:/opt/ros/humble /usr/bin/cmake --build /home/poom/Desktop/ros_ws/build/executors_cpp -- -j16 -l16
[0.838s] [ 50%] [32mBuilding CXX object CMakeFiles/multi_threaded_executor.dir/src/multi_threaded_executor.cpp.o[0m
[0.838s] [ 50%] [32mBuilding CXX object CMakeFiles/single_threaded_executor.dir/src/single_threaded_executor.cpp.o[0m
[3.339s] [100%] [32m[1mLinking CXX executable multi_threaded_executor[0m
[3.339s] [100%] [32m[1mLinking CXX executable single_threaded_executor[0m
[3.417s] [100%] Built target multi_threaded_executor
[3.417s] [100%] Built target single_threaded_executor
[3.423s] Invoked command in '/home/poom/Desktop/ros_ws/build/executors_cpp' returned '0': CMAKE_PREFIX_PATH=${CMAKE_PREFIX_PATH}:/home/poom/Desktop/ros_ws/install/executors_py:/home/poom/Desktop/ros_ws/install/actions_py:/home/poom/Desktop/ros_ws/install/lifecycle_py:/opt/ros/humble /usr/bin/cmake --build /home/poom/Desktop/ros_ws/build/executors_cpp -- -j16 -l16
[3.442s] Invoking command in '/home/poom/Desktop/ros_ws/build/executors_cpp': CMAKE_PREFIX_PATH=${CMAKE_PREFIX_PATH}:/home/poom/Desktop/ros_ws/install/executors_py:/home/poom/Desktop/ros_ws/install/actions_py:/home/poom/Desktop/ros_ws/install/lifecycle_py:/opt/ros/humble /usr/bin/cmake --install /home/poom/Desktop/ros_ws/build/executors_cpp
[3.446s] -- Install configuration: ""
[3.446s] -- Installing: /home/poom/Desktop/ros_ws/install/executors_cpp/lib/executors_cpp/single_threaded_executor
[3.446s] -- Set runtime path of "/home/poom/Desktop/ros_ws/install/executors_cpp/lib/executors_cpp/single_threaded_executor" to ""
[3.446s] -- Installing: /home/poom/Desktop/ros_ws/install/executors_cpp/lib/executors_cpp/multi_threaded_executor
[3.446s] -- Set runtime path of "/home/poom/Desktop/ros_ws/install/executors_cpp/lib/executors_cpp/multi_threaded_executor" to ""
[3.446s] -- Installing: /home/poom/Desktop/ros_ws/install/executors_cpp/share/ament_index/resource_index/package_run_dependencies/executors_cpp
[3.447s] -- Installing: /home/poom/Desktop/ros_ws/install/executors_cpp/share/ament_index/resource_index/parent_prefix_path/executors_cpp
[3.447s] -- Installing: /home/poom/Desktop/ros_ws/install/executors_cpp/share/executors_cpp/environment/ament_prefix_path.sh
[3.447s] -- Installing: /home/poom/Desktop/ros_ws/install/executors_cpp/share/executors_cpp/environment/ament_prefix_path.dsv
[3.447s] -- Installing: /home/poom/Desktop/ros_ws/install/executors_cpp/share/executors_cpp/environment/path.sh
[3.447s] -- Installing: /home/poom/Desktop/ros_ws/install/executors_cpp/share/executors_cpp/environment/path.dsv
[3.447s] -- Installing: /home/poom/Desktop/ros_ws/install/executors_cpp/share/executors_cpp/local_setup.bash
[3.447s] -- Installing: /home/poom/Desktop/ros_ws/install/executors_cpp/share/executors_cpp/local_setup.sh
[3.447s] -- Installing: /home/poom/Desktop/ros_ws/install/executors_cpp/share/executors_cpp/local_setup.zsh
[3.447s] -- Installing: /home/poom/Desktop/ros_ws/install/executors_cpp/share/executors_cpp/local_setup.dsv
[3.447s] -- Installing: /home/poom/Desktop/ros_ws/install/executors_cpp/share/executors_cpp/package.dsv
[3.447s] -- Installing: /home/poom/Desktop/ros_ws/install/executors_cpp/share/ament_index/resource_index/packages/executors_cpp
[3.447s] -- Installing: /home/poom/Desktop/ros_ws/install/executors_cpp/share/executors_cpp/cmake/executors_cppConfig.cmake
[3.447s] -- Installing: /home/poom/Desktop/ros_ws/install/executors_cpp/share/executors_cpp/cmake/executors_cppConfig-version.cmake
[3.447s] -- Installing: /home/poom/Desktop/ros_ws/install/executors_cpp/share/executors_cpp/package.xml
[3.448s] Invoked command in '/home/poom/Desktop/ros_ws/build/executors_cpp' returned '0': CMAKE_PREFIX_PATH=${CMAKE_PREFIX_PATH}:/home/poom/Desktop/ros_ws/install/executors_py:/home/poom/Desktop/ros_ws/install/actions_py:/home/poom/Desktop/ros_ws/install/lifecycle_py:/opt/ros/humble /usr/bin/cmake --install /home/poom/Desktop/ros_ws/build/executors_cpp
