[0.396s] Invoking command in '/home/poom/Desktop/ros_ws/src/actions_py': LD_LIBRARY_PATH=/home/poom/Desktop/ros_ws/install/my_robot_interfaces/lib:/usr/lib/x86_64-linux-gnu/gazebo-11/plugins:/opt/ros/humble/opt/rviz_ogre_vendor/lib:/opt/ros/humble/lib/x86_64-linux-gnu:/opt/ros/humble/lib:/usr/share/gazebo/../../lib/x86_64-linux-gnu/gazebo-11/plugins:/usr/share/gazebo/../../lib/x86_64-linux-gnu/gazebo-11/plugins:/usr/share/gazebo/../../lib/x86_64-linux-gnu/gazebo-11/plugins PYTHONPATH=/home/poom/Desktop/ros_ws/build/actions_py/prefix_override:/usr/lib/python3/dist-packages/colcon_core/task/python/colcon_distutils_commands:/home/poom/Desktop/ros_ws/install/actions_py/lib/python3.10/site-packages:${PYTHONPATH} /usr/bin/python3 -W ignore:setup.py install is deprecated setup.py egg_info --egg-base ../../build/actions_py build --build-base /home/poom/Desktop/ros_ws/build/actions_py/build install --record /home/poom/Desktop/ros_ws/build/actions_py/install.log --single-version-externally-managed install_data
[0.541s] running egg_info
[0.541s] creating ../../build/actions_py/actions_py.egg-info
[0.541s] writing ../../build/actions_py/actions_py.egg-info/PKG-INFO
[0.542s] writing dependency_links to ../../build/actions_py/actions_py.egg-info/dependency_links.txt
[0.542s] writing entry points to ../../build/actions_py/actions_py.egg-info/entry_points.txt
[0.542s] writing requirements to ../../build/actions_py/actions_py.egg-info/requires.txt
[0.542s] writing top-level names to ../../build/actions_py/actions_py.egg-info/top_level.txt
[0.542s] writing manifest file '../../build/actions_py/actions_py.egg-info/SOURCES.txt'
[0.542s] reading manifest file '../../build/actions_py/actions_py.egg-info/SOURCES.txt'
[0.543s] writing manifest file '../../build/actions_py/actions_py.egg-info/SOURCES.txt'
[0.543s] running build
[0.543s] running build_py
[0.543s] creating /home/poom/Desktop/ros_ws/build/actions_py/build
[0.543s] creating /home/poom/Desktop/ros_ws/build/actions_py/build/lib
[0.543s] creating /home/poom/Desktop/ros_ws/build/actions_py/build/lib/actions_py
[0.543s] copying actions_py/__init__.py -> /home/poom/Desktop/ros_ws/build/actions_py/build/lib/actions_py
[0.543s] copying actions_py/count_until_server.py -> /home/poom/Desktop/ros_ws/build/actions_py/build/lib/actions_py
[0.543s] running install
[0.543s] running install_lib
[0.544s] creating /home/poom/Desktop/ros_ws/install/actions_py/lib/python3.10/site-packages/actions_py
[0.544s] copying /home/poom/Desktop/ros_ws/build/actions_py/build/lib/actions_py/__init__.py -> /home/poom/Desktop/ros_ws/install/actions_py/lib/python3.10/site-packages/actions_py
[0.544s] copying /home/poom/Desktop/ros_ws/build/actions_py/build/lib/actions_py/count_until_server.py -> /home/poom/Desktop/ros_ws/install/actions_py/lib/python3.10/site-packages/actions_py
[0.544s] byte-compiling /home/poom/Desktop/ros_ws/install/actions_py/lib/python3.10/site-packages/actions_py/__init__.py to __init__.cpython-310.pyc
[0.544s] byte-compiling /home/poom/Desktop/ros_ws/install/actions_py/lib/python3.10/site-packages/actions_py/count_until_server.py to count_until_server.cpython-310.pyc
[0.545s] running install_data
[0.545s] creating /home/poom/Desktop/ros_ws/install/actions_py/share/ament_index
[0.545s] creating /home/poom/Desktop/ros_ws/install/actions_py/share/ament_index/resource_index
[0.545s] creating /home/poom/Desktop/ros_ws/install/actions_py/share/ament_index/resource_index/packages
[0.545s] copying resource/actions_py -> /home/poom/Desktop/ros_ws/install/actions_py/share/ament_index/resource_index/packages
[0.545s] copying package.xml -> /home/poom/Desktop/ros_ws/install/actions_py/share/actions_py
[0.545s] running install_egg_info
[0.547s] Copying ../../build/actions_py/actions_py.egg-info to /home/poom/Desktop/ros_ws/install/actions_py/lib/python3.10/site-packages/actions_py-0.0.0-py3.10.egg-info
[0.547s] running install_scripts
[0.561s] Installing count_until_server script to /home/poom/Desktop/ros_ws/install/actions_py/lib/actions_py
[0.561s] writing list of installed files to '/home/poom/Desktop/ros_ws/build/actions_py/install.log'
[0.572s] Invoked command in '/home/poom/Desktop/ros_ws/src/actions_py' returned '0': LD_LIBRARY_PATH=/home/poom/Desktop/ros_ws/install/my_robot_interfaces/lib:/usr/lib/x86_64-linux-gnu/gazebo-11/plugins:/opt/ros/humble/opt/rviz_ogre_vendor/lib:/opt/ros/humble/lib/x86_64-linux-gnu:/opt/ros/humble/lib:/usr/share/gazebo/../../lib/x86_64-linux-gnu/gazebo-11/plugins:/usr/share/gazebo/../../lib/x86_64-linux-gnu/gazebo-11/plugins:/usr/share/gazebo/../../lib/x86_64-linux-gnu/gazebo-11/plugins PYTHONPATH=/home/poom/Desktop/ros_ws/build/actions_py/prefix_override:/usr/lib/python3/dist-packages/colcon_core/task/python/colcon_distutils_commands:/home/poom/Desktop/ros_ws/install/actions_py/lib/python3.10/site-packages:${PYTHONPATH} /usr/bin/python3 -W ignore:setup.py install is deprecated setup.py egg_info --egg-base ../../build/actions_py build --build-base /home/poom/Desktop/ros_ws/build/actions_py/build install --record /home/poom/Desktop/ros_ws/build/actions_py/install.log --single-version-externally-managed install_data
