[0.006s] Invoking command in '/home/poom/Desktop/ros_ws/build/final_project': CMAKE_PREFIX_PATH=/home/poom/Desktop/ros_ws/install/my_robot_interfaces:/home/poom/Desktop/ros_ws/install/final_project:/home/poom/Desktop/ros_ws/install/actions_cpp:/home/poom/Desktop/ros_ws/install/my_robot_bringup:/home/poom/Desktop/ros_ws/install/my_robot_description:/home/poom/Desktop/ros_ws/install/lifecycle_cpp:/home/poom/Desktop/ros_ws/install/executors_cpp:/home/poom/Desktop/ros_ws/install/components_cpp:/home/poom/Desktop/ros_ws/install/actions_py:/home/poom/Desktop/ros_ws/install/lifecycle_py:/home/poom/Desktop/ros_ws/install/executors_py:/home/poom/Desktop/ros_ws/install/components_py:/opt/ros/humble LD_LIBRARY_PATH=/home/poom/Desktop/ros_ws/install/my_robot_interfaces/lib:/home/poom/Desktop/ros_ws/install/components_cpp/lib:/usr/lib/x86_64-linux-gnu/gazebo-11/plugins:/opt/ros/humble/opt/rviz_ogre_vendor/lib:/opt/ros/humble/lib/x86_64-linux-gnu:/opt/ros/humble/lib:/usr/share/gazebo/../../lib/x86_64-linux-gnu/gazebo-11/plugins /usr/bin/cmake --build /home/poom/Desktop/ros_ws/build/final_project -- -j16 -l16
[0.020s] -- Found ament_cmake: 1.3.10 (/opt/ros/humble/share/ament_cmake/cmake)
[0.090s] -- Found rclcpp: 16.0.10 (/opt/ros/humble/share/rclcpp/cmake)
[0.103s] -- Found rosidl_generator_c: 3.1.5 (/opt/ros/humble/share/rosidl_generator_c/cmake)
[0.104s] -- Found rosidl_adapter: 3.1.5 (/opt/ros/humble/share/rosidl_adapter/cmake)
[0.106s] -- Found rosidl_generator_cpp: 3.1.5 (/opt/ros/humble/share/rosidl_generator_cpp/cmake)
[0.111s] -- Using all available rosidl_typesupport_c: rosidl_typesupport_fastrtps_c;rosidl_typesupport_introspection_c
[0.116s] -- Using all available rosidl_typesupport_cpp: rosidl_typesupport_fastrtps_cpp;rosidl_typesupport_introspection_cpp
[0.131s] -- Found rmw_implementation_cmake: 6.1.2 (/opt/ros/humble/share/rmw_implementation_cmake/cmake)
[0.132s] -- Found rmw_fastrtps_cpp: 6.2.7 (/opt/ros/humble/share/rmw_fastrtps_cpp/cmake)
[0.179s] -- Using RMW implementation 'rmw_fastrtps_cpp' as default
[0.201s] -- Found rclcpp_action: 16.0.10 (/opt/ros/humble/share/rclcpp_action/cmake)
[0.215s] -- Found rclcpp_lifecycle: 16.0.10 (/opt/ros/humble/share/rclcpp_lifecycle/cmake)
[0.222s] -- Found rclcpp_components: 16.0.10 (/opt/ros/humble/share/rclcpp_components/cmake)
[0.230s] -- Found turtlesim: 1.4.2 (/opt/ros/humble/share/turtlesim/cmake)
[0.236s] -- Found geometry_msgs: 4.2.4 (/opt/ros/humble/share/geometry_msgs/cmake)
[0.242s] -- Found my_robot_interfaces: 0.0.0 (/home/poom/Desktop/ros_ws/install/my_robot_interfaces/share/my_robot_interfaces/cmake)
[0.250s] [31mCMake Error at /opt/ros/humble/share/ament_cmake_target_dependencies/cmake/ament_target_dependencies.cmake:42 (message):
[0.250s]   ament_target_dependencies() the first argument must be a valid target name
[0.250s] Call Stack (most recent call first):
[0.250s]   CMakeLists.txt:28 (ament_target_dependencies)
[0.250s] 
[0.250s] [0m
[0.250s] -- Configuring incomplete, errors occurred!
[0.250s] See also "/home/poom/Desktop/ros_ws/build/final_project/CMakeFiles/CMakeOutput.log".
[0.254s] gmake: *** [Makefile:267: cmake_check_build_system] Error 1
[0.256s] Invoked command in '/home/poom/Desktop/ros_ws/build/final_project' returned '2': CMAKE_PREFIX_PATH=/home/poom/Desktop/ros_ws/install/my_robot_interfaces:/home/poom/Desktop/ros_ws/install/final_project:/home/poom/Desktop/ros_ws/install/actions_cpp:/home/poom/Desktop/ros_ws/install/my_robot_bringup:/home/poom/Desktop/ros_ws/install/my_robot_description:/home/poom/Desktop/ros_ws/install/lifecycle_cpp:/home/poom/Desktop/ros_ws/install/executors_cpp:/home/poom/Desktop/ros_ws/install/components_cpp:/home/poom/Desktop/ros_ws/install/actions_py:/home/poom/Desktop/ros_ws/install/lifecycle_py:/home/poom/Desktop/ros_ws/install/executors_py:/home/poom/Desktop/ros_ws/install/components_py:/opt/ros/humble LD_LIBRARY_PATH=/home/poom/Desktop/ros_ws/install/my_robot_interfaces/lib:/home/poom/Desktop/ros_ws/install/components_cpp/lib:/usr/lib/x86_64-linux-gnu/gazebo-11/plugins:/opt/ros/humble/opt/rviz_ogre_vendor/lib:/opt/ros/humble/lib/x86_64-linux-gnu:/opt/ros/humble/lib:/usr/share/gazebo/../../lib/x86_64-linux-gnu/gazebo-11/plugins /usr/bin/cmake --build /home/poom/Desktop/ros_ws/build/final_project -- -j16 -l16
