[0.008s] Invoking command in '/home/poom/Desktop/ros_ws/build/my_robot_interfaces': CMAKE_PREFIX_PATH=${CMAKE_PREFIX_PATH}:/opt/ros/humble /usr/bin/cmake /home/poom/Desktop/ros_ws/src/my_robot_interfaces -DCMAKE_INSTALL_PREFIX=/home/poom/Desktop/ros_ws/install/my_robot_interfaces
[0.082s] -- The C compiler identification is GNU 11.4.0
[0.146s] -- The CXX compiler identification is GNU 11.4.0
[0.154s] -- Detecting C compiler ABI info
[0.196s] -- Detecting C compiler ABI info - done
[0.201s] -- Check for working C compiler: /usr/bin/cc - skipped
[0.201s] -- Detecting C compile features
[0.202s] -- Detecting C compile features - done
[0.205s] -- Detecting CXX compiler ABI info
[0.248s] -- Detecting CXX compiler ABI info - done
[0.252s] -- Check for working CXX compiler: /usr/bin/c++ - skipped
[0.253s] -- Detecting CXX compile features
[0.253s] -- Detecting CXX compile features - done
[0.256s] -- Found ament_cmake: 1.3.10 (/opt/ros/humble/share/ament_cmake/cmake)
[0.337s] -- Found Python3: /usr/bin/python3 (found version "3.10.12") found components: Interpreter 
[0.397s] -- Found rosidl_default_generators: 1.2.0 (/opt/ros/humble/share/rosidl_default_generators/cmake)
[0.401s] -- Using all available rosidl_typesupport_c: rosidl_typesupport_fastrtps_c;rosidl_typesupport_introspection_c
[0.406s] -- Found rosidl_adapter: 3.1.5 (/opt/ros/humble/share/rosidl_adapter/cmake)
[0.444s] -- Using all available rosidl_typesupport_cpp: rosidl_typesupport_fastrtps_cpp;rosidl_typesupport_introspection_cpp
[0.647s] -- Found ament_cmake_ros: 0.10.0 (/opt/ros/humble/share/ament_cmake_ros/cmake)
[0.756s] -- Using all available rosidl_typesupport_c: rosidl_typesupport_fastrtps_c;rosidl_typesupport_introspection_c
[0.896s] -- Using all available rosidl_typesupport_cpp: rosidl_typesupport_fastrtps_cpp;rosidl_typesupport_introspection_cpp
[0.909s] -- Found PythonInterp: /usr/bin/python3 (found suitable version "3.10.12", minimum required is "3.6") 
[0.910s] -- Found python_cmake_module: 0.10.0 (/opt/ros/humble/share/python_cmake_module/cmake)
[0.926s] -- Found PythonLibs: /usr/lib/x86_64-linux-gnu/libpython3.10.so (found suitable version "3.10.12", minimum required is "3.5") 
[0.926s] -- Using PYTHON_EXECUTABLE: /usr/bin/python3
[0.926s] -- Using PYTHON_INCLUDE_DIRS: /usr/include/python3.10
[0.926s] -- Using PYTHON_LIBRARIES: /usr/lib/x86_64-linux-gnu/libpython3.10.so
[0.937s] -- Found PythonExtra: .so  
[0.967s] -- Configuring done
[0.984s] -- Generating done
[0.985s] -- Build files have been written to: /home/poom/Desktop/ros_ws/build/my_robot_interfaces
[0.988s] Invoked command in '/home/poom/Desktop/ros_ws/build/my_robot_interfaces' returned '0': CMAKE_PREFIX_PATH=${CMAKE_PREFIX_PATH}:/opt/ros/humble /usr/bin/cmake /home/poom/Desktop/ros_ws/src/my_robot_interfaces -DCMAKE_INSTALL_PREFIX=/home/poom/Desktop/ros_ws/install/my_robot_interfaces
[0.990s] Invoking command in '/home/poom/Desktop/ros_ws/build/my_robot_interfaces': CMAKE_PREFIX_PATH=${CMAKE_PREFIX_PATH}:/opt/ros/humble /usr/bin/cmake --build /home/poom/Desktop/ros_ws/build/my_robot_interfaces -- -j16 -l16
[1.010s] [  3%] [34m[1mGenerating C code for ROS interfaces[0m
[1.016s] [  6%] [34m[1mGenerating C++ code for ROS interfaces[0m
[1.020s] [  6%] Built target ament_cmake_python_copy_my_robot_interfaces
[1.158s] running egg_info
[1.158s] creating my_robot_interfaces.egg-info
[1.158s] writing my_robot_interfaces.egg-info/PKG-INFO
[1.158s] writing dependency_links to my_robot_interfaces.egg-info/dependency_links.txt
[1.158s] writing top-level names to my_robot_interfaces.egg-info/top_level.txt
[1.158s] writing manifest file 'my_robot_interfaces.egg-info/SOURCES.txt'
[1.160s] reading manifest file 'my_robot_interfaces.egg-info/SOURCES.txt'
[1.160s] writing manifest file 'my_robot_interfaces.egg-info/SOURCES.txt'
[1.176s] [  6%] Built target ament_cmake_python_build_my_robot_interfaces_egg
[1.274s] [  6%] Built target my_robot_interfaces__cpp
[1.279s] [  9%] [32mBuilding C object CMakeFiles/my_robot_interfaces__rosidl_generator_c.dir/rosidl_generator_c/my_robot_interfaces/action/detail/count_until__functions.c.o[0m
[1.280s] [ 12%] [34m[1mGenerating C++ type support dispatch for ROS interfaces[0m
[1.280s] [ 16%] [34m[1mGenerating C++ type support for eProsima Fast-RTPS[0m
[1.280s] [ 19%] [34m[1mGenerating C++ introspection for ROS interfaces[0m
[1.386s] [ 22%] [32m[1mLinking C shared library libmy_robot_interfaces__rosidl_generator_c.so[0m
[1.413s] [ 22%] Built target my_robot_interfaces__rosidl_generator_c
[1.420s] [ 25%] [34m[1mGenerating C type support for eProsima Fast-RTPS[0m
[1.420s] [ 32%] [34m[1mGenerating C introspection for ROS interfaces[0m
[1.420s] [ 32%] [34m[1mGenerating C type support dispatch for ROS interfaces[0m
[1.472s] [ 35%] [32mBuilding CXX object CMakeFiles/my_robot_interfaces__rosidl_typesupport_cpp.dir/rosidl_typesupport_cpp/my_robot_interfaces/action/count_until__type_support.cpp.o[0m
[1.508s] [ 38%] [32mBuilding CXX object CMakeFiles/my_robot_interfaces__rosidl_typesupport_introspection_cpp.dir/rosidl_typesupport_introspection_cpp/my_robot_interfaces/action/detail/count_until__type_support.cpp.o[0m
[1.537s] [ 41%] [32mBuilding CXX object CMakeFiles/my_robot_interfaces__rosidl_typesupport_fastrtps_cpp.dir/rosidl_typesupport_fastrtps_cpp/my_robot_interfaces/action/detail/dds_fastrtps/count_until__type_support.cpp.o[0m
[1.628s] [ 45%] [32mBuilding CXX object CMakeFiles/my_robot_interfaces__rosidl_typesupport_c.dir/rosidl_typesupport_c/my_robot_interfaces/action/count_until__type_support.cpp.o[0m
[1.677s] [ 48%] [32m[1mLinking CXX shared library libmy_robot_interfaces__rosidl_typesupport_c.so[0m
[1.677s] [ 51%] [32mBuilding C object CMakeFiles/my_robot_interfaces__rosidl_typesupport_introspection_c.dir/rosidl_typesupport_introspection_c/my_robot_interfaces/action/detail/count_until__type_support.c.o[0m
[1.686s] [ 54%] [32mBuilding CXX object CMakeFiles/my_robot_interfaces__rosidl_typesupport_fastrtps_c.dir/rosidl_typesupport_fastrtps_c/my_robot_interfaces/action/detail/count_until__type_support_c.cpp.o[0m
[1.709s] [ 58%] [32m[1mLinking C shared library libmy_robot_interfaces__rosidl_typesupport_introspection_c.so[0m
[1.710s] [ 58%] Built target my_robot_interfaces__rosidl_typesupport_c
[1.731s] [ 58%] Built target my_robot_interfaces__rosidl_typesupport_introspection_c
[1.884s] [ 61%] [32m[1mLinking CXX shared library libmy_robot_interfaces__rosidl_typesupport_cpp.so[0m
[1.913s] [ 61%] Built target my_robot_interfaces__rosidl_typesupport_cpp
[1.935s] [ 64%] [32m[1mLinking CXX shared library libmy_robot_interfaces__rosidl_typesupport_fastrtps_cpp.so[0m
[1.981s] [ 64%] Built target my_robot_interfaces__rosidl_typesupport_fastrtps_cpp
[1.989s] [ 67%] [32m[1mLinking CXX shared library libmy_robot_interfaces__rosidl_typesupport_fastrtps_c.so[0m
[1.995s] [ 70%] [32m[1mLinking CXX shared library libmy_robot_interfaces__rosidl_typesupport_introspection_cpp.so[0m
[2.035s] [ 70%] Built target my_robot_interfaces__rosidl_typesupport_fastrtps_c
[2.038s] [ 70%] Built target my_robot_interfaces__rosidl_typesupport_introspection_cpp
[2.049s] [ 70%] Built target my_robot_interfaces
[2.060s] [ 74%] [34m[1mGenerating Python code for ROS interfaces[0m
[2.407s] [ 74%] Built target my_robot_interfaces__py
[2.417s] [ 77%] [32mBuilding C object CMakeFiles/my_robot_interfaces__rosidl_generator_py.dir/rosidl_generator_py/my_robot_interfaces/action/_count_until_s.c.o[0m
[2.514s] [ 80%] [32m[1mLinking C shared library rosidl_generator_py/my_robot_interfaces/libmy_robot_interfaces__rosidl_generator_py.so[0m
[2.537s] [ 80%] Built target my_robot_interfaces__rosidl_generator_py
[2.548s] [ 87%] [32mBuilding C object CMakeFiles/my_robot_interfaces__rosidl_typesupport_introspection_c__pyext.dir/rosidl_generator_py/my_robot_interfaces/_my_robot_interfaces_s.ep.rosidl_typesupport_introspection_c.c.o[0m
[2.548s] [ 87%] [32mBuilding C object CMakeFiles/my_robot_interfaces__rosidl_typesupport_fastrtps_c__pyext.dir/rosidl_generator_py/my_robot_interfaces/_my_robot_interfaces_s.ep.rosidl_typesupport_fastrtps_c.c.o[0m
[2.549s] [ 90%] [32mBuilding C object CMakeFiles/my_robot_interfaces__rosidl_typesupport_c__pyext.dir/rosidl_generator_py/my_robot_interfaces/_my_robot_interfaces_s.ep.rosidl_typesupport_c.c.o[0m
[2.616s] [ 96%] [32m[1mLinking C shared library rosidl_generator_py/my_robot_interfaces/my_robot_interfaces_s__rosidl_typesupport_fastrtps_c.cpython-310-x86_64-linux-gnu.so[0m
[2.616s] [ 96%] [32m[1mLinking C shared library rosidl_generator_py/my_robot_interfaces/my_robot_interfaces_s__rosidl_typesupport_introspection_c.cpython-310-x86_64-linux-gnu.so[0m
[2.617s] [100%] [32m[1mLinking C shared library rosidl_generator_py/my_robot_interfaces/my_robot_interfaces_s__rosidl_typesupport_c.cpython-310-x86_64-linux-gnu.so[0m
[2.638s] [100%] Built target my_robot_interfaces__rosidl_typesupport_introspection_c__pyext
[2.638s] [100%] Built target my_robot_interfaces__rosidl_typesupport_fastrtps_c__pyext
[2.642s] [100%] Built target my_robot_interfaces__rosidl_typesupport_c__pyext
[2.648s] Invoked command in '/home/poom/Desktop/ros_ws/build/my_robot_interfaces' returned '0': CMAKE_PREFIX_PATH=${CMAKE_PREFIX_PATH}:/opt/ros/humble /usr/bin/cmake --build /home/poom/Desktop/ros_ws/build/my_robot_interfaces -- -j16 -l16
[2.681s] Invoking command in '/home/poom/Desktop/ros_ws/build/my_robot_interfaces': CMAKE_PREFIX_PATH=${CMAKE_PREFIX_PATH}:/opt/ros/humble /usr/bin/cmake --install /home/poom/Desktop/ros_ws/build/my_robot_interfaces
[2.685s] -- Install configuration: ""
[2.685s] -- Installing: /home/poom/Desktop/ros_ws/install/my_robot_interfaces/share/ament_index/resource_index/rosidl_interfaces/my_robot_interfaces
[2.685s] -- Installing: /home/poom/Desktop/ros_ws/install/my_robot_interfaces/include/my_robot_interfaces/my_robot_interfaces
[2.686s] -- Installing: /home/poom/Desktop/ros_ws/install/my_robot_interfaces/include/my_robot_interfaces/my_robot_interfaces/msg
[2.686s] -- Installing: /home/poom/Desktop/ros_ws/install/my_robot_interfaces/include/my_robot_interfaces/my_robot_interfaces/msg/rosidl_generator_c__visibility_control.h
[2.686s] -- Installing: /home/poom/Desktop/ros_ws/install/my_robot_interfaces/include/my_robot_interfaces/my_robot_interfaces/action
[2.686s] -- Installing: /home/poom/Desktop/ros_ws/install/my_robot_interfaces/include/my_robot_interfaces/my_robot_interfaces/action/count_until.h
[2.686s] -- Installing: /home/poom/Desktop/ros_ws/install/my_robot_interfaces/include/my_robot_interfaces/my_robot_interfaces/action/detail
[2.686s] -- Installing: /home/poom/Desktop/ros_ws/install/my_robot_interfaces/include/my_robot_interfaces/my_robot_interfaces/action/detail/count_until__functions.c
[2.686s] -- Installing: /home/poom/Desktop/ros_ws/install/my_robot_interfaces/include/my_robot_interfaces/my_robot_interfaces/action/detail/count_until__functions.h
[2.686s] -- Installing: /home/poom/Desktop/ros_ws/install/my_robot_interfaces/include/my_robot_interfaces/my_robot_interfaces/action/detail/count_until__struct.h
[2.686s] -- Installing: /home/poom/Desktop/ros_ws/install/my_robot_interfaces/include/my_robot_interfaces/my_robot_interfaces/action/detail/count_until__type_support.h
[2.686s] -- Installing: /home/poom/Desktop/ros_ws/install/my_robot_interfaces/share/my_robot_interfaces/environment/library_path.sh
[2.686s] -- Installing: /home/poom/Desktop/ros_ws/install/my_robot_interfaces/share/my_robot_interfaces/environment/library_path.dsv
[2.686s] -- Installing: /home/poom/Desktop/ros_ws/install/my_robot_interfaces/lib/libmy_robot_interfaces__rosidl_generator_c.so
[2.686s] -- Set runtime path of "/home/poom/Desktop/ros_ws/install/my_robot_interfaces/lib/libmy_robot_interfaces__rosidl_generator_c.so" to ""
[2.686s] -- Up-to-date: /home/poom/Desktop/ros_ws/install/my_robot_interfaces/include/my_robot_interfaces/my_robot_interfaces
[2.686s] -- Up-to-date: /home/poom/Desktop/ros_ws/install/my_robot_interfaces/include/my_robot_interfaces/my_robot_interfaces/msg
[2.686s] -- Installing: /home/poom/Desktop/ros_ws/install/my_robot_interfaces/include/my_robot_interfaces/my_robot_interfaces/msg/rosidl_typesupport_fastrtps_c__visibility_control.h
[2.686s] -- Up-to-date: /home/poom/Desktop/ros_ws/install/my_robot_interfaces/include/my_robot_interfaces/my_robot_interfaces/action
[2.686s] -- Up-to-date: /home/poom/Desktop/ros_ws/install/my_robot_interfaces/include/my_robot_interfaces/my_robot_interfaces/action/detail
[2.687s] -- Installing: /home/poom/Desktop/ros_ws/install/my_robot_interfaces/include/my_robot_interfaces/my_robot_interfaces/action/detail/count_until__rosidl_typesupport_fastrtps_c.h
[2.687s] -- Installing: /home/poom/Desktop/ros_ws/install/my_robot_interfaces/lib/libmy_robot_interfaces__rosidl_typesupport_fastrtps_c.so
[2.687s] -- Set runtime path of "/home/poom/Desktop/ros_ws/install/my_robot_interfaces/lib/libmy_robot_interfaces__rosidl_typesupport_fastrtps_c.so" to ""
[2.687s] -- Up-to-date: /home/poom/Desktop/ros_ws/install/my_robot_interfaces/include/my_robot_interfaces/my_robot_interfaces
[2.687s] -- Up-to-date: /home/poom/Desktop/ros_ws/install/my_robot_interfaces/include/my_robot_interfaces/my_robot_interfaces/msg
[2.687s] -- Installing: /home/poom/Desktop/ros_ws/install/my_robot_interfaces/include/my_robot_interfaces/my_robot_interfaces/msg/rosidl_typesupport_introspection_c__visibility_control.h
[2.687s] -- Up-to-date: /home/poom/Desktop/ros_ws/install/my_robot_interfaces/include/my_robot_interfaces/my_robot_interfaces/action
[2.687s] -- Up-to-date: /home/poom/Desktop/ros_ws/install/my_robot_interfaces/include/my_robot_interfaces/my_robot_interfaces/action/detail
[2.687s] -- Installing: /home/poom/Desktop/ros_ws/install/my_robot_interfaces/include/my_robot_interfaces/my_robot_interfaces/action/detail/count_until__type_support.c
[2.687s] -- Installing: /home/poom/Desktop/ros_ws/install/my_robot_interfaces/include/my_robot_interfaces/my_robot_interfaces/action/detail/count_until__rosidl_typesupport_introspection_c.h
[2.687s] -- Installing: /home/poom/Desktop/ros_ws/install/my_robot_interfaces/lib/libmy_robot_interfaces__rosidl_typesupport_introspection_c.so
[2.687s] -- Set runtime path of "/home/poom/Desktop/ros_ws/install/my_robot_interfaces/lib/libmy_robot_interfaces__rosidl_typesupport_introspection_c.so" to ""
[2.687s] -- Installing: /home/poom/Desktop/ros_ws/install/my_robot_interfaces/lib/libmy_robot_interfaces__rosidl_typesupport_c.so
[2.687s] -- Set runtime path of "/home/poom/Desktop/ros_ws/install/my_robot_interfaces/lib/libmy_robot_interfaces__rosidl_typesupport_c.so" to ""
[2.687s] -- Up-to-date: /home/poom/Desktop/ros_ws/install/my_robot_interfaces/include/my_robot_interfaces/my_robot_interfaces
[2.687s] -- Up-to-date: /home/poom/Desktop/ros_ws/install/my_robot_interfaces/include/my_robot_interfaces/my_robot_interfaces/action
[2.687s] -- Installing: /home/poom/Desktop/ros_ws/install/my_robot_interfaces/include/my_robot_interfaces/my_robot_interfaces/action/count_until.hpp
[2.687s] -- Up-to-date: /home/poom/Desktop/ros_ws/install/my_robot_interfaces/include/my_robot_interfaces/my_robot_interfaces/action/detail
[2.687s] -- Installing: /home/poom/Desktop/ros_ws/install/my_robot_interfaces/include/my_robot_interfaces/my_robot_interfaces/action/detail/count_until__builder.hpp
[2.687s] -- Installing: /home/poom/Desktop/ros_ws/install/my_robot_interfaces/include/my_robot_interfaces/my_robot_interfaces/action/detail/count_until__traits.hpp
[2.688s] -- Installing: /home/poom/Desktop/ros_ws/install/my_robot_interfaces/include/my_robot_interfaces/my_robot_interfaces/action/detail/count_until__struct.hpp
[2.688s] -- Up-to-date: /home/poom/Desktop/ros_ws/install/my_robot_interfaces/include/my_robot_interfaces/my_robot_interfaces
[2.688s] -- Up-to-date: /home/poom/Desktop/ros_ws/install/my_robot_interfaces/include/my_robot_interfaces/my_robot_interfaces/msg
[2.688s] -- Installing: /home/poom/Desktop/ros_ws/install/my_robot_interfaces/include/my_robot_interfaces/my_robot_interfaces/msg/rosidl_typesupport_fastrtps_cpp__visibility_control.h
[2.688s] -- Up-to-date: /home/poom/Desktop/ros_ws/install/my_robot_interfaces/include/my_robot_interfaces/my_robot_interfaces/action
[2.688s] -- Up-to-date: /home/poom/Desktop/ros_ws/install/my_robot_interfaces/include/my_robot_interfaces/my_robot_interfaces/action/detail
[2.688s] -- Installing: /home/poom/Desktop/ros_ws/install/my_robot_interfaces/include/my_robot_interfaces/my_robot_interfaces/action/detail/count_until__rosidl_typesupport_fastrtps_cpp.hpp
[2.688s] -- Installing: /home/poom/Desktop/ros_ws/install/my_robot_interfaces/include/my_robot_interfaces/my_robot_interfaces/action/detail/dds_fastrtps
[2.688s] -- Installing: /home/poom/Desktop/ros_ws/install/my_robot_interfaces/lib/libmy_robot_interfaces__rosidl_typesupport_fastrtps_cpp.so
[2.688s] -- Set runtime path of "/home/poom/Desktop/ros_ws/install/my_robot_interfaces/lib/libmy_robot_interfaces__rosidl_typesupport_fastrtps_cpp.so" to ""
[2.688s] -- Up-to-date: /home/poom/Desktop/ros_ws/install/my_robot_interfaces/include/my_robot_interfaces/my_robot_interfaces
[2.688s] -- Up-to-date: /home/poom/Desktop/ros_ws/install/my_robot_interfaces/include/my_robot_interfaces/my_robot_interfaces/action
[2.688s] -- Up-to-date: /home/poom/Desktop/ros_ws/install/my_robot_interfaces/include/my_robot_interfaces/my_robot_interfaces/action/detail
[2.688s] -- Installing: /home/poom/Desktop/ros_ws/install/my_robot_interfaces/include/my_robot_interfaces/my_robot_interfaces/action/detail/count_until__rosidl_typesupport_introspection_cpp.hpp
[2.688s] -- Installing: /home/poom/Desktop/ros_ws/install/my_robot_interfaces/include/my_robot_interfaces/my_robot_interfaces/action/detail/count_until__type_support.cpp
[2.688s] -- Installing: /home/poom/Desktop/ros_ws/install/my_robot_interfaces/lib/libmy_robot_interfaces__rosidl_typesupport_introspection_cpp.so
[2.688s] -- Set runtime path of "/home/poom/Desktop/ros_ws/install/my_robot_interfaces/lib/libmy_robot_interfaces__rosidl_typesupport_introspection_cpp.so" to ""
[2.688s] -- Installing: /home/poom/Desktop/ros_ws/install/my_robot_interfaces/lib/libmy_robot_interfaces__rosidl_typesupport_cpp.so
[2.688s] -- Set runtime path of "/home/poom/Desktop/ros_ws/install/my_robot_interfaces/lib/libmy_robot_interfaces__rosidl_typesupport_cpp.so" to ""
[2.688s] -- Installing: /home/poom/Desktop/ros_ws/install/my_robot_interfaces/share/my_robot_interfaces/environment/pythonpath.sh
[2.689s] -- Installing: /home/poom/Desktop/ros_ws/install/my_robot_interfaces/share/my_robot_interfaces/environment/pythonpath.dsv
[2.689s] -- Installing: /home/poom/Desktop/ros_ws/install/my_robot_interfaces/local/lib/python3.10/dist-packages/my_robot_interfaces-0.0.0-py3.10.egg-info
[2.689s] -- Installing: /home/poom/Desktop/ros_ws/install/my_robot_interfaces/local/lib/python3.10/dist-packages/my_robot_interfaces-0.0.0-py3.10.egg-info/SOURCES.txt
[2.689s] -- Installing: /home/poom/Desktop/ros_ws/install/my_robot_interfaces/local/lib/python3.10/dist-packages/my_robot_interfaces-0.0.0-py3.10.egg-info/PKG-INFO
[2.689s] -- Installing: /home/poom/Desktop/ros_ws/install/my_robot_interfaces/local/lib/python3.10/dist-packages/my_robot_interfaces-0.0.0-py3.10.egg-info/top_level.txt
[2.689s] -- Installing: /home/poom/Desktop/ros_ws/install/my_robot_interfaces/local/lib/python3.10/dist-packages/my_robot_interfaces-0.0.0-py3.10.egg-info/dependency_links.txt
[2.689s] -- Installing: /home/poom/Desktop/ros_ws/install/my_robot_interfaces/local/lib/python3.10/dist-packages/my_robot_interfaces
[2.689s] -- Installing: /home/poom/Desktop/ros_ws/install/my_robot_interfaces/local/lib/python3.10/dist-packages/my_robot_interfaces/libmy_robot_interfaces__rosidl_generator_py.so
[2.689s] -- Installing: /home/poom/Desktop/ros_ws/install/my_robot_interfaces/local/lib/python3.10/dist-packages/my_robot_interfaces/_my_robot_interfaces_s.ep.rosidl_typesupport_fastrtps_c.c
[2.689s] -- Installing: /home/poom/Desktop/ros_ws/install/my_robot_interfaces/local/lib/python3.10/dist-packages/my_robot_interfaces/my_robot_interfaces_s__rosidl_typesupport_c.cpython-310-x86_64-linux-gnu.so
[2.689s] -- Installing: /home/poom/Desktop/ros_ws/install/my_robot_interfaces/local/lib/python3.10/dist-packages/my_robot_interfaces/my_robot_interfaces_s__rosidl_typesupport_fastrtps_c.cpython-310-x86_64-linux-gnu.so
[2.689s] -- Installing: /home/poom/Desktop/ros_ws/install/my_robot_interfaces/local/lib/python3.10/dist-packages/my_robot_interfaces/_my_robot_interfaces_s.ep.rosidl_typesupport_c.c
[2.689s] -- Installing: /home/poom/Desktop/ros_ws/install/my_robot_interfaces/local/lib/python3.10/dist-packages/my_robot_interfaces/__init__.py
[2.690s] -- Installing: /home/poom/Desktop/ros_ws/install/my_robot_interfaces/local/lib/python3.10/dist-packages/my_robot_interfaces/_my_robot_interfaces_s.ep.rosidl_typesupport_introspection_c.c
[2.690s] -- Installing: /home/poom/Desktop/ros_ws/install/my_robot_interfaces/local/lib/python3.10/dist-packages/my_robot_interfaces/my_robot_interfaces_s__rosidl_typesupport_introspection_c.cpython-310-x86_64-linux-gnu.so
[2.690s] -- Installing: /home/poom/Desktop/ros_ws/install/my_robot_interfaces/local/lib/python3.10/dist-packages/my_robot_interfaces/action
[2.690s] -- Installing: /home/poom/Desktop/ros_ws/install/my_robot_interfaces/local/lib/python3.10/dist-packages/my_robot_interfaces/action/_count_until_s.c
[2.690s] -- Installing: /home/poom/Desktop/ros_ws/install/my_robot_interfaces/local/lib/python3.10/dist-packages/my_robot_interfaces/action/__init__.py
[2.690s] -- Installing: /home/poom/Desktop/ros_ws/install/my_robot_interfaces/local/lib/python3.10/dist-packages/my_robot_interfaces/action/_count_until.py
[2.711s] Listing '/home/poom/Desktop/ros_ws/install/my_robot_interfaces/local/lib/python3.10/dist-packages/my_robot_interfaces'...
[2.711s] Compiling '/home/poom/Desktop/ros_ws/install/my_robot_interfaces/local/lib/python3.10/dist-packages/my_robot_interfaces/__init__.py'...
[2.711s] Listing '/home/poom/Desktop/ros_ws/install/my_robot_interfaces/local/lib/python3.10/dist-packages/my_robot_interfaces/action'...
[2.711s] Compiling '/home/poom/Desktop/ros_ws/install/my_robot_interfaces/local/lib/python3.10/dist-packages/my_robot_interfaces/action/__init__.py'...
[2.711s] Compiling '/home/poom/Desktop/ros_ws/install/my_robot_interfaces/local/lib/python3.10/dist-packages/my_robot_interfaces/action/_count_until.py'...
[2.713s] -- Installing: /home/poom/Desktop/ros_ws/install/my_robot_interfaces/local/lib/python3.10/dist-packages/my_robot_interfaces/my_robot_interfaces_s__rosidl_typesupport_fastrtps_c.cpython-310-x86_64-linux-gnu.so
[2.713s] -- Set runtime path of "/home/poom/Desktop/ros_ws/install/my_robot_interfaces/local/lib/python3.10/dist-packages/my_robot_interfaces/my_robot_interfaces_s__rosidl_typesupport_fastrtps_c.cpython-310-x86_64-linux-gnu.so" to ""
[2.713s] -- Installing: /home/poom/Desktop/ros_ws/install/my_robot_interfaces/local/lib/python3.10/dist-packages/my_robot_interfaces/my_robot_interfaces_s__rosidl_typesupport_introspection_c.cpython-310-x86_64-linux-gnu.so
[2.713s] -- Set runtime path of "/home/poom/Desktop/ros_ws/install/my_robot_interfaces/local/lib/python3.10/dist-packages/my_robot_interfaces/my_robot_interfaces_s__rosidl_typesupport_introspection_c.cpython-310-x86_64-linux-gnu.so" to ""
[2.713s] -- Installing: /home/poom/Desktop/ros_ws/install/my_robot_interfaces/local/lib/python3.10/dist-packages/my_robot_interfaces/my_robot_interfaces_s__rosidl_typesupport_c.cpython-310-x86_64-linux-gnu.so
[2.713s] -- Set runtime path of "/home/poom/Desktop/ros_ws/install/my_robot_interfaces/local/lib/python3.10/dist-packages/my_robot_interfaces/my_robot_interfaces_s__rosidl_typesupport_c.cpython-310-x86_64-linux-gnu.so" to ""
[2.713s] -- Installing: /home/poom/Desktop/ros_ws/install/my_robot_interfaces/lib/libmy_robot_interfaces__rosidl_generator_py.so
[2.713s] -- Set runtime path of "/home/poom/Desktop/ros_ws/install/my_robot_interfaces/lib/libmy_robot_interfaces__rosidl_generator_py.so" to ""
[2.714s] -- Installing: /home/poom/Desktop/ros_ws/install/my_robot_interfaces/share/my_robot_interfaces/action/CountUntil.idl
[2.714s] -- Installing: /home/poom/Desktop/ros_ws/install/my_robot_interfaces/share/my_robot_interfaces/action/CountUntil.action
[2.714s] -- Installing: /home/poom/Desktop/ros_ws/install/my_robot_interfaces/share/ament_index/resource_index/package_run_dependencies/my_robot_interfaces
[2.714s] -- Installing: /home/poom/Desktop/ros_ws/install/my_robot_interfaces/share/ament_index/resource_index/parent_prefix_path/my_robot_interfaces
[2.714s] -- Installing: /home/poom/Desktop/ros_ws/install/my_robot_interfaces/share/my_robot_interfaces/environment/ament_prefix_path.sh
[2.714s] -- Installing: /home/poom/Desktop/ros_ws/install/my_robot_interfaces/share/my_robot_interfaces/environment/ament_prefix_path.dsv
[2.714s] -- Installing: /home/poom/Desktop/ros_ws/install/my_robot_interfaces/share/my_robot_interfaces/environment/path.sh
[2.714s] -- Installing: /home/poom/Desktop/ros_ws/install/my_robot_interfaces/share/my_robot_interfaces/environment/path.dsv
[2.714s] -- Installing: /home/poom/Desktop/ros_ws/install/my_robot_interfaces/share/my_robot_interfaces/local_setup.bash
[2.714s] -- Installing: /home/poom/Desktop/ros_ws/install/my_robot_interfaces/share/my_robot_interfaces/local_setup.sh
[2.714s] -- Installing: /home/poom/Desktop/ros_ws/install/my_robot_interfaces/share/my_robot_interfaces/local_setup.zsh
[2.714s] -- Installing: /home/poom/Desktop/ros_ws/install/my_robot_interfaces/share/my_robot_interfaces/local_setup.dsv
[2.714s] -- Installing: /home/poom/Desktop/ros_ws/install/my_robot_interfaces/share/my_robot_interfaces/package.dsv
[2.714s] -- Installing: /home/poom/Desktop/ros_ws/install/my_robot_interfaces/share/ament_index/resource_index/packages/my_robot_interfaces
[2.714s] -- Installing: /home/poom/Desktop/ros_ws/install/my_robot_interfaces/share/my_robot_interfaces/cmake/export_my_robot_interfaces__rosidl_generator_cExport.cmake
[2.714s] -- Installing: /home/poom/Desktop/ros_ws/install/my_robot_interfaces/share/my_robot_interfaces/cmake/export_my_robot_interfaces__rosidl_generator_cExport-noconfig.cmake
[2.715s] -- Installing: /home/poom/Desktop/ros_ws/install/my_robot_interfaces/share/my_robot_interfaces/cmake/export_my_robot_interfaces__rosidl_typesupport_fastrtps_cExport.cmake
[2.715s] -- Installing: /home/poom/Desktop/ros_ws/install/my_robot_interfaces/share/my_robot_interfaces/cmake/export_my_robot_interfaces__rosidl_typesupport_fastrtps_cExport-noconfig.cmake
[2.715s] -- Installing: /home/poom/Desktop/ros_ws/install/my_robot_interfaces/share/my_robot_interfaces/cmake/my_robot_interfaces__rosidl_typesupport_introspection_cExport.cmake
[2.715s] -- Installing: /home/poom/Desktop/ros_ws/install/my_robot_interfaces/share/my_robot_interfaces/cmake/my_robot_interfaces__rosidl_typesupport_introspection_cExport-noconfig.cmake
[2.715s] -- Installing: /home/poom/Desktop/ros_ws/install/my_robot_interfaces/share/my_robot_interfaces/cmake/my_robot_interfaces__rosidl_typesupport_cExport.cmake
[2.715s] -- Installing: /home/poom/Desktop/ros_ws/install/my_robot_interfaces/share/my_robot_interfaces/cmake/my_robot_interfaces__rosidl_typesupport_cExport-noconfig.cmake
[2.715s] -- Installing: /home/poom/Desktop/ros_ws/install/my_robot_interfaces/share/my_robot_interfaces/cmake/export_my_robot_interfaces__rosidl_generator_cppExport.cmake
[2.715s] -- Installing: /home/poom/Desktop/ros_ws/install/my_robot_interfaces/share/my_robot_interfaces/cmake/export_my_robot_interfaces__rosidl_typesupport_fastrtps_cppExport.cmake
[2.715s] -- Installing: /home/poom/Desktop/ros_ws/install/my_robot_interfaces/share/my_robot_interfaces/cmake/export_my_robot_interfaces__rosidl_typesupport_fastrtps_cppExport-noconfig.cmake
[2.715s] -- Installing: /home/poom/Desktop/ros_ws/install/my_robot_interfaces/share/my_robot_interfaces/cmake/my_robot_interfaces__rosidl_typesupport_introspection_cppExport.cmake
[2.715s] -- Installing: /home/poom/Desktop/ros_ws/install/my_robot_interfaces/share/my_robot_interfaces/cmake/my_robot_interfaces__rosidl_typesupport_introspection_cppExport-noconfig.cmake
[2.715s] -- Installing: /home/poom/Desktop/ros_ws/install/my_robot_interfaces/share/my_robot_interfaces/cmake/my_robot_interfaces__rosidl_typesupport_cppExport.cmake
[2.715s] -- Installing: /home/poom/Desktop/ros_ws/install/my_robot_interfaces/share/my_robot_interfaces/cmake/my_robot_interfaces__rosidl_typesupport_cppExport-noconfig.cmake
[2.715s] -- Installing: /home/poom/Desktop/ros_ws/install/my_robot_interfaces/share/my_robot_interfaces/cmake/export_my_robot_interfaces__rosidl_generator_pyExport.cmake
[2.715s] -- Installing: /home/poom/Desktop/ros_ws/install/my_robot_interfaces/share/my_robot_interfaces/cmake/export_my_robot_interfaces__rosidl_generator_pyExport-noconfig.cmake
[2.715s] -- Installing: /home/poom/Desktop/ros_ws/install/my_robot_interfaces/share/my_robot_interfaces/cmake/rosidl_cmake-extras.cmake
[2.715s] -- Installing: /home/poom/Desktop/ros_ws/install/my_robot_interfaces/share/my_robot_interfaces/cmake/ament_cmake_export_dependencies-extras.cmake
[2.716s] -- Installing: /home/poom/Desktop/ros_ws/install/my_robot_interfaces/share/my_robot_interfaces/cmake/ament_cmake_export_include_directories-extras.cmake
[2.716s] -- Installing: /home/poom/Desktop/ros_ws/install/my_robot_interfaces/share/my_robot_interfaces/cmake/ament_cmake_export_libraries-extras.cmake
[2.716s] -- Installing: /home/poom/Desktop/ros_ws/install/my_robot_interfaces/share/my_robot_interfaces/cmake/ament_cmake_export_targets-extras.cmake
[2.716s] -- Installing: /home/poom/Desktop/ros_ws/install/my_robot_interfaces/share/my_robot_interfaces/cmake/rosidl_cmake_export_typesupport_targets-extras.cmake
[2.716s] -- Installing: /home/poom/Desktop/ros_ws/install/my_robot_interfaces/share/my_robot_interfaces/cmake/rosidl_cmake_export_typesupport_libraries-extras.cmake
[2.716s] -- Installing: /home/poom/Desktop/ros_ws/install/my_robot_interfaces/share/my_robot_interfaces/cmake/my_robot_interfacesConfig.cmake
[2.716s] -- Installing: /home/poom/Desktop/ros_ws/install/my_robot_interfaces/share/my_robot_interfaces/cmake/my_robot_interfacesConfig-version.cmake
[2.716s] -- Installing: /home/poom/Desktop/ros_ws/install/my_robot_interfaces/share/my_robot_interfaces/package.xml
[2.717s] Invoked command in '/home/poom/Desktop/ros_ws/build/my_robot_interfaces' returned '0': CMAKE_PREFIX_PATH=${CMAKE_PREFIX_PATH}:/opt/ros/humble /usr/bin/cmake --install /home/poom/Desktop/ros_ws/build/my_robot_interfaces
