[0.010s] Invoking command in '/home/poom/Desktop/ros_ws/build/my_robot_interfaces': CMAKE_PREFIX_PATH=${CMAKE_PREFIX_PATH}:/home/poom/Desktop/ros_ws/install/actions_py:/home/poom/Desktop/ros_ws/install/lifecycle_py:/home/poom/Desktop/ros_ws/install/executors_py:/home/poom/Desktop/ros_ws/install/components_py:/opt/ros/humble /usr/bin/cmake --build /home/poom/Desktop/ros_ws/build/my_robot_interfaces -- -j16 -l16
[0.049s] -- Found ament_cmake: 1.3.10 (/opt/ros/humble/share/ament_cmake/cmake)
[0.140s] -- Found rosidl_default_generators: 1.2.0 (/opt/ros/humble/share/rosidl_default_generators/cmake)
[0.143s] -- Using all available rosidl_typesupport_c: rosidl_typesupport_fastrtps_c;rosidl_typesupport_introspection_c
[0.147s] -- Found rosidl_adapter: 3.1.5 (/opt/ros/humble/share/rosidl_adapter/cmake)
[0.175s] -- Using all available rosidl_typesupport_cpp: rosidl_typesupport_fastrtps_cpp;rosidl_typesupport_introspection_cpp
[0.387s] -- Found ament_cmake_ros: 0.10.0 (/opt/ros/humble/share/ament_cmake_ros/cmake)
[0.504s] -- Using all available rosidl_typesupport_c: rosidl_typesupport_fastrtps_c;rosidl_typesupport_introspection_c
[0.647s] -- Using all available rosidl_typesupport_cpp: rosidl_typesupport_fastrtps_cpp;rosidl_typesupport_introspection_cpp
[0.661s] -- Found python_cmake_module: 0.10.0 (/opt/ros/humble/share/python_cmake_module/cmake)
[0.675s] -- Using PYTHON_EXECUTABLE: /usr/bin/python3
[0.675s] -- Using PYTHON_INCLUDE_DIRS: /usr/include/python3.10
[0.675s] -- Using PYTHON_LIBRARIES: /usr/lib/x86_64-linux-gnu/libpython3.10.so
[0.697s] -- Configuring done
[0.738s] -- Generating done
[0.741s] -- Build files have been written to: /home/poom/Desktop/ros_ws/build/my_robot_interfaces
[0.754s] [  2%] [34m[1mGenerating C code for ROS interfaces[0m
[0.760s] [  4%] [34m[1mGenerating C++ code for ROS interfaces[0m
[0.772s] [  4%] Built target ament_cmake_python_copy_my_robot_interfaces
[0.913s] running egg_info
[0.913s] writing my_robot_interfaces.egg-info/PKG-INFO
[0.913s] writing dependency_links to my_robot_interfaces.egg-info/dependency_links.txt
[0.914s] writing top-level names to my_robot_interfaces.egg-info/top_level.txt
[0.916s] reading manifest file 'my_robot_interfaces.egg-info/SOURCES.txt'
[0.917s] writing manifest file 'my_robot_interfaces.egg-info/SOURCES.txt'
[0.934s] [  4%] Built target ament_cmake_python_build_my_robot_interfaces_egg
[1.262s] [35m[1mConsolidate compiler generated dependencies of target my_robot_interfaces__rosidl_generator_c[0m
[1.270s] [  6%] [32mBuilding C object CMakeFiles/my_robot_interfaces__rosidl_generator_c.dir/rosidl_generator_c/my_robot_interfaces/action/detail/count_until__functions.c.o[0m
[1.270s] [  8%] [32mBuilding C object CMakeFiles/my_robot_interfaces__rosidl_generator_c.dir/rosidl_generator_c/my_robot_interfaces/action/detail/move_to_target__functions.c.o[0m
[1.271s] [ 10%] [32mBuilding C object CMakeFiles/my_robot_interfaces__rosidl_generator_c.dir/rosidl_generator_c/my_robot_interfaces/action/detail/move_turtle__functions.c.o[0m
[1.278s] [ 10%] Built target my_robot_interfaces__cpp
[1.285s] [ 14%] [34m[1mGenerating C++ introspection for ROS interfaces[0m
[1.285s] [ 14%] [34m[1mGenerating C++ type support dispatch for ROS interfaces[0m
[1.286s] [ 17%] [34m[1mGenerating C++ type support for eProsima Fast-RTPS[0m
[1.396s] [ 19%] [32m[1mLinking C shared library libmy_robot_interfaces__rosidl_generator_c.so[0m
[1.437s] [ 19%] Built target my_robot_interfaces__rosidl_generator_c
[1.444s] [ 23%] [34m[1mGenerating C type support for eProsima Fast-RTPS[0m
[1.444s] [ 23%] [34m[1mGenerating C introspection for ROS interfaces[0m
[1.444s] [ 25%] [34m[1mGenerating C type support dispatch for ROS interfaces[0m
[1.621s] [35m[1mConsolidate compiler generated dependencies of target my_robot_interfaces__rosidl_typesupport_cpp[0m
[1.631s] [ 27%] [32mBuilding CXX object CMakeFiles/my_robot_interfaces__rosidl_typesupport_cpp.dir/rosidl_typesupport_cpp/my_robot_interfaces/action/count_until__type_support.cpp.o[0m
[1.631s] [ 29%] [32mBuilding CXX object CMakeFiles/my_robot_interfaces__rosidl_typesupport_cpp.dir/rosidl_typesupport_cpp/my_robot_interfaces/action/move_to_target__type_support.cpp.o[0m
[1.632s] [ 31%] [32mBuilding CXX object CMakeFiles/my_robot_interfaces__rosidl_typesupport_cpp.dir/rosidl_typesupport_cpp/my_robot_interfaces/action/move_turtle__type_support.cpp.o[0m
[1.701s] [35m[1mConsolidate compiler generated dependencies of target my_robot_interfaces__rosidl_typesupport_introspection_cpp[0m
[1.713s] [ 34%] [32mBuilding CXX object CMakeFiles/my_robot_interfaces__rosidl_typesupport_introspection_cpp.dir/rosidl_typesupport_introspection_cpp/my_robot_interfaces/action/detail/move_to_target__type_support.cpp.o[0m
[1.713s] [ 36%] [32mBuilding CXX object CMakeFiles/my_robot_interfaces__rosidl_typesupport_introspection_cpp.dir/rosidl_typesupport_introspection_cpp/my_robot_interfaces/action/detail/move_turtle__type_support.cpp.o[0m
[1.713s] [ 38%] [32mBuilding CXX object CMakeFiles/my_robot_interfaces__rosidl_typesupport_introspection_cpp.dir/rosidl_typesupport_introspection_cpp/my_robot_interfaces/action/detail/count_until__type_support.cpp.o[0m
[1.810s] [35m[1mConsolidate compiler generated dependencies of target my_robot_interfaces__rosidl_typesupport_c[0m
[1.821s] [ 40%] [32mBuilding CXX object CMakeFiles/my_robot_interfaces__rosidl_typesupport_c.dir/rosidl_typesupport_c/my_robot_interfaces/action/move_turtle__type_support.cpp.o[0m
[1.822s] [ 42%] [32mBuilding CXX object CMakeFiles/my_robot_interfaces__rosidl_typesupport_c.dir/rosidl_typesupport_c/my_robot_interfaces/action/move_to_target__type_support.cpp.o[0m
[1.823s] [ 44%] [32mBuilding CXX object CMakeFiles/my_robot_interfaces__rosidl_typesupport_c.dir/rosidl_typesupport_c/my_robot_interfaces/action/count_until__type_support.cpp.o[0m
[1.857s] [35m[1mConsolidate compiler generated dependencies of target my_robot_interfaces__rosidl_typesupport_fastrtps_cpp[0m
[1.869s] [ 46%] [32mBuilding CXX object CMakeFiles/my_robot_interfaces__rosidl_typesupport_fastrtps_cpp.dir/rosidl_typesupport_fastrtps_cpp/my_robot_interfaces/action/detail/dds_fastrtps/count_until__type_support.cpp.o[0m
[1.870s] [ 48%] [32mBuilding CXX object CMakeFiles/my_robot_interfaces__rosidl_typesupport_fastrtps_cpp.dir/rosidl_typesupport_fastrtps_cpp/my_robot_interfaces/action/detail/dds_fastrtps/move_turtle__type_support.cpp.o[0m
[1.870s] [ 51%] [32mBuilding CXX object CMakeFiles/my_robot_interfaces__rosidl_typesupport_fastrtps_cpp.dir/rosidl_typesupport_fastrtps_cpp/my_robot_interfaces/action/detail/dds_fastrtps/move_to_target__type_support.cpp.o[0m
[1.876s] [ 53%] [32m[1mLinking CXX shared library libmy_robot_interfaces__rosidl_typesupport_c.so[0m
[1.979s] [ 53%] Built target my_robot_interfaces__rosidl_typesupport_c
[1.995s] [35m[1mConsolidate compiler generated dependencies of target my_robot_interfaces__rosidl_typesupport_introspection_c[0m
[2.005s] [ 55%] [32mBuilding C object CMakeFiles/my_robot_interfaces__rosidl_typesupport_introspection_c.dir/rosidl_typesupport_introspection_c/my_robot_interfaces/action/detail/count_until__type_support.c.o[0m
[2.006s] [ 57%] [32mBuilding C object CMakeFiles/my_robot_interfaces__rosidl_typesupport_introspection_c.dir/rosidl_typesupport_introspection_c/my_robot_interfaces/action/detail/move_to_target__type_support.c.o[0m
[2.006s] [ 59%] [32mBuilding C object CMakeFiles/my_robot_interfaces__rosidl_typesupport_introspection_c.dir/rosidl_typesupport_introspection_c/my_robot_interfaces/action/detail/move_turtle__type_support.c.o[0m
[2.010s] [35m[1mConsolidate compiler generated dependencies of target my_robot_interfaces__rosidl_typesupport_fastrtps_c[0m
[2.020s] [ 61%] [32mBuilding CXX object CMakeFiles/my_robot_interfaces__rosidl_typesupport_fastrtps_c.dir/rosidl_typesupport_fastrtps_c/my_robot_interfaces/action/detail/move_to_target__type_support_c.cpp.o[0m
[2.050s] [ 63%] [32mBuilding CXX object CMakeFiles/my_robot_interfaces__rosidl_typesupport_fastrtps_c.dir/rosidl_typesupport_fastrtps_c/my_robot_interfaces/action/detail/move_turtle__type_support_c.cpp.o[0m
[2.072s] [ 65%] [32mBuilding CXX object CMakeFiles/my_robot_interfaces__rosidl_typesupport_fastrtps_c.dir/rosidl_typesupport_fastrtps_c/my_robot_interfaces/action/detail/count_until__type_support_c.cpp.o[0m
[2.673s] [ 68%] [32m[1mLinking CXX shared library libmy_robot_interfaces__rosidl_typesupport_cpp.so[0m
[2.715s] [ 70%] [32m[1mLinking C shared library libmy_robot_interfaces__rosidl_typesupport_introspection_c.so[0m
[2.716s] [ 70%] Built target my_robot_interfaces__rosidl_typesupport_cpp
[2.747s] [ 70%] Built target my_robot_interfaces__rosidl_typesupport_introspection_c
[2.895s] [ 72%] [32m[1mLinking CXX shared library libmy_robot_interfaces__rosidl_typesupport_introspection_cpp.so[0m
[2.954s] [ 72%] Built target my_robot_interfaces__rosidl_typesupport_introspection_cpp
[2.963s] [ 74%] [32m[1mLinking CXX shared library libmy_robot_interfaces__rosidl_typesupport_fastrtps_c.so[0m
[3.012s] [ 74%] Built target my_robot_interfaces__rosidl_typesupport_fastrtps_c
[3.076s] [ 76%] [32m[1mLinking CXX shared library libmy_robot_interfaces__rosidl_typesupport_fastrtps_cpp.so[0m
[3.114s] [ 76%] Built target my_robot_interfaces__rosidl_typesupport_fastrtps_cpp
[3.125s] [ 76%] Built target my_robot_interfaces
[3.135s] [ 78%] [34m[1mGenerating Python code for ROS interfaces[0m
[4.037s] [ 78%] Built target my_robot_interfaces__py
[4.044s] [35m[1mConsolidate compiler generated dependencies of target my_robot_interfaces__rosidl_generator_py[0m
[4.051s] [ 80%] [32mBuilding C object CMakeFiles/my_robot_interfaces__rosidl_generator_py.dir/rosidl_generator_py/my_robot_interfaces/action/_count_until_s.c.o[0m
[4.051s] [ 82%] [32mBuilding C object CMakeFiles/my_robot_interfaces__rosidl_generator_py.dir/rosidl_generator_py/my_robot_interfaces/action/_move_to_target_s.c.o[0m
[4.051s] [ 85%] [32mBuilding C object CMakeFiles/my_robot_interfaces__rosidl_generator_py.dir/rosidl_generator_py/my_robot_interfaces/action/_move_turtle_s.c.o[0m
[4.159s] [ 87%] [32m[1mLinking C shared library rosidl_generator_py/my_robot_interfaces/libmy_robot_interfaces__rosidl_generator_py.so[0m
[4.181s] [ 87%] Built target my_robot_interfaces__rosidl_generator_py
[4.188s] [35m[1mConsolidate compiler generated dependencies of target my_robot_interfaces__rosidl_typesupport_fastrtps_c__pyext[0m
[4.188s] [35m[1mConsolidate compiler generated dependencies of target my_robot_interfaces__rosidl_typesupport_introspection_c__pyext[0m
[4.188s] [35m[1mConsolidate compiler generated dependencies of target my_robot_interfaces__rosidl_typesupport_c__pyext[0m
[4.195s] [ 89%] [32mBuilding C object CMakeFiles/my_robot_interfaces__rosidl_typesupport_fastrtps_c__pyext.dir/rosidl_generator_py/my_robot_interfaces/_my_robot_interfaces_s.ep.rosidl_typesupport_fastrtps_c.c.o[0m
[4.195s] [ 91%] [32mBuilding C object CMakeFiles/my_robot_interfaces__rosidl_typesupport_introspection_c__pyext.dir/rosidl_generator_py/my_robot_interfaces/_my_robot_interfaces_s.ep.rosidl_typesupport_introspection_c.c.o[0m
[4.195s] [ 93%] [32mBuilding C object CMakeFiles/my_robot_interfaces__rosidl_typesupport_c__pyext.dir/rosidl_generator_py/my_robot_interfaces/_my_robot_interfaces_s.ep.rosidl_typesupport_c.c.o[0m
[4.295s] [ 97%] [32m[1mLinking C shared library rosidl_generator_py/my_robot_interfaces/my_robot_interfaces_s__rosidl_typesupport_introspection_c.cpython-310-x86_64-linux-gnu.so[0m
[4.295s] [ 97%] [32m[1mLinking C shared library rosidl_generator_py/my_robot_interfaces/my_robot_interfaces_s__rosidl_typesupport_fastrtps_c.cpython-310-x86_64-linux-gnu.so[0m
[4.301s] [100%] [32m[1mLinking C shared library rosidl_generator_py/my_robot_interfaces/my_robot_interfaces_s__rosidl_typesupport_c.cpython-310-x86_64-linux-gnu.so[0m
[4.320s] [100%] Built target my_robot_interfaces__rosidl_typesupport_fastrtps_c__pyext
[4.321s] [100%] Built target my_robot_interfaces__rosidl_typesupport_introspection_c__pyext
[4.325s] [100%] Built target my_robot_interfaces__rosidl_typesupport_c__pyext
[4.331s] Invoked command in '/home/poom/Desktop/ros_ws/build/my_robot_interfaces' returned '0': CMAKE_PREFIX_PATH=${CMAKE_PREFIX_PATH}:/home/poom/Desktop/ros_ws/install/actions_py:/home/poom/Desktop/ros_ws/install/lifecycle_py:/home/poom/Desktop/ros_ws/install/executors_py:/home/poom/Desktop/ros_ws/install/components_py:/opt/ros/humble /usr/bin/cmake --build /home/poom/Desktop/ros_ws/build/my_robot_interfaces -- -j16 -l16
[4.391s] Invoking command in '/home/poom/Desktop/ros_ws/build/my_robot_interfaces': CMAKE_PREFIX_PATH=${CMAKE_PREFIX_PATH}:/home/poom/Desktop/ros_ws/install/actions_py:/home/poom/Desktop/ros_ws/install/lifecycle_py:/home/poom/Desktop/ros_ws/install/executors_py:/home/poom/Desktop/ros_ws/install/components_py:/opt/ros/humble /usr/bin/cmake --install /home/poom/Desktop/ros_ws/build/my_robot_interfaces
[4.395s] -- Install configuration: ""
[4.395s] -- Installing: /home/poom/Desktop/ros_ws/install/my_robot_interfaces/share/ament_index/resource_index/rosidl_interfaces/my_robot_interfaces
[4.395s] -- Up-to-date: /home/poom/Desktop/ros_ws/install/my_robot_interfaces/include/my_robot_interfaces/my_robot_interfaces
[4.395s] -- Up-to-date: /home/poom/Desktop/ros_ws/install/my_robot_interfaces/include/my_robot_interfaces/my_robot_interfaces/msg
[4.395s] -- Up-to-date: /home/poom/Desktop/ros_ws/install/my_robot_interfaces/include/my_robot_interfaces/my_robot_interfaces/msg/rosidl_generator_c__visibility_control.h
[4.395s] -- Up-to-date: /home/poom/Desktop/ros_ws/install/my_robot_interfaces/include/my_robot_interfaces/my_robot_interfaces/action
[4.396s] -- Installing: /home/poom/Desktop/ros_ws/install/my_robot_interfaces/include/my_robot_interfaces/my_robot_interfaces/action/move_turtle.h
[4.396s] -- Installing: /home/poom/Desktop/ros_ws/install/my_robot_interfaces/include/my_robot_interfaces/my_robot_interfaces/action/count_until.h
[4.396s] -- Installing: /home/poom/Desktop/ros_ws/install/my_robot_interfaces/include/my_robot_interfaces/my_robot_interfaces/action/move_to_target.h
[4.396s] -- Up-to-date: /home/poom/Desktop/ros_ws/install/my_robot_interfaces/include/my_robot_interfaces/my_robot_interfaces/action/detail
[4.396s] -- Installing: /home/poom/Desktop/ros_ws/install/my_robot_interfaces/include/my_robot_interfaces/my_robot_interfaces/action/detail/count_until__functions.c
[4.396s] -- Installing: /home/poom/Desktop/ros_ws/install/my_robot_interfaces/include/my_robot_interfaces/my_robot_interfaces/action/detail/move_turtle__type_support.h
[4.396s] -- Installing: /home/poom/Desktop/ros_ws/install/my_robot_interfaces/include/my_robot_interfaces/my_robot_interfaces/action/detail/move_turtle__functions.h
[4.396s] -- Installing: /home/poom/Desktop/ros_ws/install/my_robot_interfaces/include/my_robot_interfaces/my_robot_interfaces/action/detail/count_until__functions.h
[4.396s] -- Installing: /home/poom/Desktop/ros_ws/install/my_robot_interfaces/include/my_robot_interfaces/my_robot_interfaces/action/detail/move_to_target__functions.c
[4.396s] -- Installing: /home/poom/Desktop/ros_ws/install/my_robot_interfaces/include/my_robot_interfaces/my_robot_interfaces/action/detail/move_to_target__struct.h
[4.396s] -- Installing: /home/poom/Desktop/ros_ws/install/my_robot_interfaces/include/my_robot_interfaces/my_robot_interfaces/action/detail/move_turtle__struct.h
[4.396s] -- Installing: /home/poom/Desktop/ros_ws/install/my_robot_interfaces/include/my_robot_interfaces/my_robot_interfaces/action/detail/move_to_target__functions.h
[4.396s] -- Installing: /home/poom/Desktop/ros_ws/install/my_robot_interfaces/include/my_robot_interfaces/my_robot_interfaces/action/detail/count_until__struct.h
[4.396s] -- Installing: /home/poom/Desktop/ros_ws/install/my_robot_interfaces/include/my_robot_interfaces/my_robot_interfaces/action/detail/count_until__type_support.h
[4.396s] -- Installing: /home/poom/Desktop/ros_ws/install/my_robot_interfaces/include/my_robot_interfaces/my_robot_interfaces/action/detail/move_to_target__type_support.h
[4.396s] -- Installing: /home/poom/Desktop/ros_ws/install/my_robot_interfaces/include/my_robot_interfaces/my_robot_interfaces/action/detail/move_turtle__functions.c
[4.396s] -- Up-to-date: /home/poom/Desktop/ros_ws/install/my_robot_interfaces/share/my_robot_interfaces/environment/library_path.sh
[4.396s] -- Installing: /home/poom/Desktop/ros_ws/install/my_robot_interfaces/share/my_robot_interfaces/environment/library_path.dsv
[4.397s] -- Installing: /home/poom/Desktop/ros_ws/install/my_robot_interfaces/lib/libmy_robot_interfaces__rosidl_generator_c.so
[4.397s] -- Set runtime path of "/home/poom/Desktop/ros_ws/install/my_robot_interfaces/lib/libmy_robot_interfaces__rosidl_generator_c.so" to ""
[4.397s] -- Up-to-date: /home/poom/Desktop/ros_ws/install/my_robot_interfaces/include/my_robot_interfaces/my_robot_interfaces
[4.397s] -- Up-to-date: /home/poom/Desktop/ros_ws/install/my_robot_interfaces/include/my_robot_interfaces/my_robot_interfaces/msg
[4.397s] -- Up-to-date: /home/poom/Desktop/ros_ws/install/my_robot_interfaces/include/my_robot_interfaces/my_robot_interfaces/msg/rosidl_typesupport_fastrtps_c__visibility_control.h
[4.397s] -- Up-to-date: /home/poom/Desktop/ros_ws/install/my_robot_interfaces/include/my_robot_interfaces/my_robot_interfaces/action
[4.397s] -- Up-to-date: /home/poom/Desktop/ros_ws/install/my_robot_interfaces/include/my_robot_interfaces/my_robot_interfaces/action/detail
[4.397s] -- Installing: /home/poom/Desktop/ros_ws/install/my_robot_interfaces/include/my_robot_interfaces/my_robot_interfaces/action/detail/move_to_target__rosidl_typesupport_fastrtps_c.h
[4.397s] -- Installing: /home/poom/Desktop/ros_ws/install/my_robot_interfaces/include/my_robot_interfaces/my_robot_interfaces/action/detail/count_until__rosidl_typesupport_fastrtps_c.h
[4.397s] -- Installing: /home/poom/Desktop/ros_ws/install/my_robot_interfaces/include/my_robot_interfaces/my_robot_interfaces/action/detail/move_turtle__rosidl_typesupport_fastrtps_c.h
[4.398s] -- Installing: /home/poom/Desktop/ros_ws/install/my_robot_interfaces/lib/libmy_robot_interfaces__rosidl_typesupport_fastrtps_c.so
[4.398s] -- Set runtime path of "/home/poom/Desktop/ros_ws/install/my_robot_interfaces/lib/libmy_robot_interfaces__rosidl_typesupport_fastrtps_c.so" to ""
[4.398s] -- Up-to-date: /home/poom/Desktop/ros_ws/install/my_robot_interfaces/include/my_robot_interfaces/my_robot_interfaces
[4.398s] -- Up-to-date: /home/poom/Desktop/ros_ws/install/my_robot_interfaces/include/my_robot_interfaces/my_robot_interfaces/msg
[4.398s] -- Up-to-date: /home/poom/Desktop/ros_ws/install/my_robot_interfaces/include/my_robot_interfaces/my_robot_interfaces/msg/rosidl_typesupport_introspection_c__visibility_control.h
[4.398s] -- Up-to-date: /home/poom/Desktop/ros_ws/install/my_robot_interfaces/include/my_robot_interfaces/my_robot_interfaces/action
[4.398s] -- Up-to-date: /home/poom/Desktop/ros_ws/install/my_robot_interfaces/include/my_robot_interfaces/my_robot_interfaces/action/detail
[4.398s] -- Installing: /home/poom/Desktop/ros_ws/install/my_robot_interfaces/include/my_robot_interfaces/my_robot_interfaces/action/detail/count_until__type_support.c
[4.399s] -- Installing: /home/poom/Desktop/ros_ws/install/my_robot_interfaces/include/my_robot_interfaces/my_robot_interfaces/action/detail/move_to_target__type_support.c
[4.399s] -- Installing: /home/poom/Desktop/ros_ws/install/my_robot_interfaces/include/my_robot_interfaces/my_robot_interfaces/action/detail/move_turtle__type_support.c
[4.399s] -- Installing: /home/poom/Desktop/ros_ws/install/my_robot_interfaces/include/my_robot_interfaces/my_robot_interfaces/action/detail/move_turtle__rosidl_typesupport_introspection_c.h
[4.399s] -- Installing: /home/poom/Desktop/ros_ws/install/my_robot_interfaces/include/my_robot_interfaces/my_robot_interfaces/action/detail/count_until__rosidl_typesupport_introspection_c.h
[4.399s] -- Installing: /home/poom/Desktop/ros_ws/install/my_robot_interfaces/include/my_robot_interfaces/my_robot_interfaces/action/detail/move_to_target__rosidl_typesupport_introspection_c.h
[4.399s] -- Installing: /home/poom/Desktop/ros_ws/install/my_robot_interfaces/lib/libmy_robot_interfaces__rosidl_typesupport_introspection_c.so
[4.399s] -- Set runtime path of "/home/poom/Desktop/ros_ws/install/my_robot_interfaces/lib/libmy_robot_interfaces__rosidl_typesupport_introspection_c.so" to ""
[4.400s] -- Installing: /home/poom/Desktop/ros_ws/install/my_robot_interfaces/lib/libmy_robot_interfaces__rosidl_typesupport_c.so
[4.400s] -- Set runtime path of "/home/poom/Desktop/ros_ws/install/my_robot_interfaces/lib/libmy_robot_interfaces__rosidl_typesupport_c.so" to ""
[4.400s] -- Up-to-date: /home/poom/Desktop/ros_ws/install/my_robot_interfaces/include/my_robot_interfaces/my_robot_interfaces
[4.400s] -- Up-to-date: /home/poom/Desktop/ros_ws/install/my_robot_interfaces/include/my_robot_interfaces/my_robot_interfaces/action
[4.400s] -- Installing: /home/poom/Desktop/ros_ws/install/my_robot_interfaces/include/my_robot_interfaces/my_robot_interfaces/action/move_turtle.hpp
[4.400s] -- Installing: /home/poom/Desktop/ros_ws/install/my_robot_interfaces/include/my_robot_interfaces/my_robot_interfaces/action/move_to_target.hpp
[4.400s] -- Installing: /home/poom/Desktop/ros_ws/install/my_robot_interfaces/include/my_robot_interfaces/my_robot_interfaces/action/count_until.hpp
[4.401s] -- Up-to-date: /home/poom/Desktop/ros_ws/install/my_robot_interfaces/include/my_robot_interfaces/my_robot_interfaces/action/detail
[4.401s] -- Installing: /home/poom/Desktop/ros_ws/install/my_robot_interfaces/include/my_robot_interfaces/my_robot_interfaces/action/detail/count_until__builder.hpp
[4.401s] -- Installing: /home/poom/Desktop/ros_ws/install/my_robot_interfaces/include/my_robot_interfaces/my_robot_interfaces/action/detail/move_to_target__struct.hpp
[4.401s] -- Installing: /home/poom/Desktop/ros_ws/install/my_robot_interfaces/include/my_robot_interfaces/my_robot_interfaces/action/detail/count_until__traits.hpp
[4.401s] -- Installing: /home/poom/Desktop/ros_ws/install/my_robot_interfaces/include/my_robot_interfaces/my_robot_interfaces/action/detail/move_turtle__builder.hpp
[4.401s] -- Installing: /home/poom/Desktop/ros_ws/install/my_robot_interfaces/include/my_robot_interfaces/my_robot_interfaces/action/detail/move_turtle__struct.hpp
[4.401s] -- Installing: /home/poom/Desktop/ros_ws/install/my_robot_interfaces/include/my_robot_interfaces/my_robot_interfaces/action/detail/move_to_target__traits.hpp
[4.401s] -- Installing: /home/poom/Desktop/ros_ws/install/my_robot_interfaces/include/my_robot_interfaces/my_robot_interfaces/action/detail/move_turtle__traits.hpp
[4.401s] -- Installing: /home/poom/Desktop/ros_ws/install/my_robot_interfaces/include/my_robot_interfaces/my_robot_interfaces/action/detail/count_until__struct.hpp
[4.401s] -- Installing: /home/poom/Desktop/ros_ws/install/my_robot_interfaces/include/my_robot_interfaces/my_robot_interfaces/action/detail/move_to_target__builder.hpp
[4.401s] -- Up-to-date: /home/poom/Desktop/ros_ws/install/my_robot_interfaces/include/my_robot_interfaces/my_robot_interfaces
[4.401s] -- Up-to-date: /home/poom/Desktop/ros_ws/install/my_robot_interfaces/include/my_robot_interfaces/my_robot_interfaces/msg
[4.401s] -- Up-to-date: /home/poom/Desktop/ros_ws/install/my_robot_interfaces/include/my_robot_interfaces/my_robot_interfaces/msg/rosidl_typesupport_fastrtps_cpp__visibility_control.h
[4.401s] -- Up-to-date: /home/poom/Desktop/ros_ws/install/my_robot_interfaces/include/my_robot_interfaces/my_robot_interfaces/action
[4.401s] -- Up-to-date: /home/poom/Desktop/ros_ws/install/my_robot_interfaces/include/my_robot_interfaces/my_robot_interfaces/action/detail
[4.401s] -- Installing: /home/poom/Desktop/ros_ws/install/my_robot_interfaces/include/my_robot_interfaces/my_robot_interfaces/action/detail/move_turtle__rosidl_typesupport_fastrtps_cpp.hpp
[4.401s] -- Installing: /home/poom/Desktop/ros_ws/install/my_robot_interfaces/include/my_robot_interfaces/my_robot_interfaces/action/detail/count_until__rosidl_typesupport_fastrtps_cpp.hpp
[4.401s] -- Up-to-date: /home/poom/Desktop/ros_ws/install/my_robot_interfaces/include/my_robot_interfaces/my_robot_interfaces/action/detail/dds_fastrtps
[4.401s] -- Installing: /home/poom/Desktop/ros_ws/install/my_robot_interfaces/include/my_robot_interfaces/my_robot_interfaces/action/detail/move_to_target__rosidl_typesupport_fastrtps_cpp.hpp
[4.402s] -- Installing: /home/poom/Desktop/ros_ws/install/my_robot_interfaces/lib/libmy_robot_interfaces__rosidl_typesupport_fastrtps_cpp.so
[4.402s] -- Set runtime path of "/home/poom/Desktop/ros_ws/install/my_robot_interfaces/lib/libmy_robot_interfaces__rosidl_typesupport_fastrtps_cpp.so" to ""
[4.402s] -- Up-to-date: /home/poom/Desktop/ros_ws/install/my_robot_interfaces/include/my_robot_interfaces/my_robot_interfaces
[4.402s] -- Up-to-date: /home/poom/Desktop/ros_ws/install/my_robot_interfaces/include/my_robot_interfaces/my_robot_interfaces/action
[4.402s] -- Up-to-date: /home/poom/Desktop/ros_ws/install/my_robot_interfaces/include/my_robot_interfaces/my_robot_interfaces/action/detail
[4.402s] -- Installing: /home/poom/Desktop/ros_ws/install/my_robot_interfaces/include/my_robot_interfaces/my_robot_interfaces/action/detail/count_until__rosidl_typesupport_introspection_cpp.hpp
[4.402s] -- Installing: /home/poom/Desktop/ros_ws/install/my_robot_interfaces/include/my_robot_interfaces/my_robot_interfaces/action/detail/move_turtle__rosidl_typesupport_introspection_cpp.hpp
[4.402s] -- Installing: /home/poom/Desktop/ros_ws/install/my_robot_interfaces/include/my_robot_interfaces/my_robot_interfaces/action/detail/count_until__type_support.cpp
[4.402s] -- Installing: /home/poom/Desktop/ros_ws/install/my_robot_interfaces/include/my_robot_interfaces/my_robot_interfaces/action/detail/move_turtle__type_support.cpp
[4.402s] -- Installing: /home/poom/Desktop/ros_ws/install/my_robot_interfaces/include/my_robot_interfaces/my_robot_interfaces/action/detail/move_to_target__rosidl_typesupport_introspection_cpp.hpp
[4.402s] -- Installing: /home/poom/Desktop/ros_ws/install/my_robot_interfaces/include/my_robot_interfaces/my_robot_interfaces/action/detail/move_to_target__type_support.cpp
[4.403s] -- Installing: /home/poom/Desktop/ros_ws/install/my_robot_interfaces/lib/libmy_robot_interfaces__rosidl_typesupport_introspection_cpp.so
[4.403s] -- Set runtime path of "/home/poom/Desktop/ros_ws/install/my_robot_interfaces/lib/libmy_robot_interfaces__rosidl_typesupport_introspection_cpp.so" to ""
[4.404s] -- Installing: /home/poom/Desktop/ros_ws/install/my_robot_interfaces/lib/libmy_robot_interfaces__rosidl_typesupport_cpp.so
[4.404s] -- Set runtime path of "/home/poom/Desktop/ros_ws/install/my_robot_interfaces/lib/libmy_robot_interfaces__rosidl_typesupport_cpp.so" to ""
[4.404s] -- Up-to-date: /home/poom/Desktop/ros_ws/install/my_robot_interfaces/share/my_robot_interfaces/environment/pythonpath.sh
[4.404s] -- Installing: /home/poom/Desktop/ros_ws/install/my_robot_interfaces/share/my_robot_interfaces/environment/pythonpath.dsv
[4.404s] -- Up-to-date: /home/poom/Desktop/ros_ws/install/my_robot_interfaces/local/lib/python3.10/dist-packages/my_robot_interfaces-0.0.0-py3.10.egg-info
[4.404s] -- Installing: /home/poom/Desktop/ros_ws/install/my_robot_interfaces/local/lib/python3.10/dist-packages/my_robot_interfaces-0.0.0-py3.10.egg-info/SOURCES.txt
[4.404s] -- Installing: /home/poom/Desktop/ros_ws/install/my_robot_interfaces/local/lib/python3.10/dist-packages/my_robot_interfaces-0.0.0-py3.10.egg-info/PKG-INFO
[4.404s] -- Installing: /home/poom/Desktop/ros_ws/install/my_robot_interfaces/local/lib/python3.10/dist-packages/my_robot_interfaces-0.0.0-py3.10.egg-info/top_level.txt
[4.404s] -- Installing: /home/poom/Desktop/ros_ws/install/my_robot_interfaces/local/lib/python3.10/dist-packages/my_robot_interfaces-0.0.0-py3.10.egg-info/dependency_links.txt
[4.404s] -- Up-to-date: /home/poom/Desktop/ros_ws/install/my_robot_interfaces/local/lib/python3.10/dist-packages/my_robot_interfaces
[4.404s] -- Installing: /home/poom/Desktop/ros_ws/install/my_robot_interfaces/local/lib/python3.10/dist-packages/my_robot_interfaces/libmy_robot_interfaces__rosidl_generator_py.so
[4.404s] -- Installing: /home/poom/Desktop/ros_ws/install/my_robot_interfaces/local/lib/python3.10/dist-packages/my_robot_interfaces/_my_robot_interfaces_s.ep.rosidl_typesupport_fastrtps_c.c
[4.405s] -- Installing: /home/poom/Desktop/ros_ws/install/my_robot_interfaces/local/lib/python3.10/dist-packages/my_robot_interfaces/my_robot_interfaces_s__rosidl_typesupport_c.cpython-310-x86_64-linux-gnu.so
[4.405s] -- Installing: /home/poom/Desktop/ros_ws/install/my_robot_interfaces/local/lib/python3.10/dist-packages/my_robot_interfaces/my_robot_interfaces_s__rosidl_typesupport_fastrtps_c.cpython-310-x86_64-linux-gnu.so
[4.405s] -- Installing: /home/poom/Desktop/ros_ws/install/my_robot_interfaces/local/lib/python3.10/dist-packages/my_robot_interfaces/_my_robot_interfaces_s.ep.rosidl_typesupport_c.c
[4.405s] -- Installing: /home/poom/Desktop/ros_ws/install/my_robot_interfaces/local/lib/python3.10/dist-packages/my_robot_interfaces/__init__.py
[4.405s] -- Installing: /home/poom/Desktop/ros_ws/install/my_robot_interfaces/local/lib/python3.10/dist-packages/my_robot_interfaces/_my_robot_interfaces_s.ep.rosidl_typesupport_introspection_c.c
[4.405s] -- Installing: /home/poom/Desktop/ros_ws/install/my_robot_interfaces/local/lib/python3.10/dist-packages/my_robot_interfaces/my_robot_interfaces_s__rosidl_typesupport_introspection_c.cpython-310-x86_64-linux-gnu.so
[4.405s] -- Up-to-date: /home/poom/Desktop/ros_ws/install/my_robot_interfaces/local/lib/python3.10/dist-packages/my_robot_interfaces/action
[4.405s] -- Installing: /home/poom/Desktop/ros_ws/install/my_robot_interfaces/local/lib/python3.10/dist-packages/my_robot_interfaces/action/_move_turtle_s.c
[4.405s] -- Installing: /home/poom/Desktop/ros_ws/install/my_robot_interfaces/local/lib/python3.10/dist-packages/my_robot_interfaces/action/_count_until_s.c
[4.405s] -- Installing: /home/poom/Desktop/ros_ws/install/my_robot_interfaces/local/lib/python3.10/dist-packages/my_robot_interfaces/action/_move_turtle.py
[4.405s] -- Installing: /home/poom/Desktop/ros_ws/install/my_robot_interfaces/local/lib/python3.10/dist-packages/my_robot_interfaces/action/__init__.py
[4.405s] -- Installing: /home/poom/Desktop/ros_ws/install/my_robot_interfaces/local/lib/python3.10/dist-packages/my_robot_interfaces/action/_count_until.py
[4.405s] -- Installing: /home/poom/Desktop/ros_ws/install/my_robot_interfaces/local/lib/python3.10/dist-packages/my_robot_interfaces/action/_move_to_target.py
[4.405s] -- Installing: /home/poom/Desktop/ros_ws/install/my_robot_interfaces/local/lib/python3.10/dist-packages/my_robot_interfaces/action/_move_to_target_s.c
[4.445s] Listing '/home/poom/Desktop/ros_ws/install/my_robot_interfaces/local/lib/python3.10/dist-packages/my_robot_interfaces'...
[4.445s] Compiling '/home/poom/Desktop/ros_ws/install/my_robot_interfaces/local/lib/python3.10/dist-packages/my_robot_interfaces/__init__.py'...
[4.445s] Listing '/home/poom/Desktop/ros_ws/install/my_robot_interfaces/local/lib/python3.10/dist-packages/my_robot_interfaces/action'...
[4.445s] Compiling '/home/poom/Desktop/ros_ws/install/my_robot_interfaces/local/lib/python3.10/dist-packages/my_robot_interfaces/action/__init__.py'...
[4.445s] Compiling '/home/poom/Desktop/ros_ws/install/my_robot_interfaces/local/lib/python3.10/dist-packages/my_robot_interfaces/action/_count_until.py'...
[4.445s] Compiling '/home/poom/Desktop/ros_ws/install/my_robot_interfaces/local/lib/python3.10/dist-packages/my_robot_interfaces/action/_move_to_target.py'...
[4.445s] Compiling '/home/poom/Desktop/ros_ws/install/my_robot_interfaces/local/lib/python3.10/dist-packages/my_robot_interfaces/action/_move_turtle.py'...
[4.447s] -- Installing: /home/poom/Desktop/ros_ws/install/my_robot_interfaces/local/lib/python3.10/dist-packages/my_robot_interfaces/my_robot_interfaces_s__rosidl_typesupport_fastrtps_c.cpython-310-x86_64-linux-gnu.so
[4.448s] -- Set runtime path of "/home/poom/Desktop/ros_ws/install/my_robot_interfaces/local/lib/python3.10/dist-packages/my_robot_interfaces/my_robot_interfaces_s__rosidl_typesupport_fastrtps_c.cpython-310-x86_64-linux-gnu.so" to ""
[4.448s] -- Installing: /home/poom/Desktop/ros_ws/install/my_robot_interfaces/local/lib/python3.10/dist-packages/my_robot_interfaces/my_robot_interfaces_s__rosidl_typesupport_introspection_c.cpython-310-x86_64-linux-gnu.so
[4.448s] -- Set runtime path of "/home/poom/Desktop/ros_ws/install/my_robot_interfaces/local/lib/python3.10/dist-packages/my_robot_interfaces/my_robot_interfaces_s__rosidl_typesupport_introspection_c.cpython-310-x86_64-linux-gnu.so" to ""
[4.448s] -- Installing: /home/poom/Desktop/ros_ws/install/my_robot_interfaces/local/lib/python3.10/dist-packages/my_robot_interfaces/my_robot_interfaces_s__rosidl_typesupport_c.cpython-310-x86_64-linux-gnu.so
[4.448s] -- Set runtime path of "/home/poom/Desktop/ros_ws/install/my_robot_interfaces/local/lib/python3.10/dist-packages/my_robot_interfaces/my_robot_interfaces_s__rosidl_typesupport_c.cpython-310-x86_64-linux-gnu.so" to ""
[4.450s] -- Installing: /home/poom/Desktop/ros_ws/install/my_robot_interfaces/lib/libmy_robot_interfaces__rosidl_generator_py.so
[4.450s] -- Set runtime path of "/home/poom/Desktop/ros_ws/install/my_robot_interfaces/lib/libmy_robot_interfaces__rosidl_generator_py.so" to ""
[4.450s] -- Up-to-date: /home/poom/Desktop/ros_ws/install/my_robot_interfaces/share/my_robot_interfaces/action/CountUntil.idl
[4.450s] -- Installing: /home/poom/Desktop/ros_ws/install/my_robot_interfaces/share/my_robot_interfaces/action/MoveToTarget.idl
[4.450s] -- Installing: /home/poom/Desktop/ros_ws/install/my_robot_interfaces/share/my_robot_interfaces/action/MoveTurtle.idl
[4.451s] -- Up-to-date: /home/poom/Desktop/ros_ws/install/my_robot_interfaces/share/my_robot_interfaces/action/CountUntil.action
[4.451s] -- Installing: /home/poom/Desktop/ros_ws/install/my_robot_interfaces/share/my_robot_interfaces/action/MoveToTarget.action
[4.451s] -- Installing: /home/poom/Desktop/ros_ws/install/my_robot_interfaces/share/my_robot_interfaces/action/MoveTurtle.action
[4.451s] -- Up-to-date: /home/poom/Desktop/ros_ws/install/my_robot_interfaces/share/ament_index/resource_index/package_run_dependencies/my_robot_interfaces
[4.451s] -- Installing: /home/poom/Desktop/ros_ws/install/my_robot_interfaces/share/ament_index/resource_index/parent_prefix_path/my_robot_interfaces
[4.451s] -- Up-to-date: /home/poom/Desktop/ros_ws/install/my_robot_interfaces/share/my_robot_interfaces/environment/ament_prefix_path.sh
[4.451s] -- Installing: /home/poom/Desktop/ros_ws/install/my_robot_interfaces/share/my_robot_interfaces/environment/ament_prefix_path.dsv
[4.451s] -- Up-to-date: /home/poom/Desktop/ros_ws/install/my_robot_interfaces/share/my_robot_interfaces/environment/path.sh
[4.451s] -- Installing: /home/poom/Desktop/ros_ws/install/my_robot_interfaces/share/my_robot_interfaces/environment/path.dsv
[4.451s] -- Up-to-date: /home/poom/Desktop/ros_ws/install/my_robot_interfaces/share/my_robot_interfaces/local_setup.bash
[4.451s] -- Up-to-date: /home/poom/Desktop/ros_ws/install/my_robot_interfaces/share/my_robot_interfaces/local_setup.sh
[4.452s] -- Up-to-date: /home/poom/Desktop/ros_ws/install/my_robot_interfaces/share/my_robot_interfaces/local_setup.zsh
[4.452s] -- Installing: /home/poom/Desktop/ros_ws/install/my_robot_interfaces/share/my_robot_interfaces/local_setup.dsv
[4.452s] -- Installing: /home/poom/Desktop/ros_ws/install/my_robot_interfaces/share/my_robot_interfaces/package.dsv
[4.452s] -- Up-to-date: /home/poom/Desktop/ros_ws/install/my_robot_interfaces/share/ament_index/resource_index/packages/my_robot_interfaces
[4.452s] -- Up-to-date: /home/poom/Desktop/ros_ws/install/my_robot_interfaces/share/my_robot_interfaces/cmake/export_my_robot_interfaces__rosidl_generator_cExport.cmake
[4.452s] -- Up-to-date: /home/poom/Desktop/ros_ws/install/my_robot_interfaces/share/my_robot_interfaces/cmake/export_my_robot_interfaces__rosidl_generator_cExport-noconfig.cmake
[4.452s] -- Up-to-date: /home/poom/Desktop/ros_ws/install/my_robot_interfaces/share/my_robot_interfaces/cmake/export_my_robot_interfaces__rosidl_typesupport_fastrtps_cExport.cmake
[4.453s] -- Up-to-date: /home/poom/Desktop/ros_ws/install/my_robot_interfaces/share/my_robot_interfaces/cmake/export_my_robot_interfaces__rosidl_typesupport_fastrtps_cExport-noconfig.cmake
[4.453s] -- Up-to-date: /home/poom/Desktop/ros_ws/install/my_robot_interfaces/share/my_robot_interfaces/cmake/my_robot_interfaces__rosidl_typesupport_introspection_cExport.cmake
[4.453s] -- Up-to-date: /home/poom/Desktop/ros_ws/install/my_robot_interfaces/share/my_robot_interfaces/cmake/my_robot_interfaces__rosidl_typesupport_introspection_cExport-noconfig.cmake
[4.453s] -- Up-to-date: /home/poom/Desktop/ros_ws/install/my_robot_interfaces/share/my_robot_interfaces/cmake/my_robot_interfaces__rosidl_typesupport_cExport.cmake
[4.453s] -- Up-to-date: /home/poom/Desktop/ros_ws/install/my_robot_interfaces/share/my_robot_interfaces/cmake/my_robot_interfaces__rosidl_typesupport_cExport-noconfig.cmake
[4.453s] -- Up-to-date: /home/poom/Desktop/ros_ws/install/my_robot_interfaces/share/my_robot_interfaces/cmake/export_my_robot_interfaces__rosidl_generator_cppExport.cmake
[4.454s] -- Up-to-date: /home/poom/Desktop/ros_ws/install/my_robot_interfaces/share/my_robot_interfaces/cmake/export_my_robot_interfaces__rosidl_typesupport_fastrtps_cppExport.cmake
[4.454s] -- Up-to-date: /home/poom/Desktop/ros_ws/install/my_robot_interfaces/share/my_robot_interfaces/cmake/export_my_robot_interfaces__rosidl_typesupport_fastrtps_cppExport-noconfig.cmake
[4.454s] -- Up-to-date: /home/poom/Desktop/ros_ws/install/my_robot_interfaces/share/my_robot_interfaces/cmake/my_robot_interfaces__rosidl_typesupport_introspection_cppExport.cmake
[4.454s] -- Up-to-date: /home/poom/Desktop/ros_ws/install/my_robot_interfaces/share/my_robot_interfaces/cmake/my_robot_interfaces__rosidl_typesupport_introspection_cppExport-noconfig.cmake
[4.454s] -- Up-to-date: /home/poom/Desktop/ros_ws/install/my_robot_interfaces/share/my_robot_interfaces/cmake/my_robot_interfaces__rosidl_typesupport_cppExport.cmake
[4.454s] -- Up-to-date: /home/poom/Desktop/ros_ws/install/my_robot_interfaces/share/my_robot_interfaces/cmake/my_robot_interfaces__rosidl_typesupport_cppExport-noconfig.cmake
[4.454s] -- Up-to-date: /home/poom/Desktop/ros_ws/install/my_robot_interfaces/share/my_robot_interfaces/cmake/export_my_robot_interfaces__rosidl_generator_pyExport.cmake
[4.454s] -- Up-to-date: /home/poom/Desktop/ros_ws/install/my_robot_interfaces/share/my_robot_interfaces/cmake/export_my_robot_interfaces__rosidl_generator_pyExport-noconfig.cmake
[4.454s] -- Installing: /home/poom/Desktop/ros_ws/install/my_robot_interfaces/share/my_robot_interfaces/cmake/rosidl_cmake-extras.cmake
[4.454s] -- Up-to-date: /home/poom/Desktop/ros_ws/install/my_robot_interfaces/share/my_robot_interfaces/cmake/ament_cmake_export_dependencies-extras.cmake
[4.454s] -- Up-to-date: /home/poom/Desktop/ros_ws/install/my_robot_interfaces/share/my_robot_interfaces/cmake/ament_cmake_export_include_directories-extras.cmake
[4.454s] -- Up-to-date: /home/poom/Desktop/ros_ws/install/my_robot_interfaces/share/my_robot_interfaces/cmake/ament_cmake_export_libraries-extras.cmake
[4.454s] -- Up-to-date: /home/poom/Desktop/ros_ws/install/my_robot_interfaces/share/my_robot_interfaces/cmake/ament_cmake_export_targets-extras.cmake
[4.455s] -- Up-to-date: /home/poom/Desktop/ros_ws/install/my_robot_interfaces/share/my_robot_interfaces/cmake/rosidl_cmake_export_typesupport_targets-extras.cmake
[4.455s] -- Up-to-date: /home/poom/Desktop/ros_ws/install/my_robot_interfaces/share/my_robot_interfaces/cmake/rosidl_cmake_export_typesupport_libraries-extras.cmake
[4.455s] -- Up-to-date: /home/poom/Desktop/ros_ws/install/my_robot_interfaces/share/my_robot_interfaces/cmake/my_robot_interfacesConfig.cmake
[4.455s] -- Up-to-date: /home/poom/Desktop/ros_ws/install/my_robot_interfaces/share/my_robot_interfaces/cmake/my_robot_interfacesConfig-version.cmake
[4.455s] -- Up-to-date: /home/poom/Desktop/ros_ws/install/my_robot_interfaces/share/my_robot_interfaces/package.xml
[4.456s] Invoked command in '/home/poom/Desktop/ros_ws/build/my_robot_interfaces' returned '0': CMAKE_PREFIX_PATH=${CMAKE_PREFIX_PATH}:/home/poom/Desktop/ros_ws/install/actions_py:/home/poom/Desktop/ros_ws/install/lifecycle_py:/home/poom/Desktop/ros_ws/install/executors_py:/home/poom/Desktop/ros_ws/install/components_py:/opt/ros/humble /usr/bin/cmake --install /home/poom/Desktop/ros_ws/build/my_robot_interfaces
