[0.007s] Invoking command in '/home/poom/Desktop/ros_ws/build/my_robot_description': CMAKE_PREFIX_PATH=${CMAKE_PREFIX_PATH}:/opt/ros/humble /usr/bin/cmake --build /home/poom/Desktop/ros_ws/build/my_robot_description -- -j16 -l16
[0.019s] -- Found ament_cmake: 1.3.10 (/opt/ros/humble/share/ament_cmake/cmake)
[0.123s] -- Configuring done
[0.124s] -- Generating done
[0.125s] -- Build files have been written to: /home/poom/Desktop/ros_ws/build/my_robot_description
[0.138s] Invoked command in '/home/poom/Desktop/ros_ws/build/my_robot_description' returned '0': CMAKE_PREFIX_PATH=${CMAKE_PREFIX_PATH}:/opt/ros/humble /usr/bin/cmake --build /home/poom/Desktop/ros_ws/build/my_robot_description -- -j16 -l16
[0.156s] Invoking command in '/home/poom/Desktop/ros_ws/build/my_robot_description': CMAKE_PREFIX_PATH=${CMAKE_PREFIX_PATH}:/opt/ros/humble /usr/bin/cmake --install /home/poom/Desktop/ros_ws/build/my_robot_description
[0.160s] -- Install configuration: ""
[0.160s] -- Up-to-date: /home/poom/Desktop/ros_ws/install/my_robot_description/share/my_robot_description//urdf
[0.160s] -- Up-to-date: /home/poom/Desktop/ros_ws/install/my_robot_description/share/my_robot_description//urdf/my_robot.urdf
[0.160s] -- Up-to-date: /home/poom/Desktop/ros_ws/install/my_robot_description/share/my_robot_description//launch
[0.160s] -- Installing: /home/poom/Desktop/ros_ws/install/my_robot_description/share/my_robot_description//launch/display.launch.xml
[0.160s] -- Up-to-date: /home/poom/Desktop/ros_ws/install/my_robot_description/share/my_robot_description//launch/display.launch.py
[0.160s] -- Installing: /home/poom/Desktop/ros_ws/install/my_robot_description/share/my_robot_description//rviz
[0.161s] -- Installing: /home/poom/Desktop/ros_ws/install/my_robot_description/share/my_robot_description//rviz/urdf_config.rviz
[0.161s] -- Up-to-date: /home/poom/Desktop/ros_ws/install/my_robot_description/share/ament_index/resource_index/package_run_dependencies/my_robot_description
[0.161s] -- Up-to-date: /home/poom/Desktop/ros_ws/install/my_robot_description/share/ament_index/resource_index/parent_prefix_path/my_robot_description
[0.161s] -- Up-to-date: /home/poom/Desktop/ros_ws/install/my_robot_description/share/my_robot_description/environment/ament_prefix_path.sh
[0.161s] -- Installing: /home/poom/Desktop/ros_ws/install/my_robot_description/share/my_robot_description/environment/ament_prefix_path.dsv
[0.161s] -- Up-to-date: /home/poom/Desktop/ros_ws/install/my_robot_description/share/my_robot_description/environment/path.sh
[0.161s] -- Installing: /home/poom/Desktop/ros_ws/install/my_robot_description/share/my_robot_description/environment/path.dsv
[0.161s] -- Up-to-date: /home/poom/Desktop/ros_ws/install/my_robot_description/share/my_robot_description/local_setup.bash
[0.161s] -- Up-to-date: /home/poom/Desktop/ros_ws/install/my_robot_description/share/my_robot_description/local_setup.sh
[0.161s] -- Up-to-date: /home/poom/Desktop/ros_ws/install/my_robot_description/share/my_robot_description/local_setup.zsh
[0.161s] -- Installing: /home/poom/Desktop/ros_ws/install/my_robot_description/share/my_robot_description/local_setup.dsv
[0.161s] -- Installing: /home/poom/Desktop/ros_ws/install/my_robot_description/share/my_robot_description/package.dsv
[0.161s] -- Up-to-date: /home/poom/Desktop/ros_ws/install/my_robot_description/share/ament_index/resource_index/packages/my_robot_description
[0.161s] -- Up-to-date: /home/poom/Desktop/ros_ws/install/my_robot_description/share/my_robot_description/cmake/my_robot_descriptionConfig.cmake
[0.161s] -- Up-to-date: /home/poom/Desktop/ros_ws/install/my_robot_description/share/my_robot_description/cmake/my_robot_descriptionConfig-version.cmake
[0.161s] -- Up-to-date: /home/poom/Desktop/ros_ws/install/my_robot_description/share/my_robot_description/package.xml
[0.162s] Invoked command in '/home/poom/Desktop/ros_ws/build/my_robot_description' returned '0': CMAKE_PREFIX_PATH=${CMAKE_PREFIX_PATH}:/opt/ros/humble /usr/bin/cmake --install /home/poom/Desktop/ros_ws/build/my_robot_description
