[0.013s] Invoking command in '/home/poom/Desktop/ros_ws/build/my_robot_bringup': CMAKE_PREFIX_PATH=/home/poom/Desktop/ros_ws/install/my_robot_description:/home/poom/Desktop/ros_ws/install/my_robot_bringup:/opt/ros/humble /usr/bin/cmake --build /home/poom/Desktop/ros_ws/build/my_robot_bringup -- -j16 -l16
[0.066s] Invoked command in '/home/poom/Desktop/ros_ws/build/my_robot_bringup' returned '0': CMAKE_PREFIX_PATH=/home/poom/Desktop/ros_ws/install/my_robot_description:/home/poom/Desktop/ros_ws/install/my_robot_bringup:/opt/ros/humble /usr/bin/cmake --build /home/poom/Desktop/ros_ws/build/my_robot_bringup -- -j16 -l16
[0.104s] Invoking command in '/home/poom/Desktop/ros_ws/build/my_robot_bringup': CMAKE_PREFIX_PATH=/home/poom/Desktop/ros_ws/install/my_robot_description:/home/poom/Desktop/ros_ws/install/my_robot_bringup:/opt/ros/humble /usr/bin/cmake --install /home/poom/Desktop/ros_ws/build/my_robot_bringup
[0.115s] -- Install configuration: ""
[0.116s] -- Execute custom install script
[0.116s] -- Up-to-date symlink: /home/poom/Desktop/ros_ws/install/my_robot_bringup/share/my_robot_bringup//launch/my_robot_gazebo.launch.xml
[0.117s] -- Up-to-date symlink: /home/poom/Desktop/ros_ws/install/my_robot_bringup/share/my_robot_bringup//rviz/urdf_config.rviz
[0.117s] -- Up-to-date symlink: /home/poom/Desktop/ros_ws/install/my_robot_bringup/share/my_robot_bringup//worlds/test_world.world
[0.117s] -- Up-to-date symlink: /home/poom/Desktop/ros_ws/install/my_robot_bringup/share/ament_index/resource_index/package_run_dependencies/my_robot_bringup
[0.118s] -- Up-to-date symlink: /home/poom/Desktop/ros_ws/install/my_robot_bringup/share/ament_index/resource_index/parent_prefix_path/my_robot_bringup
[0.118s] -- Up-to-date symlink: /home/poom/Desktop/ros_ws/install/my_robot_bringup/share/my_robot_bringup/environment/ament_prefix_path.sh
[0.118s] -- Up-to-date symlink: /home/poom/Desktop/ros_ws/install/my_robot_bringup/share/my_robot_bringup/environment/ament_prefix_path.dsv
[0.118s] -- Up-to-date symlink: /home/poom/Desktop/ros_ws/install/my_robot_bringup/share/my_robot_bringup/environment/path.sh
[0.118s] -- Up-to-date symlink: /home/poom/Desktop/ros_ws/install/my_robot_bringup/share/my_robot_bringup/environment/path.dsv
[0.118s] -- Up-to-date symlink: /home/poom/Desktop/ros_ws/install/my_robot_bringup/share/my_robot_bringup/local_setup.bash
[0.118s] -- Up-to-date symlink: /home/poom/Desktop/ros_ws/install/my_robot_bringup/share/my_robot_bringup/local_setup.sh
[0.119s] -- Up-to-date symlink: /home/poom/Desktop/ros_ws/install/my_robot_bringup/share/my_robot_bringup/local_setup.zsh
[0.119s] -- Up-to-date symlink: /home/poom/Desktop/ros_ws/install/my_robot_bringup/share/my_robot_bringup/local_setup.dsv
[0.119s] -- Symlinking: /home/poom/Desktop/ros_ws/install/my_robot_bringup/share/my_robot_bringup/package.dsv
[0.133s] -- Up-to-date symlink: /home/poom/Desktop/ros_ws/install/my_robot_bringup/share/ament_index/resource_index/packages/my_robot_bringup
[0.133s] -- Up-to-date symlink: /home/poom/Desktop/ros_ws/install/my_robot_bringup/share/my_robot_bringup/cmake/my_robot_bringupConfig.cmake
[0.133s] -- Up-to-date symlink: /home/poom/Desktop/ros_ws/install/my_robot_bringup/share/my_robot_bringup/cmake/my_robot_bringupConfig-version.cmake
[0.133s] -- Up-to-date symlink: /home/poom/Desktop/ros_ws/install/my_robot_bringup/share/my_robot_bringup/package.xml
[0.136s] Invoked command in '/home/poom/Desktop/ros_ws/build/my_robot_bringup' returned '0': CMAKE_PREFIX_PATH=/home/poom/Desktop/ros_ws/install/my_robot_description:/home/poom/Desktop/ros_ws/install/my_robot_bringup:/opt/ros/humble /usr/bin/cmake --install /home/poom/Desktop/ros_ws/build/my_robot_bringup
