-- Found ament_cmake: 1.3.10 (/opt/ros/humble/share/ament_cmake/cmake)
-- Found rclcpp: 16.0.10 (/opt/ros/humble/share/rclcpp/cmake)
-- Found rosidl_generator_c: 3.1.5 (/opt/ros/humble/share/rosidl_generator_c/cmake)
-- Found rosidl_adapter: 3.1.5 (/opt/ros/humble/share/rosidl_adapter/cmake)
-- Found rosidl_generator_cpp: 3.1.5 (/opt/ros/humble/share/rosidl_generator_cpp/cmake)
-- Using all available rosidl_typesupport_c: rosidl_typesupport_fastrtps_c;rosidl_typesupport_introspection_c
-- Using all available rosidl_typesupport_cpp: rosidl_typesupport_fastrtps_cpp;rosidl_typesupport_introspection_cpp
-- Found rmw_implementation_cmake: 6.1.2 (/opt/ros/humble/share/rmw_implementation_cmake/cmake)
-- Found rmw_fastrtps_cpp: 6.2.7 (/opt/ros/humble/share/rmw_fastrtps_cpp/cmake)
-- Using RMW implementation 'rmw_fastrtps_cpp' as default
-- Found rclcpp_action: 16.0.10 (/opt/ros/humble/share/rclcpp_action/cmake)
-- Found turtlesim: 1.4.2 (/opt/ros/humble/share/turtlesim/cmake)
-- Found geometry_msgs: 4.2.4 (/opt/ros/humble/share/geometry_msgs/cmake)
-- Found my_robot_interfaces: 0.0.0 (/home/poom/Desktop/ros_ws/install/my_robot_interfaces/share/my_robot_interfaces/cmake)
-- Configuring done
-- Generating done
-- Build files have been written to: /home/poom/Desktop/ros_ws/build/final_project
[35m[1mConsolidate compiler generated dependencies of target final_project[0m
[ 50%] [32mBuilding CXX object CMakeFiles/final_project.dir/src/final_project.cpp.o[0m
[100%] [32m[1mLinking CXX executable final_project[0m
[100%] Built target final_project
-- Install configuration: ""
-- Installing: /home/poom/Desktop/ros_ws/install/final_project/lib/final_project/final_project
-- Set runtime path of "/home/poom/Desktop/ros_ws/install/final_project/lib/final_project/final_project" to ""
-- Installing: /home/poom/Desktop/ros_ws/install/final_project/share/ament_index/resource_index/package_run_dependencies/final_project
-- Installing: /home/poom/Desktop/ros_ws/install/final_project/share/ament_index/resource_index/parent_prefix_path/final_project
-- Up-to-date: /home/poom/Desktop/ros_ws/install/final_project/share/final_project/environment/ament_prefix_path.sh
-- Installing: /home/poom/Desktop/ros_ws/install/final_project/share/final_project/environment/ament_prefix_path.dsv
-- Up-to-date: /home/poom/Desktop/ros_ws/install/final_project/share/final_project/environment/path.sh
-- Installing: /home/poom/Desktop/ros_ws/install/final_project/share/final_project/environment/path.dsv
-- Up-to-date: /home/poom/Desktop/ros_ws/install/final_project/share/final_project/local_setup.bash
-- Up-to-date: /home/poom/Desktop/ros_ws/install/final_project/share/final_project/local_setup.sh
-- Up-to-date: /home/poom/Desktop/ros_ws/install/final_project/share/final_project/local_setup.zsh
-- Installing: /home/poom/Desktop/ros_ws/install/final_project/share/final_project/local_setup.dsv
-- Installing: /home/poom/Desktop/ros_ws/install/final_project/share/final_project/package.dsv
-- Up-to-date: /home/poom/Desktop/ros_ws/install/final_project/share/ament_index/resource_index/packages/final_project
-- Up-to-date: /home/poom/Desktop/ros_ws/install/final_project/share/final_project/cmake/final_projectConfig.cmake
-- Up-to-date: /home/poom/Desktop/ros_ws/install/final_project/share/final_project/cmake/final_projectConfig-version.cmake
-- Installing: /home/poom/Desktop/ros_ws/install/final_project/share/final_project/package.xml
