[0.005s] Invoking command in '/home/poom/Desktop/ros_ws/build/my_robot_bringup': CMAKE_PREFIX_PATH=/home/poom/Desktop/ros_ws/install/my_robot_description:/home/poom/Desktop/ros_ws/install/my_robot_bringup:/opt/ros/humble /usr/bin/cmake /home/poom/Desktop/ros_ws/src/my_robot_bringup -DAMENT_CMAKE_SYMLINK_INSTALL=1 -DCMAKE_INSTALL_PREFIX=/home/poom/Desktop/ros_ws/install/my_robot_bringup
[0.014s] -- Found ament_cmake: 1.3.10 (/opt/ros/humble/share/ament_cmake/cmake)
[0.078s] -- Override CMake install command with custom implementation using symlinks instead of copying resources
[0.116s] -- Configuring done
[0.119s] -- Generating done
[0.120s] -- Build files have been written to: /home/poom/Desktop/ros_ws/build/my_robot_bringup
[0.121s] Invoked command in '/home/poom/Desktop/ros_ws/build/my_robot_bringup' returned '0': CMAKE_PREFIX_PATH=/home/poom/Desktop/ros_ws/install/my_robot_description:/home/poom/Desktop/ros_ws/install/my_robot_bringup:/opt/ros/humble /usr/bin/cmake /home/poom/Desktop/ros_ws/src/my_robot_bringup -DAMENT_CMAKE_SYMLINK_INSTALL=1 -DCMAKE_INSTALL_PREFIX=/home/poom/Desktop/ros_ws/install/my_robot_bringup
[0.123s] Invoking command in '/home/poom/Desktop/ros_ws/build/my_robot_bringup': CMAKE_PREFIX_PATH=/home/poom/Desktop/ros_ws/install/my_robot_description:/home/poom/Desktop/ros_ws/install/my_robot_bringup:/opt/ros/humble /usr/bin/cmake --build /home/poom/Desktop/ros_ws/build/my_robot_bringup -- -j16 -l16
[0.143s] Invoked command in '/home/poom/Desktop/ros_ws/build/my_robot_bringup' returned '0': CMAKE_PREFIX_PATH=/home/poom/Desktop/ros_ws/install/my_robot_description:/home/poom/Desktop/ros_ws/install/my_robot_bringup:/opt/ros/humble /usr/bin/cmake --build /home/poom/Desktop/ros_ws/build/my_robot_bringup -- -j16 -l16
[0.156s] Invoking command in '/home/poom/Desktop/ros_ws/build/my_robot_bringup': CMAKE_PREFIX_PATH=/home/poom/Desktop/ros_ws/install/my_robot_description:/home/poom/Desktop/ros_ws/install/my_robot_bringup:/opt/ros/humble /usr/bin/cmake --install /home/poom/Desktop/ros_ws/build/my_robot_bringup
[0.160s] -- Install configuration: ""
[0.160s] -- Execute custom install script
[0.160s] -- Symlinking: /home/poom/Desktop/ros_ws/install/my_robot_bringup/share/my_robot_bringup//launch/my_robot_gazebo.launch.xml
[0.165s] -- Symlinking: /home/poom/Desktop/ros_ws/install/my_robot_bringup/share/my_robot_bringup//rviz/urdf_config.rviz
[0.169s] -- Symlinking: /home/poom/Desktop/ros_ws/install/my_robot_bringup/share/ament_index/resource_index/package_run_dependencies/my_robot_bringup
[0.174s] -- Symlinking: /home/poom/Desktop/ros_ws/install/my_robot_bringup/share/ament_index/resource_index/parent_prefix_path/my_robot_bringup
[0.178s] -- Symlinking: /home/poom/Desktop/ros_ws/install/my_robot_bringup/share/my_robot_bringup/environment/ament_prefix_path.sh
[0.182s] -- Symlinking: /home/poom/Desktop/ros_ws/install/my_robot_bringup/share/my_robot_bringup/environment/ament_prefix_path.dsv
[0.186s] -- Symlinking: /home/poom/Desktop/ros_ws/install/my_robot_bringup/share/my_robot_bringup/environment/path.sh
[0.190s] -- Symlinking: /home/poom/Desktop/ros_ws/install/my_robot_bringup/share/my_robot_bringup/environment/path.dsv
[0.195s] -- Symlinking: /home/poom/Desktop/ros_ws/install/my_robot_bringup/share/my_robot_bringup/local_setup.bash
[0.199s] -- Symlinking: /home/poom/Desktop/ros_ws/install/my_robot_bringup/share/my_robot_bringup/local_setup.sh
[0.204s] -- Symlinking: /home/poom/Desktop/ros_ws/install/my_robot_bringup/share/my_robot_bringup/local_setup.zsh
[0.208s] -- Symlinking: /home/poom/Desktop/ros_ws/install/my_robot_bringup/share/my_robot_bringup/local_setup.dsv
[0.213s] -- Symlinking: /home/poom/Desktop/ros_ws/install/my_robot_bringup/share/my_robot_bringup/package.dsv
[0.217s] -- Symlinking: /home/poom/Desktop/ros_ws/install/my_robot_bringup/share/ament_index/resource_index/packages/my_robot_bringup
[0.221s] -- Symlinking: /home/poom/Desktop/ros_ws/install/my_robot_bringup/share/my_robot_bringup/cmake/my_robot_bringupConfig.cmake
[0.226s] -- Symlinking: /home/poom/Desktop/ros_ws/install/my_robot_bringup/share/my_robot_bringup/cmake/my_robot_bringupConfig-version.cmake
[0.230s] -- Symlinking: /home/poom/Desktop/ros_ws/install/my_robot_bringup/share/my_robot_bringup/package.xml
[0.235s] Invoked command in '/home/poom/Desktop/ros_ws/build/my_robot_bringup' returned '0': CMAKE_PREFIX_PATH=/home/poom/Desktop/ros_ws/install/my_robot_description:/home/poom/Desktop/ros_ws/install/my_robot_bringup:/opt/ros/humble /usr/bin/cmake --install /home/poom/Desktop/ros_ws/build/my_robot_bringup
