[0.010s] Invoking command in '/home/poom/Desktop/ros_ws/build/my_robot_interfaces': CMAKE_PREFIX_PATH=${CMAKE_PREFIX_PATH}:/home/poom/Desktop/ros_ws/install/actions_py:/opt/ros/humble /usr/bin/cmake --build /home/poom/Desktop/ros_ws/build/my_robot_interfaces -- -j16 -l16
[0.052s] -- Found ament_cmake: 1.3.10 (/opt/ros/humble/share/ament_cmake/cmake)
[0.137s] -- Found rosidl_default_generators: 1.2.0 (/opt/ros/humble/share/rosidl_default_generators/cmake)
[0.140s] -- Using all available rosidl_typesupport_c: rosidl_typesupport_fastrtps_c;rosidl_typesupport_introspection_c
[0.144s] -- Found rosidl_adapter: 3.1.5 (/opt/ros/humble/share/rosidl_adapter/cmake)
[0.170s] -- Using all available rosidl_typesupport_cpp: rosidl_typesupport_fastrtps_cpp;rosidl_typesupport_introspection_cpp
[0.369s] -- Found ament_cmake_ros: 0.10.0 (/opt/ros/humble/share/ament_cmake_ros/cmake)
[0.480s] -- Using all available rosidl_typesupport_c: rosidl_typesupport_fastrtps_c;rosidl_typesupport_introspection_c
[0.626s] -- Using all available rosidl_typesupport_cpp: rosidl_typesupport_fastrtps_cpp;rosidl_typesupport_introspection_cpp
[0.640s] -- Found python_cmake_module: 0.10.0 (/opt/ros/humble/share/python_cmake_module/cmake)
[0.655s] -- Using PYTHON_EXECUTABLE: /usr/bin/python3
[0.655s] -- Using PYTHON_INCLUDE_DIRS: /usr/include/python3.10
[0.655s] -- Using PYTHON_LIBRARIES: /usr/lib/x86_64-linux-gnu/libpython3.10.so
[0.676s] -- Configuring done
[0.713s] -- Generating done
[0.715s] -- Build files have been written to: /home/poom/Desktop/ros_ws/build/my_robot_interfaces
[0.730s] [  2%] [34m[1mGenerating C code for ROS interfaces[0m
[0.737s] [  5%] [34m[1mGenerating C++ code for ROS interfaces[0m
[0.749s] [  5%] Built target ament_cmake_python_copy_my_robot_interfaces
[0.885s] running egg_info
[0.885s] writing my_robot_interfaces.egg-info/PKG-INFO
[0.885s] writing dependency_links to my_robot_interfaces.egg-info/dependency_links.txt
[0.886s] writing top-level names to my_robot_interfaces.egg-info/top_level.txt
[0.889s] reading manifest file 'my_robot_interfaces.egg-info/SOURCES.txt'
[0.890s] writing manifest file 'my_robot_interfaces.egg-info/SOURCES.txt'
[0.907s] [  5%] Built target ament_cmake_python_build_my_robot_interfaces_egg
[1.103s] [  5%] Built target my_robot_interfaces__cpp
[1.109s] [35m[1mConsolidate compiler generated dependencies of target my_robot_interfaces__rosidl_generator_c[0m
[1.109s] [  7%] [34m[1mGenerating C++ type support dispatch for ROS interfaces[0m
[1.109s] [ 10%] [34m[1mGenerating C++ type support for eProsima Fast-RTPS[0m
[1.111s] [ 12%] [34m[1mGenerating C++ introspection for ROS interfaces[0m
[1.115s] [ 15%] [32mBuilding C object CMakeFiles/my_robot_interfaces__rosidl_generator_c.dir/rosidl_generator_c/my_robot_interfaces/action/detail/count_until__functions.c.o[0m
[1.116s] [ 17%] [32mBuilding C object CMakeFiles/my_robot_interfaces__rosidl_generator_c.dir/rosidl_generator_c/my_robot_interfaces/action/detail/move_to_target__functions.c.o[0m
[1.256s] [ 20%] [32m[1mLinking C shared library libmy_robot_interfaces__rosidl_generator_c.so[0m
[1.297s] [ 20%] Built target my_robot_interfaces__rosidl_generator_c
[1.303s] [ 23%] [34m[1mGenerating C type support for eProsima Fast-RTPS[0m
[1.304s] [ 25%] [34m[1mGenerating C introspection for ROS interfaces[0m
[1.304s] [ 28%] [34m[1mGenerating C type support dispatch for ROS interfaces[0m
[1.359s] [35m[1mConsolidate compiler generated dependencies of target my_robot_interfaces__rosidl_typesupport_cpp[0m
[1.369s] [ 33%] [32mBuilding CXX object CMakeFiles/my_robot_interfaces__rosidl_typesupport_cpp.dir/rosidl_typesupport_cpp/my_robot_interfaces/action/count_until__type_support.cpp.o[0m
[1.369s] [ 33%] [32mBuilding CXX object CMakeFiles/my_robot_interfaces__rosidl_typesupport_cpp.dir/rosidl_typesupport_cpp/my_robot_interfaces/action/move_to_target__type_support.cpp.o[0m
[1.420s] [35m[1mConsolidate compiler generated dependencies of target my_robot_interfaces__rosidl_typesupport_introspection_cpp[0m
[1.429s] [ 38%] [32mBuilding CXX object CMakeFiles/my_robot_interfaces__rosidl_typesupport_introspection_cpp.dir/rosidl_typesupport_introspection_cpp/my_robot_interfaces/action/detail/count_until__type_support.cpp.o[0m
[1.429s] [ 38%] [32mBuilding CXX object CMakeFiles/my_robot_interfaces__rosidl_typesupport_introspection_cpp.dir/rosidl_typesupport_introspection_cpp/my_robot_interfaces/action/detail/move_to_target__type_support.cpp.o[0m
[1.488s] [35m[1mConsolidate compiler generated dependencies of target my_robot_interfaces__rosidl_typesupport_fastrtps_cpp[0m
[1.498s] [ 41%] [32mBuilding CXX object CMakeFiles/my_robot_interfaces__rosidl_typesupport_fastrtps_cpp.dir/rosidl_typesupport_fastrtps_cpp/my_robot_interfaces/action/detail/dds_fastrtps/count_until__type_support.cpp.o[0m
[1.498s] [ 43%] [32mBuilding CXX object CMakeFiles/my_robot_interfaces__rosidl_typesupport_fastrtps_cpp.dir/rosidl_typesupport_fastrtps_cpp/my_robot_interfaces/action/detail/dds_fastrtps/move_to_target__type_support.cpp.o[0m
[1.569s] [35m[1mConsolidate compiler generated dependencies of target my_robot_interfaces__rosidl_typesupport_c[0m
[1.582s] [ 48%] [32mBuilding CXX object CMakeFiles/my_robot_interfaces__rosidl_typesupport_c.dir/rosidl_typesupport_c/my_robot_interfaces/action/move_to_target__type_support.cpp.o[0m
[1.582s] [ 48%] [32mBuilding CXX object CMakeFiles/my_robot_interfaces__rosidl_typesupport_c.dir/rosidl_typesupport_c/my_robot_interfaces/action/count_until__type_support.cpp.o[0m
[1.633s] [ 51%] [32m[1mLinking CXX shared library libmy_robot_interfaces__rosidl_typesupport_c.so[0m
[1.662s] [35m[1mConsolidate compiler generated dependencies of target my_robot_interfaces__rosidl_typesupport_introspection_c[0m
[1.671s] [ 53%] [32mBuilding C object CMakeFiles/my_robot_interfaces__rosidl_typesupport_introspection_c.dir/rosidl_typesupport_introspection_c/my_robot_interfaces/action/detail/count_until__type_support.c.o[0m
[1.671s] [ 53%] Built target my_robot_interfaces__rosidl_typesupport_c
[1.675s] [ 56%] [32mBuilding C object CMakeFiles/my_robot_interfaces__rosidl_typesupport_introspection_c.dir/rosidl_typesupport_introspection_c/my_robot_interfaces/action/detail/move_to_target__type_support.c.o[0m
[1.690s] [35m[1mConsolidate compiler generated dependencies of target my_robot_interfaces__rosidl_typesupport_fastrtps_c[0m
[1.700s] [ 58%] [32mBuilding CXX object CMakeFiles/my_robot_interfaces__rosidl_typesupport_fastrtps_c.dir/rosidl_typesupport_fastrtps_c/my_robot_interfaces/action/detail/move_to_target__type_support_c.cpp.o[0m
[1.700s] [ 61%] [32mBuilding CXX object CMakeFiles/my_robot_interfaces__rosidl_typesupport_fastrtps_c.dir/rosidl_typesupport_fastrtps_c/my_robot_interfaces/action/detail/count_until__type_support_c.cpp.o[0m
[1.709s] [ 64%] [32m[1mLinking C shared library libmy_robot_interfaces__rosidl_typesupport_introspection_c.so[0m
[1.743s] [ 64%] Built target my_robot_interfaces__rosidl_typesupport_introspection_c
[1.782s] [ 66%] [32m[1mLinking CXX shared library libmy_robot_interfaces__rosidl_typesupport_cpp.so[0m
[1.812s] [ 66%] Built target my_robot_interfaces__rosidl_typesupport_cpp
[1.856s] [ 69%] [32m[1mLinking CXX shared library libmy_robot_interfaces__rosidl_typesupport_introspection_cpp.so[0m
[1.905s] [ 69%] Built target my_robot_interfaces__rosidl_typesupport_introspection_cpp
[1.927s] [ 71%] [32m[1mLinking CXX shared library libmy_robot_interfaces__rosidl_typesupport_fastrtps_cpp.so[0m
[1.953s] [ 74%] [32m[1mLinking CXX shared library libmy_robot_interfaces__rosidl_typesupport_fastrtps_c.so[0m
[1.972s] [ 74%] Built target my_robot_interfaces__rosidl_typesupport_fastrtps_cpp
[1.992s] [ 74%] Built target my_robot_interfaces__rosidl_typesupport_fastrtps_c
[2.004s] [ 74%] Built target my_robot_interfaces
[2.014s] [ 76%] [34m[1mGenerating Python code for ROS interfaces[0m
[2.621s] [ 76%] Built target my_robot_interfaces__py
[2.627s] [35m[1mConsolidate compiler generated dependencies of target my_robot_interfaces__rosidl_generator_py[0m
[2.634s] [ 79%] [32mBuilding C object CMakeFiles/my_robot_interfaces__rosidl_generator_py.dir/rosidl_generator_py/my_robot_interfaces/action/_count_until_s.c.o[0m
[2.634s] [ 82%] [32mBuilding C object CMakeFiles/my_robot_interfaces__rosidl_generator_py.dir/rosidl_generator_py/my_robot_interfaces/action/_move_to_target_s.c.o[0m
[2.733s] [ 84%] [32m[1mLinking C shared library rosidl_generator_py/my_robot_interfaces/libmy_robot_interfaces__rosidl_generator_py.so[0m
[2.758s] [ 84%] Built target my_robot_interfaces__rosidl_generator_py
[2.765s] [35m[1mConsolidate compiler generated dependencies of target my_robot_interfaces__rosidl_typesupport_fastrtps_c__pyext[0m
[2.765s] [35m[1mConsolidate compiler generated dependencies of target my_robot_interfaces__rosidl_typesupport_introspection_c__pyext[0m
[2.765s] [35m[1mConsolidate compiler generated dependencies of target my_robot_interfaces__rosidl_typesupport_c__pyext[0m
[2.771s] [ 87%] [32mBuilding C object CMakeFiles/my_robot_interfaces__rosidl_typesupport_fastrtps_c__pyext.dir/rosidl_generator_py/my_robot_interfaces/_my_robot_interfaces_s.ep.rosidl_typesupport_fastrtps_c.c.o[0m
[2.771s] [ 89%] [32mBuilding C object CMakeFiles/my_robot_interfaces__rosidl_typesupport_introspection_c__pyext.dir/rosidl_generator_py/my_robot_interfaces/_my_robot_interfaces_s.ep.rosidl_typesupport_introspection_c.c.o[0m
[2.772s] [ 92%] [32mBuilding C object CMakeFiles/my_robot_interfaces__rosidl_typesupport_c__pyext.dir/rosidl_generator_py/my_robot_interfaces/_my_robot_interfaces_s.ep.rosidl_typesupport_c.c.o[0m
[2.851s] [100%] [32m[1mLinking C shared library rosidl_generator_py/my_robot_interfaces/my_robot_interfaces_s__rosidl_typesupport_fastrtps_c.cpython-310-x86_64-linux-gnu.so[0m
[2.851s] [100%] [32m[1mLinking C shared library rosidl_generator_py/my_robot_interfaces/my_robot_interfaces_s__rosidl_typesupport_c.cpython-310-x86_64-linux-gnu.so[0m
[2.851s] [100%] [32m[1mLinking C shared library rosidl_generator_py/my_robot_interfaces/my_robot_interfaces_s__rosidl_typesupport_introspection_c.cpython-310-x86_64-linux-gnu.so[0m
[2.874s] [100%] Built target my_robot_interfaces__rosidl_typesupport_c__pyext
[2.874s] [100%] Built target my_robot_interfaces__rosidl_typesupport_introspection_c__pyext
[2.874s] [100%] Built target my_robot_interfaces__rosidl_typesupport_fastrtps_c__pyext
[2.880s] Invoked command in '/home/poom/Desktop/ros_ws/build/my_robot_interfaces' returned '0': CMAKE_PREFIX_PATH=${CMAKE_PREFIX_PATH}:/home/poom/Desktop/ros_ws/install/actions_py:/opt/ros/humble /usr/bin/cmake --build /home/poom/Desktop/ros_ws/build/my_robot_interfaces -- -j16 -l16
[2.931s] Invoking command in '/home/poom/Desktop/ros_ws/build/my_robot_interfaces': CMAKE_PREFIX_PATH=${CMAKE_PREFIX_PATH}:/home/poom/Desktop/ros_ws/install/actions_py:/opt/ros/humble /usr/bin/cmake --install /home/poom/Desktop/ros_ws/build/my_robot_interfaces
[2.935s] -- Install configuration: ""
[2.935s] -- Installing: /home/poom/Desktop/ros_ws/install/my_robot_interfaces/share/ament_index/resource_index/rosidl_interfaces/my_robot_interfaces
[2.935s] -- Up-to-date: /home/poom/Desktop/ros_ws/install/my_robot_interfaces/include/my_robot_interfaces/my_robot_interfaces
[2.935s] -- Up-to-date: /home/poom/Desktop/ros_ws/install/my_robot_interfaces/include/my_robot_interfaces/my_robot_interfaces/msg
[2.935s] -- Up-to-date: /home/poom/Desktop/ros_ws/install/my_robot_interfaces/include/my_robot_interfaces/my_robot_interfaces/msg/rosidl_generator_c__visibility_control.h
[2.935s] -- Up-to-date: /home/poom/Desktop/ros_ws/install/my_robot_interfaces/include/my_robot_interfaces/my_robot_interfaces/action
[2.936s] -- Installing: /home/poom/Desktop/ros_ws/install/my_robot_interfaces/include/my_robot_interfaces/my_robot_interfaces/action/count_until.h
[2.936s] -- Installing: /home/poom/Desktop/ros_ws/install/my_robot_interfaces/include/my_robot_interfaces/my_robot_interfaces/action/move_to_target.h
[2.936s] -- Up-to-date: /home/poom/Desktop/ros_ws/install/my_robot_interfaces/include/my_robot_interfaces/my_robot_interfaces/action/detail
[2.936s] -- Installing: /home/poom/Desktop/ros_ws/install/my_robot_interfaces/include/my_robot_interfaces/my_robot_interfaces/action/detail/count_until__functions.c
[2.936s] -- Installing: /home/poom/Desktop/ros_ws/install/my_robot_interfaces/include/my_robot_interfaces/my_robot_interfaces/action/detail/count_until__functions.h
[2.936s] -- Installing: /home/poom/Desktop/ros_ws/install/my_robot_interfaces/include/my_robot_interfaces/my_robot_interfaces/action/detail/move_to_target__functions.c
[2.936s] -- Installing: /home/poom/Desktop/ros_ws/install/my_robot_interfaces/include/my_robot_interfaces/my_robot_interfaces/action/detail/move_to_target__struct.h
[2.936s] -- Installing: /home/poom/Desktop/ros_ws/install/my_robot_interfaces/include/my_robot_interfaces/my_robot_interfaces/action/detail/move_to_target__functions.h
[2.936s] -- Installing: /home/poom/Desktop/ros_ws/install/my_robot_interfaces/include/my_robot_interfaces/my_robot_interfaces/action/detail/count_until__struct.h
[2.936s] -- Installing: /home/poom/Desktop/ros_ws/install/my_robot_interfaces/include/my_robot_interfaces/my_robot_interfaces/action/detail/count_until__type_support.h
[2.936s] -- Installing: /home/poom/Desktop/ros_ws/install/my_robot_interfaces/include/my_robot_interfaces/my_robot_interfaces/action/detail/move_to_target__type_support.h
[2.936s] -- Up-to-date: /home/poom/Desktop/ros_ws/install/my_robot_interfaces/share/my_robot_interfaces/environment/library_path.sh
[2.936s] -- Installing: /home/poom/Desktop/ros_ws/install/my_robot_interfaces/share/my_robot_interfaces/environment/library_path.dsv
[2.937s] -- Installing: /home/poom/Desktop/ros_ws/install/my_robot_interfaces/lib/libmy_robot_interfaces__rosidl_generator_c.so
[2.937s] -- Set runtime path of "/home/poom/Desktop/ros_ws/install/my_robot_interfaces/lib/libmy_robot_interfaces__rosidl_generator_c.so" to ""
[2.937s] -- Up-to-date: /home/poom/Desktop/ros_ws/install/my_robot_interfaces/include/my_robot_interfaces/my_robot_interfaces
[2.937s] -- Up-to-date: /home/poom/Desktop/ros_ws/install/my_robot_interfaces/include/my_robot_interfaces/my_robot_interfaces/msg
[2.937s] -- Up-to-date: /home/poom/Desktop/ros_ws/install/my_robot_interfaces/include/my_robot_interfaces/my_robot_interfaces/msg/rosidl_typesupport_fastrtps_c__visibility_control.h
[2.937s] -- Up-to-date: /home/poom/Desktop/ros_ws/install/my_robot_interfaces/include/my_robot_interfaces/my_robot_interfaces/action
[2.938s] -- Up-to-date: /home/poom/Desktop/ros_ws/install/my_robot_interfaces/include/my_robot_interfaces/my_robot_interfaces/action/detail
[2.938s] -- Installing: /home/poom/Desktop/ros_ws/install/my_robot_interfaces/include/my_robot_interfaces/my_robot_interfaces/action/detail/move_to_target__rosidl_typesupport_fastrtps_c.h
[2.938s] -- Installing: /home/poom/Desktop/ros_ws/install/my_robot_interfaces/include/my_robot_interfaces/my_robot_interfaces/action/detail/count_until__rosidl_typesupport_fastrtps_c.h
[2.938s] -- Installing: /home/poom/Desktop/ros_ws/install/my_robot_interfaces/lib/libmy_robot_interfaces__rosidl_typesupport_fastrtps_c.so
[2.939s] -- Set runtime path of "/home/poom/Desktop/ros_ws/install/my_robot_interfaces/lib/libmy_robot_interfaces__rosidl_typesupport_fastrtps_c.so" to ""
[2.939s] -- Up-to-date: /home/poom/Desktop/ros_ws/install/my_robot_interfaces/include/my_robot_interfaces/my_robot_interfaces
[2.939s] -- Up-to-date: /home/poom/Desktop/ros_ws/install/my_robot_interfaces/include/my_robot_interfaces/my_robot_interfaces/msg
[2.939s] -- Up-to-date: /home/poom/Desktop/ros_ws/install/my_robot_interfaces/include/my_robot_interfaces/my_robot_interfaces/msg/rosidl_typesupport_introspection_c__visibility_control.h
[2.939s] -- Up-to-date: /home/poom/Desktop/ros_ws/install/my_robot_interfaces/include/my_robot_interfaces/my_robot_interfaces/action
[2.939s] -- Up-to-date: /home/poom/Desktop/ros_ws/install/my_robot_interfaces/include/my_robot_interfaces/my_robot_interfaces/action/detail
[2.939s] -- Installing: /home/poom/Desktop/ros_ws/install/my_robot_interfaces/include/my_robot_interfaces/my_robot_interfaces/action/detail/count_until__type_support.c
[2.939s] -- Installing: /home/poom/Desktop/ros_ws/install/my_robot_interfaces/include/my_robot_interfaces/my_robot_interfaces/action/detail/move_to_target__type_support.c
[2.939s] -- Installing: /home/poom/Desktop/ros_ws/install/my_robot_interfaces/include/my_robot_interfaces/my_robot_interfaces/action/detail/count_until__rosidl_typesupport_introspection_c.h
[2.939s] -- Installing: /home/poom/Desktop/ros_ws/install/my_robot_interfaces/include/my_robot_interfaces/my_robot_interfaces/action/detail/move_to_target__rosidl_typesupport_introspection_c.h
[2.940s] -- Installing: /home/poom/Desktop/ros_ws/install/my_robot_interfaces/lib/libmy_robot_interfaces__rosidl_typesupport_introspection_c.so
[2.940s] -- Set runtime path of "/home/poom/Desktop/ros_ws/install/my_robot_interfaces/lib/libmy_robot_interfaces__rosidl_typesupport_introspection_c.so" to ""
[2.941s] -- Installing: /home/poom/Desktop/ros_ws/install/my_robot_interfaces/lib/libmy_robot_interfaces__rosidl_typesupport_c.so
[2.941s] -- Set runtime path of "/home/poom/Desktop/ros_ws/install/my_robot_interfaces/lib/libmy_robot_interfaces__rosidl_typesupport_c.so" to ""
[2.941s] -- Up-to-date: /home/poom/Desktop/ros_ws/install/my_robot_interfaces/include/my_robot_interfaces/my_robot_interfaces
[2.941s] -- Up-to-date: /home/poom/Desktop/ros_ws/install/my_robot_interfaces/include/my_robot_interfaces/my_robot_interfaces/action
[2.941s] -- Installing: /home/poom/Desktop/ros_ws/install/my_robot_interfaces/include/my_robot_interfaces/my_robot_interfaces/action/move_to_target.hpp
[2.941s] -- Installing: /home/poom/Desktop/ros_ws/install/my_robot_interfaces/include/my_robot_interfaces/my_robot_interfaces/action/count_until.hpp
[2.941s] -- Up-to-date: /home/poom/Desktop/ros_ws/install/my_robot_interfaces/include/my_robot_interfaces/my_robot_interfaces/action/detail
[2.941s] -- Installing: /home/poom/Desktop/ros_ws/install/my_robot_interfaces/include/my_robot_interfaces/my_robot_interfaces/action/detail/count_until__builder.hpp
[2.941s] -- Installing: /home/poom/Desktop/ros_ws/install/my_robot_interfaces/include/my_robot_interfaces/my_robot_interfaces/action/detail/move_to_target__struct.hpp
[2.941s] -- Installing: /home/poom/Desktop/ros_ws/install/my_robot_interfaces/include/my_robot_interfaces/my_robot_interfaces/action/detail/count_until__traits.hpp
[2.941s] -- Installing: /home/poom/Desktop/ros_ws/install/my_robot_interfaces/include/my_robot_interfaces/my_robot_interfaces/action/detail/move_to_target__traits.hpp
[2.941s] -- Installing: /home/poom/Desktop/ros_ws/install/my_robot_interfaces/include/my_robot_interfaces/my_robot_interfaces/action/detail/count_until__struct.hpp
[2.941s] -- Installing: /home/poom/Desktop/ros_ws/install/my_robot_interfaces/include/my_robot_interfaces/my_robot_interfaces/action/detail/move_to_target__builder.hpp
[2.942s] -- Up-to-date: /home/poom/Desktop/ros_ws/install/my_robot_interfaces/include/my_robot_interfaces/my_robot_interfaces
[2.942s] -- Up-to-date: /home/poom/Desktop/ros_ws/install/my_robot_interfaces/include/my_robot_interfaces/my_robot_interfaces/msg
[2.942s] -- Up-to-date: /home/poom/Desktop/ros_ws/install/my_robot_interfaces/include/my_robot_interfaces/my_robot_interfaces/msg/rosidl_typesupport_fastrtps_cpp__visibility_control.h
[2.942s] -- Up-to-date: /home/poom/Desktop/ros_ws/install/my_robot_interfaces/include/my_robot_interfaces/my_robot_interfaces/action
[2.942s] -- Up-to-date: /home/poom/Desktop/ros_ws/install/my_robot_interfaces/include/my_robot_interfaces/my_robot_interfaces/action/detail
[2.942s] -- Installing: /home/poom/Desktop/ros_ws/install/my_robot_interfaces/include/my_robot_interfaces/my_robot_interfaces/action/detail/count_until__rosidl_typesupport_fastrtps_cpp.hpp
[2.942s] -- Up-to-date: /home/poom/Desktop/ros_ws/install/my_robot_interfaces/include/my_robot_interfaces/my_robot_interfaces/action/detail/dds_fastrtps
[2.942s] -- Installing: /home/poom/Desktop/ros_ws/install/my_robot_interfaces/include/my_robot_interfaces/my_robot_interfaces/action/detail/move_to_target__rosidl_typesupport_fastrtps_cpp.hpp
[2.942s] -- Installing: /home/poom/Desktop/ros_ws/install/my_robot_interfaces/lib/libmy_robot_interfaces__rosidl_typesupport_fastrtps_cpp.so
[2.943s] -- Set runtime path of "/home/poom/Desktop/ros_ws/install/my_robot_interfaces/lib/libmy_robot_interfaces__rosidl_typesupport_fastrtps_cpp.so" to ""
[2.943s] -- Up-to-date: /home/poom/Desktop/ros_ws/install/my_robot_interfaces/include/my_robot_interfaces/my_robot_interfaces
[2.943s] -- Up-to-date: /home/poom/Desktop/ros_ws/install/my_robot_interfaces/include/my_robot_interfaces/my_robot_interfaces/action
[2.943s] -- Up-to-date: /home/poom/Desktop/ros_ws/install/my_robot_interfaces/include/my_robot_interfaces/my_robot_interfaces/action/detail
[2.943s] -- Installing: /home/poom/Desktop/ros_ws/install/my_robot_interfaces/include/my_robot_interfaces/my_robot_interfaces/action/detail/count_until__rosidl_typesupport_introspection_cpp.hpp
[2.943s] -- Installing: /home/poom/Desktop/ros_ws/install/my_robot_interfaces/include/my_robot_interfaces/my_robot_interfaces/action/detail/count_until__type_support.cpp
[2.943s] -- Installing: /home/poom/Desktop/ros_ws/install/my_robot_interfaces/include/my_robot_interfaces/my_robot_interfaces/action/detail/move_to_target__rosidl_typesupport_introspection_cpp.hpp
[2.943s] -- Installing: /home/poom/Desktop/ros_ws/install/my_robot_interfaces/include/my_robot_interfaces/my_robot_interfaces/action/detail/move_to_target__type_support.cpp
[2.944s] -- Installing: /home/poom/Desktop/ros_ws/install/my_robot_interfaces/lib/libmy_robot_interfaces__rosidl_typesupport_introspection_cpp.so
[2.944s] -- Set runtime path of "/home/poom/Desktop/ros_ws/install/my_robot_interfaces/lib/libmy_robot_interfaces__rosidl_typesupport_introspection_cpp.so" to ""
[2.944s] -- Installing: /home/poom/Desktop/ros_ws/install/my_robot_interfaces/lib/libmy_robot_interfaces__rosidl_typesupport_cpp.so
[2.945s] -- Set runtime path of "/home/poom/Desktop/ros_ws/install/my_robot_interfaces/lib/libmy_robot_interfaces__rosidl_typesupport_cpp.so" to ""
[2.945s] -- Up-to-date: /home/poom/Desktop/ros_ws/install/my_robot_interfaces/share/my_robot_interfaces/environment/pythonpath.sh
[2.945s] -- Installing: /home/poom/Desktop/ros_ws/install/my_robot_interfaces/share/my_robot_interfaces/environment/pythonpath.dsv
[2.945s] -- Up-to-date: /home/poom/Desktop/ros_ws/install/my_robot_interfaces/local/lib/python3.10/dist-packages/my_robot_interfaces-0.0.0-py3.10.egg-info
[2.945s] -- Installing: /home/poom/Desktop/ros_ws/install/my_robot_interfaces/local/lib/python3.10/dist-packages/my_robot_interfaces-0.0.0-py3.10.egg-info/SOURCES.txt
[2.945s] -- Installing: /home/poom/Desktop/ros_ws/install/my_robot_interfaces/local/lib/python3.10/dist-packages/my_robot_interfaces-0.0.0-py3.10.egg-info/PKG-INFO
[2.945s] -- Installing: /home/poom/Desktop/ros_ws/install/my_robot_interfaces/local/lib/python3.10/dist-packages/my_robot_interfaces-0.0.0-py3.10.egg-info/top_level.txt
[2.945s] -- Installing: /home/poom/Desktop/ros_ws/install/my_robot_interfaces/local/lib/python3.10/dist-packages/my_robot_interfaces-0.0.0-py3.10.egg-info/dependency_links.txt
[2.945s] -- Up-to-date: /home/poom/Desktop/ros_ws/install/my_robot_interfaces/local/lib/python3.10/dist-packages/my_robot_interfaces
[2.945s] -- Installing: /home/poom/Desktop/ros_ws/install/my_robot_interfaces/local/lib/python3.10/dist-packages/my_robot_interfaces/libmy_robot_interfaces__rosidl_generator_py.so
[2.945s] -- Installing: /home/poom/Desktop/ros_ws/install/my_robot_interfaces/local/lib/python3.10/dist-packages/my_robot_interfaces/_my_robot_interfaces_s.ep.rosidl_typesupport_fastrtps_c.c
[2.946s] -- Installing: /home/poom/Desktop/ros_ws/install/my_robot_interfaces/local/lib/python3.10/dist-packages/my_robot_interfaces/my_robot_interfaces_s__rosidl_typesupport_c.cpython-310-x86_64-linux-gnu.so
[2.946s] -- Installing: /home/poom/Desktop/ros_ws/install/my_robot_interfaces/local/lib/python3.10/dist-packages/my_robot_interfaces/my_robot_interfaces_s__rosidl_typesupport_fastrtps_c.cpython-310-x86_64-linux-gnu.so
[2.946s] -- Installing: /home/poom/Desktop/ros_ws/install/my_robot_interfaces/local/lib/python3.10/dist-packages/my_robot_interfaces/_my_robot_interfaces_s.ep.rosidl_typesupport_c.c
[2.946s] -- Installing: /home/poom/Desktop/ros_ws/install/my_robot_interfaces/local/lib/python3.10/dist-packages/my_robot_interfaces/__init__.py
[2.946s] -- Installing: /home/poom/Desktop/ros_ws/install/my_robot_interfaces/local/lib/python3.10/dist-packages/my_robot_interfaces/_my_robot_interfaces_s.ep.rosidl_typesupport_introspection_c.c
[2.946s] -- Installing: /home/poom/Desktop/ros_ws/install/my_robot_interfaces/local/lib/python3.10/dist-packages/my_robot_interfaces/my_robot_interfaces_s__rosidl_typesupport_introspection_c.cpython-310-x86_64-linux-gnu.so
[2.946s] -- Up-to-date: /home/poom/Desktop/ros_ws/install/my_robot_interfaces/local/lib/python3.10/dist-packages/my_robot_interfaces/action
[2.946s] -- Installing: /home/poom/Desktop/ros_ws/install/my_robot_interfaces/local/lib/python3.10/dist-packages/my_robot_interfaces/action/_count_until_s.c
[2.946s] -- Installing: /home/poom/Desktop/ros_ws/install/my_robot_interfaces/local/lib/python3.10/dist-packages/my_robot_interfaces/action/__init__.py
[2.946s] -- Installing: /home/poom/Desktop/ros_ws/install/my_robot_interfaces/local/lib/python3.10/dist-packages/my_robot_interfaces/action/_count_until.py
[2.946s] -- Installing: /home/poom/Desktop/ros_ws/install/my_robot_interfaces/local/lib/python3.10/dist-packages/my_robot_interfaces/action/_move_to_target.py
[2.946s] -- Installing: /home/poom/Desktop/ros_ws/install/my_robot_interfaces/local/lib/python3.10/dist-packages/my_robot_interfaces/action/_move_to_target_s.c
[2.972s] Listing '/home/poom/Desktop/ros_ws/install/my_robot_interfaces/local/lib/python3.10/dist-packages/my_robot_interfaces'...
[2.972s] Compiling '/home/poom/Desktop/ros_ws/install/my_robot_interfaces/local/lib/python3.10/dist-packages/my_robot_interfaces/__init__.py'...
[2.972s] Listing '/home/poom/Desktop/ros_ws/install/my_robot_interfaces/local/lib/python3.10/dist-packages/my_robot_interfaces/action'...
[2.972s] Compiling '/home/poom/Desktop/ros_ws/install/my_robot_interfaces/local/lib/python3.10/dist-packages/my_robot_interfaces/action/__init__.py'...
[2.972s] Compiling '/home/poom/Desktop/ros_ws/install/my_robot_interfaces/local/lib/python3.10/dist-packages/my_robot_interfaces/action/_count_until.py'...
[2.972s] Compiling '/home/poom/Desktop/ros_ws/install/my_robot_interfaces/local/lib/python3.10/dist-packages/my_robot_interfaces/action/_move_to_target.py'...
[2.974s] -- Installing: /home/poom/Desktop/ros_ws/install/my_robot_interfaces/local/lib/python3.10/dist-packages/my_robot_interfaces/my_robot_interfaces_s__rosidl_typesupport_fastrtps_c.cpython-310-x86_64-linux-gnu.so
[2.975s] -- Set runtime path of "/home/poom/Desktop/ros_ws/install/my_robot_interfaces/local/lib/python3.10/dist-packages/my_robot_interfaces/my_robot_interfaces_s__rosidl_typesupport_fastrtps_c.cpython-310-x86_64-linux-gnu.so" to ""
[2.975s] -- Installing: /home/poom/Desktop/ros_ws/install/my_robot_interfaces/local/lib/python3.10/dist-packages/my_robot_interfaces/my_robot_interfaces_s__rosidl_typesupport_introspection_c.cpython-310-x86_64-linux-gnu.so
[2.975s] -- Set runtime path of "/home/poom/Desktop/ros_ws/install/my_robot_interfaces/local/lib/python3.10/dist-packages/my_robot_interfaces/my_robot_interfaces_s__rosidl_typesupport_introspection_c.cpython-310-x86_64-linux-gnu.so" to ""
[2.975s] -- Installing: /home/poom/Desktop/ros_ws/install/my_robot_interfaces/local/lib/python3.10/dist-packages/my_robot_interfaces/my_robot_interfaces_s__rosidl_typesupport_c.cpython-310-x86_64-linux-gnu.so
[2.975s] -- Set runtime path of "/home/poom/Desktop/ros_ws/install/my_robot_interfaces/local/lib/python3.10/dist-packages/my_robot_interfaces/my_robot_interfaces_s__rosidl_typesupport_c.cpython-310-x86_64-linux-gnu.so" to ""
[2.976s] -- Installing: /home/poom/Desktop/ros_ws/install/my_robot_interfaces/lib/libmy_robot_interfaces__rosidl_generator_py.so
[2.976s] -- Set runtime path of "/home/poom/Desktop/ros_ws/install/my_robot_interfaces/lib/libmy_robot_interfaces__rosidl_generator_py.so" to ""
[2.977s] -- Up-to-date: /home/poom/Desktop/ros_ws/install/my_robot_interfaces/share/my_robot_interfaces/action/CountUntil.idl
[2.977s] -- Installing: /home/poom/Desktop/ros_ws/install/my_robot_interfaces/share/my_robot_interfaces/action/MoveToTarget.idl
[2.977s] -- Up-to-date: /home/poom/Desktop/ros_ws/install/my_robot_interfaces/share/my_robot_interfaces/action/CountUntil.action
[2.977s] -- Installing: /home/poom/Desktop/ros_ws/install/my_robot_interfaces/share/my_robot_interfaces/action/MoveToTarget.action
[2.977s] -- Up-to-date: /home/poom/Desktop/ros_ws/install/my_robot_interfaces/share/ament_index/resource_index/package_run_dependencies/my_robot_interfaces
[2.977s] -- Installing: /home/poom/Desktop/ros_ws/install/my_robot_interfaces/share/ament_index/resource_index/parent_prefix_path/my_robot_interfaces
[2.977s] -- Up-to-date: /home/poom/Desktop/ros_ws/install/my_robot_interfaces/share/my_robot_interfaces/environment/ament_prefix_path.sh
[2.977s] -- Installing: /home/poom/Desktop/ros_ws/install/my_robot_interfaces/share/my_robot_interfaces/environment/ament_prefix_path.dsv
[2.977s] -- Up-to-date: /home/poom/Desktop/ros_ws/install/my_robot_interfaces/share/my_robot_interfaces/environment/path.sh
[2.977s] -- Installing: /home/poom/Desktop/ros_ws/install/my_robot_interfaces/share/my_robot_interfaces/environment/path.dsv
[2.978s] -- Up-to-date: /home/poom/Desktop/ros_ws/install/my_robot_interfaces/share/my_robot_interfaces/local_setup.bash
[2.978s] -- Up-to-date: /home/poom/Desktop/ros_ws/install/my_robot_interfaces/share/my_robot_interfaces/local_setup.sh
[2.978s] -- Up-to-date: /home/poom/Desktop/ros_ws/install/my_robot_interfaces/share/my_robot_interfaces/local_setup.zsh
[2.978s] -- Installing: /home/poom/Desktop/ros_ws/install/my_robot_interfaces/share/my_robot_interfaces/local_setup.dsv
[2.978s] -- Installing: /home/poom/Desktop/ros_ws/install/my_robot_interfaces/share/my_robot_interfaces/package.dsv
[2.978s] -- Up-to-date: /home/poom/Desktop/ros_ws/install/my_robot_interfaces/share/ament_index/resource_index/packages/my_robot_interfaces
[2.978s] -- Up-to-date: /home/poom/Desktop/ros_ws/install/my_robot_interfaces/share/my_robot_interfaces/cmake/export_my_robot_interfaces__rosidl_generator_cExport.cmake
[2.978s] -- Up-to-date: /home/poom/Desktop/ros_ws/install/my_robot_interfaces/share/my_robot_interfaces/cmake/export_my_robot_interfaces__rosidl_generator_cExport-noconfig.cmake
[2.979s] -- Up-to-date: /home/poom/Desktop/ros_ws/install/my_robot_interfaces/share/my_robot_interfaces/cmake/export_my_robot_interfaces__rosidl_typesupport_fastrtps_cExport.cmake
[2.979s] -- Up-to-date: /home/poom/Desktop/ros_ws/install/my_robot_interfaces/share/my_robot_interfaces/cmake/export_my_robot_interfaces__rosidl_typesupport_fastrtps_cExport-noconfig.cmake
[2.979s] -- Up-to-date: /home/poom/Desktop/ros_ws/install/my_robot_interfaces/share/my_robot_interfaces/cmake/my_robot_interfaces__rosidl_typesupport_introspection_cExport.cmake
[2.979s] -- Up-to-date: /home/poom/Desktop/ros_ws/install/my_robot_interfaces/share/my_robot_interfaces/cmake/my_robot_interfaces__rosidl_typesupport_introspection_cExport-noconfig.cmake
[2.979s] -- Up-to-date: /home/poom/Desktop/ros_ws/install/my_robot_interfaces/share/my_robot_interfaces/cmake/my_robot_interfaces__rosidl_typesupport_cExport.cmake
[2.979s] -- Up-to-date: /home/poom/Desktop/ros_ws/install/my_robot_interfaces/share/my_robot_interfaces/cmake/my_robot_interfaces__rosidl_typesupport_cExport-noconfig.cmake
[2.980s] -- Up-to-date: /home/poom/Desktop/ros_ws/install/my_robot_interfaces/share/my_robot_interfaces/cmake/export_my_robot_interfaces__rosidl_generator_cppExport.cmake
[2.980s] -- Up-to-date: /home/poom/Desktop/ros_ws/install/my_robot_interfaces/share/my_robot_interfaces/cmake/export_my_robot_interfaces__rosidl_typesupport_fastrtps_cppExport.cmake
[2.980s] -- Up-to-date: /home/poom/Desktop/ros_ws/install/my_robot_interfaces/share/my_robot_interfaces/cmake/export_my_robot_interfaces__rosidl_typesupport_fastrtps_cppExport-noconfig.cmake
[2.980s] -- Up-to-date: /home/poom/Desktop/ros_ws/install/my_robot_interfaces/share/my_robot_interfaces/cmake/my_robot_interfaces__rosidl_typesupport_introspection_cppExport.cmake
[2.981s] -- Up-to-date: /home/poom/Desktop/ros_ws/install/my_robot_interfaces/share/my_robot_interfaces/cmake/my_robot_interfaces__rosidl_typesupport_introspection_cppExport-noconfig.cmake
[2.981s] -- Up-to-date: /home/poom/Desktop/ros_ws/install/my_robot_interfaces/share/my_robot_interfaces/cmake/my_robot_interfaces__rosidl_typesupport_cppExport.cmake
[2.981s] -- Up-to-date: /home/poom/Desktop/ros_ws/install/my_robot_interfaces/share/my_robot_interfaces/cmake/my_robot_interfaces__rosidl_typesupport_cppExport-noconfig.cmake
[2.981s] -- Up-to-date: /home/poom/Desktop/ros_ws/install/my_robot_interfaces/share/my_robot_interfaces/cmake/export_my_robot_interfaces__rosidl_generator_pyExport.cmake
[2.981s] -- Up-to-date: /home/poom/Desktop/ros_ws/install/my_robot_interfaces/share/my_robot_interfaces/cmake/export_my_robot_interfaces__rosidl_generator_pyExport-noconfig.cmake
[2.981s] -- Installing: /home/poom/Desktop/ros_ws/install/my_robot_interfaces/share/my_robot_interfaces/cmake/rosidl_cmake-extras.cmake
[2.981s] -- Up-to-date: /home/poom/Desktop/ros_ws/install/my_robot_interfaces/share/my_robot_interfaces/cmake/ament_cmake_export_dependencies-extras.cmake
[2.981s] -- Up-to-date: /home/poom/Desktop/ros_ws/install/my_robot_interfaces/share/my_robot_interfaces/cmake/ament_cmake_export_include_directories-extras.cmake
[2.981s] -- Up-to-date: /home/poom/Desktop/ros_ws/install/my_robot_interfaces/share/my_robot_interfaces/cmake/ament_cmake_export_libraries-extras.cmake
[2.981s] -- Up-to-date: /home/poom/Desktop/ros_ws/install/my_robot_interfaces/share/my_robot_interfaces/cmake/ament_cmake_export_targets-extras.cmake
[2.981s] -- Up-to-date: /home/poom/Desktop/ros_ws/install/my_robot_interfaces/share/my_robot_interfaces/cmake/rosidl_cmake_export_typesupport_targets-extras.cmake
[2.982s] -- Up-to-date: /home/poom/Desktop/ros_ws/install/my_robot_interfaces/share/my_robot_interfaces/cmake/rosidl_cmake_export_typesupport_libraries-extras.cmake
[2.982s] -- Up-to-date: /home/poom/Desktop/ros_ws/install/my_robot_interfaces/share/my_robot_interfaces/cmake/my_robot_interfacesConfig.cmake
[2.982s] -- Up-to-date: /home/poom/Desktop/ros_ws/install/my_robot_interfaces/share/my_robot_interfaces/cmake/my_robot_interfacesConfig-version.cmake
[2.982s] -- Up-to-date: /home/poom/Desktop/ros_ws/install/my_robot_interfaces/share/my_robot_interfaces/package.xml
[2.983s] Invoked command in '/home/poom/Desktop/ros_ws/build/my_robot_interfaces' returned '0': CMAKE_PREFIX_PATH=${CMAKE_PREFIX_PATH}:/home/poom/Desktop/ros_ws/install/actions_py:/opt/ros/humble /usr/bin/cmake --install /home/poom/Desktop/ros_ws/build/my_robot_interfaces
