[0.302s] Invoking command in '/home/poom/Desktop/ros_ws/src/lifecycle_py': PYTHONPATH=/home/poom/Desktop/ros_ws/build/lifecycle_py/prefix_override:/usr/lib/python3/dist-packages/colcon_core/task/python/colcon_distutils_commands:/home/poom/Desktop/ros_ws/install/lifecycle_py/lib/python3.10/site-packages:${PYTHONPATH} /usr/bin/python3 -W ignore:setup.py install is deprecated setup.py egg_info --egg-base ../../build/lifecycle_py build --build-base /home/poom/Desktop/ros_ws/build/lifecycle_py/build install --record /home/poom/Desktop/ros_ws/build/lifecycle_py/install.log --single-version-externally-managed install_data
[0.426s] running egg_info
[0.426s] writing ../../build/lifecycle_py/lifecycle_py.egg-info/PKG-INFO
[0.427s] writing dependency_links to ../../build/lifecycle_py/lifecycle_py.egg-info/dependency_links.txt
[0.428s] writing entry points to ../../build/lifecycle_py/lifecycle_py.egg-info/entry_points.txt
[0.428s] writing requirements to ../../build/lifecycle_py/lifecycle_py.egg-info/requires.txt
[0.428s] writing top-level names to ../../build/lifecycle_py/lifecycle_py.egg-info/top_level.txt
[0.430s] reading manifest file '../../build/lifecycle_py/lifecycle_py.egg-info/SOURCES.txt'
[0.430s] writing manifest file '../../build/lifecycle_py/lifecycle_py.egg-info/SOURCES.txt'
[0.430s] running build
[0.430s] running build_py
[0.431s] running install
[0.431s] running install_lib
[0.431s] running install_data
[0.431s] running install_egg_info
[0.432s] removing '/home/poom/Desktop/ros_ws/install/lifecycle_py/lib/python3.10/site-packages/lifecycle_py-0.0.0-py3.10.egg-info' (and everything under it)
[0.432s] Copying ../../build/lifecycle_py/lifecycle_py.egg-info to /home/poom/Desktop/ros_ws/install/lifecycle_py/lib/python3.10/site-packages/lifecycle_py-0.0.0-py3.10.egg-info
[0.432s] running install_scripts
[0.443s] Installing lifecycle_node_manager script to /home/poom/Desktop/ros_ws/install/lifecycle_py/lib/lifecycle_py
[0.443s] Installing move_to_target_server script to /home/poom/Desktop/ros_ws/install/lifecycle_py/lib/lifecycle_py
[0.443s] Installing number_publisher script to /home/poom/Desktop/ros_ws/install/lifecycle_py/lib/lifecycle_py
[0.443s] writing list of installed files to '/home/poom/Desktop/ros_ws/build/lifecycle_py/install.log'
[0.456s] Invoked command in '/home/poom/Desktop/ros_ws/src/lifecycle_py' returned '0': PYTHONPATH=/home/poom/Desktop/ros_ws/build/lifecycle_py/prefix_override:/usr/lib/python3/dist-packages/colcon_core/task/python/colcon_distutils_commands:/home/poom/Desktop/ros_ws/install/lifecycle_py/lib/python3.10/site-packages:${PYTHONPATH} /usr/bin/python3 -W ignore:setup.py install is deprecated setup.py egg_info --egg-base ../../build/lifecycle_py build --build-base /home/poom/Desktop/ros_ws/build/lifecycle_py/build install --record /home/poom/Desktop/ros_ws/build/lifecycle_py/install.log --single-version-externally-managed install_data
