[0.011s] Invoking command in '/home/poom/Desktop/ros_ws/build/my_robot_bringup': CMAKE_PREFIX_PATH=/home/poom/Desktop/ros_ws/install/my_robot_description:/home/poom/Desktop/ros_ws/install/my_robot_bringup:/opt/ros/humble /usr/bin/cmake /home/poom/Desktop/ros_ws/src/my_robot_bringup -DCMAKE_INSTALL_PREFIX=/home/poom/Desktop/ros_ws/install/my_robot_bringup
[0.031s] -- Found ament_cmake: 1.3.10 (/opt/ros/humble/share/ament_cmake/cmake)
[0.188s] -- Override CMake install command with custom implementation using symlinks instead of copying resources
[0.280s] -- Configuring done
[0.289s] -- Generating done
[0.290s] -- Build files have been written to: /home/poom/Desktop/ros_ws/build/my_robot_bringup
[0.293s] Invoked command in '/home/poom/Desktop/ros_ws/build/my_robot_bringup' returned '0': CMAKE_PREFIX_PATH=/home/poom/Desktop/ros_ws/install/my_robot_description:/home/poom/Desktop/ros_ws/install/my_robot_bringup:/opt/ros/humble /usr/bin/cmake /home/poom/Desktop/ros_ws/src/my_robot_bringup -DCMAKE_INSTALL_PREFIX=/home/poom/Desktop/ros_ws/install/my_robot_bringup
[0.295s] Invoking command in '/home/poom/Desktop/ros_ws/build/my_robot_bringup': CMAKE_PREFIX_PATH=/home/poom/Desktop/ros_ws/install/my_robot_description:/home/poom/Desktop/ros_ws/install/my_robot_bringup:/opt/ros/humble /usr/bin/cmake --build /home/poom/Desktop/ros_ws/build/my_robot_bringup -- -j16 -l16
[0.343s] Invoked command in '/home/poom/Desktop/ros_ws/build/my_robot_bringup' returned '0': CMAKE_PREFIX_PATH=/home/poom/Desktop/ros_ws/install/my_robot_description:/home/poom/Desktop/ros_ws/install/my_robot_bringup:/opt/ros/humble /usr/bin/cmake --build /home/poom/Desktop/ros_ws/build/my_robot_bringup -- -j16 -l16
[0.372s] Invoking command in '/home/poom/Desktop/ros_ws/build/my_robot_bringup': CMAKE_PREFIX_PATH=/home/poom/Desktop/ros_ws/install/my_robot_description:/home/poom/Desktop/ros_ws/install/my_robot_bringup:/opt/ros/humble /usr/bin/cmake --install /home/poom/Desktop/ros_ws/build/my_robot_bringup
[0.379s] -- Install configuration: ""
[0.379s] -- Execute custom install script
[0.382s] -- Up-to-date symlink: /home/poom/Desktop/ros_ws/install/my_robot_bringup/share/my_robot_bringup//launch/my_robot_gazebo.launch.xml
[0.383s] -- Up-to-date symlink: /home/poom/Desktop/ros_ws/install/my_robot_bringup/share/my_robot_bringup//rviz/urdf_config.rviz
[0.384s] -- Up-to-date symlink: /home/poom/Desktop/ros_ws/install/my_robot_bringup/share/my_robot_bringup//worlds/test_world.world
[0.385s] -- Up-to-date symlink: /home/poom/Desktop/ros_ws/install/my_robot_bringup/share/ament_index/resource_index/package_run_dependencies/my_robot_bringup
[0.386s] -- Up-to-date symlink: /home/poom/Desktop/ros_ws/install/my_robot_bringup/share/ament_index/resource_index/parent_prefix_path/my_robot_bringup
[0.387s] -- Up-to-date symlink: /home/poom/Desktop/ros_ws/install/my_robot_bringup/share/my_robot_bringup/environment/ament_prefix_path.sh
[0.387s] -- Up-to-date symlink: /home/poom/Desktop/ros_ws/install/my_robot_bringup/share/my_robot_bringup/environment/ament_prefix_path.dsv
[0.388s] -- Up-to-date symlink: /home/poom/Desktop/ros_ws/install/my_robot_bringup/share/my_robot_bringup/environment/path.sh
[0.388s] -- Up-to-date symlink: /home/poom/Desktop/ros_ws/install/my_robot_bringup/share/my_robot_bringup/environment/path.dsv
[0.389s] -- Up-to-date symlink: /home/poom/Desktop/ros_ws/install/my_robot_bringup/share/my_robot_bringup/local_setup.bash
[0.390s] -- Up-to-date symlink: /home/poom/Desktop/ros_ws/install/my_robot_bringup/share/my_robot_bringup/local_setup.sh
[0.391s] -- Up-to-date symlink: /home/poom/Desktop/ros_ws/install/my_robot_bringup/share/my_robot_bringup/local_setup.zsh
[0.391s] -- Up-to-date symlink: /home/poom/Desktop/ros_ws/install/my_robot_bringup/share/my_robot_bringup/local_setup.dsv
[0.391s] -- Symlinking: /home/poom/Desktop/ros_ws/install/my_robot_bringup/share/my_robot_bringup/package.dsv
[0.402s] -- Up-to-date symlink: /home/poom/Desktop/ros_ws/install/my_robot_bringup/share/ament_index/resource_index/packages/my_robot_bringup
[0.404s] -- Up-to-date symlink: /home/poom/Desktop/ros_ws/install/my_robot_bringup/share/my_robot_bringup/cmake/my_robot_bringupConfig.cmake
[0.404s] -- Up-to-date symlink: /home/poom/Desktop/ros_ws/install/my_robot_bringup/share/my_robot_bringup/cmake/my_robot_bringupConfig-version.cmake
[0.405s] -- Up-to-date symlink: /home/poom/Desktop/ros_ws/install/my_robot_bringup/share/my_robot_bringup/package.xml
[0.408s] Invoked command in '/home/poom/Desktop/ros_ws/build/my_robot_bringup' returned '0': CMAKE_PREFIX_PATH=/home/poom/Desktop/ros_ws/install/my_robot_description:/home/poom/Desktop/ros_ws/install/my_robot_bringup:/opt/ros/humble /usr/bin/cmake --install /home/poom/Desktop/ros_ws/build/my_robot_bringup
