[0.369s] Invoking command in '/home/poom/Desktop/ros_ws/build/actions_py': LD_LIBRARY_PATH=/home/poom/Desktop/ros_ws/install/my_robot_interfaces/lib:/usr/lib/x86_64-linux-gnu/gazebo-11/plugins:/opt/ros/humble/opt/rviz_ogre_vendor/lib:/opt/ros/humble/lib/x86_64-linux-gnu:/opt/ros/humble/lib:/usr/share/gazebo/../../lib/x86_64-linux-gnu/gazebo-11/plugins PYTHONPATH=/home/poom/Desktop/ros_ws/build/actions_py/prefix_override:/usr/lib/python3/dist-packages/colcon_core/task/python/colcon_distutils_commands:/home/poom/Desktop/ros_ws/install/actions_py/lib/python3.10/site-packages:${PYTHONPATH} /usr/bin/python3 -W ignore:setup.py install is deprecated setup.py develop --editable --build-directory /home/poom/Desktop/ros_ws/build/actions_py/build --no-deps symlink_data
[0.495s] running develop
[0.496s] /usr/lib/python3/dist-packages/setuptools/command/easy_install.py:158: EasyInstallDeprecationWarning: easy_install command is deprecated. Use build and pip and other standards-based tools.
[0.496s]   warnings.warn(
[0.558s] running egg_info
[0.558s] writing actions_py.egg-info/PKG-INFO
[0.558s] writing dependency_links to actions_py.egg-info/dependency_links.txt
[0.559s] writing entry points to actions_py.egg-info/entry_points.txt
[0.559s] writing requirements to actions_py.egg-info/requires.txt
[0.559s] writing top-level names to actions_py.egg-info/top_level.txt
[0.560s] reading manifest file 'actions_py.egg-info/SOURCES.txt'
[0.561s] writing manifest file 'actions_py.egg-info/SOURCES.txt'
[0.562s] running build_ext
[0.562s] Creating /home/poom/Desktop/ros_ws/install/actions_py/lib/python3.10/site-packages/actions-py.egg-link (link to .)
[0.563s] Installing count_until_client script to /home/poom/Desktop/ros_ws/install/actions_py/lib/actions_py
[0.563s] Installing count_until_server script to /home/poom/Desktop/ros_ws/install/actions_py/lib/actions_py
[0.563s] 
[0.563s] Installed /home/poom/Desktop/ros_ws/build/actions_py
[0.563s] running symlink_data
[0.575s] Invoked command in '/home/poom/Desktop/ros_ws/build/actions_py' returned '0': LD_LIBRARY_PATH=/home/poom/Desktop/ros_ws/install/my_robot_interfaces/lib:/usr/lib/x86_64-linux-gnu/gazebo-11/plugins:/opt/ros/humble/opt/rviz_ogre_vendor/lib:/opt/ros/humble/lib/x86_64-linux-gnu:/opt/ros/humble/lib:/usr/share/gazebo/../../lib/x86_64-linux-gnu/gazebo-11/plugins PYTHONPATH=/home/poom/Desktop/ros_ws/build/actions_py/prefix_override:/usr/lib/python3/dist-packages/colcon_core/task/python/colcon_distutils_commands:/home/poom/Desktop/ros_ws/install/actions_py/lib/python3.10/site-packages:${PYTHONPATH} /usr/bin/python3 -W ignore:setup.py install is deprecated setup.py develop --editable --build-directory /home/poom/Desktop/ros_ws/build/actions_py/build --no-deps symlink_data
