[0.011s] Invoking command in '/home/poom/Desktop/ros_ws/build/lifecycle_cpp': CMAKE_PREFIX_PATH=${CMAKE_PREFIX_PATH}:/home/poom/Desktop/ros_ws/install/actions_py:/opt/ros/humble /usr/bin/cmake /home/poom/Desktop/ros_ws/src/lifecycle_cpp -DCMAKE_INSTALL_PREFIX=/home/poom/Desktop/ros_ws/install/lifecycle_cpp
[0.094s] -- The C compiler identification is GNU 11.4.0
[0.164s] -- The CXX compiler identification is GNU 11.4.0
[0.173s] -- Detecting C compiler ABI info
[0.217s] -- Detecting C compiler ABI info - done
[0.220s] -- Check for working C compiler: /usr/bin/cc - skipped
[0.221s] -- Detecting C compile features
[0.222s] -- Detecting C compile features - done
[0.226s] -- Detecting CXX compiler ABI info
[0.273s] -- Detecting CXX compiler ABI info - done
[0.277s] -- Check for working CXX compiler: /usr/bin/c++ - skipped
[0.278s] -- Detecting CXX compile features
[0.278s] -- Detecting CXX compile features - done
[0.285s] -- Found ament_cmake: 1.3.10 (/opt/ros/humble/share/ament_cmake/cmake)
[0.373s] -- Found Python3: /usr/bin/python3 (found version "3.10.12") found components: Interpreter 
[0.453s] -- Found rclcpp: 16.0.10 (/opt/ros/humble/share/rclcpp/cmake)
[0.500s] -- Found rosidl_generator_c: 3.1.5 (/opt/ros/humble/share/rosidl_generator_c/cmake)
[0.506s] -- Found rosidl_adapter: 3.1.5 (/opt/ros/humble/share/rosidl_adapter/cmake)
[0.519s] -- Found rosidl_generator_cpp: 3.1.5 (/opt/ros/humble/share/rosidl_generator_cpp/cmake)
[0.539s] -- Using all available rosidl_typesupport_c: rosidl_typesupport_fastrtps_c;rosidl_typesupport_introspection_c
[0.558s] -- Using all available rosidl_typesupport_cpp: rosidl_typesupport_fastrtps_cpp;rosidl_typesupport_introspection_cpp
[0.603s] -- Found rmw_implementation_cmake: 6.1.2 (/opt/ros/humble/share/rmw_implementation_cmake/cmake)
[0.606s] -- Found rmw_fastrtps_cpp: 6.2.7 (/opt/ros/humble/share/rmw_fastrtps_cpp/cmake)
[0.668s] -- Found OpenSSL: /usr/lib/x86_64-linux-gnu/libcrypto.so (found version "3.0.2")  
[0.681s] -- Found FastRTPS: /opt/ros/humble/include  
[0.700s] -- Using RMW implementation 'rmw_fastrtps_cpp' as default
[0.709s] -- Looking for pthread.h
[0.747s] -- Looking for pthread.h - found
[0.747s] -- Performing Test CMAKE_HAVE_LIBC_PTHREAD
[0.786s] -- Performing Test CMAKE_HAVE_LIBC_PTHREAD - Success
[0.786s] -- Found Threads: TRUE  
[0.826s] -- Found example_interfaces: 0.9.3 (/opt/ros/humble/share/example_interfaces/cmake)
[0.900s] -- Configuring done
[0.905s] -- Generating done
[0.906s] -- Build files have been written to: /home/poom/Desktop/ros_ws/build/lifecycle_cpp
[0.911s] Invoked command in '/home/poom/Desktop/ros_ws/build/lifecycle_cpp' returned '0': CMAKE_PREFIX_PATH=${CMAKE_PREFIX_PATH}:/home/poom/Desktop/ros_ws/install/actions_py:/opt/ros/humble /usr/bin/cmake /home/poom/Desktop/ros_ws/src/lifecycle_cpp -DCMAKE_INSTALL_PREFIX=/home/poom/Desktop/ros_ws/install/lifecycle_cpp
[0.912s] Invoking command in '/home/poom/Desktop/ros_ws/build/lifecycle_cpp': CMAKE_PREFIX_PATH=${CMAKE_PREFIX_PATH}:/home/poom/Desktop/ros_ws/install/actions_py:/opt/ros/humble /usr/bin/cmake --build /home/poom/Desktop/ros_ws/build/lifecycle_cpp -- -j16 -l16
[0.938s] [ 50%] [32mBuilding CXX object CMakeFiles/number_publisher.dir/src/number_publisher.cpp.o[0m
[3.228s] [100%] [32m[1mLinking CXX executable number_publisher[0m
[3.358s] [100%] Built target number_publisher
[3.365s] Invoked command in '/home/poom/Desktop/ros_ws/build/lifecycle_cpp' returned '0': CMAKE_PREFIX_PATH=${CMAKE_PREFIX_PATH}:/home/poom/Desktop/ros_ws/install/actions_py:/opt/ros/humble /usr/bin/cmake --build /home/poom/Desktop/ros_ws/build/lifecycle_cpp -- -j16 -l16
[3.383s] Invoking command in '/home/poom/Desktop/ros_ws/build/lifecycle_cpp': CMAKE_PREFIX_PATH=${CMAKE_PREFIX_PATH}:/home/poom/Desktop/ros_ws/install/actions_py:/opt/ros/humble /usr/bin/cmake --install /home/poom/Desktop/ros_ws/build/lifecycle_cpp
[3.386s] -- Install configuration: ""
[3.387s] -- Installing: /home/poom/Desktop/ros_ws/install/lifecycle_cpp/lib/lifecycle_cpp/number_publisher
[3.387s] -- Set runtime path of "/home/poom/Desktop/ros_ws/install/lifecycle_cpp/lib/lifecycle_cpp/number_publisher" to ""
[3.387s] -- Installing: /home/poom/Desktop/ros_ws/install/lifecycle_cpp/share/ament_index/resource_index/package_run_dependencies/lifecycle_cpp
[3.387s] -- Installing: /home/poom/Desktop/ros_ws/install/lifecycle_cpp/share/ament_index/resource_index/parent_prefix_path/lifecycle_cpp
[3.388s] -- Installing: /home/poom/Desktop/ros_ws/install/lifecycle_cpp/share/lifecycle_cpp/environment/ament_prefix_path.sh
[3.388s] -- Installing: /home/poom/Desktop/ros_ws/install/lifecycle_cpp/share/lifecycle_cpp/environment/ament_prefix_path.dsv
[3.388s] -- Installing: /home/poom/Desktop/ros_ws/install/lifecycle_cpp/share/lifecycle_cpp/environment/path.sh
[3.388s] -- Installing: /home/poom/Desktop/ros_ws/install/lifecycle_cpp/share/lifecycle_cpp/environment/path.dsv
[3.388s] -- Installing: /home/poom/Desktop/ros_ws/install/lifecycle_cpp/share/lifecycle_cpp/local_setup.bash
[3.388s] -- Installing: /home/poom/Desktop/ros_ws/install/lifecycle_cpp/share/lifecycle_cpp/local_setup.sh
[3.388s] -- Installing: /home/poom/Desktop/ros_ws/install/lifecycle_cpp/share/lifecycle_cpp/local_setup.zsh
[3.388s] -- Installing: /home/poom/Desktop/ros_ws/install/lifecycle_cpp/share/lifecycle_cpp/local_setup.dsv
[3.388s] -- Installing: /home/poom/Desktop/ros_ws/install/lifecycle_cpp/share/lifecycle_cpp/package.dsv
[3.388s] -- Installing: /home/poom/Desktop/ros_ws/install/lifecycle_cpp/share/ament_index/resource_index/packages/lifecycle_cpp
[3.388s] -- Installing: /home/poom/Desktop/ros_ws/install/lifecycle_cpp/share/lifecycle_cpp/cmake/lifecycle_cppConfig.cmake
[3.388s] -- Installing: /home/poom/Desktop/ros_ws/install/lifecycle_cpp/share/lifecycle_cpp/cmake/lifecycle_cppConfig-version.cmake
[3.388s] -- Installing: /home/poom/Desktop/ros_ws/install/lifecycle_cpp/share/lifecycle_cpp/package.xml
[3.389s] Invoked command in '/home/poom/Desktop/ros_ws/build/lifecycle_cpp' returned '0': CMAKE_PREFIX_PATH=${CMAKE_PREFIX_PATH}:/home/poom/Desktop/ros_ws/install/actions_py:/opt/ros/humble /usr/bin/cmake --install /home/poom/Desktop/ros_ws/build/lifecycle_cpp
