[0.009s] Invoking command in '/home/poom/Desktop/ros_ws/build/actions_cpp': CMAKE_PREFIX_PATH=/home/poom/Desktop/ros_ws/install/my_robot_interfaces:/home/poom/Desktop/ros_ws/install/actions_cpp:/home/poom/Desktop/ros_ws/install/my_robot_bringup:/home/poom/Desktop/ros_ws/install/my_robot_description:/home/poom/Desktop/ros_ws/install/actions_py:/opt/ros/humble LD_LIBRARY_PATH=/home/poom/Desktop/ros_ws/install/my_robot_interfaces/lib:/usr/lib/x86_64-linux-gnu/gazebo-11/plugins:/opt/ros/humble/opt/rviz_ogre_vendor/lib:/opt/ros/humble/lib/x86_64-linux-gnu:/opt/ros/humble/lib:/usr/share/gazebo/../../lib/x86_64-linux-gnu/gazebo-11/plugins:/usr/share/gazebo/../../lib/x86_64-linux-gnu/gazebo-11/plugins:/usr/share/gazebo/../../lib/x86_64-linux-gnu/gazebo-11/plugins:/usr/share/gazebo/../../lib/x86_64-linux-gnu/gazebo-11/plugins:/usr/share/gazebo/../../lib/x86_64-linux-gnu/gazebo-11/plugins:/usr/share/gazebo/../../lib/x86_64-linux-gnu/gazebo-11/plugins:/usr/share/gazebo/../../lib/x86_64-linux-gnu/gazebo-11/plugins:/usr/share/gazebo/../../lib/x86_64-linux-gnu/gazebo-11/plugins:/usr/share/gazebo/../../lib/x86_64-linux-gnu/gazebo-11/plugins:/usr/share/gazebo/../../lib/x86_64-linux-gnu/gazebo-11/plugins /usr/bin/cmake --build /home/poom/Desktop/ros_ws/build/actions_cpp -- -j16 -l16
[0.032s] [35m[1mConsolidate compiler generated dependencies of target count_until_client[0m
[0.032s] [35m[1mConsolidate compiler generated dependencies of target count_until_server[0m
[0.041s] [ 50%] [32mBuilding CXX object CMakeFiles/count_until_client.dir/src/count_until_client.cpp.o[0m
[0.041s] [ 75%] Built target count_until_server
[2.348s] [100%] [32m[1mLinking CXX executable count_until_client[0m
[2.439s] [100%] Built target count_until_client
[2.445s] Invoked command in '/home/poom/Desktop/ros_ws/build/actions_cpp' returned '0': CMAKE_PREFIX_PATH=/home/poom/Desktop/ros_ws/install/my_robot_interfaces:/home/poom/Desktop/ros_ws/install/actions_cpp:/home/poom/Desktop/ros_ws/install/my_robot_bringup:/home/poom/Desktop/ros_ws/install/my_robot_description:/home/poom/Desktop/ros_ws/install/actions_py:/opt/ros/humble LD_LIBRARY_PATH=/home/poom/Desktop/ros_ws/install/my_robot_interfaces/lib:/usr/lib/x86_64-linux-gnu/gazebo-11/plugins:/opt/ros/humble/opt/rviz_ogre_vendor/lib:/opt/ros/humble/lib/x86_64-linux-gnu:/opt/ros/humble/lib:/usr/share/gazebo/../../lib/x86_64-linux-gnu/gazebo-11/plugins:/usr/share/gazebo/../../lib/x86_64-linux-gnu/gazebo-11/plugins:/usr/share/gazebo/../../lib/x86_64-linux-gnu/gazebo-11/plugins:/usr/share/gazebo/../../lib/x86_64-linux-gnu/gazebo-11/plugins:/usr/share/gazebo/../../lib/x86_64-linux-gnu/gazebo-11/plugins:/usr/share/gazebo/../../lib/x86_64-linux-gnu/gazebo-11/plugins:/usr/share/gazebo/../../lib/x86_64-linux-gnu/gazebo-11/plugins:/usr/share/gazebo/../../lib/x86_64-linux-gnu/gazebo-11/plugins:/usr/share/gazebo/../../lib/x86_64-linux-gnu/gazebo-11/plugins:/usr/share/gazebo/../../lib/x86_64-linux-gnu/gazebo-11/plugins /usr/bin/cmake --build /home/poom/Desktop/ros_ws/build/actions_cpp -- -j16 -l16
[2.468s] Invoking command in '/home/poom/Desktop/ros_ws/build/actions_cpp': CMAKE_PREFIX_PATH=/home/poom/Desktop/ros_ws/install/my_robot_interfaces:/home/poom/Desktop/ros_ws/install/actions_cpp:/home/poom/Desktop/ros_ws/install/my_robot_bringup:/home/poom/Desktop/ros_ws/install/my_robot_description:/home/poom/Desktop/ros_ws/install/actions_py:/opt/ros/humble LD_LIBRARY_PATH=/home/poom/Desktop/ros_ws/install/my_robot_interfaces/lib:/usr/lib/x86_64-linux-gnu/gazebo-11/plugins:/opt/ros/humble/opt/rviz_ogre_vendor/lib:/opt/ros/humble/lib/x86_64-linux-gnu:/opt/ros/humble/lib:/usr/share/gazebo/../../lib/x86_64-linux-gnu/gazebo-11/plugins:/usr/share/gazebo/../../lib/x86_64-linux-gnu/gazebo-11/plugins:/usr/share/gazebo/../../lib/x86_64-linux-gnu/gazebo-11/plugins:/usr/share/gazebo/../../lib/x86_64-linux-gnu/gazebo-11/plugins:/usr/share/gazebo/../../lib/x86_64-linux-gnu/gazebo-11/plugins:/usr/share/gazebo/../../lib/x86_64-linux-gnu/gazebo-11/plugins:/usr/share/gazebo/../../lib/x86_64-linux-gnu/gazebo-11/plugins:/usr/share/gazebo/../../lib/x86_64-linux-gnu/gazebo-11/plugins:/usr/share/gazebo/../../lib/x86_64-linux-gnu/gazebo-11/plugins:/usr/share/gazebo/../../lib/x86_64-linux-gnu/gazebo-11/plugins /usr/bin/cmake --install /home/poom/Desktop/ros_ws/build/actions_cpp
[2.474s] -- Install configuration: ""
[2.474s] -- Up-to-date: /home/poom/Desktop/ros_ws/install/actions_cpp/lib/actions_cpp/count_until_server
[2.474s] -- Installing: /home/poom/Desktop/ros_ws/install/actions_cpp/lib/actions_cpp/count_until_client
[2.475s] -- Set runtime path of "/home/poom/Desktop/ros_ws/install/actions_cpp/lib/actions_cpp/count_until_client" to ""
[2.475s] -- Up-to-date: /home/poom/Desktop/ros_ws/install/actions_cpp/share/ament_index/resource_index/package_run_dependencies/actions_cpp
[2.475s] -- Up-to-date: /home/poom/Desktop/ros_ws/install/actions_cpp/share/ament_index/resource_index/parent_prefix_path/actions_cpp
[2.476s] -- Up-to-date: /home/poom/Desktop/ros_ws/install/actions_cpp/share/actions_cpp/environment/ament_prefix_path.sh
[2.476s] -- Up-to-date: /home/poom/Desktop/ros_ws/install/actions_cpp/share/actions_cpp/environment/ament_prefix_path.dsv
[2.476s] -- Up-to-date: /home/poom/Desktop/ros_ws/install/actions_cpp/share/actions_cpp/environment/path.sh
[2.476s] -- Up-to-date: /home/poom/Desktop/ros_ws/install/actions_cpp/share/actions_cpp/environment/path.dsv
[2.476s] -- Up-to-date: /home/poom/Desktop/ros_ws/install/actions_cpp/share/actions_cpp/local_setup.bash
[2.476s] -- Up-to-date: /home/poom/Desktop/ros_ws/install/actions_cpp/share/actions_cpp/local_setup.sh
[2.476s] -- Up-to-date: /home/poom/Desktop/ros_ws/install/actions_cpp/share/actions_cpp/local_setup.zsh
[2.476s] -- Up-to-date: /home/poom/Desktop/ros_ws/install/actions_cpp/share/actions_cpp/local_setup.dsv
[2.476s] -- Installing: /home/poom/Desktop/ros_ws/install/actions_cpp/share/actions_cpp/package.dsv
[2.476s] -- Up-to-date: /home/poom/Desktop/ros_ws/install/actions_cpp/share/ament_index/resource_index/packages/actions_cpp
[2.476s] -- Up-to-date: /home/poom/Desktop/ros_ws/install/actions_cpp/share/actions_cpp/cmake/actions_cppConfig.cmake
[2.476s] -- Up-to-date: /home/poom/Desktop/ros_ws/install/actions_cpp/share/actions_cpp/cmake/actions_cppConfig-version.cmake
[2.476s] -- Up-to-date: /home/poom/Desktop/ros_ws/install/actions_cpp/share/actions_cpp/package.xml
[2.478s] Invoked command in '/home/poom/Desktop/ros_ws/build/actions_cpp' returned '0': CMAKE_PREFIX_PATH=/home/poom/Desktop/ros_ws/install/my_robot_interfaces:/home/poom/Desktop/ros_ws/install/actions_cpp:/home/poom/Desktop/ros_ws/install/my_robot_bringup:/home/poom/Desktop/ros_ws/install/my_robot_description:/home/poom/Desktop/ros_ws/install/actions_py:/opt/ros/humble LD_LIBRARY_PATH=/home/poom/Desktop/ros_ws/install/my_robot_interfaces/lib:/usr/lib/x86_64-linux-gnu/gazebo-11/plugins:/opt/ros/humble/opt/rviz_ogre_vendor/lib:/opt/ros/humble/lib/x86_64-linux-gnu:/opt/ros/humble/lib:/usr/share/gazebo/../../lib/x86_64-linux-gnu/gazebo-11/plugins:/usr/share/gazebo/../../lib/x86_64-linux-gnu/gazebo-11/plugins:/usr/share/gazebo/../../lib/x86_64-linux-gnu/gazebo-11/plugins:/usr/share/gazebo/../../lib/x86_64-linux-gnu/gazebo-11/plugins:/usr/share/gazebo/../../lib/x86_64-linux-gnu/gazebo-11/plugins:/usr/share/gazebo/../../lib/x86_64-linux-gnu/gazebo-11/plugins:/usr/share/gazebo/../../lib/x86_64-linux-gnu/gazebo-11/plugins:/usr/share/gazebo/../../lib/x86_64-linux-gnu/gazebo-11/plugins:/usr/share/gazebo/../../lib/x86_64-linux-gnu/gazebo-11/plugins:/usr/share/gazebo/../../lib/x86_64-linux-gnu/gazebo-11/plugins /usr/bin/cmake --install /home/poom/Desktop/ros_ws/build/actions_cpp
