[0.413s] Invoking command in '/home/poom/Desktop/ros_ws/build/actions_py': LD_LIBRARY_PATH=/home/poom/Desktop/ros_ws/install/my_robot_interfaces/lib:/usr/lib/x86_64-linux-gnu/gazebo-11/plugins:/opt/ros/humble/opt/rviz_ogre_vendor/lib:/opt/ros/humble/lib/x86_64-linux-gnu:/opt/ros/humble/lib:/usr/share/gazebo/../../lib/x86_64-linux-gnu/gazebo-11/plugins:/usr/share/gazebo/../../lib/x86_64-linux-gnu/gazebo-11/plugins:/usr/share/gazebo/../../lib/x86_64-linux-gnu/gazebo-11/plugins PYTHONPATH=/home/poom/Desktop/ros_ws/build/actions_py/prefix_override:/usr/lib/python3/dist-packages/colcon_core/task/python/colcon_distutils_commands:/home/poom/Desktop/ros_ws/install/actions_py/lib/python3.10/site-packages:${PYTHONPATH} /usr/bin/python3 -W ignore:setup.py install is deprecated setup.py develop --uninstall --editable --build-directory /home/poom/Desktop/ros_ws/build/actions_py/build
[0.528s] running develop
[0.530s] /usr/lib/python3/dist-packages/setuptools/command/easy_install.py:158: EasyInstallDeprecationWarning: easy_install command is deprecated. Use build and pip and other standards-based tools.
[0.530s]   warnings.warn(
[0.600s] Removing /home/poom/Desktop/ros_ws/install/actions_py/lib/python3.10/site-packages/actions-py.egg-link (link to .)
[0.613s] Invoked command in '/home/poom/Desktop/ros_ws/build/actions_py' returned '0': LD_LIBRARY_PATH=/home/poom/Desktop/ros_ws/install/my_robot_interfaces/lib:/usr/lib/x86_64-linux-gnu/gazebo-11/plugins:/opt/ros/humble/opt/rviz_ogre_vendor/lib:/opt/ros/humble/lib/x86_64-linux-gnu:/opt/ros/humble/lib:/usr/share/gazebo/../../lib/x86_64-linux-gnu/gazebo-11/plugins:/usr/share/gazebo/../../lib/x86_64-linux-gnu/gazebo-11/plugins:/usr/share/gazebo/../../lib/x86_64-linux-gnu/gazebo-11/plugins PYTHONPATH=/home/poom/Desktop/ros_ws/build/actions_py/prefix_override:/usr/lib/python3/dist-packages/colcon_core/task/python/colcon_distutils_commands:/home/poom/Desktop/ros_ws/install/actions_py/lib/python3.10/site-packages:${PYTHONPATH} /usr/bin/python3 -W ignore:setup.py install is deprecated setup.py develop --uninstall --editable --build-directory /home/poom/Desktop/ros_ws/build/actions_py/build
[0.613s] Invoking command in '/home/poom/Desktop/ros_ws/src/actions_py': LD_LIBRARY_PATH=/home/poom/Desktop/ros_ws/install/my_robot_interfaces/lib:/usr/lib/x86_64-linux-gnu/gazebo-11/plugins:/opt/ros/humble/opt/rviz_ogre_vendor/lib:/opt/ros/humble/lib/x86_64-linux-gnu:/opt/ros/humble/lib:/usr/share/gazebo/../../lib/x86_64-linux-gnu/gazebo-11/plugins:/usr/share/gazebo/../../lib/x86_64-linux-gnu/gazebo-11/plugins:/usr/share/gazebo/../../lib/x86_64-linux-gnu/gazebo-11/plugins PYTHONPATH=/home/poom/Desktop/ros_ws/build/actions_py/prefix_override:/usr/lib/python3/dist-packages/colcon_core/task/python/colcon_distutils_commands:/home/poom/Desktop/ros_ws/install/actions_py/lib/python3.10/site-packages:${PYTHONPATH} /usr/bin/python3 -W ignore:setup.py install is deprecated setup.py egg_info --egg-base ../../build/actions_py build --build-base /home/poom/Desktop/ros_ws/build/actions_py/build install --record /home/poom/Desktop/ros_ws/build/actions_py/install.log --single-version-externally-managed install_data --force
[0.716s] running egg_info
[0.716s] writing ../../build/actions_py/actions_py.egg-info/PKG-INFO
[0.717s] writing dependency_links to ../../build/actions_py/actions_py.egg-info/dependency_links.txt
[0.717s] writing entry points to ../../build/actions_py/actions_py.egg-info/entry_points.txt
[0.717s] writing requirements to ../../build/actions_py/actions_py.egg-info/requires.txt
[0.717s] writing top-level names to ../../build/actions_py/actions_py.egg-info/top_level.txt
[0.718s] reading manifest file '../../build/actions_py/actions_py.egg-info/SOURCES.txt'
[0.720s] writing manifest file '../../build/actions_py/actions_py.egg-info/SOURCES.txt'
[0.720s] running build
[0.720s] running build_py
[0.720s] copying actions_py/count_until_client.py -> /home/poom/Desktop/ros_ws/build/actions_py/build/lib/actions_py
[0.721s] copying actions_py/count_until_server.py -> /home/poom/Desktop/ros_ws/build/actions_py/build/lib/actions_py
[0.721s] running install
[0.721s] running install_lib
[0.721s] creating /home/poom/Desktop/ros_ws/install/actions_py/lib/python3.10/site-packages/actions_py
[0.721s] copying /home/poom/Desktop/ros_ws/build/actions_py/build/lib/actions_py/__init__.py -> /home/poom/Desktop/ros_ws/install/actions_py/lib/python3.10/site-packages/actions_py
[0.721s] copying /home/poom/Desktop/ros_ws/build/actions_py/build/lib/actions_py/count_until_client.py -> /home/poom/Desktop/ros_ws/install/actions_py/lib/python3.10/site-packages/actions_py
[0.721s] copying /home/poom/Desktop/ros_ws/build/actions_py/build/lib/actions_py/count_until_server.py -> /home/poom/Desktop/ros_ws/install/actions_py/lib/python3.10/site-packages/actions_py
[0.721s] byte-compiling /home/poom/Desktop/ros_ws/install/actions_py/lib/python3.10/site-packages/actions_py/__init__.py to __init__.cpython-310.pyc
[0.721s] byte-compiling /home/poom/Desktop/ros_ws/install/actions_py/lib/python3.10/site-packages/actions_py/count_until_client.py to count_until_client.cpython-310.pyc
[0.722s] byte-compiling /home/poom/Desktop/ros_ws/install/actions_py/lib/python3.10/site-packages/actions_py/count_until_server.py to count_until_server.cpython-310.pyc
[0.722s] running install_data
[0.722s] copying resource/actions_py -> /home/poom/Desktop/ros_ws/install/actions_py/share/ament_index/resource_index/packages
[0.722s] copying package.xml -> /home/poom/Desktop/ros_ws/install/actions_py/share/actions_py
[0.722s] running install_egg_info
[0.723s] Copying ../../build/actions_py/actions_py.egg-info to /home/poom/Desktop/ros_ws/install/actions_py/lib/python3.10/site-packages/actions_py-0.0.0-py3.10.egg-info
[0.724s] running install_scripts
[0.734s] Installing count_until_client script to /home/poom/Desktop/ros_ws/install/actions_py/lib/actions_py
[0.735s] Installing count_until_server script to /home/poom/Desktop/ros_ws/install/actions_py/lib/actions_py
[0.735s] writing list of installed files to '/home/poom/Desktop/ros_ws/build/actions_py/install.log'
[0.747s] Invoked command in '/home/poom/Desktop/ros_ws/src/actions_py' returned '0': LD_LIBRARY_PATH=/home/poom/Desktop/ros_ws/install/my_robot_interfaces/lib:/usr/lib/x86_64-linux-gnu/gazebo-11/plugins:/opt/ros/humble/opt/rviz_ogre_vendor/lib:/opt/ros/humble/lib/x86_64-linux-gnu:/opt/ros/humble/lib:/usr/share/gazebo/../../lib/x86_64-linux-gnu/gazebo-11/plugins:/usr/share/gazebo/../../lib/x86_64-linux-gnu/gazebo-11/plugins:/usr/share/gazebo/../../lib/x86_64-linux-gnu/gazebo-11/plugins PYTHONPATH=/home/poom/Desktop/ros_ws/build/actions_py/prefix_override:/usr/lib/python3/dist-packages/colcon_core/task/python/colcon_distutils_commands:/home/poom/Desktop/ros_ws/install/actions_py/lib/python3.10/site-packages:${PYTHONPATH} /usr/bin/python3 -W ignore:setup.py install is deprecated setup.py egg_info --egg-base ../../build/actions_py build --build-base /home/poom/Desktop/ros_ws/build/actions_py/build install --record /home/poom/Desktop/ros_ws/build/actions_py/install.log --single-version-externally-managed install_data --force
