[0.009s] Invoking command in '/home/poom/Desktop/ros_ws/build/final_project': CMAKE_PREFIX_PATH=/home/poom/Desktop/ros_ws/install/my_robot_interfaces:/home/poom/Desktop/ros_ws/install/final_project:/home/poom/Desktop/ros_ws/install/actions_cpp:/home/poom/Desktop/ros_ws/install/my_robot_bringup:/home/poom/Desktop/ros_ws/install/my_robot_description:/home/poom/Desktop/ros_ws/install/lifecycle_cpp:/home/poom/Desktop/ros_ws/install/executors_cpp:/home/poom/Desktop/ros_ws/install/components_cpp:/home/poom/Desktop/ros_ws/install/actions_py:/home/poom/Desktop/ros_ws/install/lifecycle_py:/home/poom/Desktop/ros_ws/install/executors_py:/home/poom/Desktop/ros_ws/install/components_py:/opt/ros/humble LD_LIBRARY_PATH=/home/poom/Desktop/ros_ws/install/my_robot_interfaces/lib:/home/poom/Desktop/ros_ws/install/components_cpp/lib:/usr/lib/x86_64-linux-gnu/gazebo-11/plugins:/opt/ros/humble/opt/rviz_ogre_vendor/lib:/opt/ros/humble/lib/x86_64-linux-gnu:/opt/ros/humble/lib:/usr/share/gazebo/../../lib/x86_64-linux-gnu/gazebo-11/plugins /usr/bin/cmake --build /home/poom/Desktop/ros_ws/build/final_project -- -j16 -l16
[0.033s] [35m[1mConsolidate compiler generated dependencies of target final_project[0m
[0.041s] [ 50%] [32mBuilding CXX object CMakeFiles/final_project.dir/src/final_project.cpp.o[0m
[3.524s] [100%] [32m[1mLinking CXX executable final_project[0m
[3.691s] [100%] Built target final_project
[3.697s] Invoked command in '/home/poom/Desktop/ros_ws/build/final_project' returned '0': CMAKE_PREFIX_PATH=/home/poom/Desktop/ros_ws/install/my_robot_interfaces:/home/poom/Desktop/ros_ws/install/final_project:/home/poom/Desktop/ros_ws/install/actions_cpp:/home/poom/Desktop/ros_ws/install/my_robot_bringup:/home/poom/Desktop/ros_ws/install/my_robot_description:/home/poom/Desktop/ros_ws/install/lifecycle_cpp:/home/poom/Desktop/ros_ws/install/executors_cpp:/home/poom/Desktop/ros_ws/install/components_cpp:/home/poom/Desktop/ros_ws/install/actions_py:/home/poom/Desktop/ros_ws/install/lifecycle_py:/home/poom/Desktop/ros_ws/install/executors_py:/home/poom/Desktop/ros_ws/install/components_py:/opt/ros/humble LD_LIBRARY_PATH=/home/poom/Desktop/ros_ws/install/my_robot_interfaces/lib:/home/poom/Desktop/ros_ws/install/components_cpp/lib:/usr/lib/x86_64-linux-gnu/gazebo-11/plugins:/opt/ros/humble/opt/rviz_ogre_vendor/lib:/opt/ros/humble/lib/x86_64-linux-gnu:/opt/ros/humble/lib:/usr/share/gazebo/../../lib/x86_64-linux-gnu/gazebo-11/plugins /usr/bin/cmake --build /home/poom/Desktop/ros_ws/build/final_project -- -j16 -l16
[3.716s] Invoking command in '/home/poom/Desktop/ros_ws/build/final_project': CMAKE_PREFIX_PATH=/home/poom/Desktop/ros_ws/install/my_robot_interfaces:/home/poom/Desktop/ros_ws/install/final_project:/home/poom/Desktop/ros_ws/install/actions_cpp:/home/poom/Desktop/ros_ws/install/my_robot_bringup:/home/poom/Desktop/ros_ws/install/my_robot_description:/home/poom/Desktop/ros_ws/install/lifecycle_cpp:/home/poom/Desktop/ros_ws/install/executors_cpp:/home/poom/Desktop/ros_ws/install/components_cpp:/home/poom/Desktop/ros_ws/install/actions_py:/home/poom/Desktop/ros_ws/install/lifecycle_py:/home/poom/Desktop/ros_ws/install/executors_py:/home/poom/Desktop/ros_ws/install/components_py:/opt/ros/humble LD_LIBRARY_PATH=/home/poom/Desktop/ros_ws/install/my_robot_interfaces/lib:/home/poom/Desktop/ros_ws/install/components_cpp/lib:/usr/lib/x86_64-linux-gnu/gazebo-11/plugins:/opt/ros/humble/opt/rviz_ogre_vendor/lib:/opt/ros/humble/lib/x86_64-linux-gnu:/opt/ros/humble/lib:/usr/share/gazebo/../../lib/x86_64-linux-gnu/gazebo-11/plugins /usr/bin/cmake --install /home/poom/Desktop/ros_ws/build/final_project
[3.720s] -- Install configuration: ""
[3.720s] -- Installing: /home/poom/Desktop/ros_ws/install/final_project/lib/final_project/final_project
[3.721s] -- Set runtime path of "/home/poom/Desktop/ros_ws/install/final_project/lib/final_project/final_project" to ""
[3.721s] -- Up-to-date: /home/poom/Desktop/ros_ws/install/final_project/share/ament_index/resource_index/package_run_dependencies/final_project
[3.721s] -- Up-to-date: /home/poom/Desktop/ros_ws/install/final_project/share/ament_index/resource_index/parent_prefix_path/final_project
[3.721s] -- Up-to-date: /home/poom/Desktop/ros_ws/install/final_project/share/final_project/environment/ament_prefix_path.sh
[3.721s] -- Up-to-date: /home/poom/Desktop/ros_ws/install/final_project/share/final_project/environment/ament_prefix_path.dsv
[3.721s] -- Up-to-date: /home/poom/Desktop/ros_ws/install/final_project/share/final_project/environment/path.sh
[3.721s] -- Up-to-date: /home/poom/Desktop/ros_ws/install/final_project/share/final_project/environment/path.dsv
[3.721s] -- Up-to-date: /home/poom/Desktop/ros_ws/install/final_project/share/final_project/local_setup.bash
[3.721s] -- Up-to-date: /home/poom/Desktop/ros_ws/install/final_project/share/final_project/local_setup.sh
[3.721s] -- Up-to-date: /home/poom/Desktop/ros_ws/install/final_project/share/final_project/local_setup.zsh
[3.721s] -- Up-to-date: /home/poom/Desktop/ros_ws/install/final_project/share/final_project/local_setup.dsv
[3.721s] -- Installing: /home/poom/Desktop/ros_ws/install/final_project/share/final_project/package.dsv
[3.721s] -- Up-to-date: /home/poom/Desktop/ros_ws/install/final_project/share/ament_index/resource_index/packages/final_project
[3.721s] -- Up-to-date: /home/poom/Desktop/ros_ws/install/final_project/share/final_project/cmake/final_projectConfig.cmake
[3.721s] -- Up-to-date: /home/poom/Desktop/ros_ws/install/final_project/share/final_project/cmake/final_projectConfig-version.cmake
[3.721s] -- Up-to-date: /home/poom/Desktop/ros_ws/install/final_project/share/final_project/package.xml
[3.722s] Invoked command in '/home/poom/Desktop/ros_ws/build/final_project' returned '0': CMAKE_PREFIX_PATH=/home/poom/Desktop/ros_ws/install/my_robot_interfaces:/home/poom/Desktop/ros_ws/install/final_project:/home/poom/Desktop/ros_ws/install/actions_cpp:/home/poom/Desktop/ros_ws/install/my_robot_bringup:/home/poom/Desktop/ros_ws/install/my_robot_description:/home/poom/Desktop/ros_ws/install/lifecycle_cpp:/home/poom/Desktop/ros_ws/install/executors_cpp:/home/poom/Desktop/ros_ws/install/components_cpp:/home/poom/Desktop/ros_ws/install/actions_py:/home/poom/Desktop/ros_ws/install/lifecycle_py:/home/poom/Desktop/ros_ws/install/executors_py:/home/poom/Desktop/ros_ws/install/components_py:/opt/ros/humble LD_LIBRARY_PATH=/home/poom/Desktop/ros_ws/install/my_robot_interfaces/lib:/home/poom/Desktop/ros_ws/install/components_cpp/lib:/usr/lib/x86_64-linux-gnu/gazebo-11/plugins:/opt/ros/humble/opt/rviz_ogre_vendor/lib:/opt/ros/humble/lib/x86_64-linux-gnu:/opt/ros/humble/lib:/usr/share/gazebo/../../lib/x86_64-linux-gnu/gazebo-11/plugins /usr/bin/cmake --install /home/poom/Desktop/ros_ws/build/final_project
