[0.008s] Invoking command in '/home/poom/Desktop/ros_ws/build/components_cpp': CMAKE_PREFIX_PATH=${CMAKE_PREFIX_PATH}:/home/poom/Desktop/ros_ws/install/actions_py:/home/poom/Desktop/ros_ws/install/lifecycle_py:/home/poom/Desktop/ros_ws/install/executors_py:/home/poom/Desktop/ros_ws/install/components_py:/opt/ros/humble /usr/bin/cmake /home/poom/Desktop/ros_ws/src/components_cpp -DCMAKE_INSTALL_PREFIX=/home/poom/Desktop/ros_ws/install/components_cpp
[0.086s] -- The C compiler identification is GNU 11.4.0
[0.148s] -- The CXX compiler identification is GNU 11.4.0
[0.156s] -- Detecting C compiler ABI info
[0.195s] -- Detecting C compiler ABI info - done
[0.199s] -- Check for working C compiler: /usr/bin/cc - skipped
[0.199s] -- Detecting C compile features
[0.200s] -- Detecting C compile features - done
[0.203s] -- Detecting CXX compiler ABI info
[0.247s] -- Detecting CXX compiler ABI info - done
[0.251s] -- Check for working CXX compiler: /usr/bin/c++ - skipped
[0.252s] -- Detecting CXX compile features
[0.252s] -- Detecting CXX compile features - done
[0.259s] -- Found ament_cmake: 1.3.10 (/opt/ros/humble/share/ament_cmake/cmake)
[0.348s] -- Found Python3: /usr/bin/python3 (found version "3.10.12") found components: Interpreter 
[0.415s] -- Found rclcpp: 16.0.10 (/opt/ros/humble/share/rclcpp/cmake)
[0.458s] -- Found rosidl_generator_c: 3.1.5 (/opt/ros/humble/share/rosidl_generator_c/cmake)
[0.463s] -- Found rosidl_adapter: 3.1.5 (/opt/ros/humble/share/rosidl_adapter/cmake)
[0.471s] -- Found rosidl_generator_cpp: 3.1.5 (/opt/ros/humble/share/rosidl_generator_cpp/cmake)
[0.483s] -- Using all available rosidl_typesupport_c: rosidl_typesupport_fastrtps_c;rosidl_typesupport_introspection_c
[0.499s] -- Using all available rosidl_typesupport_cpp: rosidl_typesupport_fastrtps_cpp;rosidl_typesupport_introspection_cpp
[0.544s] -- Found rmw_implementation_cmake: 6.1.2 (/opt/ros/humble/share/rmw_implementation_cmake/cmake)
[0.548s] -- Found rmw_fastrtps_cpp: 6.2.7 (/opt/ros/humble/share/rmw_fastrtps_cpp/cmake)
[0.607s] -- Found OpenSSL: /usr/lib/x86_64-linux-gnu/libcrypto.so (found version "3.0.2")  
[0.621s] -- Found FastRTPS: /opt/ros/humble/include  
[0.644s] -- Using RMW implementation 'rmw_fastrtps_cpp' as default
[0.653s] -- Looking for pthread.h
[0.691s] -- Looking for pthread.h - found
[0.691s] -- Performing Test CMAKE_HAVE_LIBC_PTHREAD
[0.733s] -- Performing Test CMAKE_HAVE_LIBC_PTHREAD - Success
[0.733s] -- Found Threads: TRUE  
[0.810s] -- Configuring done
[0.815s] -- Generating done
[0.816s] -- Build files have been written to: /home/poom/Desktop/ros_ws/build/components_cpp
[0.820s] Invoked command in '/home/poom/Desktop/ros_ws/build/components_cpp' returned '0': CMAKE_PREFIX_PATH=${CMAKE_PREFIX_PATH}:/home/poom/Desktop/ros_ws/install/actions_py:/home/poom/Desktop/ros_ws/install/lifecycle_py:/home/poom/Desktop/ros_ws/install/executors_py:/home/poom/Desktop/ros_ws/install/components_py:/opt/ros/humble /usr/bin/cmake /home/poom/Desktop/ros_ws/src/components_cpp -DCMAKE_INSTALL_PREFIX=/home/poom/Desktop/ros_ws/install/components_cpp
[0.822s] Invoking command in '/home/poom/Desktop/ros_ws/build/components_cpp': CMAKE_PREFIX_PATH=${CMAKE_PREFIX_PATH}:/home/poom/Desktop/ros_ws/install/actions_py:/home/poom/Desktop/ros_ws/install/lifecycle_py:/home/poom/Desktop/ros_ws/install/executors_py:/home/poom/Desktop/ros_ws/install/components_py:/opt/ros/humble /usr/bin/cmake --build /home/poom/Desktop/ros_ws/build/components_cpp -- -j16 -l16
[0.849s] [ 50%] [32mBuilding CXX object CMakeFiles/manual_composition.dir/src/node2.cpp.o[0m
[0.849s] [ 50%] [32mBuilding CXX object CMakeFiles/manual_composition.dir/src/manual_composition.cpp.o[0m
[0.849s] [ 75%] [32mBuilding CXX object CMakeFiles/manual_composition.dir/src/node1.cpp.o[0m
[2.448s] [100%] [32m[1mLinking CXX executable manual_composition[0m
[2.538s] [100%] Built target manual_composition
[2.545s] Invoked command in '/home/poom/Desktop/ros_ws/build/components_cpp' returned '0': CMAKE_PREFIX_PATH=${CMAKE_PREFIX_PATH}:/home/poom/Desktop/ros_ws/install/actions_py:/home/poom/Desktop/ros_ws/install/lifecycle_py:/home/poom/Desktop/ros_ws/install/executors_py:/home/poom/Desktop/ros_ws/install/components_py:/opt/ros/humble /usr/bin/cmake --build /home/poom/Desktop/ros_ws/build/components_cpp -- -j16 -l16
[2.566s] Invoking command in '/home/poom/Desktop/ros_ws/build/components_cpp': CMAKE_PREFIX_PATH=${CMAKE_PREFIX_PATH}:/home/poom/Desktop/ros_ws/install/actions_py:/home/poom/Desktop/ros_ws/install/lifecycle_py:/home/poom/Desktop/ros_ws/install/executors_py:/home/poom/Desktop/ros_ws/install/components_py:/opt/ros/humble /usr/bin/cmake --install /home/poom/Desktop/ros_ws/build/components_cpp
[2.570s] -- Install configuration: ""
[2.570s] -- Installing: /home/poom/Desktop/ros_ws/install/components_cpp/lib/components_cpp/manual_composition
[2.570s] -- Set runtime path of "/home/poom/Desktop/ros_ws/install/components_cpp/lib/components_cpp/manual_composition" to ""
[2.570s] -- Installing: /home/poom/Desktop/ros_ws/install/components_cpp/share/ament_index/resource_index/package_run_dependencies/components_cpp
[2.571s] -- Installing: /home/poom/Desktop/ros_ws/install/components_cpp/share/ament_index/resource_index/parent_prefix_path/components_cpp
[2.571s] -- Installing: /home/poom/Desktop/ros_ws/install/components_cpp/share/components_cpp/environment/ament_prefix_path.sh
[2.571s] -- Installing: /home/poom/Desktop/ros_ws/install/components_cpp/share/components_cpp/environment/ament_prefix_path.dsv
[2.571s] -- Installing: /home/poom/Desktop/ros_ws/install/components_cpp/share/components_cpp/environment/path.sh
[2.571s] -- Installing: /home/poom/Desktop/ros_ws/install/components_cpp/share/components_cpp/environment/path.dsv
[2.571s] -- Installing: /home/poom/Desktop/ros_ws/install/components_cpp/share/components_cpp/local_setup.bash
[2.571s] -- Installing: /home/poom/Desktop/ros_ws/install/components_cpp/share/components_cpp/local_setup.sh
[2.571s] -- Installing: /home/poom/Desktop/ros_ws/install/components_cpp/share/components_cpp/local_setup.zsh
[2.571s] -- Installing: /home/poom/Desktop/ros_ws/install/components_cpp/share/components_cpp/local_setup.dsv
[2.571s] -- Installing: /home/poom/Desktop/ros_ws/install/components_cpp/share/components_cpp/package.dsv
[2.571s] -- Installing: /home/poom/Desktop/ros_ws/install/components_cpp/share/ament_index/resource_index/packages/components_cpp
[2.571s] -- Installing: /home/poom/Desktop/ros_ws/install/components_cpp/share/components_cpp/cmake/components_cppConfig.cmake
[2.571s] -- Installing: /home/poom/Desktop/ros_ws/install/components_cpp/share/components_cpp/cmake/components_cppConfig-version.cmake
[2.571s] -- Installing: /home/poom/Desktop/ros_ws/install/components_cpp/share/components_cpp/package.xml
[2.572s] Invoked command in '/home/poom/Desktop/ros_ws/build/components_cpp' returned '0': CMAKE_PREFIX_PATH=${CMAKE_PREFIX_PATH}:/home/poom/Desktop/ros_ws/install/actions_py:/home/poom/Desktop/ros_ws/install/lifecycle_py:/home/poom/Desktop/ros_ws/install/executors_py:/home/poom/Desktop/ros_ws/install/components_py:/opt/ros/humble /usr/bin/cmake --install /home/poom/Desktop/ros_ws/build/components_cpp
