[0.009s] Invoking command in '/home/poom/Desktop/ros_ws/build/my_robot_description': CMAKE_PREFIX_PATH=${CMAKE_PREFIX_PATH}:/opt/ros/humble /usr/bin/cmake --build /home/poom/Desktop/ros_ws/build/my_robot_description -- -j16 -l16
[0.043s] -- Found ament_cmake: 1.3.10 (/opt/ros/humble/share/ament_cmake/cmake)
[0.186s] -- Configuring done
[0.190s] -- Generating done
[0.191s] -- Build files have been written to: /home/poom/Desktop/ros_ws/build/my_robot_description
[0.203s] Invoked command in '/home/poom/Desktop/ros_ws/build/my_robot_description' returned '0': CMAKE_PREFIX_PATH=${CMAKE_PREFIX_PATH}:/opt/ros/humble /usr/bin/cmake --build /home/poom/Desktop/ros_ws/build/my_robot_description -- -j16 -l16
[0.219s] Invoking command in '/home/poom/Desktop/ros_ws/build/my_robot_description': CMAKE_PREFIX_PATH=${CMAKE_PREFIX_PATH}:/opt/ros/humble /usr/bin/cmake --install /home/poom/Desktop/ros_ws/build/my_robot_description
[0.223s] -- Install configuration: ""
[0.223s] -- Up-to-date: /home/poom/Desktop/ros_ws/install/my_robot_description/shared/my_robot_description//urdf
[0.223s] -- Up-to-date: /home/poom/Desktop/ros_ws/install/my_robot_description/shared/my_robot_description//urdf/my_robot.urdf
[0.223s] -- Installing: /home/poom/Desktop/ros_ws/install/my_robot_description/shared/my_robot_description//launch
[0.223s] -- Installing: /home/poom/Desktop/ros_ws/install/my_robot_description/shared/my_robot_description//launch/dispaly.launch.xml
[0.223s] -- Up-to-date: /home/poom/Desktop/ros_ws/install/my_robot_description/share/ament_index/resource_index/package_run_dependencies/my_robot_description
[0.224s] -- Installing: /home/poom/Desktop/ros_ws/install/my_robot_description/share/ament_index/resource_index/parent_prefix_path/my_robot_description
[0.224s] -- Up-to-date: /home/poom/Desktop/ros_ws/install/my_robot_description/share/my_robot_description/environment/ament_prefix_path.sh
[0.224s] -- Installing: /home/poom/Desktop/ros_ws/install/my_robot_description/share/my_robot_description/environment/ament_prefix_path.dsv
[0.224s] -- Up-to-date: /home/poom/Desktop/ros_ws/install/my_robot_description/share/my_robot_description/environment/path.sh
[0.224s] -- Installing: /home/poom/Desktop/ros_ws/install/my_robot_description/share/my_robot_description/environment/path.dsv
[0.224s] -- Up-to-date: /home/poom/Desktop/ros_ws/install/my_robot_description/share/my_robot_description/local_setup.bash
[0.224s] -- Up-to-date: /home/poom/Desktop/ros_ws/install/my_robot_description/share/my_robot_description/local_setup.sh
[0.224s] -- Up-to-date: /home/poom/Desktop/ros_ws/install/my_robot_description/share/my_robot_description/local_setup.zsh
[0.224s] -- Installing: /home/poom/Desktop/ros_ws/install/my_robot_description/share/my_robot_description/local_setup.dsv
[0.224s] -- Installing: /home/poom/Desktop/ros_ws/install/my_robot_description/share/my_robot_description/package.dsv
[0.224s] -- Up-to-date: /home/poom/Desktop/ros_ws/install/my_robot_description/share/ament_index/resource_index/packages/my_robot_description
[0.225s] -- Up-to-date: /home/poom/Desktop/ros_ws/install/my_robot_description/share/my_robot_description/cmake/my_robot_descriptionConfig.cmake
[0.225s] -- Up-to-date: /home/poom/Desktop/ros_ws/install/my_robot_description/share/my_robot_description/cmake/my_robot_descriptionConfig-version.cmake
[0.225s] -- Up-to-date: /home/poom/Desktop/ros_ws/install/my_robot_description/share/my_robot_description/package.xml
[0.226s] Invoked command in '/home/poom/Desktop/ros_ws/build/my_robot_description' returned '0': CMAKE_PREFIX_PATH=${CMAKE_PREFIX_PATH}:/opt/ros/humble /usr/bin/cmake --install /home/poom/Desktop/ros_ws/build/my_robot_description
