[0.011s] Invoking command in '/home/poom/Desktop/ros_ws/build/final_project': CMAKE_PREFIX_PATH=/home/poom/Desktop/ros_ws/install/my_robot_interfaces:/home/poom/Desktop/ros_ws/install/final_project:/home/poom/Desktop/ros_ws/install/actions_cpp:/home/poom/Desktop/ros_ws/install/my_robot_bringup:/home/poom/Desktop/ros_ws/install/my_robot_description:/home/poom/Desktop/ros_ws/install/lifecycle_cpp:/home/poom/Desktop/ros_ws/install/executors_cpp:/home/poom/Desktop/ros_ws/install/components_cpp:/home/poom/Desktop/ros_ws/install/actions_py:/home/poom/Desktop/ros_ws/install/lifecycle_py:/home/poom/Desktop/ros_ws/install/executors_py:/home/poom/Desktop/ros_ws/install/components_py:/opt/ros/humble LD_LIBRARY_PATH=/home/poom/Desktop/ros_ws/install/my_robot_interfaces/lib:/home/poom/Desktop/ros_ws/install/components_cpp/lib:/usr/lib/x86_64-linux-gnu/gazebo-11/plugins:/opt/ros/humble/opt/rviz_ogre_vendor/lib:/opt/ros/humble/lib/x86_64-linux-gnu:/opt/ros/humble/lib:/usr/share/gazebo/../../lib/x86_64-linux-gnu/gazebo-11/plugins /usr/bin/cmake --build /home/poom/Desktop/ros_ws/build/final_project -- -j16 -l16
[0.058s] -- Found ament_cmake: 1.3.10 (/opt/ros/humble/share/ament_cmake/cmake)
[0.143s] -- Found rclcpp: 16.0.10 (/opt/ros/humble/share/rclcpp/cmake)
[0.171s] -- Found rosidl_generator_c: 3.1.5 (/opt/ros/humble/share/rosidl_generator_c/cmake)
[0.174s] -- Found rosidl_adapter: 3.1.5 (/opt/ros/humble/share/rosidl_adapter/cmake)
[0.181s] -- Found rosidl_generator_cpp: 3.1.5 (/opt/ros/humble/share/rosidl_generator_cpp/cmake)
[0.192s] -- Using all available rosidl_typesupport_c: rosidl_typesupport_fastrtps_c;rosidl_typesupport_introspection_c
[0.202s] -- Using all available rosidl_typesupport_cpp: rosidl_typesupport_fastrtps_cpp;rosidl_typesupport_introspection_cpp
[0.233s] -- Found rmw_implementation_cmake: 6.1.2 (/opt/ros/humble/share/rmw_implementation_cmake/cmake)
[0.236s] -- Found rmw_fastrtps_cpp: 6.2.7 (/opt/ros/humble/share/rmw_fastrtps_cpp/cmake)
[0.301s] -- Using RMW implementation 'rmw_fastrtps_cpp' as default
[0.344s] -- Found rclcpp_action: 16.0.10 (/opt/ros/humble/share/rclcpp_action/cmake)
[0.371s] -- Found rclcpp_lifecycle: 16.0.10 (/opt/ros/humble/share/rclcpp_lifecycle/cmake)
[0.390s] -- Found turtlesim: 1.4.2 (/opt/ros/humble/share/turtlesim/cmake)
[0.400s] -- Found geometry_msgs: 4.2.4 (/opt/ros/humble/share/geometry_msgs/cmake)
[0.410s] -- Found my_robot_interfaces: 0.0.0 (/home/poom/Desktop/ros_ws/install/my_robot_interfaces/share/my_robot_interfaces/cmake)
[0.471s] -- Configuring done
[0.481s] -- Generating done
[0.482s] -- Build files have been written to: /home/poom/Desktop/ros_ws/build/final_project
[0.496s] [35m[1mConsolidate compiler generated dependencies of target final_project[0m
[0.504s] [ 50%] [32mBuilding CXX object CMakeFiles/final_project.dir/src/final_project.cpp.o[0m
[4.501s] [100%] [32m[1mLinking CXX executable final_project[0m
[4.737s] [100%] Built target final_project
[4.743s] Invoked command in '/home/poom/Desktop/ros_ws/build/final_project' returned '0': CMAKE_PREFIX_PATH=/home/poom/Desktop/ros_ws/install/my_robot_interfaces:/home/poom/Desktop/ros_ws/install/final_project:/home/poom/Desktop/ros_ws/install/actions_cpp:/home/poom/Desktop/ros_ws/install/my_robot_bringup:/home/poom/Desktop/ros_ws/install/my_robot_description:/home/poom/Desktop/ros_ws/install/lifecycle_cpp:/home/poom/Desktop/ros_ws/install/executors_cpp:/home/poom/Desktop/ros_ws/install/components_cpp:/home/poom/Desktop/ros_ws/install/actions_py:/home/poom/Desktop/ros_ws/install/lifecycle_py:/home/poom/Desktop/ros_ws/install/executors_py:/home/poom/Desktop/ros_ws/install/components_py:/opt/ros/humble LD_LIBRARY_PATH=/home/poom/Desktop/ros_ws/install/my_robot_interfaces/lib:/home/poom/Desktop/ros_ws/install/components_cpp/lib:/usr/lib/x86_64-linux-gnu/gazebo-11/plugins:/opt/ros/humble/opt/rviz_ogre_vendor/lib:/opt/ros/humble/lib/x86_64-linux-gnu:/opt/ros/humble/lib:/usr/share/gazebo/../../lib/x86_64-linux-gnu/gazebo-11/plugins /usr/bin/cmake --build /home/poom/Desktop/ros_ws/build/final_project -- -j16 -l16
[4.760s] Invoking command in '/home/poom/Desktop/ros_ws/build/final_project': CMAKE_PREFIX_PATH=/home/poom/Desktop/ros_ws/install/my_robot_interfaces:/home/poom/Desktop/ros_ws/install/final_project:/home/poom/Desktop/ros_ws/install/actions_cpp:/home/poom/Desktop/ros_ws/install/my_robot_bringup:/home/poom/Desktop/ros_ws/install/my_robot_description:/home/poom/Desktop/ros_ws/install/lifecycle_cpp:/home/poom/Desktop/ros_ws/install/executors_cpp:/home/poom/Desktop/ros_ws/install/components_cpp:/home/poom/Desktop/ros_ws/install/actions_py:/home/poom/Desktop/ros_ws/install/lifecycle_py:/home/poom/Desktop/ros_ws/install/executors_py:/home/poom/Desktop/ros_ws/install/components_py:/opt/ros/humble LD_LIBRARY_PATH=/home/poom/Desktop/ros_ws/install/my_robot_interfaces/lib:/home/poom/Desktop/ros_ws/install/components_cpp/lib:/usr/lib/x86_64-linux-gnu/gazebo-11/plugins:/opt/ros/humble/opt/rviz_ogre_vendor/lib:/opt/ros/humble/lib/x86_64-linux-gnu:/opt/ros/humble/lib:/usr/share/gazebo/../../lib/x86_64-linux-gnu/gazebo-11/plugins /usr/bin/cmake --install /home/poom/Desktop/ros_ws/build/final_project
[4.763s] -- Install configuration: ""
[4.765s] -- Installing: /home/poom/Desktop/ros_ws/install/final_project/lib/final_project/final_project
[4.766s] -- Set runtime path of "/home/poom/Desktop/ros_ws/install/final_project/lib/final_project/final_project" to ""
[4.766s] -- Installing: /home/poom/Desktop/ros_ws/install/final_project/share/ament_index/resource_index/package_run_dependencies/final_project
[4.766s] -- Installing: /home/poom/Desktop/ros_ws/install/final_project/share/ament_index/resource_index/parent_prefix_path/final_project
[4.766s] -- Up-to-date: /home/poom/Desktop/ros_ws/install/final_project/share/final_project/environment/ament_prefix_path.sh
[4.766s] -- Installing: /home/poom/Desktop/ros_ws/install/final_project/share/final_project/environment/ament_prefix_path.dsv
[4.766s] -- Up-to-date: /home/poom/Desktop/ros_ws/install/final_project/share/final_project/environment/path.sh
[4.766s] -- Installing: /home/poom/Desktop/ros_ws/install/final_project/share/final_project/environment/path.dsv
[4.766s] -- Up-to-date: /home/poom/Desktop/ros_ws/install/final_project/share/final_project/local_setup.bash
[4.766s] -- Up-to-date: /home/poom/Desktop/ros_ws/install/final_project/share/final_project/local_setup.sh
[4.766s] -- Up-to-date: /home/poom/Desktop/ros_ws/install/final_project/share/final_project/local_setup.zsh
[4.767s] -- Installing: /home/poom/Desktop/ros_ws/install/final_project/share/final_project/local_setup.dsv
[4.767s] -- Installing: /home/poom/Desktop/ros_ws/install/final_project/share/final_project/package.dsv
[4.767s] -- Up-to-date: /home/poom/Desktop/ros_ws/install/final_project/share/ament_index/resource_index/packages/final_project
[4.767s] -- Up-to-date: /home/poom/Desktop/ros_ws/install/final_project/share/final_project/cmake/final_projectConfig.cmake
[4.767s] -- Up-to-date: /home/poom/Desktop/ros_ws/install/final_project/share/final_project/cmake/final_projectConfig-version.cmake
[4.767s] -- Installing: /home/poom/Desktop/ros_ws/install/final_project/share/final_project/package.xml
[4.768s] Invoked command in '/home/poom/Desktop/ros_ws/build/final_project' returned '0': CMAKE_PREFIX_PATH=/home/poom/Desktop/ros_ws/install/my_robot_interfaces:/home/poom/Desktop/ros_ws/install/final_project:/home/poom/Desktop/ros_ws/install/actions_cpp:/home/poom/Desktop/ros_ws/install/my_robot_bringup:/home/poom/Desktop/ros_ws/install/my_robot_description:/home/poom/Desktop/ros_ws/install/lifecycle_cpp:/home/poom/Desktop/ros_ws/install/executors_cpp:/home/poom/Desktop/ros_ws/install/components_cpp:/home/poom/Desktop/ros_ws/install/actions_py:/home/poom/Desktop/ros_ws/install/lifecycle_py:/home/poom/Desktop/ros_ws/install/executors_py:/home/poom/Desktop/ros_ws/install/components_py:/opt/ros/humble LD_LIBRARY_PATH=/home/poom/Desktop/ros_ws/install/my_robot_interfaces/lib:/home/poom/Desktop/ros_ws/install/components_cpp/lib:/usr/lib/x86_64-linux-gnu/gazebo-11/plugins:/opt/ros/humble/opt/rviz_ogre_vendor/lib:/opt/ros/humble/lib/x86_64-linux-gnu:/opt/ros/humble/lib:/usr/share/gazebo/../../lib/x86_64-linux-gnu/gazebo-11/plugins /usr/bin/cmake --install /home/poom/Desktop/ros_ws/build/final_project
