running develop
/usr/lib/python3/dist-packages/setuptools/command/easy_install.py:158: EasyInstallDeprecationWarning: easy_install command is deprecated. Use build and pip and other standards-based tools.
  warnings.warn(
Removing /home/poom/Desktop/ros_ws/install/lifecycle_py/lib/python3.10/site-packages/lifecycle-py.egg-link (link to .)
running egg_info
writing ../../build/lifecycle_py/lifecycle_py.egg-info/PKG-INFO
writing dependency_links to ../../build/lifecycle_py/lifecycle_py.egg-info/dependency_links.txt
writing entry points to ../../build/lifecycle_py/lifecycle_py.egg-info/entry_points.txt
writing requirements to ../../build/lifecycle_py/lifecycle_py.egg-info/requires.txt
writing top-level names to ../../build/lifecycle_py/lifecycle_py.egg-info/top_level.txt
reading manifest file '../../build/lifecycle_py/lifecycle_py.egg-info/SOURCES.txt'
writing manifest file '../../build/lifecycle_py/lifecycle_py.egg-info/SOURCES.txt'
running build
running build_py
copying lifecycle_py/number_publisher.py -> /home/poom/Desktop/ros_ws/build/lifecycle_py/build/lib/lifecycle_py
copying lifecycle_py/move_to_target_server.py -> /home/poom/Desktop/ros_ws/build/lifecycle_py/build/lib/lifecycle_py
copying lifecycle_py/lifecycle_node_manager.py -> /home/poom/Desktop/ros_ws/build/lifecycle_py/build/lib/lifecycle_py
running install
running install_lib
creating /home/poom/Desktop/ros_ws/install/lifecycle_py/lib/python3.10/site-packages/lifecycle_py
copying /home/poom/Desktop/ros_ws/build/lifecycle_py/build/lib/lifecycle_py/number_publisher.py -> /home/poom/Desktop/ros_ws/install/lifecycle_py/lib/python3.10/site-packages/lifecycle_py
copying /home/poom/Desktop/ros_ws/build/lifecycle_py/build/lib/lifecycle_py/__init__.py -> /home/poom/Desktop/ros_ws/install/lifecycle_py/lib/python3.10/site-packages/lifecycle_py
copying /home/poom/Desktop/ros_ws/build/lifecycle_py/build/lib/lifecycle_py/move_to_target_server.py -> /home/poom/Desktop/ros_ws/install/lifecycle_py/lib/python3.10/site-packages/lifecycle_py
copying /home/poom/Desktop/ros_ws/build/lifecycle_py/build/lib/lifecycle_py/lifecycle_node_manager.py -> /home/poom/Desktop/ros_ws/install/lifecycle_py/lib/python3.10/site-packages/lifecycle_py
byte-compiling /home/poom/Desktop/ros_ws/install/lifecycle_py/lib/python3.10/site-packages/lifecycle_py/number_publisher.py to number_publisher.cpython-310.pyc
byte-compiling /home/poom/Desktop/ros_ws/install/lifecycle_py/lib/python3.10/site-packages/lifecycle_py/__init__.py to __init__.cpython-310.pyc
byte-compiling /home/poom/Desktop/ros_ws/install/lifecycle_py/lib/python3.10/site-packages/lifecycle_py/move_to_target_server.py to move_to_target_server.cpython-310.pyc
byte-compiling /home/poom/Desktop/ros_ws/install/lifecycle_py/lib/python3.10/site-packages/lifecycle_py/lifecycle_node_manager.py to lifecycle_node_manager.cpython-310.pyc
running install_data
copying resource/lifecycle_py -> /home/poom/Desktop/ros_ws/install/lifecycle_py/share/ament_index/resource_index/packages
copying package.xml -> /home/poom/Desktop/ros_ws/install/lifecycle_py/share/lifecycle_py
running install_egg_info
Copying ../../build/lifecycle_py/lifecycle_py.egg-info to /home/poom/Desktop/ros_ws/install/lifecycle_py/lib/python3.10/site-packages/lifecycle_py-0.0.0-py3.10.egg-info
running install_scripts
Installing lifecycle_node_manager = lifecycle_py.lifecycle_node_manager:mainmove_to_target_server script to /home/poom/Desktop/ros_ws/install/lifecycle_py/lib/lifecycle_py
Installing number_publisher script to /home/poom/Desktop/ros_ws/install/lifecycle_py/lib/lifecycle_py
writing list of installed files to '/home/poom/Desktop/ros_ws/build/lifecycle_py/install.log'
