[0.290s] Invoking command in '/home/poom/Desktop/ros_ws/build/actions_py': CMAKE_PREFIX_PATH=/home/poom/Desktop/ros_ws/install/my_robot_interfaces:/home/poom/Desktop/ros_ws/install/actions_cpp:/home/poom/Desktop/ros_ws/install/my_robot_bringup:/home/poom/Desktop/ros_ws/install/my_robot_description LD_LIBRARY_PATH=/home/poom/Desktop/ros_ws/install/my_robot_interfaces/lib:/usr/lib/x86_64-linux-gnu/gazebo-11/plugins:/opt/ros/humble/opt/rviz_ogre_vendor/lib:/opt/ros/humble/lib/x86_64-linux-gnu:/opt/ros/humble/lib:/usr/share/gazebo/../../lib/x86_64-linux-gnu/gazebo-11/plugins:/usr/share/gazebo/../../lib/x86_64-linux-gnu/gazebo-11/plugins:/usr/share/gazebo/../../lib/x86_64-linux-gnu/gazebo-11/plugins:/usr/share/gazebo/../../lib/x86_64-linux-gnu/gazebo-11/plugins:/usr/share/gazebo/../../lib/x86_64-linux-gnu/gazebo-11/plugins:/usr/share/gazebo/../../lib/x86_64-linux-gnu/gazebo-11/plugins:/usr/share/gazebo/../../lib/x86_64-linux-gnu/gazebo-11/plugins:/usr/share/gazebo/../../lib/x86_64-linux-gnu/gazebo-11/plugins:/usr/share/gazebo/../../lib/x86_64-linux-gnu/gazebo-11/plugins:/usr/share/gazebo/../../lib/x86_64-linux-gnu/gazebo-11/plugins:/usr/share/gazebo/../../lib/x86_64-linux-gnu/gazebo-11/plugins:/usr/share/gazebo/../../lib/x86_64-linux-gnu/gazebo-11/plugins:/usr/share/gazebo/../../lib/x86_64-linux-gnu/gazebo-11/plugins:/usr/share/gazebo/../../lib/x86_64-linux-gnu/gazebo-11/plugins:/usr/share/gazebo/../../lib/x86_64-linux-gnu/gazebo-11/plugins PYTHONPATH=/home/poom/Desktop/ros_ws/build/actions_py/prefix_override:/usr/lib/python3/dist-packages/colcon_core/task/python/colcon_distutils_commands:/home/poom/Desktop/ros_ws/install/actions_py/lib/python3.10/site-packages:${PYTHONPATH} /usr/bin/python3 -W ignore:setup.py install is deprecated setup.py develop --editable --build-directory /home/poom/Desktop/ros_ws/build/actions_py/build --no-deps symlink_data --force
[0.416s] running develop
[0.416s] /usr/lib/python3/dist-packages/setuptools/command/easy_install.py:158: EasyInstallDeprecationWarning: easy_install command is deprecated. Use build and pip and other standards-based tools.
[0.416s]   warnings.warn(
[0.485s] running egg_info
[0.485s] writing actions_py.egg-info/PKG-INFO
[0.486s] writing dependency_links to actions_py.egg-info/dependency_links.txt
[0.486s] writing entry points to actions_py.egg-info/entry_points.txt
[0.486s] writing requirements to actions_py.egg-info/requires.txt
[0.486s] writing top-level names to actions_py.egg-info/top_level.txt
[0.488s] reading manifest file 'actions_py.egg-info/SOURCES.txt'
[0.488s] writing manifest file 'actions_py.egg-info/SOURCES.txt'
[0.489s] running build_ext
[0.489s] Creating /home/poom/Desktop/ros_ws/install/actions_py/lib/python3.10/site-packages/actions-py.egg-link (link to .)
[0.489s] Installing count_until_client script to /home/poom/Desktop/ros_ws/install/actions_py/lib/actions_py
[0.490s] Installing count_until_server script to /home/poom/Desktop/ros_ws/install/actions_py/lib/actions_py
[0.490s] Installing move_to_target_client script to /home/poom/Desktop/ros_ws/install/actions_py/lib/actions_py
[0.490s] Installing move_to_target_server script to /home/poom/Desktop/ros_ws/install/actions_py/lib/actions_py
[0.490s] 
[0.490s] Installed /home/poom/Desktop/ros_ws/build/actions_py
[0.490s] running symlink_data
[0.490s] symbolically linking /home/poom/Desktop/ros_ws/build/actions_py/resource/actions_py -> /home/poom/Desktop/ros_ws/install/actions_py/share/ament_index/resource_index/packages
[0.490s] symbolically linking /home/poom/Desktop/ros_ws/build/actions_py/package.xml -> /home/poom/Desktop/ros_ws/install/actions_py/share/actions_py
[0.505s] Invoked command in '/home/poom/Desktop/ros_ws/build/actions_py' returned '0': CMAKE_PREFIX_PATH=/home/poom/Desktop/ros_ws/install/my_robot_interfaces:/home/poom/Desktop/ros_ws/install/actions_cpp:/home/poom/Desktop/ros_ws/install/my_robot_bringup:/home/poom/Desktop/ros_ws/install/my_robot_description LD_LIBRARY_PATH=/home/poom/Desktop/ros_ws/install/my_robot_interfaces/lib:/usr/lib/x86_64-linux-gnu/gazebo-11/plugins:/opt/ros/humble/opt/rviz_ogre_vendor/lib:/opt/ros/humble/lib/x86_64-linux-gnu:/opt/ros/humble/lib:/usr/share/gazebo/../../lib/x86_64-linux-gnu/gazebo-11/plugins:/usr/share/gazebo/../../lib/x86_64-linux-gnu/gazebo-11/plugins:/usr/share/gazebo/../../lib/x86_64-linux-gnu/gazebo-11/plugins:/usr/share/gazebo/../../lib/x86_64-linux-gnu/gazebo-11/plugins:/usr/share/gazebo/../../lib/x86_64-linux-gnu/gazebo-11/plugins:/usr/share/gazebo/../../lib/x86_64-linux-gnu/gazebo-11/plugins:/usr/share/gazebo/../../lib/x86_64-linux-gnu/gazebo-11/plugins:/usr/share/gazebo/../../lib/x86_64-linux-gnu/gazebo-11/plugins:/usr/share/gazebo/../../lib/x86_64-linux-gnu/gazebo-11/plugins:/usr/share/gazebo/../../lib/x86_64-linux-gnu/gazebo-11/plugins:/usr/share/gazebo/../../lib/x86_64-linux-gnu/gazebo-11/plugins:/usr/share/gazebo/../../lib/x86_64-linux-gnu/gazebo-11/plugins:/usr/share/gazebo/../../lib/x86_64-linux-gnu/gazebo-11/plugins:/usr/share/gazebo/../../lib/x86_64-linux-gnu/gazebo-11/plugins:/usr/share/gazebo/../../lib/x86_64-linux-gnu/gazebo-11/plugins PYTHONPATH=/home/poom/Desktop/ros_ws/build/actions_py/prefix_override:/usr/lib/python3/dist-packages/colcon_core/task/python/colcon_distutils_commands:/home/poom/Desktop/ros_ws/install/actions_py/lib/python3.10/site-packages:${PYTHONPATH} /usr/bin/python3 -W ignore:setup.py install is deprecated setup.py develop --editable --build-directory /home/poom/Desktop/ros_ws/build/actions_py/build --no-deps symlink_data --force
