[0.111s] DEBUG:colcon:Command line arguments: ['/usr/bin/colcon', 'build', '--symlink-install']
[0.111s] DEBUG:colcon:Parsed command line arguments: Namespace(log_base=None, log_level=None, verb_name='build', build_base='build', install_base='install', merge_install=False, symlink_install=True, test_result_base=None, continue_on_error=False, executor='parallel', parallel_workers=16, event_handlers=None, ignore_user_meta=False, metas=['./colcon.meta'], base_paths=['.'], packages_ignore=None, packages_ignore_regex=None, paths=None, packages_up_to=None, packages_up_to_regex=None, packages_above=None, packages_above_and_dependencies=None, packages_above_depth=None, packages_select_by_dep=None, packages_skip_by_dep=None, packages_skip_up_to=None, packages_select_build_failed=False, packages_skip_build_finished=False, packages_select_test_failures=False, packages_skip_test_passed=False, packages_select=None, packages_skip=None, packages_select_regex=None, packages_skip_regex=None, packages_start=None, packages_end=None, allow_overriding=[], cmake_args=None, cmake_target=None, cmake_target_skip_unavailable=False, cmake_clean_cache=False, cmake_clean_first=False, cmake_force_configure=False, ament_cmake_args=None, catkin_cmake_args=None, catkin_skip_building_tests=False, verb_parser=<colcon_defaults.argument_parser.defaults.DefaultArgumentsDecorator object at 0x74eb8d6405b0>, verb_extension=<colcon_core.verb.build.BuildVerb object at 0x74eb8d7b49d0>, main=<bound method BuildVerb.main of <colcon_core.verb.build.BuildVerb object at 0x74eb8d7b49d0>>)
[0.271s] Level 1:colcon.colcon_core.package_discovery:discover_packages(colcon_meta) check parameters
[0.271s] Level 1:colcon.colcon_core.package_discovery:discover_packages(recursive) check parameters
[0.272s] Level 1:colcon.colcon_core.package_discovery:discover_packages(ignore) check parameters
[0.272s] Level 1:colcon.colcon_core.package_discovery:discover_packages(path) check parameters
[0.272s] Level 1:colcon.colcon_core.package_discovery:discover_packages(colcon_meta) discover
[0.272s] Level 1:colcon.colcon_core.package_discovery:discover_packages(recursive) discover
[0.272s] INFO:colcon.colcon_core.package_discovery:Crawling recursively for packages in '/home/poom/Desktop/ros_ws'
[0.272s] Level 1:colcon.colcon_core.package_identification:_identify(.) by extensions ['ignore', 'ignore_ament_install']
[0.272s] Level 1:colcon.colcon_core.package_identification:_identify(.) by extension 'ignore'
[0.272s] Level 1:colcon.colcon_core.package_identification:_identify(.) by extension 'ignore_ament_install'
[0.272s] Level 1:colcon.colcon_core.package_identification:_identify(.) by extensions ['colcon_pkg']
[0.272s] Level 1:colcon.colcon_core.package_identification:_identify(.) by extension 'colcon_pkg'
[0.272s] Level 1:colcon.colcon_core.package_identification:_identify(.) by extensions ['colcon_meta']
[0.273s] Level 1:colcon.colcon_core.package_identification:_identify(.) by extension 'colcon_meta'
[0.273s] Level 1:colcon.colcon_core.package_identification:_identify(.) by extensions ['ros']
[0.273s] Level 1:colcon.colcon_core.package_identification:_identify(.) by extension 'ros'
[0.285s] Level 1:colcon.colcon_core.package_identification:_identify(.) by extensions ['cmake', 'python']
[0.285s] Level 1:colcon.colcon_core.package_identification:_identify(.) by extension 'cmake'
[0.285s] Level 1:colcon.colcon_core.package_identification:_identify(.) by extension 'python'
[0.286s] Level 1:colcon.colcon_core.package_identification:_identify(.) by extensions ['python_setup_py']
[0.286s] Level 1:colcon.colcon_core.package_identification:_identify(.) by extension 'python_setup_py'
[0.286s] Level 1:colcon.colcon_core.package_identification:_identify(build) by extensions ['ignore', 'ignore_ament_install']
[0.286s] Level 1:colcon.colcon_core.package_identification:_identify(build) by extension 'ignore'
[0.286s] Level 1:colcon.colcon_core.package_identification:_identify(build) ignored
[0.286s] Level 1:colcon.colcon_core.package_identification:_identify(install) by extensions ['ignore', 'ignore_ament_install']
[0.286s] Level 1:colcon.colcon_core.package_identification:_identify(install) by extension 'ignore'
[0.286s] Level 1:colcon.colcon_core.package_identification:_identify(install) ignored
[0.286s] Level 1:colcon.colcon_core.package_identification:_identify(log) by extensions ['ignore', 'ignore_ament_install']
[0.286s] Level 1:colcon.colcon_core.package_identification:_identify(log) by extension 'ignore'
[0.286s] Level 1:colcon.colcon_core.package_identification:_identify(log) ignored
[0.286s] Level 1:colcon.colcon_core.package_identification:_identify(src) by extensions ['ignore', 'ignore_ament_install']
[0.286s] Level 1:colcon.colcon_core.package_identification:_identify(src) by extension 'ignore'
[0.286s] Level 1:colcon.colcon_core.package_identification:_identify(src) by extension 'ignore_ament_install'
[0.286s] Level 1:colcon.colcon_core.package_identification:_identify(src) by extensions ['colcon_pkg']
[0.287s] Level 1:colcon.colcon_core.package_identification:_identify(src) by extension 'colcon_pkg'
[0.287s] Level 1:colcon.colcon_core.package_identification:_identify(src) by extensions ['colcon_meta']
[0.287s] Level 1:colcon.colcon_core.package_identification:_identify(src) by extension 'colcon_meta'
[0.287s] Level 1:colcon.colcon_core.package_identification:_identify(src) by extensions ['ros']
[0.287s] Level 1:colcon.colcon_core.package_identification:_identify(src) by extension 'ros'
[0.287s] Level 1:colcon.colcon_core.package_identification:_identify(src) by extensions ['cmake', 'python']
[0.287s] Level 1:colcon.colcon_core.package_identification:_identify(src) by extension 'cmake'
[0.287s] Level 1:colcon.colcon_core.package_identification:_identify(src) by extension 'python'
[0.287s] Level 1:colcon.colcon_core.package_identification:_identify(src) by extensions ['python_setup_py']
[0.287s] Level 1:colcon.colcon_core.package_identification:_identify(src) by extension 'python_setup_py'
[0.287s] Level 1:colcon.colcon_core.package_identification:_identify(src/my_robot_bringup) by extensions ['ignore', 'ignore_ament_install']
[0.287s] Level 1:colcon.colcon_core.package_identification:_identify(src/my_robot_bringup) by extension 'ignore'
[0.287s] Level 1:colcon.colcon_core.package_identification:_identify(src/my_robot_bringup) by extension 'ignore_ament_install'
[0.287s] Level 1:colcon.colcon_core.package_identification:_identify(src/my_robot_bringup) by extensions ['colcon_pkg']
[0.287s] Level 1:colcon.colcon_core.package_identification:_identify(src/my_robot_bringup) by extension 'colcon_pkg'
[0.287s] Level 1:colcon.colcon_core.package_identification:_identify(src/my_robot_bringup) by extensions ['colcon_meta']
[0.287s] Level 1:colcon.colcon_core.package_identification:_identify(src/my_robot_bringup) by extension 'colcon_meta'
[0.287s] Level 1:colcon.colcon_core.package_identification:_identify(src/my_robot_bringup) by extensions ['ros']
[0.287s] Level 1:colcon.colcon_core.package_identification:_identify(src/my_robot_bringup) by extension 'ros'
[0.290s] DEBUG:colcon.colcon_core.package_identification:Package 'src/my_robot_bringup' with type 'ros.ament_cmake' and name 'my_robot_bringup'
[0.290s] Level 1:colcon.colcon_core.package_identification:_identify(src/my_robot_description) by extensions ['ignore', 'ignore_ament_install']
[0.290s] Level 1:colcon.colcon_core.package_identification:_identify(src/my_robot_description) by extension 'ignore'
[0.290s] Level 1:colcon.colcon_core.package_identification:_identify(src/my_robot_description) by extension 'ignore_ament_install'
[0.290s] Level 1:colcon.colcon_core.package_identification:_identify(src/my_robot_description) by extensions ['colcon_pkg']
[0.290s] Level 1:colcon.colcon_core.package_identification:_identify(src/my_robot_description) by extension 'colcon_pkg'
[0.290s] Level 1:colcon.colcon_core.package_identification:_identify(src/my_robot_description) by extensions ['colcon_meta']
[0.290s] Level 1:colcon.colcon_core.package_identification:_identify(src/my_robot_description) by extension 'colcon_meta'
[0.290s] Level 1:colcon.colcon_core.package_identification:_identify(src/my_robot_description) by extensions ['ros']
[0.290s] Level 1:colcon.colcon_core.package_identification:_identify(src/my_robot_description) by extension 'ros'
[0.291s] DEBUG:colcon.colcon_core.package_identification:Package 'src/my_robot_description' with type 'ros.ament_cmake' and name 'my_robot_description'
[0.291s] Level 1:colcon.colcon_core.package_discovery:discover_packages(recursive) using defaults
[0.291s] Level 1:colcon.colcon_core.package_discovery:discover_packages(ignore) discover
[0.291s] Level 1:colcon.colcon_core.package_discovery:discover_packages(ignore) using defaults
[0.291s] Level 1:colcon.colcon_core.package_discovery:discover_packages(path) discover
[0.291s] Level 1:colcon.colcon_core.package_discovery:discover_packages(path) using defaults
[0.310s] Level 1:colcon.colcon_core.package_discovery:discover_packages(prefix_path) check parameters
[0.310s] Level 1:colcon.colcon_core.package_discovery:discover_packages(prefix_path) discover
[0.312s] DEBUG:colcon.colcon_installed_package_information.package_discovery:Found 2 installed packages in /home/poom/Desktop/ros_ws/install
[0.313s] DEBUG:colcon.colcon_installed_package_information.package_discovery:Found 320 installed packages in /opt/ros/humble
[0.324s] Level 1:colcon.colcon_core.package_discovery:discover_packages(prefix_path) using defaults
[0.364s] Level 5:colcon.colcon_core.verb:set package 'my_robot_description' build argument 'cmake_args' from command line to 'None'
[0.364s] Level 5:colcon.colcon_core.verb:set package 'my_robot_description' build argument 'cmake_target' from command line to 'None'
[0.364s] Level 5:colcon.colcon_core.verb:set package 'my_robot_description' build argument 'cmake_target_skip_unavailable' from command line to 'False'
[0.364s] Level 5:colcon.colcon_core.verb:set package 'my_robot_description' build argument 'cmake_clean_cache' from command line to 'False'
[0.364s] Level 5:colcon.colcon_core.verb:set package 'my_robot_description' build argument 'cmake_clean_first' from command line to 'False'
[0.364s] Level 5:colcon.colcon_core.verb:set package 'my_robot_description' build argument 'cmake_force_configure' from command line to 'False'
[0.364s] Level 5:colcon.colcon_core.verb:set package 'my_robot_description' build argument 'ament_cmake_args' from command line to 'None'
[0.364s] Level 5:colcon.colcon_core.verb:set package 'my_robot_description' build argument 'catkin_cmake_args' from command line to 'None'
[0.364s] Level 5:colcon.colcon_core.verb:set package 'my_robot_description' build argument 'catkin_skip_building_tests' from command line to 'False'
[0.364s] DEBUG:colcon.colcon_core.verb:Building package 'my_robot_description' with the following arguments: {'ament_cmake_args': None, 'build_base': '/home/poom/Desktop/ros_ws/build/my_robot_description', 'catkin_cmake_args': None, 'catkin_skip_building_tests': False, 'cmake_args': None, 'cmake_clean_cache': False, 'cmake_clean_first': False, 'cmake_force_configure': False, 'cmake_target': None, 'cmake_target_skip_unavailable': False, 'install_base': '/home/poom/Desktop/ros_ws/install/my_robot_description', 'merge_install': False, 'path': '/home/poom/Desktop/ros_ws/src/my_robot_description', 'symlink_install': True, 'test_result_base': None}
[0.364s] Level 5:colcon.colcon_core.verb:set package 'my_robot_bringup' build argument 'cmake_args' from command line to 'None'
[0.364s] Level 5:colcon.colcon_core.verb:set package 'my_robot_bringup' build argument 'cmake_target' from command line to 'None'
[0.364s] Level 5:colcon.colcon_core.verb:set package 'my_robot_bringup' build argument 'cmake_target_skip_unavailable' from command line to 'False'
[0.364s] Level 5:colcon.colcon_core.verb:set package 'my_robot_bringup' build argument 'cmake_clean_cache' from command line to 'False'
[0.364s] Level 5:colcon.colcon_core.verb:set package 'my_robot_bringup' build argument 'cmake_clean_first' from command line to 'False'
[0.364s] Level 5:colcon.colcon_core.verb:set package 'my_robot_bringup' build argument 'cmake_force_configure' from command line to 'False'
[0.364s] Level 5:colcon.colcon_core.verb:set package 'my_robot_bringup' build argument 'ament_cmake_args' from command line to 'None'
[0.364s] Level 5:colcon.colcon_core.verb:set package 'my_robot_bringup' build argument 'catkin_cmake_args' from command line to 'None'
[0.365s] Level 5:colcon.colcon_core.verb:set package 'my_robot_bringup' build argument 'catkin_skip_building_tests' from command line to 'False'
[0.365s] DEBUG:colcon.colcon_core.verb:Building package 'my_robot_bringup' with the following arguments: {'ament_cmake_args': None, 'build_base': '/home/poom/Desktop/ros_ws/build/my_robot_bringup', 'catkin_cmake_args': None, 'catkin_skip_building_tests': False, 'cmake_args': None, 'cmake_clean_cache': False, 'cmake_clean_first': False, 'cmake_force_configure': False, 'cmake_target': None, 'cmake_target_skip_unavailable': False, 'install_base': '/home/poom/Desktop/ros_ws/install/my_robot_bringup', 'merge_install': False, 'path': '/home/poom/Desktop/ros_ws/src/my_robot_bringup', 'symlink_install': True, 'test_result_base': None}
[0.365s] INFO:colcon.colcon_core.executor:Executing jobs using 'parallel' executor
[0.366s] DEBUG:colcon.colcon_parallel_executor.executor.parallel:run_until_complete
[0.366s] INFO:colcon.colcon_ros.task.ament_cmake.build:Building ROS package in '/home/poom/Desktop/ros_ws/src/my_robot_description' with build type 'ament_cmake'
[0.366s] INFO:colcon.colcon_cmake.task.cmake.build:Building CMake package in '/home/poom/Desktop/ros_ws/src/my_robot_description'
[0.368s] INFO:colcon.colcon_core.plugin_system:Skipping extension 'colcon_core.shell.bat': Not used on non-Windows systems
[0.369s] INFO:colcon.colcon_core.shell:Skip shell extension 'powershell' for command environment: Not usable outside of PowerShell
[0.369s] DEBUG:colcon.colcon_core.shell:Skip shell extension 'dsv' for command environment
[0.379s] DEBUG:colcon.colcon_core.event_handler.log_command:Invoking command in '/home/poom/Desktop/ros_ws/build/my_robot_description': CMAKE_PREFIX_PATH=${CMAKE_PREFIX_PATH}:/opt/ros/humble /usr/bin/cmake /home/poom/Desktop/ros_ws/src/my_robot_description -DAMENT_CMAKE_SYMLINK_INSTALL=1 -DCMAKE_INSTALL_PREFIX=/home/poom/Desktop/ros_ws/install/my_robot_description
[0.803s] DEBUG:colcon.colcon_core.event_handler.log_command:Invoked command in '/home/poom/Desktop/ros_ws/build/my_robot_description' returned '0': CMAKE_PREFIX_PATH=${CMAKE_PREFIX_PATH}:/opt/ros/humble /usr/bin/cmake /home/poom/Desktop/ros_ws/src/my_robot_description -DAMENT_CMAKE_SYMLINK_INSTALL=1 -DCMAKE_INSTALL_PREFIX=/home/poom/Desktop/ros_ws/install/my_robot_description
[0.807s] DEBUG:colcon.colcon_core.event_handler.log_command:Invoking command in '/home/poom/Desktop/ros_ws/build/my_robot_description': CMAKE_PREFIX_PATH=${CMAKE_PREFIX_PATH}:/opt/ros/humble /usr/bin/cmake --build /home/poom/Desktop/ros_ws/build/my_robot_description -- -j16 -l16
[0.850s] DEBUG:colcon.colcon_core.event_handler.log_command:Invoked command in '/home/poom/Desktop/ros_ws/build/my_robot_description' returned '0': CMAKE_PREFIX_PATH=${CMAKE_PREFIX_PATH}:/opt/ros/humble /usr/bin/cmake --build /home/poom/Desktop/ros_ws/build/my_robot_description -- -j16 -l16
[0.885s] DEBUG:colcon.colcon_core.event_handler.log_command:Invoking command in '/home/poom/Desktop/ros_ws/build/my_robot_description': CMAKE_PREFIX_PATH=${CMAKE_PREFIX_PATH}:/opt/ros/humble /usr/bin/cmake --install /home/poom/Desktop/ros_ws/build/my_robot_description
[0.906s] Level 1:colcon.colcon_core.environment:create_environment_scripts_only(my_robot_description)
[0.907s] DEBUG:colcon.colcon_core.event_handler.log_command:Invoked command in '/home/poom/Desktop/ros_ws/build/my_robot_description' returned '0': CMAKE_PREFIX_PATH=${CMAKE_PREFIX_PATH}:/opt/ros/humble /usr/bin/cmake --install /home/poom/Desktop/ros_ws/build/my_robot_description
[0.909s] Level 1:colcon.colcon_core.environment:checking '/home/poom/Desktop/ros_ws/install/my_robot_description' for CMake module files
[0.910s] Level 1:colcon.colcon_core.environment:checking '/home/poom/Desktop/ros_ws/install/my_robot_description' for CMake config files
[0.910s] Level 1:colcon.colcon_core.shell:create_environment_hook('my_robot_description', 'cmake_prefix_path')
[0.910s] INFO:colcon.colcon_core.shell:Creating environment hook '/home/poom/Desktop/ros_ws/install/my_robot_description/share/my_robot_description/hook/cmake_prefix_path.ps1'
[0.911s] INFO:colcon.colcon_core.shell:Creating environment descriptor '/home/poom/Desktop/ros_ws/install/my_robot_description/share/my_robot_description/hook/cmake_prefix_path.dsv'
[0.912s] INFO:colcon.colcon_core.shell:Creating environment hook '/home/poom/Desktop/ros_ws/install/my_robot_description/share/my_robot_description/hook/cmake_prefix_path.sh'
[0.913s] Level 1:colcon.colcon_core.environment:checking '/home/poom/Desktop/ros_ws/install/my_robot_description/bin'
[0.913s] Level 1:colcon.colcon_core.environment:checking '/home/poom/Desktop/ros_ws/install/my_robot_description/lib/pkgconfig/my_robot_description.pc'
[0.914s] Level 1:colcon.colcon_core.environment:checking '/home/poom/Desktop/ros_ws/install/my_robot_description/lib/python3.10/site-packages'
[0.914s] Level 1:colcon.colcon_core.environment:checking '/home/poom/Desktop/ros_ws/install/my_robot_description/bin'
[0.915s] INFO:colcon.colcon_core.shell:Creating package script '/home/poom/Desktop/ros_ws/install/my_robot_description/share/my_robot_description/package.ps1'
[0.916s] INFO:colcon.colcon_core.shell:Creating package descriptor '/home/poom/Desktop/ros_ws/install/my_robot_description/share/my_robot_description/package.dsv'
[0.916s] INFO:colcon.colcon_core.shell:Creating package script '/home/poom/Desktop/ros_ws/install/my_robot_description/share/my_robot_description/package.sh'
[0.917s] INFO:colcon.colcon_core.shell:Creating package script '/home/poom/Desktop/ros_ws/install/my_robot_description/share/my_robot_description/package.bash'
[0.918s] INFO:colcon.colcon_core.shell:Creating package script '/home/poom/Desktop/ros_ws/install/my_robot_description/share/my_robot_description/package.zsh'
[0.919s] Level 1:colcon.colcon_core.environment:create_file_with_runtime_dependencies(/home/poom/Desktop/ros_ws/install/my_robot_description/share/colcon-core/packages/my_robot_description)
[0.952s] Level 1:colcon.colcon_core.environment:create_environment_scripts_only(my_robot_description)
[0.953s] Level 1:colcon.colcon_core.environment:checking '/home/poom/Desktop/ros_ws/install/my_robot_description' for CMake module files
[0.953s] Level 1:colcon.colcon_core.environment:checking '/home/poom/Desktop/ros_ws/install/my_robot_description' for CMake config files
[0.954s] Level 1:colcon.colcon_core.shell:create_environment_hook('my_robot_description', 'cmake_prefix_path')
[0.954s] INFO:colcon.colcon_core.shell:Creating environment hook '/home/poom/Desktop/ros_ws/install/my_robot_description/share/my_robot_description/hook/cmake_prefix_path.ps1'
[0.955s] INFO:colcon.colcon_core.shell:Creating environment descriptor '/home/poom/Desktop/ros_ws/install/my_robot_description/share/my_robot_description/hook/cmake_prefix_path.dsv'
[0.956s] INFO:colcon.colcon_core.shell:Creating environment hook '/home/poom/Desktop/ros_ws/install/my_robot_description/share/my_robot_description/hook/cmake_prefix_path.sh'
[0.957s] Level 1:colcon.colcon_core.environment:checking '/home/poom/Desktop/ros_ws/install/my_robot_description/bin'
[0.957s] Level 1:colcon.colcon_core.environment:checking '/home/poom/Desktop/ros_ws/install/my_robot_description/lib/pkgconfig/my_robot_description.pc'
[0.958s] Level 1:colcon.colcon_core.environment:checking '/home/poom/Desktop/ros_ws/install/my_robot_description/lib/python3.10/site-packages'
[0.958s] Level 1:colcon.colcon_core.environment:checking '/home/poom/Desktop/ros_ws/install/my_robot_description/bin'
[0.958s] INFO:colcon.colcon_core.shell:Creating package script '/home/poom/Desktop/ros_ws/install/my_robot_description/share/my_robot_description/package.ps1'
[0.959s] INFO:colcon.colcon_core.shell:Creating package descriptor '/home/poom/Desktop/ros_ws/install/my_robot_description/share/my_robot_description/package.dsv'
[0.960s] INFO:colcon.colcon_core.shell:Creating package script '/home/poom/Desktop/ros_ws/install/my_robot_description/share/my_robot_description/package.sh'
[0.961s] INFO:colcon.colcon_core.shell:Creating package script '/home/poom/Desktop/ros_ws/install/my_robot_description/share/my_robot_description/package.bash'
[0.961s] INFO:colcon.colcon_core.shell:Creating package script '/home/poom/Desktop/ros_ws/install/my_robot_description/share/my_robot_description/package.zsh'
[0.962s] Level 1:colcon.colcon_core.environment:create_file_with_runtime_dependencies(/home/poom/Desktop/ros_ws/install/my_robot_description/share/colcon-core/packages/my_robot_description)
[0.963s] INFO:colcon.colcon_ros.task.ament_cmake.build:Building ROS package in '/home/poom/Desktop/ros_ws/src/my_robot_bringup' with build type 'ament_cmake'
[0.963s] INFO:colcon.colcon_cmake.task.cmake.build:Building CMake package in '/home/poom/Desktop/ros_ws/src/my_robot_bringup'
[0.963s] INFO:colcon.colcon_core.shell:Skip shell extension 'powershell' for command environment: Not usable outside of PowerShell
[0.963s] DEBUG:colcon.colcon_core.shell:Skip shell extension 'dsv' for command environment
[0.977s] DEBUG:colcon.colcon_core.event_handler.log_command:Invoking command in '/home/poom/Desktop/ros_ws/build/my_robot_bringup': CMAKE_PREFIX_PATH=/home/poom/Desktop/ros_ws/install/my_robot_description:/home/poom/Desktop/ros_ws/install/my_robot_bringup:/opt/ros/humble /usr/bin/cmake /home/poom/Desktop/ros_ws/src/my_robot_bringup -DAMENT_CMAKE_SYMLINK_INSTALL=1 -DCMAKE_INSTALL_PREFIX=/home/poom/Desktop/ros_ws/install/my_robot_bringup
[1.234s] DEBUG:colcon.colcon_core.event_handler.log_command:Invoked command in '/home/poom/Desktop/ros_ws/build/my_robot_bringup' returned '0': CMAKE_PREFIX_PATH=/home/poom/Desktop/ros_ws/install/my_robot_description:/home/poom/Desktop/ros_ws/install/my_robot_bringup:/opt/ros/humble /usr/bin/cmake /home/poom/Desktop/ros_ws/src/my_robot_bringup -DAMENT_CMAKE_SYMLINK_INSTALL=1 -DCMAKE_INSTALL_PREFIX=/home/poom/Desktop/ros_ws/install/my_robot_bringup
[1.235s] DEBUG:colcon.colcon_core.event_handler.log_command:Invoking command in '/home/poom/Desktop/ros_ws/build/my_robot_bringup': CMAKE_PREFIX_PATH=/home/poom/Desktop/ros_ws/install/my_robot_description:/home/poom/Desktop/ros_ws/install/my_robot_bringup:/opt/ros/humble /usr/bin/cmake --build /home/poom/Desktop/ros_ws/build/my_robot_bringup -- -j16 -l16
[1.278s] DEBUG:colcon.colcon_core.event_handler.log_command:Invoked command in '/home/poom/Desktop/ros_ws/build/my_robot_bringup' returned '0': CMAKE_PREFIX_PATH=/home/poom/Desktop/ros_ws/install/my_robot_description:/home/poom/Desktop/ros_ws/install/my_robot_bringup:/opt/ros/humble /usr/bin/cmake --build /home/poom/Desktop/ros_ws/build/my_robot_bringup -- -j16 -l16
[1.319s] DEBUG:colcon.colcon_core.event_handler.log_command:Invoking command in '/home/poom/Desktop/ros_ws/build/my_robot_bringup': CMAKE_PREFIX_PATH=/home/poom/Desktop/ros_ws/install/my_robot_description:/home/poom/Desktop/ros_ws/install/my_robot_bringup:/opt/ros/humble /usr/bin/cmake --install /home/poom/Desktop/ros_ws/build/my_robot_bringup
[1.363s] Level 1:colcon.colcon_core.environment:create_environment_scripts_only(my_robot_bringup)
[1.363s] Level 1:colcon.colcon_core.environment:checking '/home/poom/Desktop/ros_ws/install/my_robot_bringup' for CMake module files
[1.364s] DEBUG:colcon.colcon_core.event_handler.log_command:Invoked command in '/home/poom/Desktop/ros_ws/build/my_robot_bringup' returned '0': CMAKE_PREFIX_PATH=/home/poom/Desktop/ros_ws/install/my_robot_description:/home/poom/Desktop/ros_ws/install/my_robot_bringup:/opt/ros/humble /usr/bin/cmake --install /home/poom/Desktop/ros_ws/build/my_robot_bringup
[1.365s] Level 1:colcon.colcon_core.environment:checking '/home/poom/Desktop/ros_ws/install/my_robot_bringup' for CMake config files
[1.365s] Level 1:colcon.colcon_core.shell:create_environment_hook('my_robot_bringup', 'cmake_prefix_path')
[1.365s] INFO:colcon.colcon_core.shell:Creating environment hook '/home/poom/Desktop/ros_ws/install/my_robot_bringup/share/my_robot_bringup/hook/cmake_prefix_path.ps1'
[1.366s] INFO:colcon.colcon_core.shell:Creating environment descriptor '/home/poom/Desktop/ros_ws/install/my_robot_bringup/share/my_robot_bringup/hook/cmake_prefix_path.dsv'
[1.367s] INFO:colcon.colcon_core.shell:Creating environment hook '/home/poom/Desktop/ros_ws/install/my_robot_bringup/share/my_robot_bringup/hook/cmake_prefix_path.sh'
[1.368s] Level 1:colcon.colcon_core.environment:checking '/home/poom/Desktop/ros_ws/install/my_robot_bringup/bin'
[1.368s] Level 1:colcon.colcon_core.environment:checking '/home/poom/Desktop/ros_ws/install/my_robot_bringup/lib/pkgconfig/my_robot_bringup.pc'
[1.368s] Level 1:colcon.colcon_core.environment:checking '/home/poom/Desktop/ros_ws/install/my_robot_bringup/lib/python3.10/site-packages'
[1.368s] Level 1:colcon.colcon_core.environment:checking '/home/poom/Desktop/ros_ws/install/my_robot_bringup/bin'
[1.369s] INFO:colcon.colcon_core.shell:Creating package script '/home/poom/Desktop/ros_ws/install/my_robot_bringup/share/my_robot_bringup/package.ps1'
[1.369s] INFO:colcon.colcon_core.shell:Creating package descriptor '/home/poom/Desktop/ros_ws/install/my_robot_bringup/share/my_robot_bringup/package.dsv'
[1.370s] INFO:colcon.colcon_core.shell:Creating package script '/home/poom/Desktop/ros_ws/install/my_robot_bringup/share/my_robot_bringup/package.sh'
[1.370s] INFO:colcon.colcon_core.shell:Creating package script '/home/poom/Desktop/ros_ws/install/my_robot_bringup/share/my_robot_bringup/package.bash'
[1.371s] INFO:colcon.colcon_core.shell:Creating package script '/home/poom/Desktop/ros_ws/install/my_robot_bringup/share/my_robot_bringup/package.zsh'
[1.372s] Level 1:colcon.colcon_core.environment:create_file_with_runtime_dependencies(/home/poom/Desktop/ros_ws/install/my_robot_bringup/share/colcon-core/packages/my_robot_bringup)
[1.403s] Level 1:colcon.colcon_core.environment:create_environment_scripts_only(my_robot_bringup)
[1.403s] Level 1:colcon.colcon_core.environment:checking '/home/poom/Desktop/ros_ws/install/my_robot_bringup' for CMake module files
[1.403s] Level 1:colcon.colcon_core.environment:checking '/home/poom/Desktop/ros_ws/install/my_robot_bringup' for CMake config files
[1.404s] Level 1:colcon.colcon_core.shell:create_environment_hook('my_robot_bringup', 'cmake_prefix_path')
[1.404s] INFO:colcon.colcon_core.shell:Creating environment hook '/home/poom/Desktop/ros_ws/install/my_robot_bringup/share/my_robot_bringup/hook/cmake_prefix_path.ps1'
[1.404s] INFO:colcon.colcon_core.shell:Creating environment descriptor '/home/poom/Desktop/ros_ws/install/my_robot_bringup/share/my_robot_bringup/hook/cmake_prefix_path.dsv'
[1.405s] INFO:colcon.colcon_core.shell:Creating environment hook '/home/poom/Desktop/ros_ws/install/my_robot_bringup/share/my_robot_bringup/hook/cmake_prefix_path.sh'
[1.406s] Level 1:colcon.colcon_core.environment:checking '/home/poom/Desktop/ros_ws/install/my_robot_bringup/bin'
[1.406s] Level 1:colcon.colcon_core.environment:checking '/home/poom/Desktop/ros_ws/install/my_robot_bringup/lib/pkgconfig/my_robot_bringup.pc'
[1.406s] Level 1:colcon.colcon_core.environment:checking '/home/poom/Desktop/ros_ws/install/my_robot_bringup/lib/python3.10/site-packages'
[1.406s] Level 1:colcon.colcon_core.environment:checking '/home/poom/Desktop/ros_ws/install/my_robot_bringup/bin'
[1.407s] INFO:colcon.colcon_core.shell:Creating package script '/home/poom/Desktop/ros_ws/install/my_robot_bringup/share/my_robot_bringup/package.ps1'
[1.407s] INFO:colcon.colcon_core.shell:Creating package descriptor '/home/poom/Desktop/ros_ws/install/my_robot_bringup/share/my_robot_bringup/package.dsv'
[1.408s] INFO:colcon.colcon_core.shell:Creating package script '/home/poom/Desktop/ros_ws/install/my_robot_bringup/share/my_robot_bringup/package.sh'
[1.409s] INFO:colcon.colcon_core.shell:Creating package script '/home/poom/Desktop/ros_ws/install/my_robot_bringup/share/my_robot_bringup/package.bash'
[1.409s] INFO:colcon.colcon_core.shell:Creating package script '/home/poom/Desktop/ros_ws/install/my_robot_bringup/share/my_robot_bringup/package.zsh'
[1.410s] Level 1:colcon.colcon_core.environment:create_file_with_runtime_dependencies(/home/poom/Desktop/ros_ws/install/my_robot_bringup/share/colcon-core/packages/my_robot_bringup)
[1.410s] DEBUG:colcon.colcon_parallel_executor.executor.parallel:closing loop
[1.410s] DEBUG:colcon.colcon_parallel_executor.executor.parallel:loop closed
[1.410s] DEBUG:colcon.colcon_parallel_executor.executor.parallel:run_until_complete finished with '0'
[1.410s] DEBUG:colcon.colcon_core.event_reactor:joining thread
[1.417s] INFO:colcon.colcon_core.plugin_system:Skipping extension 'colcon_notification.desktop_notification.terminal_notifier': Not used on non-Darwin systems
[1.417s] INFO:colcon.colcon_core.plugin_system:Skipping extension 'colcon_notification.desktop_notification.win32': Not used on non-Windows systems
[1.417s] INFO:colcon.colcon_notification.desktop_notification:Sending desktop notification using 'notify2'
[1.435s] DEBUG:colcon.colcon_core.event_reactor:joined thread
[1.435s] INFO:colcon.colcon_core.shell:Creating prefix script '/home/poom/Desktop/ros_ws/install/local_setup.ps1'
[1.436s] INFO:colcon.colcon_core.shell:Creating prefix util module '/home/poom/Desktop/ros_ws/install/_local_setup_util_ps1.py'
[1.438s] INFO:colcon.colcon_core.shell:Creating prefix chain script '/home/poom/Desktop/ros_ws/install/setup.ps1'
[1.439s] INFO:colcon.colcon_core.shell:Creating prefix script '/home/poom/Desktop/ros_ws/install/local_setup.sh'
[1.440s] INFO:colcon.colcon_core.shell:Creating prefix util module '/home/poom/Desktop/ros_ws/install/_local_setup_util_sh.py'
[1.441s] INFO:colcon.colcon_core.shell:Creating prefix chain script '/home/poom/Desktop/ros_ws/install/setup.sh'
[1.442s] INFO:colcon.colcon_core.shell:Creating prefix script '/home/poom/Desktop/ros_ws/install/local_setup.bash'
[1.443s] INFO:colcon.colcon_core.shell:Creating prefix chain script '/home/poom/Desktop/ros_ws/install/setup.bash'
[1.444s] INFO:colcon.colcon_core.shell:Creating prefix script '/home/poom/Desktop/ros_ws/install/local_setup.zsh'
[1.445s] INFO:colcon.colcon_core.shell:Creating prefix chain script '/home/poom/Desktop/ros_ws/install/setup.zsh'
